<?xml version="1.0" encoding="UTF-8"?>
<TestRun id="b209afc6-3177-46b6-8940-467567f4fe27" name="Bas@BAS-PC 2013-06-26 21:23:33" runUser="Bas-PC\Bas" xmlns="http://microsoft.com/schemas/VisualStudio/TeamTest/2010">
  <TestSettings name="Local" id="2aa66af6-b3b9-40d6-82a8-b5cc062499d2">
    <Description>These are default test settings for a local test run.</Description>
    <Deployment runDeploymentRoot="Bas_BAS-PC 2013-06-26 21_23_33">
      <DeploymentItem filename="C:\Users\Bas\Desktop\Softwaretesting\edu.3725154.SoftwareTesting\Adresboek\Adresboek\bin\Debug\Adresboek.exe" />
    </Deployment>
    <Execution>
      <TestTypeSpecific>
        <UnitTestRunConfig testTypeId="13cdc9d9-ddb5-4fa4-a97d-d965ccfc6d4b">
          <AssemblyResolution>
            <TestDirectory useLoadContext="true" />
          </AssemblyResolution>
        </UnitTestRunConfig>
        <WebTestRunConfiguration testTypeId="4e7599fa-5ecb-43e9-a887-cd63cf72d207">
          <Browser name="Internet Explorer 7.0">
            <Headers>
              <Header name="User-Agent" value="Mozilla/4.0 (compatible; MSIE 7.0; Windows NT 5.1)" />
              <Header name="Accept" value="*/*" />
              <Header name="Accept-Language" value="{{$IEAcceptLanguage}}" />
              <Header name="Accept-Encoding" value="GZIP" />
            </Headers>
          </Browser>
        </WebTestRunConfiguration>
      </TestTypeSpecific>
      <AgentRule name="LocalMachineDefaultRole">
        <DataCollectors>
          <DataCollector uri="datacollector://microsoft/CodeCoverage/1.0" assemblyQualifiedName="Microsoft.VisualStudio.TestTools.CodeCoverage.CoveragePlugIn, Microsoft.VisualStudio.QualityTools.Plugins.CodeCoverage, Version=10.0.0.0, Culture=neutral, PublicKeyToken=b03f5f7f11d50a3a" friendlyName="Code Coverage">
            <Configuration>
              <CodeCoverage xmlns="">
                <Regular>
                  <CodeCoverageItem binaryFile="C:\Users\Bas\Desktop\Softwaretesting\edu.3725154.SoftwareTesting\Adresboek\Adresboek\bin\Debug\Adresboek.exe" pdbFile="C:\Users\Bas\Desktop\Softwaretesting\edu.3725154.SoftwareTesting\Adresboek\Adresboek\bin\Debug\Adresboek.instr.pdb" instrumentInPlace="true" />
                </Regular>
              </CodeCoverage>
            </Configuration>
          </DataCollector>
        </DataCollectors>
      </AgentRule>
    </Execution>
  </TestSettings>
  <Times creation="2013-06-26T21:23:33.8855122+02:00" queuing="2013-06-26T21:23:34.6675569+02:00" start="2013-06-26T21:23:34.7035590+02:00" finish="2013-06-26T21:25:17.7694540+02:00" />
  <ResultSummary outcome="Completed">
    <Counters total="6" executed="6" passed="6" error="0" failed="0" timeout="0" aborted="0" inconclusive="0" passedButRunAborted="0" notRunnable="0" notExecuted="0" disconnected="0" warning="0" completed="0" inProgress="0" pending="0" />
    <ResultFiles>
      <ResultFile path="BAS-PC\data.coverage" />
    </ResultFiles>
  </ResultSummary>
  <TestDefinitions>
    <UnitTest name="TestSwitchingViews" storage="c:\users\bas\desktop\softwaretesting\edu.3725154.softwaretesting\adresboek\adresboektest\bin\debug\adresboektest.dll" id="b0e3743f-f45f-f807-d44f-c69c7a0f26fc">
      <Execution id="3d47857a-b8a8-4f32-a2ce-4412c3a665f3" />
      <TestMethod codeBase="C:/Users/Bas/Desktop/Softwaretesting/edu.3725154.SoftwareTesting/Adresboek/AdresboekTest/bin/Debug/AdresboekTest.DLL" adapterTypeName="Microsoft.VisualStudio.TestTools.TestTypes.Unit.UnitTestAdapter, Microsoft.VisualStudio.QualityTools.Tips.UnitTest.Adapter, Version=10.0.0.0, Culture=neutral, PublicKeyToken=b03f5f7f11d50a3a" className="AdresboekTest.RecordAndReplay, AdresboekTest, Version=1.0.0.0, Culture=neutral, PublicKeyToken=null" name="TestSwitchingViews" />
      <Extension>Microsoft.VisualStudio.TestTools.UITesting.CodedUITestAttribute, Microsoft.VisualStudio.QualityTools.CodedUITestFramework, Version=10.0.0.0, Culture=neutral, PublicKeyToken=b03f5f7f11d50a3a</Extension>
    </UnitTest>
    <UnitTest name="TestAddAdressbook" storage="c:\users\bas\desktop\softwaretesting\edu.3725154.softwaretesting\adresboek\adresboektest\bin\debug\adresboektest.dll" id="04cdc5c6-7caa-c214-3fde-ec3b17b314d1">
      <Execution id="238a41c8-6a3d-4232-9fc9-e4e700fc7140" />
      <TestMethod codeBase="C:/Users/Bas/Desktop/Softwaretesting/edu.3725154.SoftwareTesting/Adresboek/AdresboekTest/bin/Debug/AdresboekTest.DLL" adapterTypeName="Microsoft.VisualStudio.TestTools.TestTypes.Unit.UnitTestAdapter, Microsoft.VisualStudio.QualityTools.Tips.UnitTest.Adapter, Version=10.0.0.0, Culture=neutral, PublicKeyToken=b03f5f7f11d50a3a" className="AdresboekTest.RecordAndReplay, AdresboekTest, Version=1.0.0.0, Culture=neutral, PublicKeyToken=null" name="TestAddAdressbook" />
      <Extension>Microsoft.VisualStudio.TestTools.UITesting.CodedUITestAttribute, Microsoft.VisualStudio.QualityTools.CodedUITestFramework, Version=10.0.0.0, Culture=neutral, PublicKeyToken=b03f5f7f11d50a3a</Extension>
    </UnitTest>
    <UnitTest name="TestAdressbook" storage="c:\users\bas\desktop\softwaretesting\edu.3725154.softwaretesting\adresboek\adresboektest\bin\debug\adresboektest.dll" id="01e9d56f-ff67-457b-95c6-4b556a70f386">
      <Execution id="5f5bac55-45bc-4882-b704-b1c05991d9a6" />
      <TestMethod codeBase="C:/Users/Bas/Desktop/Softwaretesting/edu.3725154.SoftwareTesting/Adresboek/AdresboekTest/bin/Debug/AdresboekTest.DLL" adapterTypeName="Microsoft.VisualStudio.TestTools.TestTypes.Unit.UnitTestAdapter, Microsoft.VisualStudio.QualityTools.Tips.UnitTest.Adapter, Version=10.0.0.0, Culture=neutral, PublicKeyToken=b03f5f7f11d50a3a" className="AdresboekTest.RecordAndReplay, AdresboekTest, Version=1.0.0.0, Culture=neutral, PublicKeyToken=null" name="TestAdressbook" />
      <Extension>Microsoft.VisualStudio.TestTools.UITesting.CodedUITestAttribute, Microsoft.VisualStudio.QualityTools.CodedUITestFramework, Version=10.0.0.0, Culture=neutral, PublicKeyToken=b03f5f7f11d50a3a</Extension>
    </UnitTest>
    <UnitTest name="TestEmail" storage="c:\users\bas\desktop\softwaretesting\edu.3725154.softwaretesting\adresboek\adresboektest\bin\debug\adresboektest.dll" id="ecf14cdf-a816-c9c9-b486-338ae3a984be">
      <Execution id="952144a2-923b-4c21-b1a3-cd7b5a269481" />
      <TestMethod codeBase="C:/Users/Bas/Desktop/Softwaretesting/edu.3725154.SoftwareTesting/Adresboek/AdresboekTest/bin/Debug/AdresboekTest.DLL" adapterTypeName="Microsoft.VisualStudio.TestTools.TestTypes.Unit.UnitTestAdapter, Microsoft.VisualStudio.QualityTools.Tips.UnitTest.Adapter, Version=10.0.0.0, Culture=neutral, PublicKeyToken=b03f5f7f11d50a3a" className="AdresboekTest.RecordAndReplay, AdresboekTest, Version=1.0.0.0, Culture=neutral, PublicKeyToken=null" name="TestEmail" />
      <Extension>Microsoft.VisualStudio.TestTools.UITesting.CodedUITestAttribute, Microsoft.VisualStudio.QualityTools.CodedUITestFramework, Version=10.0.0.0, Culture=neutral, PublicKeyToken=b03f5f7f11d50a3a</Extension>
    </UnitTest>
    <UnitTest name="TestRemove" storage="c:\users\bas\desktop\softwaretesting\edu.3725154.softwaretesting\adresboek\adresboektest\bin\debug\adresboektest.dll" id="19945944-a8d7-5865-9d24-bb159a9f92f7">
      <Execution id="712d674f-f0dc-492e-8440-3dac7b58a798" />
      <TestMethod codeBase="C:/Users/Bas/Desktop/Softwaretesting/edu.3725154.SoftwareTesting/Adresboek/AdresboekTest/bin/Debug/AdresboekTest.DLL" adapterTypeName="Microsoft.VisualStudio.TestTools.TestTypes.Unit.UnitTestAdapter, Microsoft.VisualStudio.QualityTools.Tips.UnitTest.Adapter, Version=10.0.0.0, Culture=neutral, PublicKeyToken=b03f5f7f11d50a3a" className="AdresboekTest.RecordAndReplay, AdresboekTest, Version=1.0.0.0, Culture=neutral, PublicKeyToken=null" name="TestRemove" />
      <Extension>Microsoft.VisualStudio.TestTools.UITesting.CodedUITestAttribute, Microsoft.VisualStudio.QualityTools.CodedUITestFramework, Version=10.0.0.0, Culture=neutral, PublicKeyToken=b03f5f7f11d50a3a</Extension>
    </UnitTest>
    <UnitTest name="TestName" storage="c:\users\bas\desktop\softwaretesting\edu.3725154.softwaretesting\adresboek\adresboektest\bin\debug\adresboektest.dll" id="ff1d36de-df47-0a9f-9f67-ff714225cbd5">
      <Execution id="f8b70a9c-eab6-458d-9bb4-7bbc698ee7f9" />
      <TestMethod codeBase="C:/Users/Bas/Desktop/Softwaretesting/edu.3725154.SoftwareTesting/Adresboek/AdresboekTest/bin/Debug/AdresboekTest.DLL" adapterTypeName="Microsoft.VisualStudio.TestTools.TestTypes.Unit.UnitTestAdapter, Microsoft.VisualStudio.QualityTools.Tips.UnitTest.Adapter, Version=10.0.0.0, Culture=neutral, PublicKeyToken=b03f5f7f11d50a3a" className="AdresboekTest.RecordAndReplay, AdresboekTest, Version=1.0.0.0, Culture=neutral, PublicKeyToken=null" name="TestName" />
      <Extension>Microsoft.VisualStudio.TestTools.UITesting.CodedUITestAttribute, Microsoft.VisualStudio.QualityTools.CodedUITestFramework, Version=10.0.0.0, Culture=neutral, PublicKeyToken=b03f5f7f11d50a3a</Extension>
    </UnitTest>
  </TestDefinitions>
  <TestLists>
    <TestList name="Results Not in a List" id="8c84fa94-04c1-424b-9868-57a2d4851a1d" />
    <TestList name="All Loaded Results" id="19431567-8539-422a-85d7-44ee4e166bda" />
  </TestLists>
  <TestEntries>
    <TestEntry testId="01e9d56f-ff67-457b-95c6-4b556a70f386" executionId="5f5bac55-45bc-4882-b704-b1c05991d9a6" testListId="8c84fa94-04c1-424b-9868-57a2d4851a1d" />
    <TestEntry testId="04cdc5c6-7caa-c214-3fde-ec3b17b314d1" executionId="238a41c8-6a3d-4232-9fc9-e4e700fc7140" testListId="8c84fa94-04c1-424b-9868-57a2d4851a1d" />
    <TestEntry testId="19945944-a8d7-5865-9d24-bb159a9f92f7" executionId="712d674f-f0dc-492e-8440-3dac7b58a798" testListId="8c84fa94-04c1-424b-9868-57a2d4851a1d" />
    <TestEntry testId="b0e3743f-f45f-f807-d44f-c69c7a0f26fc" executionId="3d47857a-b8a8-4f32-a2ce-4412c3a665f3" testListId="8c84fa94-04c1-424b-9868-57a2d4851a1d" />
    <TestEntry testId="ecf14cdf-a816-c9c9-b486-338ae3a984be" executionId="952144a2-923b-4c21-b1a3-cd7b5a269481" testListId="8c84fa94-04c1-424b-9868-57a2d4851a1d" />
    <TestEntry testId="ff1d36de-df47-0a9f-9f67-ff714225cbd5" executionId="f8b70a9c-eab6-458d-9bb4-7bbc698ee7f9" testListId="8c84fa94-04c1-424b-9868-57a2d4851a1d" />
  </TestEntries>
  <Results>
    <UnitTestResult executionId="5f5bac55-45bc-4882-b704-b1c05991d9a6" testId="01e9d56f-ff67-457b-95c6-4b556a70f386" testName="TestAdressbook" computerName="BAS-PC" duration="00:00:10.2885957" startTime="2013-06-26T21:23:35.3355951+02:00" endTime="2013-06-26T21:23:45.9722035+02:00" testType="13cdc9d9-ddb5-4fa4-a97d-d965ccfc6d4b" outcome="Passed" testListId="8c84fa94-04c1-424b-9868-57a2d4851a1d" relativeResultsDirectory="5f5bac55-45bc-4882-b704-b1c05991d9a6">
      <Output>
        <DebugTrace>W, 9576, 15, 2013/06/26, 21:23:36.916, 137011209218, QTAgent32.exe, &lt;a class=success&gt;Playback - {1} [SUCCESS] MouseButtonClick - "[MSAA, VisibleOnly]ControlType='Button' &amp;&amp; Name='View'"
\0&lt;/a&gt;
W, 9576, 15, 2013/06/26, 21:23:37.088, 137011710415, QTAgent32.exe, Value in en-US resource 'Maximaliseren' does not match the defaultvalue 'Maximize'
W, 9576, 15, 2013/06/26, 21:23:37.088, 137011711267, QTAgent32.exe, Value in en-US resource 'Vorig formaat' does not match the defaultvalue 'Restore'
W, 9576, 15, 2013/06/26, 21:23:37.098, 137011739999, QTAgent32.exe, Value in en-US resource 'Vorige' does not match the defaultvalue 'Back'
W, 9576, 15, 2013/06/26, 21:23:37.098, 137011740416, QTAgent32.exe, Value in en-US resource 'Volgende' does not match the defaultvalue 'Forward'
W, 9576, 15, 2013/06/26, 21:23:37.098, 137011740786, QTAgent32.exe, Value in en-US resource 'Vernieuwen (F5)' does not match the defaultvalue 'Refresh (F5)'
W, 9576, 15, 2013/06/26, 21:23:37.098, 137011741154, QTAgent32.exe, Value in en-US resource 'Stoppen (Esc)' does not match the defaultvalue 'Stop (Esc)'
W, 9576, 15, 2013/06/26, 21:23:37.098, 137011741858, QTAgent32.exe, Value in en-US resource 'Adresbalk met automatisch aanvullen weergeven' does not match the defaultvalue 'Show Address Bar Autocomplete'
W, 9576, 15, 2013/06/26, 21:23:37.099, 137011742411, QTAgent32.exe, Value in en-US resource 'Adres en zoeken met %s' does not match the defaultvalue 'Address'
W, 9576, 15, 2013/06/26, 21:23:37.099, 137011742536, QTAgent32.exe, Value in en-US resource 'Bestand selecteren voor uploaden' does not match the defaultvalue 'Choose file'
W, 9576, 15, 2013/06/26, 21:23:37.099, 137011742879, QTAgent32.exe, Value in en-US resource 'Melding' does not match the defaultvalue 'Notification Bar'
W, 9576, 15, 2013/06/26, 21:23:37.102, 137011752739, QTAgent32.exe, Value in en-US resource 'Microsoft SmartScreen-filter' does not match the defaultvalue 'Microsoft Phishing Filter'
W, 9576, 15, 2013/06/26, 21:23:37.102, 137011753202, QTAgent32.exe, Value in en-US resource 'Automatisch aanvullen' does not match the defaultvalue 'AutoComplete'
W, 9576, 15, 2013/06/26, 21:23:37.102, 137011753583, QTAgent32.exe, Value in en-US resource 'Wachtwoorden automatisch aanvullen' does not match the defaultvalue 'AutoComplete Passwords'
E, 9576, 15, 2013/06/26, 21:23:37.103, 137011754336, QTAgent32.exe, LoadLibrary() : Unable to find the resource 37382 from assembly C:\Windows\system32\nl-NL\ieframe.dll.mui: Error1814
E, 9576, 15, 2013/06/26, 21:23:37.103, 137011755162, QTAgent32.exe, LoadLibrary() : Unable to find the resource 41728 from assembly C:\Windows\system32\nl-NL\ieframe.dll.mui: Error1814
E, 9576, 15, 2013/06/26, 21:23:37.103, 137011755495, QTAgent32.exe, LoadLibrary() : Unable to find the resource 8131 from assembly C:\Windows\system32\nl-NL\ieframe.dll.mui: Error1814
E, 9576, 15, 2013/06/26, 21:23:37.103, 137011755823, QTAgent32.exe, LoadLibrary() : Unable to find the resource 8131 from assembly C:\Windows\system32\nl-NL\ieframe.dll.mui: Error1814
W, 9576, 15, 2013/06/26, 21:23:37.103, 137011756193, QTAgent32.exe, Value in en-US resource 'Sluiten' does not match the defaultvalue 'Close'
E, 9576, 15, 2013/06/26, 21:23:37.103, 137011756485, QTAgent32.exe, LoadLibrary() : Unable to find the resource 8131 from assembly C:\Windows\system32\nl-NL\ieframe.dll.mui: Error1814
W, 9576, 15, 2013/06/26, 21:23:37.104, 137011756882, QTAgent32.exe, Value in en-US resource 'Beveiligingswaarschuwing' does not match the defaultvalue 'Security Warning'
E, 9576, 15, 2013/06/26, 21:23:37.104, 137011757348, QTAgent32.exe, LoadLibrary() : Unable to find the resource 803 from assembly C:\Windows\system32\nl-NL\user32.dll.mui: Error1814
W, 9576, 15, 2013/06/26, 21:23:37.104, 137011758232, QTAgent32.exe, Value in en-US resource 'Windows-beveiliging' does not match the defaultvalue 'Windows Security'
W, 9576, 15, 2013/06/26, 21:23:37.482, 137012862436, QTAgent32.exe, &lt;a class=success&gt;Playback - {2} [SUCCESS] SetValueAsEditBox "Bas" - "[MSAA, VisibleOnly]ControlType='Edit'"  &lt; Set via SendKeys &gt;
\0&lt;/a&gt;
W, 9576, 15, 2013/06/26, 21:23:37.803, 137013802278, QTAgent32.exe, &lt;a class=success&gt;Playback - {3} [SUCCESS] SendKeys "{Tab}" - "[MSAA, VisibleOnly]ControlType='Edit'"
\0&lt;/a&gt;
W, 9576, 15, 2013/06/26, 21:23:38.492, 137015814420, QTAgent32.exe, &lt;a class=success&gt;Playback - {4} [SUCCESS] SetValueAsEditBox "bas@bas.nl" - "[MSAA, VisibleOnly]ControlType='Edit'"  &lt; Set via SendKeys &gt;
\0&lt;/a&gt;
W, 9576, 15, 2013/06/26, 21:23:38.905, 137017022750, QTAgent32.exe, &lt;a class=success&gt;Playback - {5} [SUCCESS] MouseButtonClick - "[MSAA, VisibleOnly]ControlType='Button' &amp;&amp; Name='Add Contact'"
\0&lt;/a&gt;
W, 9576, 15, 2013/06/26, 21:23:39.359, 137018349547, QTAgent32.exe, &lt;a class=success&gt;Playback - {6} [SUCCESS] MouseButtonClick - "[MSAA, VisibleOnly]ControlType='Button' &amp;&amp; Name='Delete Contact'"
\0&lt;/a&gt;
W, 9576, 15, 2013/06/26, 21:23:40.022, 137020287291, QTAgent32.exe, &lt;a class=success&gt;Playback - {7} [SUCCESS] SetValueAsEditBox "bas" - "[MSAA, VisibleOnly]ControlType='Edit' &amp;&amp; Name='Adressbook Name: sample'"  &lt; Set via SendKeys &gt;
\0&lt;/a&gt;
W, 9576, 15, 2013/06/26, 21:23:40.465, 137021582749, QTAgent32.exe, &lt;a class=success&gt;Playback - {8} [SUCCESS] MouseButtonClick - "[MSAA, VisibleOnly]ControlType='Button' &amp;&amp; Name='Search'"
\0&lt;/a&gt;
W, 9576, 15, 2013/06/26, 21:23:40.890, 137022825236, QTAgent32.exe, &lt;a class=success&gt;Playback - {9} [SUCCESS] MouseButtonClick - "[MSAA, VisibleOnly]ControlType='Button' &amp;&amp; Name='clear'"
\0&lt;/a&gt;
W, 9576, 15, 2013/06/26, 21:23:41.580, 137024841795, QTAgent32.exe, &lt;a class=success&gt;Playback - {10} [SUCCESS] SetValueAsEditBox "bas" - "[MSAA, VisibleOnly]ControlType='Edit' &amp;&amp; Name='Adressbook Name: searchbook'"  &lt; Set via SendKeys &gt;
\0&lt;/a&gt;
W, 9576, 15, 2013/06/26, 21:23:41.837, 137025593452, QTAgent32.exe, &lt;a class=success&gt;Playback - {11} [SUCCESS] MouseButtonClick - "[MSAA, VisibleOnly]ControlType='Button' &amp;&amp; Name='Search'"
\0&lt;/a&gt;
E, 9576, 15, 2013/06/26, 21:23:42.229, 137026739811, QTAgent32.exe, Exception: System.ArgumentException
	Message: Value does not fall within the expected range.
	Stack Trace:    at Accessibility.IAccessible.get_accRole(Object varChild)
   at Microsoft.VisualStudio.TestTools.UITest.Extension.Msaa.AccWrapper.get_RoleInt()
	BaseExceptionMessage: Value does not fall within the expected range.

W, 9576, 15, 2013/06/26, 21:23:42.804, 137028417162, QTAgent32.exe, Playback - [WARNING] Internal warning: Incorrect flag set for InvokeProgrammaticAction\0
W, 9576, 15, 2013/06/26, 21:23:42.929, 137028782688, QTAgent32.exe, &lt;a class=success&gt;Playback - {12} [SUCCESS] SetValueAsComboBox "sample2" - "[MSAA, VisibleOnly]ControlType='ComboBox' &amp;&amp; Name='Contacts:'"  &lt; SetValueAsComboBox, set by clicking on the item in the list box &gt;
\0&lt;/a&gt;
W, 9576, 15, 2013/06/26, 21:23:43.503, 137030460671, QTAgent32.exe, &lt;a class=success&gt;Playback - {13} [SUCCESS] MouseButtonClick - "[MSAA, VisibleOnly]ControlType='Button' &amp;&amp; Name='Copy all to:'"
\0&lt;/a&gt;
W, 9576, 15, 2013/06/26, 21:23:43.766, 137031229279, QTAgent32.exe, &lt;a class=success&gt;Playback - {14} [SUCCESS] MouseButtonClick - "[MSAA, VisibleOnly]ControlType='Button' &amp;&amp; Name='clear'"
\0&lt;/a&gt;
W, 9576, 15, 2013/06/26, 21:23:44.272, 137032709938, QTAgent32.exe, &lt;a class=success&gt;Playback - {15} [SUCCESS] SetValueAsEditBox "bas" - "[MSAA, VisibleOnly]ControlType='Edit' &amp;&amp; Name='Adressbook Name: sample'"  &lt; Set via SendKeys &gt;
\0&lt;/a&gt;
W, 9576, 15, 2013/06/26, 21:23:44.529, 137033459730, QTAgent32.exe, &lt;a class=success&gt;Playback - {16} [SUCCESS] MouseButtonClick - "[MSAA, VisibleOnly]ControlType='Button' &amp;&amp; Name='Search'"
\0&lt;/a&gt;
W, 9576, 15, 2013/06/26, 21:23:45.180, 137035362870, QTAgent32.exe, &lt;a class=success&gt;Playback - {17} [SUCCESS] MouseButtonClick - "[MSAA, VisibleOnly]ControlType='Button' &amp;&amp; Name='Remove all'"
\0&lt;/a&gt;
W, 9576, 15, 2013/06/26, 21:23:45.427, 137036084737, QTAgent32.exe, &lt;a class=success&gt;Playback - {18} [SUCCESS] MouseButtonClick - "[MSAA, VisibleOnly]ControlType='Button' &amp;&amp; Name='clear'"
\0&lt;/a&gt;
W, 9576, 15, 2013/06/26, 21:23:45.687, 137036844870, QTAgent32.exe, &lt;a class=success&gt;Playback - {19} [SUCCESS] MouseButtonClick - "[MSAA, VisibleOnly]ControlType='Button' &amp;&amp; Name='Search'"
\0&lt;/a&gt;
W, 9576, 15, 2013/06/26, 21:23:45.959, 137037641801, QTAgent32.exe, IEDOM : StopSession of the plugin called before StartSession
W, 9576, 15, 2013/06/26, 21:23:45.960, 137037642110, QTAgent32.exe, UIA : StopSession of the plugin called before StartSession
</DebugTrace>
      </Output>
    </UnitTestResult>
    <UnitTestResult executionId="238a41c8-6a3d-4232-9fc9-e4e700fc7140" testId="04cdc5c6-7caa-c214-3fde-ec3b17b314d1" testName="TestAddAdressbook" computerName="BAS-PC" duration="00:00:22.9691393" startTime="2013-06-26T21:23:45.9742036+02:00" endTime="2013-06-26T21:24:08.9475176+02:00" testType="13cdc9d9-ddb5-4fa4-a97d-d965ccfc6d4b" outcome="Passed" testListId="8c84fa94-04c1-424b-9868-57a2d4851a1d" relativeResultsDirectory="238a41c8-6a3d-4232-9fc9-e4e700fc7140">
      <Output>
        <DebugTrace>W, 9576, 24, 2013/06/26, 21:23:46.536, 137039327901, QTAgent32.exe, FindScreenElementInSinglePass : Attempting to find control in one pass of search. Failures can occur.
W, 9576, 24, 2013/06/26, 21:23:47.571, 137042351503, QTAgent32.exe, Playback - [WARNING] Internal warning:Search failure: [MSAA, VisibleOnly]ControlType='MenuBar' | [MSAA]ControlType='MenuItem' &amp;&amp; Name='Adressbooks' | Performed (2) search retries, UI element not found
\0
E, 9576, 24, 2013/06/26, 21:23:47.571, 137042352356, QTAgent32.exe, &lt;a class=failure&gt;Playback - {1} [FAILED] Function ElementFetcher::FindScreenElement failed to locate UI element (Searching: ;[MSAA, VisibleOnly]ControlType='MenuBar';[MSAA]ControlType='MenuItem' &amp;&amp; Name='Adressbooks';[MSAA]ControlType='MenuItem' &amp;&amp; Name='Add Adressbook') (Het opgegeven object is niet gevonden.)
\0&lt;/a&gt;
E, 9576, 24, 2013/06/26, 21:23:47.672, 137042646869, QTAgent32.exe, Playback - [IMAGE] C:\Users\Bas\AppData\Local\Temp\UITestLogs\LastRun\RPF5FE9.png
\0
W, 9576, 24, 2013/06/26, 21:23:47.672, 137042647301, QTAgent32.exe, Playback - [WARNING] Internal warning: Couldn't find descendants that match QueryId
\0
W, 9576, 24, 2013/06/26, 21:23:47.672, 137042648438, QTAgent32.exe, PERF WARNING: FindAllDescendents: took 1124 ms. Expected it to take maximum 500 ms.
W, 9576, 24, 2013/06/26, 21:23:47.672, 137042648812, QTAgent32.exe, FindScreenElementInSinglePass : Attempting to find control in one pass of search. Failures can occur.
W, 9576, 24, 2013/06/26, 21:23:47.690, 137042699740, QTAgent32.exe, FindScreenElementInSinglePass : Attempting to find control in one pass of search. Failures can occur.
W, 9576, 24, 2013/06/26, 21:23:48.216, 137044237063, QTAgent32.exe, Playback - [WARNING] Internal warning: Target element "[MSAA]ControlType='MenuItem' &amp;&amp; Name='Adressbooks'" was not found, so all intermediate elements were ignored. An incorrect element that matches target element Id can be found as the result.  Verify that all intermediate elements in QueryId have valid and unique Ids
\0
W, 9576, 24, 2013/06/26, 21:23:49.745, 137048708270, QTAgent32.exe, Playback - [WARNING] Internal warning:Search failure: [MSAA]ControlType='MenuItem' &amp;&amp; Name='Adressbooks' | Performed (2) search retries, UI element not found
\0
E, 9576, 24, 2013/06/26, 21:23:49.745, 137048709000, QTAgent32.exe, &lt;a class=failure&gt;Playback - {2} [FAILED] Function ElementFetcher::FindScreenElement failed to locate UI element (Searching: ;[MSAA]ControlType='MenuItem' &amp;&amp; Name='Adressbooks') (Het opgegeven object is niet gevonden.)
\0&lt;/a&gt;
E, 9576, 24, 2013/06/26, 21:23:49.843, 137048994339, QTAgent32.exe, Playback - [IMAGE] C:\Users\Bas\AppData\Local\Temp\UITestLogs\LastRun\RPF6872.png
\0
W, 9576, 24, 2013/06/26, 21:23:49.843, 137048994752, QTAgent32.exe, Playback - [WARNING] Internal warning: Couldn't find descendants that match QueryId
\0
W, 9576, 24, 2013/06/26, 21:23:49.843, 137048995304, QTAgent32.exe, PERF WARNING: FindAllDescendents: took 2144 ms. Expected it to take maximum 500 ms.
W, 9576, 24, 2013/06/26, 21:23:51.399, 137053541945, QTAgent32.exe, Playback - [WARNING] Internal warning: Target element "[MSAA]ControlType='MenuItem' &amp;&amp; Name='Adressbooks'" was not found, so all intermediate elements were ignored. An incorrect element that matches target element Id can be found as the result.  Verify that all intermediate elements in QueryId have valid and unique Ids
\0
W, 9576, 24, 2013/06/26, 21:23:52.131, 137055683818, QTAgent32.exe, Playback - [WARNING] Internal warning: 2 UI elements have the same ElementIds.  Use "Instance = 'n'" to avoid this warning for: [MSAA, VisibleOnly]ControlType='MenuBar'
\0
W, 9576, 24, 2013/06/26, 21:23:52.248, 137056025373, QTAgent32.exe, PERF WARNING: FindAllDescendents: took 2394 ms. Expected it to take maximum 500 ms.
W, 9576, 24, 2013/06/26, 21:23:52.404, 137056480606, QTAgent32.exe, &lt;a class=success&gt;Playback - {3} [SUCCESS] LeftButtonClick  &lt; Mouse cursor location (533, 267) &gt;
\0&lt;/a&gt;
W, 9576, 24, 2013/06/26, 21:23:52.554, 137056919861, QTAgent32.exe, &lt;a class=success&gt;Playback - {4} [SUCCESS] LeftButtonClick - "[MSAA]ControlType='MenuItem' &amp;&amp; Name='Adressbooks'"  &lt; Mouse cursor location (282, 267) &gt;
\0&lt;/a&gt;
W, 9576, 24, 2013/06/26, 21:23:52.887, 137057891947, QTAgent32.exe, &lt;a class=success&gt;Playback - {5} [SUCCESS] MouseButtonClick - "[MSAA]ControlType='MenuItem' &amp;&amp; Name='Add Adressbook'"
\0&lt;/a&gt;
W, 9576, 24, 2013/06/26, 21:23:54.201, 137061732305, QTAgent32.exe, &lt;a class=success&gt;Playback - {6} [SUCCESS] SetValueAsEditBox "eenveeeltelangeenaaaaaaaaaaaaaaaaam" - "[MSAA, VisibleOnly]ControlType='Edit' &amp;&amp; Name='Adressbook Name:'"  &lt; Set via SendKeys &gt;
\0&lt;/a&gt;
W, 9576, 24, 2013/06/26, 21:23:54.536, 137062712145, QTAgent32.exe, &lt;a class=success&gt;Playback - {7} [SUCCESS] MouseButtonClick - "[MSAA, VisibleOnly]ControlType='Button' &amp;&amp; Name='Create Adressbook'"
\0&lt;/a&gt;
W, 9576, 24, 2013/06/26, 21:23:54.775, 137063411046, QTAgent32.exe, &lt;a class=success&gt;Playback - {8} [SUCCESS] MouseButtonClick - "[MSAA, VisibleOnly]ControlType='Button' &amp;&amp; Name='OK'"
\0&lt;/a&gt;
W, 9576, 24, 2013/06/26, 21:23:54.875, 137063704193, QTAgent32.exe, FindScreenElementInSinglePass : Attempting to find control in one pass of search. Failures can occur.
W, 9576, 24, 2013/06/26, 21:23:55.927, 137066777918, QTAgent32.exe, Playback - [WARNING] Internal warning:Search failure: [MSAA, VisibleOnly]ControlType='MenuBar' | [MSAA]ControlType='MenuItem' &amp;&amp; Name='Adressbooks' | Performed (2) search retries, UI element not found
\0
E, 9576, 24, 2013/06/26, 21:23:55.927, 137066778723, QTAgent32.exe, &lt;a class=failure&gt;Playback - {9} [FAILED] Function ElementFetcher::FindScreenElement failed to locate UI element (Searching: ;[MSAA, VisibleOnly]ControlType='MenuBar';[MSAA]ControlType='MenuItem' &amp;&amp; Name='Adressbooks';[MSAA]ControlType='MenuItem' &amp;&amp; Name='Add Adressbook') (Het opgegeven object is niet gevonden.)
\0&lt;/a&gt;
E, 9576, 24, 2013/06/26, 21:23:56.029, 137067076964, QTAgent32.exe, Playback - [IMAGE] C:\Users\Bas\AppData\Local\Temp\UITestLogs\LastRun\RPF8094.png
\0
W, 9576, 24, 2013/06/26, 21:23:56.029, 137067077328, QTAgent32.exe, Playback - [WARNING] Internal warning: Couldn't find descendants that match QueryId
\0
W, 9576, 24, 2013/06/26, 21:23:56.029, 137067077820, QTAgent32.exe, PERF WARNING: FindAllDescendents: took 1135 ms. Expected it to take maximum 500 ms.
W, 9576, 24, 2013/06/26, 21:23:56.029, 137067078172, QTAgent32.exe, FindScreenElementInSinglePass : Attempting to find control in one pass of search. Failures can occur.
W, 9576, 24, 2013/06/26, 21:23:56.045, 137067125002, QTAgent32.exe, FindScreenElementInSinglePass : Attempting to find control in one pass of search. Failures can occur.
W, 9576, 24, 2013/06/26, 21:23:56.572, 137068665170, QTAgent32.exe, Playback - [WARNING] Internal warning: Target element "[MSAA]ControlType='MenuItem' &amp;&amp; Name='Adressbooks'" was not found, so all intermediate elements were ignored. An incorrect element that matches target element Id can be found as the result.  Verify that all intermediate elements in QueryId have valid and unique Ids
\0
W, 9576, 24, 2013/06/26, 21:23:58.100, 137073131953, QTAgent32.exe, Playback - [WARNING] Internal warning:Search failure: [MSAA]ControlType='MenuItem' &amp;&amp; Name='Adressbooks' | Performed (2) search retries, UI element not found
\0
E, 9576, 24, 2013/06/26, 21:23:58.101, 137073132720, QTAgent32.exe, &lt;a class=failure&gt;Playback - {10} [FAILED] Function ElementFetcher::FindScreenElement failed to locate UI element (Searching: ;[MSAA]ControlType='MenuItem' &amp;&amp; Name='Adressbooks') (Het opgegeven object is niet gevonden.)
\0&lt;/a&gt;
E, 9576, 24, 2013/06/26, 21:23:58.201, 137073426068, QTAgent32.exe, Playback - [IMAGE] C:\Users\Bas\AppData\Local\Temp\UITestLogs\LastRun\RPF890E.png
\0
W, 9576, 24, 2013/06/26, 21:23:58.201, 137073426478, QTAgent32.exe, Playback - [WARNING] Internal warning: Couldn't find descendants that match QueryId
\0
W, 9576, 24, 2013/06/26, 21:23:58.201, 137073427056, QTAgent32.exe, PERF WARNING: FindAllDescendents: took 2145 ms. Expected it to take maximum 500 ms.
W, 9576, 24, 2013/06/26, 21:23:59.755, 137077969784, QTAgent32.exe, Playback - [WARNING] Internal warning: Target element "[MSAA]ControlType='MenuItem' &amp;&amp; Name='Adressbooks'" was not found, so all intermediate elements were ignored. An incorrect element that matches target element Id can be found as the result.  Verify that all intermediate elements in QueryId have valid and unique Ids
\0
W, 9576, 24, 2013/06/26, 21:24:00.338, 137079669620, QTAgent32.exe, Playback - [WARNING] Internal warning: 2 UI elements have the same ElementIds.  Use "Instance = 'n'" to avoid this warning for: [MSAA, VisibleOnly]ControlType='MenuBar'
\0
W, 9576, 24, 2013/06/26, 21:24:00.409, 137079879212, QTAgent32.exe, PERF WARNING: FindAllDescendents: took 2196 ms. Expected it to take maximum 500 ms.
W, 9576, 24, 2013/06/26, 21:24:00.560, 137080318736, QTAgent32.exe, &lt;a class=success&gt;Playback - {11} [SUCCESS] LeftButtonClick  &lt; Mouse cursor location (533, 267) &gt;
\0&lt;/a&gt;
W, 9576, 24, 2013/06/26, 21:24:00.700, 137080727272, QTAgent32.exe, &lt;a class=success&gt;Playback - {12} [SUCCESS] LeftButtonClick - "[MSAA]ControlType='MenuItem' &amp;&amp; Name='Adressbooks'"  &lt; Mouse cursor location (282, 267) &gt;
\0&lt;/a&gt;
W, 9576, 24, 2013/06/26, 21:24:00.980, 137081546308, QTAgent32.exe, &lt;a class=success&gt;Playback - {13} [SUCCESS] MouseButtonClick - "[MSAA]ControlType='MenuItem' &amp;&amp; Name='Add Adressbook'"
\0&lt;/a&gt;
W, 9576, 24, 2013/06/26, 21:24:01.330, 137082569690, QTAgent32.exe, &lt;a class=success&gt;Playback - {14} [SUCCESS] SendKeys "^{HOME}" - "[MSAA, VisibleOnly]ControlType='Edit' &amp;&amp; Name='Adressbook Name:'"
\0&lt;/a&gt;
E, 9576, 24, 2013/06/26, 21:24:01.332, 137082574911, QTAgent32.exe, Msaa.GetFocusedElement: could not find accessible object of foreground window
W, 9576, 24, 2013/06/26, 21:24:01.409, 137082800887, QTAgent32.exe, &lt;a class=success&gt;Playback - {15} [SUCCESS] SendKeys "^+{END}" - "[MSAA, VisibleOnly]ControlType='Edit' &amp;&amp; Name='Adressbook Name:'"
\0&lt;/a&gt;
E, 9576, 24, 2013/06/26, 21:24:01.409, 137082801684, QTAgent32.exe, Msaa.GetFocusedElement: could not find accessible object of foreground window
W, 9576, 24, 2013/06/26, 21:24:01.462, 137082954750, QTAgent32.exe, &lt;a class=success&gt;Playback - {16} [SUCCESS] SendKeys "{DELETE}" - "[MSAA, VisibleOnly]ControlType='Edit' &amp;&amp; Name='Adressbook Name:'"
\0&lt;/a&gt;
W, 9576, 24, 2013/06/26, 21:24:01.718, 137083703186, QTAgent32.exe, &lt;a class=success&gt;Playback - {17} [SUCCESS] SetValueAsEditBox "Test" - "[MSAA, VisibleOnly]ControlType='Edit' &amp;&amp; Name='Adressbook Name:'"  &lt; Set via SendKeys &gt;
\0&lt;/a&gt;
W, 9576, 24, 2013/06/26, 21:24:01.954, 137084394057, QTAgent32.exe, &lt;a class=success&gt;Playback - {18} [SUCCESS] MouseButtonClick - "[MSAA, VisibleOnly]ControlType='Button' &amp;&amp; Name='Create Adressbook'"
\0&lt;/a&gt;
W, 9576, 24, 2013/06/26, 21:24:02.054, 137084687191, QTAgent32.exe, FindScreenElementInSinglePass : Attempting to find control in one pass of search. Failures can occur.
W, 9576, 24, 2013/06/26, 21:24:03.104, 137087754897, QTAgent32.exe, Playback - [WARNING] Internal warning:Search failure: [MSAA, VisibleOnly]ControlType='MenuBar' | [MSAA]ControlType='MenuItem' &amp;&amp; Name='Adressbooks' | Performed (2) search retries, UI element not found
\0
E, 9576, 24, 2013/06/26, 21:24:03.104, 137087755682, QTAgent32.exe, &lt;a class=failure&gt;Playback - {19} [FAILED] Function ElementFetcher::FindScreenElement failed to locate UI element (Searching: ;[MSAA, VisibleOnly]ControlType='MenuBar';[MSAA]ControlType='MenuItem' &amp;&amp; Name='Adressbooks';[MSAA]ControlType='MenuItem' &amp;&amp; Name='Add Adressbook') (Het opgegeven object is niet gevonden.)
\0&lt;/a&gt;
E, 9576, 24, 2013/06/26, 21:24:03.193, 137088015563, QTAgent32.exe, Playback - [IMAGE] C:\Users\Bas\AppData\Local\Temp\UITestLogs\LastRun\RPF9C9E.png
\0
W, 9576, 24, 2013/06/26, 21:24:03.193, 137088015979, QTAgent32.exe, Playback - [WARNING] Internal warning: Couldn't find descendants that match QueryId
\0
W, 9576, 24, 2013/06/26, 21:24:03.193, 137088016556, QTAgent32.exe, PERF WARNING: FindAllDescendents: took 1118 ms. Expected it to take maximum 500 ms.
W, 9576, 24, 2013/06/26, 21:24:03.193, 137088016929, QTAgent32.exe, FindScreenElementInSinglePass : Attempting to find control in one pass of search. Failures can occur.
W, 9576, 24, 2013/06/26, 21:24:03.210, 137088066827, QTAgent32.exe, FindScreenElementInSinglePass : Attempting to find control in one pass of search. Failures can occur.
W, 9576, 24, 2013/06/26, 21:24:03.736, 137089604065, QTAgent32.exe, Playback - [WARNING] Internal warning: Target element "[MSAA]ControlType='MenuItem' &amp;&amp; Name='Adressbooks'" was not found, so all intermediate elements were ignored. An incorrect element that matches target element Id can be found as the result.  Verify that all intermediate elements in QueryId have valid and unique Ids
\0
W, 9576, 24, 2013/06/26, 21:24:05.265, 137094073759, QTAgent32.exe, Playback - [WARNING] Internal warning:Search failure: [MSAA]ControlType='MenuItem' &amp;&amp; Name='Adressbooks' | Performed (2) search retries, UI element not found
\0
E, 9576, 24, 2013/06/26, 21:24:05.265, 137094074488, QTAgent32.exe, &lt;a class=failure&gt;Playback - {20} [FAILED] Function ElementFetcher::FindScreenElement failed to locate UI element (Searching: ;[MSAA]ControlType='MenuItem' &amp;&amp; Name='Adressbooks') (Het opgegeven object is niet gevonden.)
\0&lt;/a&gt;
E, 9576, 24, 2013/06/26, 21:24:05.371, 137094383357, QTAgent32.exe, Playback - [IMAGE] C:\Users\Bas\AppData\Local\Temp\UITestLogs\LastRun\RPFA518.png
\0
W, 9576, 24, 2013/06/26, 21:24:05.371, 137094383718, QTAgent32.exe, Playback - [WARNING] Internal warning: Couldn't find descendants that match QueryId
\0
W, 9576, 24, 2013/06/26, 21:24:05.371, 137094384201, QTAgent32.exe, PERF WARNING: FindAllDescendents: took 2152 ms. Expected it to take maximum 500 ms.
W, 9576, 24, 2013/06/26, 21:24:06.924, 137098922880, QTAgent32.exe, Playback - [WARNING] Internal warning: Target element "[MSAA]ControlType='MenuItem' &amp;&amp; Name='Adressbooks'" was not found, so all intermediate elements were ignored. An incorrect element that matches target element Id can be found as the result.  Verify that all intermediate elements in QueryId have valid and unique Ids
\0
W, 9576, 24, 2013/06/26, 21:24:07.604, 137100909229, QTAgent32.exe, Playback - [WARNING] Internal warning: 2 UI elements have the same ElementIds.  Use "Instance = 'n'" to avoid this warning for: [MSAA, VisibleOnly]ControlType='MenuBar'
\0
W, 9576, 24, 2013/06/26, 21:24:07.790, 137101452820, QTAgent32.exe, PERF WARNING: FindAllDescendents: took 2408 ms. Expected it to take maximum 500 ms.
W, 9576, 24, 2013/06/26, 21:24:07.939, 137101889657, QTAgent32.exe, &lt;a class=success&gt;Playback - {21} [SUCCESS] LeftButtonClick  &lt; Mouse cursor location (533, 267) &gt;
\0&lt;/a&gt;
W, 9576, 24, 2013/06/26, 21:24:08.077, 137102292852, QTAgent32.exe, &lt;a class=success&gt;Playback - {22} [SUCCESS] LeftButtonClick - "[MSAA]ControlType='MenuItem' &amp;&amp; Name='Adressbooks'"  &lt; Mouse cursor location (282, 267) &gt;
\0&lt;/a&gt;
W, 9576, 24, 2013/06/26, 21:24:08.469, 137103438199, QTAgent32.exe, &lt;a class=success&gt;Playback - {23} [SUCCESS] MouseButtonClick - "[MSAA]ControlType='MenuItem' &amp;&amp; Name='Add Adressbook'"
\0&lt;/a&gt;
W, 9576, 24, 2013/06/26, 21:24:08.723, 137104181124, QTAgent32.exe, &lt;a class=success&gt;Playback - {24} [SUCCESS] MouseButtonClick - "[MSAA, VisibleOnly]ControlType='Button' &amp;&amp; Name='Create Adressbook'"
\0&lt;/a&gt;
W, 9576, 24, 2013/06/26, 21:24:08.946, 137104831995, QTAgent32.exe, IEDOM : StopSession of the plugin called before StartSession
W, 9576, 24, 2013/06/26, 21:24:08.946, 137104832258, QTAgent32.exe, UIA : StopSession of the plugin called before StartSession
</DebugTrace>
      </Output>
    </UnitTestResult>
    <UnitTestResult executionId="712d674f-f0dc-492e-8440-3dac7b58a798" testId="19945944-a8d7-5865-9d24-bb159a9f92f7" testName="TestRemove" computerName="BAS-PC" duration="00:00:01.5089143" startTime="2013-06-26T21:24:08.9485177+02:00" endTime="2013-06-26T21:24:10.4596041+02:00" testType="13cdc9d9-ddb5-4fa4-a97d-d965ccfc6d4b" outcome="Passed" testListId="8c84fa94-04c1-424b-9868-57a2d4851a1d" relativeResultsDirectory="712d674f-f0dc-492e-8440-3dac7b58a798">
      <Output>
        <DebugTrace>W, 9576, 20, 2013/06/26, 21:24:09.693, 137107016766, QTAgent32.exe, &lt;a class=success&gt;Playback - {1} [SUCCESS] MouseButtonClick - "[MSAA, VisibleOnly]ControlType='Button' &amp;&amp; Name='View'"
\0&lt;/a&gt;
W, 9576, 20, 2013/06/26, 21:24:10.226, 137108574768, QTAgent32.exe, &lt;a class=success&gt;Playback - {2} [SUCCESS] MouseButtonClick - "[MSAA, VisibleOnly]ControlType='Button' &amp;&amp; Name='Remove all'"
\0&lt;/a&gt;
W, 9576, 20, 2013/06/26, 21:24:10.459, 137109255037, QTAgent32.exe, IEDOM : StopSession of the plugin called before StartSession
W, 9576, 20, 2013/06/26, 21:24:10.459, 137109255292, QTAgent32.exe, UIA : StopSession of the plugin called before StartSession
</DebugTrace>
      </Output>
    </UnitTestResult>
    <UnitTestResult executionId="3d47857a-b8a8-4f32-a2ce-4412c3a665f3" testId="b0e3743f-f45f-f807-d44f-c69c7a0f26fc" testName="TestSwitchingViews" computerName="BAS-PC" duration="00:00:14.4353340" startTime="2013-06-26T21:24:10.4606042+02:00" endTime="2013-06-26T21:24:24.8984300+02:00" testType="13cdc9d9-ddb5-4fa4-a97d-d965ccfc6d4b" outcome="Passed" testListId="8c84fa94-04c1-424b-9868-57a2d4851a1d" relativeResultsDirectory="3d47857a-b8a8-4f32-a2ce-4412c3a665f3">
      <Output>
        <DebugTrace>W, 9576, 30, 2013/06/26, 21:24:11.197, 137111413227, QTAgent32.exe, &lt;a class=success&gt;Playback - {1} [SUCCESS] MouseButtonClick - "[MSAA, VisibleOnly]ControlType='Button' &amp;&amp; Name='View'"
\0&lt;/a&gt;
W, 9576, 30, 2013/06/26, 21:24:11.297, 137111706431, QTAgent32.exe, FindScreenElementInSinglePass : Attempting to find control in one pass of search. Failures can occur.
W, 9576, 30, 2013/06/26, 21:24:12.346, 137114771251, QTAgent32.exe, Playback - [WARNING] Internal warning:Search failure: [MSAA, VisibleOnly]ControlType='MenuBar' | [MSAA]ControlType='MenuItem' &amp;&amp; Name='Adressbooks' | Performed (2) search retries, UI element not found
\0
E, 9576, 30, 2013/06/26, 21:24:12.346, 137114772083, QTAgent32.exe, &lt;a class=failure&gt;Playback - {2} [FAILED] Function ElementFetcher::FindScreenElement failed to locate UI element (Searching: ;[MSAA, VisibleOnly]ControlType='MenuBar';[MSAA]ControlType='MenuItem' &amp;&amp; Name='Adressbooks';[MSAA]ControlType='MenuItem' &amp;&amp; Name='Add Adressbook') (Het opgegeven object is niet gevonden.)
\0&lt;/a&gt;
E, 9576, 30, 2013/06/26, 21:24:12.432, 137115024552, QTAgent32.exe, Playback - [IMAGE] C:\Users\Bas\AppData\Local\Temp\UITestLogs\LastRun\RPFC0B4.png
\0
W, 9576, 30, 2013/06/26, 21:24:12.432, 137115024953, QTAgent32.exe, Playback - [WARNING] Internal warning: Couldn't find descendants that match QueryId
\0
W, 9576, 30, 2013/06/26, 21:24:12.433, 137115025482, QTAgent32.exe, PERF WARNING: FindAllDescendents: took 1114 ms. Expected it to take maximum 500 ms.
W, 9576, 30, 2013/06/26, 21:24:12.433, 137115025862, QTAgent32.exe, FindScreenElementInSinglePass : Attempting to find control in one pass of search. Failures can occur.
W, 9576, 30, 2013/06/26, 21:24:12.452, 137115082475, QTAgent32.exe, FindScreenElementInSinglePass : Attempting to find control in one pass of search. Failures can occur.
W, 9576, 30, 2013/06/26, 21:24:12.981, 137116627548, QTAgent32.exe, Playback - [WARNING] Internal warning: Target element "[MSAA]ControlType='MenuItem' &amp;&amp; Name='Adressbooks'" was not found, so all intermediate elements were ignored. An incorrect element that matches target element Id can be found as the result.  Verify that all intermediate elements in QueryId have valid and unique Ids
\0
W, 9576, 30, 2013/06/26, 21:24:14.509, 137121096203, QTAgent32.exe, Playback - [WARNING] Internal warning:Search failure: [MSAA]ControlType='MenuItem' &amp;&amp; Name='Adressbooks' | Performed (2) search retries, UI element not found
\0
E, 9576, 30, 2013/06/26, 21:24:14.510, 137121096967, QTAgent32.exe, &lt;a class=failure&gt;Playback - {3} [FAILED] Function ElementFetcher::FindScreenElement failed to locate UI element (Searching: ;[MSAA]ControlType='MenuItem' &amp;&amp; Name='Adressbooks') (Het opgegeven object is niet gevonden.)
\0&lt;/a&gt;
E, 9576, 30, 2013/06/26, 21:24:14.605, 137121375348, QTAgent32.exe, Playback - [IMAGE] C:\Users\Bas\AppData\Local\Temp\UITestLogs\LastRun\RPFC92D.png
\0
W, 9576, 30, 2013/06/26, 21:24:14.605, 137121375778, QTAgent32.exe, Playback - [WARNING] Internal warning: Couldn't find descendants that match QueryId
\0
W, 9576, 30, 2013/06/26, 21:24:14.605, 137121376303, QTAgent32.exe, PERF WARNING: FindAllDescendents: took 2142 ms. Expected it to take maximum 500 ms.
W, 9576, 30, 2013/06/26, 21:24:16.160, 137125921394, QTAgent32.exe, Playback - [WARNING] Internal warning: Target element "[MSAA]ControlType='MenuItem' &amp;&amp; Name='Adressbooks'" was not found, so all intermediate elements were ignored. An incorrect element that matches target element Id can be found as the result.  Verify that all intermediate elements in QueryId have valid and unique Ids
\0
W, 9576, 30, 2013/06/26, 21:24:16.931, 137128175774, QTAgent32.exe, Playback - [WARNING] Internal warning: 2 UI elements have the same ElementIds.  Use "Instance = 'n'" to avoid this warning for: [MSAA, VisibleOnly]ControlType='MenuBar'
\0
W, 9576, 30, 2013/06/26, 21:24:17.188, 137128926579, QTAgent32.exe, PERF WARNING: FindAllDescendents: took 2572 ms. Expected it to take maximum 500 ms.
W, 9576, 30, 2013/06/26, 21:24:17.338, 137129364696, QTAgent32.exe, &lt;a class=success&gt;Playback - {4} [SUCCESS] LeftButtonClick  &lt; Mouse cursor location (333, 67) &gt;
\0&lt;/a&gt;
W, 9576, 30, 2013/06/26, 21:24:17.490, 137129806416, QTAgent32.exe, &lt;a class=success&gt;Playback - {5} [SUCCESS] LeftButtonClick - "[MSAA]ControlType='MenuItem' &amp;&amp; Name='Adressbooks'"  &lt; Mouse cursor location (82, 67) &gt;
\0&lt;/a&gt;
W, 9576, 30, 2013/06/26, 21:24:17.973, 137131217514, QTAgent32.exe, &lt;a class=success&gt;Playback - {6} [SUCCESS] MouseButtonClick - "[MSAA]ControlType='MenuItem' &amp;&amp; Name='Add Adressbook'"
\0&lt;/a&gt;
W, 9576, 30, 2013/06/26, 21:24:18.074, 137131513061, QTAgent32.exe, FindScreenElementInSinglePass : Attempting to find control in one pass of search. Failures can occur.
W, 9576, 30, 2013/06/26, 21:24:19.122, 137134575950, QTAgent32.exe, Playback - [WARNING] Internal warning:Search failure: [MSAA, VisibleOnly]ControlType='MenuBar' | [MSAA]ControlType='MenuItem' &amp;&amp; Name='Adressbooks' | Performed (2) search retries, UI element not found
\0
E, 9576, 30, 2013/06/26, 21:24:19.122, 137134576755, QTAgent32.exe, &lt;a class=failure&gt;Playback - {7} [FAILED] Function ElementFetcher::FindScreenElement failed to locate UI element (Searching: ;[MSAA, VisibleOnly]ControlType='MenuBar';[MSAA]ControlType='MenuItem' &amp;&amp; Name='Adressbooks';[MSAA]ControlType='MenuItem' &amp;&amp; Name='View Adressbooks') (Het opgegeven object is niet gevonden.)
\0&lt;/a&gt;
E, 9576, 30, 2013/06/26, 21:24:19.231, 137134896013, QTAgent32.exe, Playback - [IMAGE] C:\Users\Bas\AppData\Local\Temp\UITestLogs\LastRun\RPFDB38.png
\0
W, 9576, 30, 2013/06/26, 21:24:19.231, 137134896379, QTAgent32.exe, Playback - [WARNING] Internal warning: Couldn't find descendants that match QueryId
\0
W, 9576, 30, 2013/06/26, 21:24:19.231, 137134896836, QTAgent32.exe, PERF WARNING: FindAllDescendents: took 1138 ms. Expected it to take maximum 500 ms.
W, 9576, 30, 2013/06/26, 21:24:19.231, 137134897165, QTAgent32.exe, FindScreenElementInSinglePass : Attempting to find control in one pass of search. Failures can occur.
W, 9576, 30, 2013/06/26, 21:24:19.247, 137134943227, QTAgent32.exe, FindScreenElementInSinglePass : Attempting to find control in one pass of search. Failures can occur.
W, 9576, 30, 2013/06/26, 21:24:19.773, 137136480502, QTAgent32.exe, Playback - [WARNING] Internal warning: Target element "[MSAA]ControlType='MenuItem' &amp;&amp; Name='Adressbooks'" was not found, so all intermediate elements were ignored. An incorrect element that matches target element Id can be found as the result.  Verify that all intermediate elements in QueryId have valid and unique Ids
\0
W, 9576, 30, 2013/06/26, 21:24:21.302, 137140948345, QTAgent32.exe, Playback - [WARNING] Internal warning:Search failure: [MSAA]ControlType='MenuItem' &amp;&amp; Name='Adressbooks' | Performed (2) search retries, UI element not found
\0
E, 9576, 30, 2013/06/26, 21:24:21.302, 137140949070, QTAgent32.exe, &lt;a class=failure&gt;Playback - {8} [FAILED] Function ElementFetcher::FindScreenElement failed to locate UI element (Searching: ;[MSAA]ControlType='MenuItem' &amp;&amp; Name='Adressbooks') (Het opgegeven object is niet gevonden.)
\0&lt;/a&gt;
E, 9576, 30, 2013/06/26, 21:24:21.397, 137141226043, QTAgent32.exe, Playback - [IMAGE] C:\Users\Bas\AppData\Local\Temp\UITestLogs\LastRun\RPFE3B1.png
\0
W, 9576, 30, 2013/06/26, 21:24:21.397, 137141226467, QTAgent32.exe, Playback - [WARNING] Internal warning: Couldn't find descendants that match QueryId
\0
W, 9576, 30, 2013/06/26, 21:24:21.397, 137141226975, QTAgent32.exe, PERF WARNING: FindAllDescendents: took 2140 ms. Expected it to take maximum 500 ms.
W, 9576, 30, 2013/06/26, 21:24:22.950, 137145767659, QTAgent32.exe, Playback - [WARNING] Internal warning: Target element "[MSAA]ControlType='MenuItem' &amp;&amp; Name='Adressbooks'" was not found, so all intermediate elements were ignored. An incorrect element that matches target element Id can be found as the result.  Verify that all intermediate elements in QueryId have valid and unique Ids
\0
W, 9576, 30, 2013/06/26, 21:24:23.560, 137147551561, QTAgent32.exe, Playback - [WARNING] Internal warning: 2 UI elements have the same ElementIds.  Use "Instance = 'n'" to avoid this warning for: [MSAA, VisibleOnly]ControlType='MenuBar'
\0
W, 9576, 30, 2013/06/26, 21:24:23.837, 137148360999, QTAgent32.exe, PERF WARNING: FindAllDescendents: took 2430 ms. Expected it to take maximum 500 ms.
W, 9576, 30, 2013/06/26, 21:24:23.996, 137148824876, QTAgent32.exe, &lt;a class=success&gt;Playback - {9} [SUCCESS] LeftButtonClick  &lt; Mouse cursor location (333, 67) &gt;
\0&lt;/a&gt;
W, 9576, 30, 2013/06/26, 21:24:24.145, 137149260159, QTAgent32.exe, &lt;a class=success&gt;Playback - {10} [SUCCESS] LeftButtonClick - "[MSAA]ControlType='MenuItem' &amp;&amp; Name='Adressbooks'"  &lt; Mouse cursor location (82, 67) &gt;
\0&lt;/a&gt;
W, 9576, 30, 2013/06/26, 21:24:24.654, 137150747496, QTAgent32.exe, &lt;a class=success&gt;Playback - {11} [SUCCESS] MouseButtonClick - "[MSAA]ControlType='MenuItem' &amp;&amp; Name='View Adressbooks'"
\0&lt;/a&gt;
W, 9576, 30, 2013/06/26, 21:24:24.897, 137151460036, QTAgent32.exe, IEDOM : StopSession of the plugin called before StartSession
W, 9576, 30, 2013/06/26, 21:24:24.898, 137151460292, QTAgent32.exe, UIA : StopSession of the plugin called before StartSession
</DebugTrace>
      </Output>
    </UnitTestResult>
    <UnitTestResult executionId="952144a2-923b-4c21-b1a3-cd7b5a269481" testId="ecf14cdf-a816-c9c9-b486-338ae3a984be" testName="TestEmail" computerName="BAS-PC" duration="00:00:32.2936950" startTime="2013-06-26T21:24:24.8994300+02:00" endTime="2013-06-26T21:24:57.1972774+02:00" testType="13cdc9d9-ddb5-4fa4-a97d-d965ccfc6d4b" outcome="Passed" testListId="8c84fa94-04c1-424b-9868-57a2d4851a1d" relativeResultsDirectory="952144a2-923b-4c21-b1a3-cd7b5a269481">
      <Output>
        <DebugTrace>W, 9576, 18, 2013/06/26, 21:24:25.706, 137153823272, QTAgent32.exe, &lt;a class=success&gt;Playback - {1} [SUCCESS] MouseButtonClick - "[MSAA, VisibleOnly]ControlType='Button' &amp;&amp; Name='View'"
\0&lt;/a&gt;
W, 9576, 18, 2013/06/26, 21:24:26.224, 137155337294, QTAgent32.exe, &lt;a class=success&gt;Playback - {2} [SUCCESS] SetValueAsEditBox "bas" - "[MSAA, VisibleOnly]ControlType='Edit'"  &lt; Set via SendKeys &gt;
\0&lt;/a&gt;
W, 9576, 18, 2013/06/26, 21:24:26.646, 137156570875, QTAgent32.exe, &lt;a class=success&gt;Playback - {3} [SUCCESS] MouseButtonClick - "[MSAA, VisibleOnly]ControlType='Button' &amp;&amp; Name='Add Contact'"
\0&lt;/a&gt;
W, 9576, 18, 2013/06/26, 21:24:26.889, 137157282684, QTAgent32.exe, &lt;a class=success&gt;Playback - {4} [SUCCESS] MouseButtonClick - "[MSAA, VisibleOnly]ControlType='Button' &amp;&amp; Name='OK'"
\0&lt;/a&gt;
W, 9576, 18, 2013/06/26, 21:24:27.217, 137158240020, QTAgent32.exe, &lt;a class=success&gt;Playback - {5} [SUCCESS] SendKeys "^{HOME}" - "[MSAA, VisibleOnly]ControlType='Edit'"
\0&lt;/a&gt;
E, 9576, 18, 2013/06/26, 21:24:27.217, 137158240466, QTAgent32.exe, Msaa.GetFocusedElement: could not find accessible object of foreground window
W, 9576, 18, 2013/06/26, 21:24:27.288, 137158447733, QTAgent32.exe, &lt;a class=success&gt;Playback - {6} [SUCCESS] SendKeys "^+{END}" - "[MSAA, VisibleOnly]ControlType='Edit'"
\0&lt;/a&gt;
E, 9576, 18, 2013/06/26, 21:24:27.288, 137158448479, QTAgent32.exe, Msaa.GetFocusedElement: could not find accessible object of foreground window
W, 9576, 18, 2013/06/26, 21:24:27.333, 137158579696, QTAgent32.exe, &lt;a class=success&gt;Playback - {7} [SUCCESS] SendKeys "{DELETE}" - "[MSAA, VisibleOnly]ControlType='Edit'"
\0&lt;/a&gt;
W, 9576, 18, 2013/06/26, 21:24:27.601, 137159362430, QTAgent32.exe, &lt;a class=success&gt;Playback - {8} [SUCCESS] SetValueAsEditBox "bas@@" - "[MSAA, VisibleOnly]ControlType='Edit'"  &lt; Set via SendKeys &gt;
\0&lt;/a&gt;
W, 9576, 18, 2013/06/26, 21:24:27.841, 137160064306, QTAgent32.exe, &lt;a class=success&gt;Playback - {9} [SUCCESS] MouseButtonClick - "[MSAA, VisibleOnly]ControlType='Button' &amp;&amp; Name='Add Contact'"
\0&lt;/a&gt;
W, 9576, 18, 2013/06/26, 21:24:28.085, 137160777358, QTAgent32.exe, &lt;a class=success&gt;Playback - {10} [SUCCESS] MouseButtonClick - "[MSAA, VisibleOnly]ControlType='Button' &amp;&amp; Name='OK'"
\0&lt;/a&gt;
W, 9576, 18, 2013/06/26, 21:24:28.399, 137161695623, QTAgent32.exe, &lt;a class=success&gt;Playback - {11} [SUCCESS] SendKeys "^{HOME}" - "[MSAA, VisibleOnly]ControlType='Edit'"
\0&lt;/a&gt;
E, 9576, 18, 2013/06/26, 21:24:28.399, 137161696363, QTAgent32.exe, Msaa.GetFocusedElement: could not find accessible object of foreground window
W, 9576, 18, 2013/06/26, 21:24:28.484, 137161944280, QTAgent32.exe, &lt;a class=success&gt;Playback - {12} [SUCCESS] SendKeys "^+{END}" - "[MSAA, VisibleOnly]ControlType='Edit'"
\0&lt;/a&gt;
E, 9576, 18, 2013/06/26, 21:24:28.484, 137161945062, QTAgent32.exe, Msaa.GetFocusedElement: could not find accessible object of foreground window
W, 9576, 18, 2013/06/26, 21:24:28.532, 137162084564, QTAgent32.exe, &lt;a class=success&gt;Playback - {13} [SUCCESS] SendKeys "{DELETE}" - "[MSAA, VisibleOnly]ControlType='Edit'"
\0&lt;/a&gt;
W, 9576, 18, 2013/06/26, 21:24:28.922, 137163223248, QTAgent32.exe, &lt;a class=success&gt;Playback - {14} [SUCCESS] SetValueAsEditBox "bas@@blabla" - "[MSAA, VisibleOnly]ControlType='Edit'"  &lt; Set via SendKeys &gt;
\0&lt;/a&gt;
W, 9576, 18, 2013/06/26, 21:24:29.160, 137163920006, QTAgent32.exe, &lt;a class=success&gt;Playback - {15} [SUCCESS] MouseButtonClick - "[MSAA, VisibleOnly]ControlType='Button' &amp;&amp; Name='Add Contact'"
\0&lt;/a&gt;
E, 9576, 18, 2013/06/26, 21:24:29.260, 137164212212, QTAgent32.exe, GetClassName for handle 1247620 failed
W, 9576, 18, 2013/06/26, 21:24:29.402, 137164628193, QTAgent32.exe, &lt;a class=success&gt;Playback - {16} [SUCCESS] MouseButtonClick - "[MSAA, VisibleOnly]ControlType='Button' &amp;&amp; Name='OK'"
\0&lt;/a&gt;
W, 9576, 18, 2013/06/26, 21:24:29.732, 137165591616, QTAgent32.exe, &lt;a class=success&gt;Playback - {17} [SUCCESS] SendKeys "^{HOME}" - "[MSAA, VisibleOnly]ControlType='Edit'"
\0&lt;/a&gt;
E, 9576, 18, 2013/06/26, 21:24:29.732, 137165592048, QTAgent32.exe, Msaa.GetFocusedElement: could not find accessible object of foreground window
W, 9576, 18, 2013/06/26, 21:24:29.805, 137165805656, QTAgent32.exe, &lt;a class=success&gt;Playback - {18} [SUCCESS] SendKeys "^+{END}" - "[MSAA, VisibleOnly]ControlType='Edit'"
\0&lt;/a&gt;
E, 9576, 18, 2013/06/26, 21:24:29.805, 137165806417, QTAgent32.exe, Msaa.GetFocusedElement: could not find accessible object of foreground window
W, 9576, 18, 2013/06/26, 21:24:29.856, 137165955507, QTAgent32.exe, &lt;a class=success&gt;Playback - {19} [SUCCESS] SendKeys "{DELETE}" - "[MSAA, VisibleOnly]ControlType='Edit'"
\0&lt;/a&gt;
W, 9576, 18, 2013/06/26, 21:24:30.259, 137167131901, QTAgent32.exe, &lt;a class=success&gt;Playback - {20} [SUCCESS] SetValueAsEditBox "bas@bla./nl" - "[MSAA, VisibleOnly]ControlType='Edit'"  &lt; Set via SendKeys &gt;
\0&lt;/a&gt;
W, 9576, 18, 2013/06/26, 21:24:30.520, 137167895504, QTAgent32.exe, &lt;a class=success&gt;Playback - {21} [SUCCESS] MouseButtonClick - "[MSAA, VisibleOnly]ControlType='Button' &amp;&amp; Name='Add Contact'"
\0&lt;/a&gt;
E, 9576, 18, 2013/06/26, 21:24:30.620, 137168187777, QTAgent32.exe, GetClassName for handle 919970 failed
W, 9576, 18, 2013/06/26, 21:24:30.762, 137168602942, QTAgent32.exe, &lt;a class=success&gt;Playback - {22} [SUCCESS] MouseButtonClick - "[MSAA, VisibleOnly]ControlType='Button' &amp;&amp; Name='OK'"
\0&lt;/a&gt;
W, 9576, 18, 2013/06/26, 21:24:31.091, 137169564695, QTAgent32.exe, &lt;a class=success&gt;Playback - {23} [SUCCESS] SendKeys "^{HOME}" - "[MSAA, VisibleOnly]ControlType='Edit'"
\0&lt;/a&gt;
E, 9576, 18, 2013/06/26, 21:24:31.091, 137169565191, QTAgent32.exe, Msaa.GetFocusedElement: could not find accessible object of foreground window
W, 9576, 18, 2013/06/26, 21:24:31.177, 137169816095, QTAgent32.exe, &lt;a class=success&gt;Playback - {24} [SUCCESS] SendKeys "^+{END}" - "[MSAA, VisibleOnly]ControlType='Edit'"
\0&lt;/a&gt;
E, 9576, 18, 2013/06/26, 21:24:31.177, 137169816844, QTAgent32.exe, Msaa.GetFocusedElement: could not find accessible object of foreground window
W, 9576, 18, 2013/06/26, 21:24:31.225, 137169956897, QTAgent32.exe, &lt;a class=success&gt;Playback - {25} [SUCCESS] SendKeys "{DELETE}" - "[MSAA, VisibleOnly]ControlType='Edit'"
\0&lt;/a&gt;
W, 9576, 18, 2013/06/26, 21:24:31.634, 137171151047, QTAgent32.exe, &lt;a class=success&gt;Playback - {26} [SUCCESS] SetValueAsEditBox "bas@bla...nl" - "[MSAA, VisibleOnly]ControlType='Edit'"  &lt; Set via SendKeys &gt;
\0&lt;/a&gt;
W, 9576, 18, 2013/06/26, 21:24:31.901, 137171931831, QTAgent32.exe, &lt;a class=success&gt;Playback - {27} [SUCCESS] MouseButtonClick - "[MSAA, VisibleOnly]ControlType='Button' &amp;&amp; Name='Add Contact'"
\0&lt;/a&gt;
E, 9576, 18, 2013/06/26, 21:24:32.001, 137172225030, QTAgent32.exe, GetClassName for handle 1378692 failed
W, 9576, 18, 2013/06/26, 21:24:32.140, 137172631128, QTAgent32.exe, &lt;a class=success&gt;Playback - {28} [SUCCESS] MouseButtonClick - "[MSAA, VisibleOnly]ControlType='Button' &amp;&amp; Name='OK'"
\0&lt;/a&gt;
W, 9576, 18, 2013/06/26, 21:24:32.449, 137173534659, QTAgent32.exe, &lt;a class=success&gt;Playback - {29} [SUCCESS] SendKeys "^{HOME}" - "[MSAA, VisibleOnly]ControlType='Edit'"
\0&lt;/a&gt;
E, 9576, 18, 2013/06/26, 21:24:32.449, 137173535403, QTAgent32.exe, Msaa.GetFocusedElement: could not find accessible object of foreground window
W, 9576, 18, 2013/06/26, 21:24:32.535, 137173786148, QTAgent32.exe, &lt;a class=success&gt;Playback - {30} [SUCCESS] SendKeys "^+{END}" - "[MSAA, VisibleOnly]ControlType='Edit'"
\0&lt;/a&gt;
E, 9576, 18, 2013/06/26, 21:24:32.535, 137173786884, QTAgent32.exe, Msaa.GetFocusedElement: could not find accessible object of foreground window
W, 9576, 18, 2013/06/26, 21:24:32.582, 137173923846, QTAgent32.exe, &lt;a class=success&gt;Playback - {31} [SUCCESS] SendKeys "{DELETE}" - "[MSAA, VisibleOnly]ControlType='Edit'"
\0&lt;/a&gt;
W, 9576, 18, 2013/06/26, 21:24:33.030, 137175234651, QTAgent32.exe, &lt;a class=success&gt;Playback - {32} [SUCCESS] SetValueAsEditBox "b..as@bla...nl" - "[MSAA, VisibleOnly]ControlType='Edit'"  &lt; Set via SendKeys &gt;
\0&lt;/a&gt;
W, 9576, 18, 2013/06/26, 21:24:33.289, 137175989842, QTAgent32.exe, &lt;a class=success&gt;Playback - {33} [SUCCESS] MouseButtonClick - "[MSAA, VisibleOnly]ControlType='Button' &amp;&amp; Name='Add Contact'"
\0&lt;/a&gt;
E, 9576, 18, 2013/06/26, 21:24:33.389, 137176282096, QTAgent32.exe, GetClassName for handle 1051042 failed
W, 9576, 18, 2013/06/26, 21:24:33.531, 137176697308, QTAgent32.exe, &lt;a class=success&gt;Playback - {34} [SUCCESS] MouseButtonClick - "[MSAA, VisibleOnly]ControlType='Button' &amp;&amp; Name='OK'"
\0&lt;/a&gt;
W, 9576, 18, 2013/06/26, 21:24:33.866, 137177676497, QTAgent32.exe, &lt;a class=success&gt;Playback - {35} [SUCCESS] SendKeys "^{HOME}" - "[MSAA, VisibleOnly]ControlType='Edit'"
\0&lt;/a&gt;
E, 9576, 18, 2013/06/26, 21:24:33.866, 137177676929, QTAgent32.exe, Msaa.GetFocusedElement: could not find accessible object of foreground window
W, 9576, 18, 2013/06/26, 21:24:33.937, 137177884305, QTAgent32.exe, &lt;a class=success&gt;Playback - {36} [SUCCESS] SendKeys "^+{END}" - "[MSAA, VisibleOnly]ControlType='Edit'"
\0&lt;/a&gt;
E, 9576, 18, 2013/06/26, 21:24:33.937, 137177885031, QTAgent32.exe, Msaa.GetFocusedElement: could not find accessible object of foreground window
W, 9576, 18, 2013/06/26, 21:24:33.981, 137178013040, QTAgent32.exe, &lt;a class=success&gt;Playback - {37} [SUCCESS] SendKeys "{DELETE}" - "[MSAA, VisibleOnly]ControlType='Edit'"
\0&lt;/a&gt;
W, 9576, 18, 2013/06/26, 21:24:34.387, 137179198742, QTAgent32.exe, &lt;a class=success&gt;Playback - {38} [SUCCESS] SetValueAsEditBox "b..as@bla.nl" - "[MSAA, VisibleOnly]ControlType='Edit'"  &lt; Set via SendKeys &gt;
\0&lt;/a&gt;
W, 9576, 18, 2013/06/26, 21:24:34.649, 137179965647, QTAgent32.exe, &lt;a class=success&gt;Playback - {39} [SUCCESS] MouseButtonClick - "[MSAA, VisibleOnly]ControlType='Button' &amp;&amp; Name='Add Contact'"
\0&lt;/a&gt;
E, 9576, 18, 2013/06/26, 21:24:34.749, 137180257884, QTAgent32.exe, GetClassName for handle 1509764 failed
W, 9576, 18, 2013/06/26, 21:24:34.892, 137180672760, QTAgent32.exe, &lt;a class=success&gt;Playback - {40} [SUCCESS] MouseButtonClick - "[MSAA, VisibleOnly]ControlType='Button' &amp;&amp; Name='OK'"
\0&lt;/a&gt;
W, 9576, 18, 2013/06/26, 21:24:35.215, 137181617456, QTAgent32.exe, &lt;a class=success&gt;Playback - {41} [SUCCESS] SendKeys "^{HOME}" - "[MSAA, VisibleOnly]ControlType='Edit'"
\0&lt;/a&gt;
E, 9576, 18, 2013/06/26, 21:24:35.215, 137181618215, QTAgent32.exe, Msaa.GetFocusedElement: could not find accessible object of foreground window
W, 9576, 18, 2013/06/26, 21:24:35.300, 137181865747, QTAgent32.exe, &lt;a class=success&gt;Playback - {42} [SUCCESS] SendKeys "^+{END}" - "[MSAA, VisibleOnly]ControlType='Edit'"
\0&lt;/a&gt;
E, 9576, 18, 2013/06/26, 21:24:35.300, 137181866446, QTAgent32.exe, Msaa.GetFocusedElement: could not find accessible object of foreground window
W, 9576, 18, 2013/06/26, 21:24:35.345, 137181997812, QTAgent32.exe, &lt;a class=success&gt;Playback - {43} [SUCCESS] SendKeys "{DELETE}" - "[MSAA, VisibleOnly]ControlType='Edit'"
\0&lt;/a&gt;
W, 9576, 18, 2013/06/26, 21:24:35.817, 137183376129, QTAgent32.exe, &lt;a class=success&gt;Playback - {44} [SUCCESS] SetValueAsEditBox "bas@hotmail.com" - "[MSAA, VisibleOnly]ControlType='Edit'"  &lt; Set via SendKeys &gt;
\0&lt;/a&gt;
W, 9576, 18, 2013/06/26, 21:24:36.076, 137184134079, QTAgent32.exe, &lt;a class=success&gt;Playback - {45} [SUCCESS] MouseButtonClick - "[MSAA, VisibleOnly]ControlType='Button' &amp;&amp; Name='Add Contact'"
\0&lt;/a&gt;
W, 9576, 18, 2013/06/26, 21:24:36.390, 137185051648, QTAgent32.exe, &lt;a class=success&gt;Playback - {46} [SUCCESS] SendKeys "^{HOME}" - "[MSAA, VisibleOnly]ControlType='Edit'"
\0&lt;/a&gt;
E, 9576, 18, 2013/06/26, 21:24:36.390, 137185052073, QTAgent32.exe, Msaa.GetFocusedElement: could not find accessible object of foreground window
W, 9576, 18, 2013/06/26, 21:24:36.460, 137185256768, QTAgent32.exe, &lt;a class=success&gt;Playback - {47} [SUCCESS] SendKeys "^+{END}" - "[MSAA, VisibleOnly]ControlType='Edit'"
\0&lt;/a&gt;
E, 9576, 18, 2013/06/26, 21:24:36.460, 137185257548, QTAgent32.exe, Msaa.GetFocusedElement: could not find accessible object of foreground window
W, 9576, 18, 2013/06/26, 21:24:36.502, 137185380384, QTAgent32.exe, &lt;a class=success&gt;Playback - {48} [SUCCESS] SendKeys "{DELETE}" - "[MSAA, VisibleOnly]ControlType='Edit'"
\0&lt;/a&gt;
W, 9576, 18, 2013/06/26, 21:24:37.162, 137187307783, QTAgent32.exe, &lt;a class=success&gt;Playback - {49} [SUCCESS] SetValueAsEditBox "bas_meesters@hotmail.com" - "[MSAA, VisibleOnly]ControlType='Edit'"  &lt; Set via SendKeys &gt;
\0&lt;/a&gt;
W, 9576, 18, 2013/06/26, 21:24:37.420, 137188062678, QTAgent32.exe, &lt;a class=success&gt;Playback - {50} [SUCCESS] MouseButtonClick - "[MSAA, VisibleOnly]ControlType='Button' &amp;&amp; Name='Add Contact'"
\0&lt;/a&gt;
W, 9576, 18, 2013/06/26, 21:24:37.751, 137189030349, QTAgent32.exe, &lt;a class=success&gt;Playback - {51} [SUCCESS] SendKeys "^{HOME}" - "[MSAA, VisibleOnly]ControlType='Edit'"
\0&lt;/a&gt;
E, 9576, 18, 2013/06/26, 21:24:37.751, 137189030790, QTAgent32.exe, Msaa.GetFocusedElement: could not find accessible object of foreground window
W, 9576, 18, 2013/06/26, 21:24:37.838, 137189284776, QTAgent32.exe, &lt;a class=success&gt;Playback - {52} [SUCCESS] SendKeys "^+{END}" - "[MSAA, VisibleOnly]ControlType='Edit'"
\0&lt;/a&gt;
E, 9576, 18, 2013/06/26, 21:24:37.838, 137189285486, QTAgent32.exe, Msaa.GetFocusedElement: could not find accessible object of foreground window
W, 9576, 18, 2013/06/26, 21:24:37.891, 137189440401, QTAgent32.exe, &lt;a class=success&gt;Playback - {53} [SUCCESS] SendKeys "{DELETE}" - "[MSAA, VisibleOnly]ControlType='Edit'"
\0&lt;/a&gt;
W, 9576, 18, 2013/06/26, 21:24:38.557, 137191385711, QTAgent32.exe, &lt;a class=success&gt;Playback - {54} [SUCCESS] SetValueAsEditBox "bas.meesters@hotmail.com" - "[MSAA, VisibleOnly]ControlType='Edit'"  &lt; Set via SendKeys &gt;
\0&lt;/a&gt;
W, 9576, 18, 2013/06/26, 21:24:38.803, 137192105720, QTAgent32.exe, &lt;a class=success&gt;Playback - {55} [SUCCESS] MouseButtonClick - "[MSAA, VisibleOnly]ControlType='Button' &amp;&amp; Name='Add Contact'"
\0&lt;/a&gt;
W, 9576, 18, 2013/06/26, 21:24:39.137, 137193082421, QTAgent32.exe, &lt;a class=success&gt;Playback - {56} [SUCCESS] SendKeys "^{HOME}" - "[MSAA, VisibleOnly]ControlType='Edit'"
\0&lt;/a&gt;
E, 9576, 18, 2013/06/26, 21:24:39.137, 137193083195, QTAgent32.exe, Msaa.GetFocusedElement: could not find accessible object of foreground window
W, 9576, 18, 2013/06/26, 21:24:39.231, 137193356764, QTAgent32.exe, &lt;a class=success&gt;Playback - {57} [SUCCESS] SendKeys "^+{END}" - "[MSAA, VisibleOnly]ControlType='Edit'"
\0&lt;/a&gt;
E, 9576, 18, 2013/06/26, 21:24:39.231, 137193357521, QTAgent32.exe, Msaa.GetFocusedElement: could not find accessible object of foreground window
W, 9576, 18, 2013/06/26, 21:24:39.282, 137193506648, QTAgent32.exe, &lt;a class=success&gt;Playback - {58} [SUCCESS] SendKeys "{DELETE}" - "[MSAA, VisibleOnly]ControlType='Edit'"
\0&lt;/a&gt;
W, 9576, 18, 2013/06/26, 21:24:40.058, 137195773418, QTAgent32.exe, &lt;a class=success&gt;Playback - {59} [SUCCESS] SetValueAsEditBox "bas.meest"iets"ers@hotmail.com" - "[MSAA, VisibleOnly]ControlType='Edit'"  &lt; Set via SendKeys &gt;
\0&lt;/a&gt;
W, 9576, 18, 2013/06/26, 21:24:40.311, 137196513697, QTAgent32.exe, &lt;a class=success&gt;Playback - {60} [SUCCESS] MouseButtonClick - "[MSAA, VisibleOnly]ControlType='Button' &amp;&amp; Name='Add Contact'"
\0&lt;/a&gt;
W, 9576, 18, 2013/06/26, 21:24:40.632, 137197452115, QTAgent32.exe, &lt;a class=success&gt;Playback - {61} [SUCCESS] SendKeys "^{HOME}" - "[MSAA, VisibleOnly]ControlType='Edit'"
\0&lt;/a&gt;
E, 9576, 18, 2013/06/26, 21:24:40.632, 137197452571, QTAgent32.exe, Msaa.GetFocusedElement: could not find accessible object of foreground window
W, 9576, 18, 2013/06/26, 21:24:40.721, 137197712336, QTAgent32.exe, &lt;a class=success&gt;Playback - {62} [SUCCESS] SendKeys "^+{END}" - "[MSAA, VisibleOnly]ControlType='Edit'"
\0&lt;/a&gt;
E, 9576, 18, 2013/06/26, 21:24:40.721, 137197712904, QTAgent32.exe, Msaa.GetFocusedElement: could not find accessible object of foreground window
W, 9576, 18, 2013/06/26, 21:24:40.771, 137197859222, QTAgent32.exe, &lt;a class=success&gt;Playback - {63} [SUCCESS] SendKeys "{DELETE}" - "[MSAA, VisibleOnly]ControlType='Edit'"
\0&lt;/a&gt;
W, 9576, 18, 2013/06/26, 21:24:41.605, 137200298004, QTAgent32.exe, &lt;a class=success&gt;Playback - {64} [SUCCESS] SetValueAsEditBox "bas"nogiets@.nl"iets@hotmail.com" - "[MSAA, VisibleOnly]ControlType='Edit'"  &lt; Set via SendKeys &gt;
\0&lt;/a&gt;
W, 9576, 18, 2013/06/26, 21:24:41.857, 137201033122, QTAgent32.exe, &lt;a class=success&gt;Playback - {65} [SUCCESS] MouseButtonClick - "[MSAA, VisibleOnly]ControlType='Button' &amp;&amp; Name='Add Contact'"
\0&lt;/a&gt;
W, 9576, 18, 2013/06/26, 21:24:42.168, 137201942479, QTAgent32.exe, &lt;a class=success&gt;Playback - {66} [SUCCESS] SendKeys "^{HOME}" - "[MSAA, VisibleOnly]ControlType='Edit'"
\0&lt;/a&gt;
E, 9576, 18, 2013/06/26, 21:24:42.168, 137201943240, QTAgent32.exe, Msaa.GetFocusedElement: could not find accessible object of foreground window
W, 9576, 18, 2013/06/26, 21:24:42.262, 137202217235, QTAgent32.exe, &lt;a class=success&gt;Playback - {67} [SUCCESS] SendKeys "^+{END}" - "[MSAA, VisibleOnly]ControlType='Edit'"
\0&lt;/a&gt;
E, 9576, 18, 2013/06/26, 21:24:42.262, 137202217979, QTAgent32.exe, Msaa.GetFocusedElement: could not find accessible object of foreground window
W, 9576, 18, 2013/06/26, 21:24:42.314, 137202369949, QTAgent32.exe, &lt;a class=success&gt;Playback - {68} [SUCCESS] SendKeys "{DELETE}" - "[MSAA, VisibleOnly]ControlType='Edit'"
\0&lt;/a&gt;
W, 9576, 18, 2013/06/26, 21:24:42.629, 137203289077, QTAgent32.exe, &lt;a class=success&gt;Playback - {69} [SUCCESS] SetValueAsEditBox "@empty" - "[MSAA, VisibleOnly]ControlType='Edit'"  &lt; Set via SendKeys &gt;
\0&lt;/a&gt;
W, 9576, 18, 2013/06/26, 21:24:42.871, 137203997406, QTAgent32.exe, &lt;a class=success&gt;Playback - {70} [SUCCESS] MouseButtonClick - "[MSAA, VisibleOnly]ControlType='Button' &amp;&amp; Name='Add Contact'"
\0&lt;/a&gt;
W, 9576, 18, 2013/06/26, 21:24:43.166, 137204859707, QTAgent32.exe, &lt;a class=success&gt;Playback - {71} [SUCCESS] SendKeys "^{HOME}" - "[MSAA, VisibleOnly]ControlType='Edit'"
\0&lt;/a&gt;
E, 9576, 18, 2013/06/26, 21:24:43.166, 137204860490, QTAgent32.exe, Msaa.GetFocusedElement: could not find accessible object of foreground window
W, 9576, 18, 2013/06/26, 21:24:43.256, 137205122665, QTAgent32.exe, &lt;a class=success&gt;Playback - {72} [SUCCESS] SendKeys "^+{END}" - "[MSAA, VisibleOnly]ControlType='Edit'"
\0&lt;/a&gt;
E, 9576, 18, 2013/06/26, 21:24:43.256, 137205123358, QTAgent32.exe, Msaa.GetFocusedElement: could not find accessible object of foreground window
W, 9576, 18, 2013/06/26, 21:24:43.304, 137205263476, QTAgent32.exe, &lt;a class=success&gt;Playback - {73} [SUCCESS] SendKeys "{DELETE}" - "[MSAA, VisibleOnly]ControlType='Edit'"
\0&lt;/a&gt;
W, 9576, 18, 2013/06/26, 21:24:43.741, 137206542163, QTAgent32.exe, &lt;a class=success&gt;Playback - {74} [SUCCESS] SetValueAsEditBox "bas""@bas.com" - "[MSAA, VisibleOnly]ControlType='Edit'"  &lt; Set via SendKeys &gt;
\0&lt;/a&gt;
W, 9576, 18, 2013/06/26, 21:24:43.987, 137207259465, QTAgent32.exe, &lt;a class=success&gt;Playback - {75} [SUCCESS] MouseButtonClick - "[MSAA, VisibleOnly]ControlType='Button' &amp;&amp; Name='Add Contact'"
\0&lt;/a&gt;
W, 9576, 18, 2013/06/26, 21:24:44.300, 137208174593, QTAgent32.exe, &lt;a class=success&gt;Playback - {76} [SUCCESS] SendKeys "^{HOME}" - "[MSAA, VisibleOnly]ControlType='Edit'"
\0&lt;/a&gt;
E, 9576, 18, 2013/06/26, 21:24:44.300, 137208175335, QTAgent32.exe, Msaa.GetFocusedElement: could not find accessible object of foreground window
W, 9576, 18, 2013/06/26, 21:24:44.386, 137208427225, QTAgent32.exe, &lt;a class=success&gt;Playback - {77} [SUCCESS] SendKeys "^+{END}" - "[MSAA, VisibleOnly]ControlType='Edit'"
\0&lt;/a&gt;
E, 9576, 18, 2013/06/26, 21:24:44.387, 137208427793, QTAgent32.exe, Msaa.GetFocusedElement: could not find accessible object of foreground window
W, 9576, 18, 2013/06/26, 21:24:44.423, 137208535091, QTAgent32.exe, &lt;a class=success&gt;Playback - {78} [SUCCESS] SendKeys "{DELETE}" - "[MSAA, VisibleOnly]ControlType='Edit'"
\0&lt;/a&gt;
W, 9576, 18, 2013/06/26, 21:24:44.941, 137210050132, QTAgent32.exe, &lt;a class=success&gt;Playback - {79} [SUCCESS] SetValueAsEditBox ".iets@hotmail.com" - "[MSAA, VisibleOnly]ControlType='Edit'"  &lt; Set via SendKeys &gt;
\0&lt;/a&gt;
W, 9576, 18, 2013/06/26, 21:24:45.176, 137210736028, QTAgent32.exe, &lt;a class=success&gt;Playback - {80} [SUCCESS] MouseButtonClick - "[MSAA, VisibleOnly]ControlType='Button' &amp;&amp; Name='Add Contact'"
\0&lt;/a&gt;
E, 9576, 18, 2013/06/26, 21:24:45.276, 137211027352, QTAgent32.exe, GetClassName for handle 1182114 failed
W, 9576, 18, 2013/06/26, 21:24:45.410, 137211419322, QTAgent32.exe, &lt;a class=success&gt;Playback - {81} [SUCCESS] MouseButtonClick - "[MSAA, VisibleOnly]ControlType='Button' &amp;&amp; Name='OK'"
\0&lt;/a&gt;
W, 9576, 18, 2013/06/26, 21:24:45.716, 137212313858, QTAgent32.exe, &lt;a class=success&gt;Playback - {82} [SUCCESS] SendKeys "^{HOME}" - "[MSAA, VisibleOnly]ControlType='Edit'"
\0&lt;/a&gt;
E, 9576, 18, 2013/06/26, 21:24:45.716, 137212314336, QTAgent32.exe, Msaa.GetFocusedElement: could not find accessible object of foreground window
W, 9576, 18, 2013/06/26, 21:24:45.788, 137212524325, QTAgent32.exe, &lt;a class=success&gt;Playback - {83} [SUCCESS] SendKeys "^+{END}" - "[MSAA, VisibleOnly]ControlType='Edit'"
\0&lt;/a&gt;
E, 9576, 18, 2013/06/26, 21:24:45.788, 137212524835, QTAgent32.exe, Msaa.GetFocusedElement: could not find accessible object of foreground window
W, 9576, 18, 2013/06/26, 21:24:45.820, 137212618487, QTAgent32.exe, &lt;a class=success&gt;Playback - {84} [SUCCESS] SendKeys "{DELETE}" - "[MSAA, VisibleOnly]ControlType='Edit'"
\0&lt;/a&gt;
W, 9576, 18, 2013/06/26, 21:24:46.308, 137214043746, QTAgent32.exe, &lt;a class=success&gt;Playback - {85} [SUCCESS] SetValueAsEditBox "add.@hotmail.com" - "[MSAA, VisibleOnly]ControlType='Edit'"  &lt; Set via SendKeys &gt;
\0&lt;/a&gt;
W, 9576, 18, 2013/06/26, 21:24:46.567, 137214801259, QTAgent32.exe, &lt;a class=success&gt;Playback - {86} [SUCCESS] MouseButtonClick - "[MSAA, VisibleOnly]ControlType='Button' &amp;&amp; Name='Add Contact'"
\0&lt;/a&gt;
E, 9576, 18, 2013/06/26, 21:24:46.667, 137215093897, QTAgent32.exe, GetClassName for handle 9439414 failed
W, 9576, 18, 2013/06/26, 21:24:46.816, 137215529153, QTAgent32.exe, &lt;a class=success&gt;Playback - {87} [SUCCESS] MouseButtonClick - "[MSAA, VisibleOnly]ControlType='Button' &amp;&amp; Name='OK'"
\0&lt;/a&gt;
W, 9576, 18, 2013/06/26, 21:24:47.138, 137216470743, QTAgent32.exe, &lt;a class=success&gt;Playback - {88} [SUCCESS] SendKeys "^{HOME}" - "[MSAA, VisibleOnly]ControlType='Edit'"
\0&lt;/a&gt;
E, 9576, 18, 2013/06/26, 21:24:47.138, 137216471222, QTAgent32.exe, Msaa.GetFocusedElement: could not find accessible object of foreground window
W, 9576, 18, 2013/06/26, 21:24:47.210, 137216681050, QTAgent32.exe, &lt;a class=success&gt;Playback - {89} [SUCCESS] SendKeys "^+{END}" - "[MSAA, VisibleOnly]ControlType='Edit'"
\0&lt;/a&gt;
E, 9576, 18, 2013/06/26, 21:24:47.210, 137216681511, QTAgent32.exe, Msaa.GetFocusedElement: could not find accessible object of foreground window
W, 9576, 18, 2013/06/26, 21:24:47.242, 137216775345, QTAgent32.exe, &lt;a class=success&gt;Playback - {90} [SUCCESS] SendKeys "{DELETE}" - "[MSAA, VisibleOnly]ControlType='Edit'"
\0&lt;/a&gt;
W, 9576, 18, 2013/06/26, 21:24:47.904, 137218711299, QTAgent32.exe, &lt;a class=success&gt;Playback - {91} [SUCCESS] SetValueAsEditBox "localpart@domain.com.com2" - "[MSAA, VisibleOnly]ControlType='Edit'"  &lt; Set via SendKeys &gt;
\0&lt;/a&gt;
W, 9576, 18, 2013/06/26, 21:24:48.175, 137219502056, QTAgent32.exe, &lt;a class=success&gt;Playback - {92} [SUCCESS] MouseButtonClick - "[MSAA, VisibleOnly]ControlType='Button' &amp;&amp; Name='Add Contact'"
\0&lt;/a&gt;
W, 9576, 18, 2013/06/26, 21:24:48.479, 137220390441, QTAgent32.exe, &lt;a class=success&gt;Playback - {93} [SUCCESS] SendKeys "^{HOME}" - "[MSAA, VisibleOnly]ControlType='Edit'"
\0&lt;/a&gt;
E, 9576, 18, 2013/06/26, 21:24:48.479, 137220390937, QTAgent32.exe, Msaa.GetFocusedElement: could not find accessible object of foreground window
W, 9576, 18, 2013/06/26, 21:24:48.552, 137220604160, QTAgent32.exe, &lt;a class=success&gt;Playback - {94} [SUCCESS] SendKeys "^+{END}" - "[MSAA, VisibleOnly]ControlType='Edit'"
\0&lt;/a&gt;
E, 9576, 18, 2013/06/26, 21:24:48.552, 137220604859, QTAgent32.exe, Msaa.GetFocusedElement: could not find accessible object of foreground window
W, 9576, 18, 2013/06/26, 21:24:48.593, 137220723905, QTAgent32.exe, &lt;a class=success&gt;Playback - {95} [SUCCESS] SendKeys "{DELETE}" - "[MSAA, VisibleOnly]ControlType='Edit'"
\0&lt;/a&gt;
W, 9576, 18, 2013/06/26, 21:24:49.359, 137222962181, QTAgent32.exe, &lt;a class=success&gt;Playback - {96} [SUCCESS] SetValueAsEditBox "loc\"..@[]&lt;&gt;=--0;\"@domain.com" - "[MSAA, VisibleOnly]ControlType='Edit'"  &lt; Set via SendKeys &gt;
\0&lt;/a&gt;
W, 9576, 18, 2013/06/26, 21:24:49.585, 137223623672, QTAgent32.exe, &lt;a class=success&gt;Playback - {97} [SUCCESS] MouseButtonClick - "[MSAA, VisibleOnly]ControlType='Button' &amp;&amp; Name='Add Contact'"
\0&lt;/a&gt;
E, 9576, 18, 2013/06/26, 21:24:49.685, 137223916544, QTAgent32.exe, GetClassName for handle 8325300 failed
W, 9576, 18, 2013/06/26, 21:24:49.831, 137224342906, QTAgent32.exe, &lt;a class=success&gt;Playback - {98} [SUCCESS] MouseButtonClick - "[MSAA, VisibleOnly]ControlType='Button' &amp;&amp; Name='OK'"
\0&lt;/a&gt;
W, 9576, 18, 2013/06/26, 21:24:50.163, 137225313236, QTAgent32.exe, &lt;a class=success&gt;Playback - {99} [SUCCESS] SendKeys "^{HOME}" - "[MSAA, VisibleOnly]ControlType='Edit'"
\0&lt;/a&gt;
E, 9576, 18, 2013/06/26, 21:24:50.163, 137225313691, QTAgent32.exe, Msaa.GetFocusedElement: could not find accessible object of foreground window
W, 9576, 18, 2013/06/26, 21:24:50.236, 137225526421, QTAgent32.exe, &lt;a class=success&gt;Playback - {100} [SUCCESS] SendKeys "^+{END}" - "[MSAA, VisibleOnly]ControlType='Edit'"
\0&lt;/a&gt;
E, 9576, 18, 2013/06/26, 21:24:50.236, 137225526928, QTAgent32.exe, Msaa.GetFocusedElement: could not find accessible object of foreground window
W, 9576, 18, 2013/06/26, 21:24:50.268, 137225620869, QTAgent32.exe, &lt;a class=success&gt;Playback - {101} [SUCCESS] SendKeys "{DELETE}" - "[MSAA, VisibleOnly]ControlType='Edit'"
\0&lt;/a&gt;
W, 9576, 18, 2013/06/26, 21:24:50.892, 137227444041, QTAgent32.exe, &lt;a class=success&gt;Playback - {102} [SUCCESS] SetValueAsEditBox "localpart@dom--ain-.com" - "[MSAA, VisibleOnly]ControlType='Edit'"  &lt; Set via SendKeys &gt;
\0&lt;/a&gt;
W, 9576, 18, 2013/06/26, 21:24:51.155, 137228212998, QTAgent32.exe, &lt;a class=success&gt;Playback - {103} [SUCCESS] MouseButtonClick - "[MSAA, VisibleOnly]ControlType='Button' &amp;&amp; Name='Add Contact'"
\0&lt;/a&gt;
W, 9576, 18, 2013/06/26, 21:24:51.456, 137229092658, QTAgent32.exe, &lt;a class=success&gt;Playback - {104} [SUCCESS] SendKeys "^{HOME}" - "[MSAA, VisibleOnly]ControlType='Edit'"
\0&lt;/a&gt;
E, 9576, 18, 2013/06/26, 21:24:51.456, 137229093072, QTAgent32.exe, Msaa.GetFocusedElement: could not find accessible object of foreground window
W, 9576, 18, 2013/06/26, 21:24:51.527, 137229300914, QTAgent32.exe, &lt;a class=success&gt;Playback - {105} [SUCCESS] SendKeys "^+{END}" - "[MSAA, VisibleOnly]ControlType='Edit'"
\0&lt;/a&gt;
E, 9576, 18, 2013/06/26, 21:24:51.527, 137229301702, QTAgent32.exe, Msaa.GetFocusedElement: could not find accessible object of foreground window
W, 9576, 18, 2013/06/26, 21:24:51.573, 137229435793, QTAgent32.exe, &lt;a class=success&gt;Playback - {106} [SUCCESS] SendKeys "{DELETE}" - "[MSAA, VisibleOnly]ControlType='Edit'"
\0&lt;/a&gt;
W, 9576, 18, 2013/06/26, 21:24:52.078, 137230910411, QTAgent32.exe, &lt;a class=success&gt;Playback - {107} [SUCCESS] SetValueAsEditBox "bas""empty@bas.nl" - "[MSAA, VisibleOnly]ControlType='Edit'"  &lt; Set via SendKeys &gt;
\0&lt;/a&gt;
W, 9576, 18, 2013/06/26, 21:24:52.307, 137231580955, QTAgent32.exe, &lt;a class=success&gt;Playback - {108} [SUCCESS] MouseButtonClick - "[MSAA, VisibleOnly]ControlType='Button' &amp;&amp; Name='Add Contact'"
\0&lt;/a&gt;
W, 9576, 18, 2013/06/26, 21:24:52.610, 137232463277, QTAgent32.exe, &lt;a class=success&gt;Playback - {109} [SUCCESS] SendKeys "^{HOME}" - "[MSAA, VisibleOnly]ControlType='Edit'"
\0&lt;/a&gt;
E, 9576, 18, 2013/06/26, 21:24:52.610, 137232463965, QTAgent32.exe, Msaa.GetFocusedElement: could not find accessible object of foreground window
W, 9576, 18, 2013/06/26, 21:24:52.697, 137232717753, QTAgent32.exe, &lt;a class=success&gt;Playback - {110} [SUCCESS] SendKeys "^+{END}" - "[MSAA, VisibleOnly]ControlType='Edit'"
\0&lt;/a&gt;
E, 9576, 18, 2013/06/26, 21:24:52.697, 137232718229, QTAgent32.exe, Msaa.GetFocusedElement: could not find accessible object of foreground window
W, 9576, 18, 2013/06/26, 21:24:52.728, 137232808809, QTAgent32.exe, &lt;a class=success&gt;Playback - {111} [SUCCESS] SendKeys "{DELETE}" - "[MSAA, VisibleOnly]ControlType='Edit'"
\0&lt;/a&gt;
W, 9576, 18, 2013/06/26, 21:24:53.375, 137234698809, QTAgent32.exe, &lt;a class=success&gt;Playback - {112} [SUCCESS] SetValueAsEditBox ""bladiebla"a@hotmail.com" - "[MSAA, VisibleOnly]ControlType='Edit'"  &lt; Set via SendKeys &gt;
\0&lt;/a&gt;
W, 9576, 18, 2013/06/26, 21:24:53.615, 137235401414, QTAgent32.exe, &lt;a class=success&gt;Playback - {113} [SUCCESS] MouseButtonClick - "[MSAA, VisibleOnly]ControlType='Button' &amp;&amp; Name='Add Contact'"
\0&lt;/a&gt;
W, 9576, 18, 2013/06/26, 21:24:53.927, 137236314449, QTAgent32.exe, &lt;a class=success&gt;Playback - {114} [SUCCESS] SendKeys "^{HOME}" - "[MSAA, VisibleOnly]ControlType='Edit'"
\0&lt;/a&gt;
E, 9576, 18, 2013/06/26, 21:24:53.927, 137236315197, QTAgent32.exe, Msaa.GetFocusedElement: could not find accessible object of foreground window
W, 9576, 18, 2013/06/26, 21:24:54.013, 137236564618, QTAgent32.exe, &lt;a class=success&gt;Playback - {115} [SUCCESS] SendKeys "^+{END}" - "[MSAA, VisibleOnly]ControlType='Edit'"
\0&lt;/a&gt;
E, 9576, 18, 2013/06/26, 21:24:54.013, 137236565076, QTAgent32.exe, Msaa.GetFocusedElement: could not find accessible object of foreground window
W, 9576, 18, 2013/06/26, 21:24:54.060, 137236703110, QTAgent32.exe, &lt;a class=success&gt;Playback - {116} [SUCCESS] SendKeys "{DELETE}" - "[MSAA, VisibleOnly]ControlType='Edit'"
\0&lt;/a&gt;
W, 9576, 18, 2013/06/26, 21:24:54.706, 137238591838, QTAgent32.exe, &lt;a class=success&gt;Playback - {117} [SUCCESS] SetValueAsEditBox ""bladiebla"a@hotmail.com" - "[MSAA, VisibleOnly]ControlType='Edit'"  &lt; Set via SendKeys &gt;
\0&lt;/a&gt;
W, 9576, 18, 2013/06/26, 21:24:54.973, 137239370950, QTAgent32.exe, &lt;a class=success&gt;Playback - {118} [SUCCESS] MouseButtonClick - "[MSAA, VisibleOnly]ControlType='Button' &amp;&amp; Name='Add Contact'"
\0&lt;/a&gt;
W, 9576, 18, 2013/06/26, 21:24:57.195, 137245867703, QTAgent32.exe, IEDOM : StopSession of the plugin called before StartSession
W, 9576, 18, 2013/06/26, 21:24:57.195, 137245868133, QTAgent32.exe, UIA : StopSession of the plugin called before StartSession
</DebugTrace>
      </Output>
    </UnitTestResult>
    <UnitTestResult executionId="f8b70a9c-eab6-458d-9bb4-7bbc698ee7f9" testId="ff1d36de-df47-0a9f-9f67-ff714225cbd5" testName="TestName" computerName="BAS-PC" duration="00:00:19.3371267" startTime="2013-06-26T21:24:57.1982774+02:00" endTime="2013-06-26T21:25:16.5393837+02:00" testType="13cdc9d9-ddb5-4fa4-a97d-d965ccfc6d4b" outcome="Passed" testListId="8c84fa94-04c1-424b-9868-57a2d4851a1d" relativeResultsDirectory="f8b70a9c-eab6-458d-9bb4-7bbc698ee7f9">
      <Output>
        <DebugTrace>W, 9576, 30, 2013/06/26, 21:24:57.979, 137248159933, QTAgent32.exe, &lt;a class=success&gt;Playback - {1} [SUCCESS] MouseButtonClick - "[MSAA, VisibleOnly]ControlType='Button' &amp;&amp; Name='View'"
\0&lt;/a&gt;
W, 9576, 30, 2013/06/26, 21:24:58.347, 137249233582, QTAgent32.exe, &lt;a class=success&gt;Playback - {2} [SUCCESS] MouseButtonClick - "[MSAA, VisibleOnly]ControlType='Button' &amp;&amp; Name='Add Contact'"
\0&lt;/a&gt;
W, 9576, 30, 2013/06/26, 21:24:58.589, 137249941237, QTAgent32.exe, &lt;a class=success&gt;Playback - {3} [SUCCESS] MouseButtonClick - "[MSAA, VisibleOnly]ControlType='Button' &amp;&amp; Name='OK'"
\0&lt;/a&gt;
W, 9576, 30, 2013/06/26, 21:24:59.140, 137251551978, QTAgent32.exe, &lt;a class=success&gt;Playback - {4} [SUCCESS] SetValueAsEditBox "Bas" - "[MSAA, VisibleOnly]ControlType='Edit'"  &lt; Set via SendKeys &gt;
\0&lt;/a&gt;
W, 9576, 30, 2013/06/26, 21:24:59.407, 137252333980, QTAgent32.exe, &lt;a class=success&gt;Playback - {5} [SUCCESS] MouseButtonClick - "[MSAA, VisibleOnly]ControlType='Button' &amp;&amp; Name='Add Contact'"
\0&lt;/a&gt;
W, 9576, 30, 2013/06/26, 21:24:59.649, 137253039950, QTAgent32.exe, &lt;a class=success&gt;Playback - {6} [SUCCESS] MouseButtonClick - "[MSAA, VisibleOnly]ControlType='Button' &amp;&amp; Name='OK'"
\0&lt;/a&gt;
W, 9576, 30, 2013/06/26, 21:25:00.340, 137255058938, QTAgent32.exe, &lt;a class=success&gt;Playback - {7} [SUCCESS] SetValueAsEditBox "Bas@bas.nl" - "[MSAA, VisibleOnly]ControlType='Edit'"  &lt; Set via SendKeys &gt;
\0&lt;/a&gt;
W, 9576, 30, 2013/06/26, 21:25:00.581, 137255764459, QTAgent32.exe, &lt;a class=success&gt;Playback - {8} [SUCCESS] MouseButtonClick - "[MSAA, VisibleOnly]ControlType='Button' &amp;&amp; Name='Add Contact'"
\0&lt;/a&gt;
W, 9576, 30, 2013/06/26, 21:25:00.909, 137256722969, QTAgent32.exe, &lt;a class=success&gt;Playback - {9} [SUCCESS] SendKeys "^{HOME}" - "[MSAA, VisibleOnly]ControlType='Edit'"
\0&lt;/a&gt;
E, 9576, 30, 2013/06/26, 21:25:00.909, 137256723401, QTAgent32.exe, Msaa.GetFocusedElement: could not find accessible object of foreground window
W, 9576, 30, 2013/06/26, 21:25:00.982, 137256936676, QTAgent32.exe, &lt;a class=success&gt;Playback - {10} [SUCCESS] SendKeys "^+{END}" - "[MSAA, VisibleOnly]ControlType='Edit'"
\0&lt;/a&gt;
E, 9576, 30, 2013/06/26, 21:25:00.982, 137256937149, QTAgent32.exe, Msaa.GetFocusedElement: could not find accessible object of foreground window
W, 9576, 30, 2013/06/26, 21:25:01.013, 137257027814, QTAgent32.exe, &lt;a class=success&gt;Playback - {11} [SUCCESS] SendKeys "{DELETE}" - "[MSAA, VisibleOnly]ControlType='Edit'"
\0&lt;/a&gt;
W, 9576, 30, 2013/06/26, 21:25:01.718, 137259087401, QTAgent32.exe, &lt;a class=success&gt;Playback - {12} [SUCCESS] SetValueAsEditBox "bladiebladiebla@hotmail.com" - "[MSAA, VisibleOnly]ControlType='Edit'"  &lt; Set via SendKeys &gt;
\0&lt;/a&gt;
W, 9576, 30, 2013/06/26, 21:25:01.957, 137259786653, QTAgent32.exe, &lt;a class=success&gt;Playback - {13} [SUCCESS] MouseButtonClick - "[MSAA, VisibleOnly]ControlType='Button' &amp;&amp; Name='Add Contact'"
\0&lt;/a&gt;
W, 9576, 30, 2013/06/26, 21:25:02.316, 137260835963, QTAgent32.exe, &lt;a class=success&gt;Playback - {14} [SUCCESS] SendKeys "^{HOME}" - "[MSAA, VisibleOnly]ControlType='Edit'"
\0&lt;/a&gt;
E, 9576, 30, 2013/06/26, 21:25:02.316, 137260836379, QTAgent32.exe, Msaa.GetFocusedElement: could not find accessible object of foreground window
W, 9576, 30, 2013/06/26, 21:25:02.386, 137261040984, QTAgent32.exe, &lt;a class=success&gt;Playback - {15} [SUCCESS] SendKeys "^+{END}" - "[MSAA, VisibleOnly]ControlType='Edit'"
\0&lt;/a&gt;
E, 9576, 30, 2013/06/26, 21:25:02.386, 137261041711, QTAgent32.exe, Msaa.GetFocusedElement: could not find accessible object of foreground window
W, 9576, 30, 2013/06/26, 21:25:02.435, 137261185289, QTAgent32.exe, &lt;a class=success&gt;Playback - {16} [SUCCESS] SendKeys "{DELETE}" - "[MSAA, VisibleOnly]ControlType='Edit'"
\0&lt;/a&gt;
W, 9576, 30, 2013/06/26, 21:25:02.699, 137261957629, QTAgent32.exe, &lt;a class=success&gt;Playback - {17} [SUCCESS] SetValueAsEditBox "123" - "[MSAA, VisibleOnly]ControlType='Edit'"  &lt; Set via SendKeys &gt;
\0&lt;/a&gt;
W, 9576, 30, 2013/06/26, 21:25:02.947, 137262680771, QTAgent32.exe, &lt;a class=success&gt;Playback - {18} [SUCCESS] MouseButtonClick - "[MSAA, VisibleOnly]ControlType='Button' &amp;&amp; Name='Add Contact'"
\0&lt;/a&gt;
E, 9576, 30, 2013/06/26, 21:25:03.047, 137262972929, QTAgent32.exe, GetClassName for handle 592454 failed
W, 9576, 30, 2013/06/26, 21:25:03.178, 137263355954, QTAgent32.exe, &lt;a class=success&gt;Playback - {19} [SUCCESS] MouseButtonClick - "[MSAA, VisibleOnly]ControlType='Button' &amp;&amp; Name='OK'"
\0&lt;/a&gt;
W, 9576, 30, 2013/06/26, 21:25:03.523, 137264364529, QTAgent32.exe, &lt;a class=success&gt;Playback - {20} [SUCCESS] SendKeys "^{HOME}" - "[MSAA, VisibleOnly]ControlType='Edit'"
\0&lt;/a&gt;
E, 9576, 30, 2013/06/26, 21:25:03.523, 137264364962, QTAgent32.exe, Msaa.GetFocusedElement: could not find accessible object of foreground window
W, 9576, 30, 2013/06/26, 21:25:03.595, 137264575154, QTAgent32.exe, &lt;a class=success&gt;Playback - {21} [SUCCESS] SendKeys "^+{END}" - "[MSAA, VisibleOnly]ControlType='Edit'"
\0&lt;/a&gt;
E, 9576, 30, 2013/06/26, 21:25:03.595, 137264575906, QTAgent32.exe, Msaa.GetFocusedElement: could not find accessible object of foreground window
W, 9576, 30, 2013/06/26, 21:25:03.641, 137264710113, QTAgent32.exe, &lt;a class=success&gt;Playback - {22} [SUCCESS] SendKeys "{DELETE}" - "[MSAA, VisibleOnly]ControlType='Edit'"
\0&lt;/a&gt;
W, 9576, 30, 2013/06/26, 21:25:03.856, 137265339394, QTAgent32.exe, &lt;a class=success&gt;Playback - {23} [SUCCESS] SetValueAsEditBox ".." - "[MSAA, VisibleOnly]ControlType='Edit'"  &lt; Set via SendKeys &gt;
\0&lt;/a&gt;
W, 9576, 30, 2013/06/26, 21:25:04.119, 137266106763, QTAgent32.exe, &lt;a class=success&gt;Playback - {24} [SUCCESS] MouseButtonClick - "[MSAA, VisibleOnly]ControlType='Button' &amp;&amp; Name='Add Contact'"
\0&lt;/a&gt;
E, 9576, 30, 2013/06/26, 21:25:04.219, 137266399104, QTAgent32.exe, GetClassName for handle 395736 failed
W, 9576, 30, 2013/06/26, 21:25:04.361, 137266814097, QTAgent32.exe, &lt;a class=success&gt;Playback - {25} [SUCCESS] MouseButtonClick - "[MSAA, VisibleOnly]ControlType='Button' &amp;&amp; Name='OK'"
\0&lt;/a&gt;
W, 9576, 30, 2013/06/26, 21:25:04.682, 137267752680, QTAgent32.exe, &lt;a class=success&gt;Playback - {26} [SUCCESS] SendKeys "^{HOME}" - "[MSAA, VisibleOnly]ControlType='Edit'"
\0&lt;/a&gt;
E, 9576, 30, 2013/06/26, 21:25:04.682, 137267753169, QTAgent32.exe, Msaa.GetFocusedElement: could not find accessible object of foreground window
W, 9576, 30, 2013/06/26, 21:25:04.758, 137267974900, QTAgent32.exe, &lt;a class=success&gt;Playback - {27} [SUCCESS] SendKeys "^+{END}" - "[MSAA, VisibleOnly]ControlType='Edit'"
\0&lt;/a&gt;
E, 9576, 30, 2013/06/26, 21:25:04.758, 137267975655, QTAgent32.exe, Msaa.GetFocusedElement: could not find accessible object of foreground window
W, 9576, 30, 2013/06/26, 21:25:04.809, 137268125102, QTAgent32.exe, &lt;a class=success&gt;Playback - {28} [SUCCESS] SendKeys "{DELETE}" - "[MSAA, VisibleOnly]ControlType='Edit'"
\0&lt;/a&gt;
W, 9576, 30, 2013/06/26, 21:25:05.016, 137268729391, QTAgent32.exe, &lt;a class=success&gt;Playback - {29} [SUCCESS] SetValueAsEditBox "." - "[MSAA, VisibleOnly]ControlType='Edit'"  &lt; Set via SendKeys &gt;
\0&lt;/a&gt;
W, 9576, 30, 2013/06/26, 21:25:05.265, 137269456898, QTAgent32.exe, &lt;a class=success&gt;Playback - {30} [SUCCESS] MouseButtonClick - "[MSAA, VisibleOnly]ControlType='Button' &amp;&amp; Name='Add Contact'"
\0&lt;/a&gt;
W, 9576, 30, 2013/06/26, 21:25:05.595, 137270421146, QTAgent32.exe, &lt;a class=success&gt;Playback - {31} [SUCCESS] SendKeys "^{HOME}" - "[MSAA, VisibleOnly]ControlType='Edit'"
\0&lt;/a&gt;
E, 9576, 30, 2013/06/26, 21:25:05.595, 137270421588, QTAgent32.exe, Msaa.GetFocusedElement: could not find accessible object of foreground window
W, 9576, 30, 2013/06/26, 21:25:05.682, 137270675694, QTAgent32.exe, &lt;a class=success&gt;Playback - {32} [SUCCESS] SendKeys "^+{END}" - "[MSAA, VisibleOnly]ControlType='Edit'"
\0&lt;/a&gt;
E, 9576, 30, 2013/06/26, 21:25:05.682, 137270676153, QTAgent32.exe, Msaa.GetFocusedElement: could not find accessible object of foreground window
W, 9576, 30, 2013/06/26, 21:25:05.729, 137270813676, QTAgent32.exe, &lt;a class=success&gt;Playback - {33} [SUCCESS] SendKeys "{DELETE}" - "[MSAA, VisibleOnly]ControlType='Edit'"
\0&lt;/a&gt;
W, 9576, 30, 2013/06/26, 21:25:05.956, 137271478054, QTAgent32.exe, &lt;a class=success&gt;Playback - {34} [SUCCESS] SetValueAsEditBox "bas" - "[MSAA, VisibleOnly]ControlType='Edit'"  &lt; Set via SendKeys &gt;
\0&lt;/a&gt;
W, 9576, 30, 2013/06/26, 21:25:06.263, 137272374286, QTAgent32.exe, &lt;a class=success&gt;Playback - {35} [SUCCESS] SendKeys "{Tab}" - "[MSAA, VisibleOnly]ControlType='Edit'"
\0&lt;/a&gt;
W, 9576, 30, 2013/06/26, 21:25:06.574, 137273283384, QTAgent32.exe, &lt;a class=success&gt;Playback - {36} [SUCCESS] SendKeys "^{HOME}" - "[MSAA, VisibleOnly]ControlType='Edit'"
\0&lt;/a&gt;
E, 9576, 30, 2013/06/26, 21:25:06.574, 137273283867, QTAgent32.exe, Msaa.GetFocusedElement: could not find accessible object of foreground window
W, 9576, 30, 2013/06/26, 21:25:06.645, 137273490743, QTAgent32.exe, &lt;a class=success&gt;Playback - {37} [SUCCESS] SendKeys "^+{END}" - "[MSAA, VisibleOnly]ControlType='Edit'"
\0&lt;/a&gt;
E, 9576, 30, 2013/06/26, 21:25:06.645, 137273491192, QTAgent32.exe, Msaa.GetFocusedElement: could not find accessible object of foreground window
W, 9576, 30, 2013/06/26, 21:25:06.695, 137273637601, QTAgent32.exe, &lt;a class=success&gt;Playback - {38} [SUCCESS] SendKeys "{DELETE}" - "[MSAA, VisibleOnly]ControlType='Edit'"
\0&lt;/a&gt;
W, 9576, 30, 2013/06/26, 21:25:07.179, 137275053621, QTAgent32.exe, &lt;a class=success&gt;Playback - {39} [SUCCESS] SetValueAsEditBox "bas@hotmail.com" - "[MSAA, VisibleOnly]ControlType='Edit'"  &lt; Set via SendKeys &gt;
\0&lt;/a&gt;
W, 9576, 30, 2013/06/26, 21:25:07.439, 137275811872, QTAgent32.exe, &lt;a class=success&gt;Playback - {40} [SUCCESS] MouseButtonClick - "[MSAA, VisibleOnly]ControlType='Button' &amp;&amp; Name='Add Contact'"
\0&lt;/a&gt;
W, 9576, 30, 2013/06/26, 21:25:07.754, 137276732401, QTAgent32.exe, &lt;a class=success&gt;Playback - {41} [SUCCESS] SendKeys "^{HOME}" - "[MSAA, VisibleOnly]ControlType='Edit'"
\0&lt;/a&gt;
E, 9576, 30, 2013/06/26, 21:25:07.754, 137276732832, QTAgent32.exe, Msaa.GetFocusedElement: could not find accessible object of foreground window
W, 9576, 30, 2013/06/26, 21:25:07.842, 137276991276, QTAgent32.exe, &lt;a class=success&gt;Playback - {42} [SUCCESS] SendKeys "^+{END}" - "[MSAA, VisibleOnly]ControlType='Edit'"
\0&lt;/a&gt;
E, 9576, 30, 2013/06/26, 21:25:07.843, 137276992034, QTAgent32.exe, Msaa.GetFocusedElement: could not find accessible object of foreground window
W, 9576, 30, 2013/06/26, 21:25:07.894, 137277142947, QTAgent32.exe, &lt;a class=success&gt;Playback - {43} [SUCCESS] SendKeys "{DELETE}" - "[MSAA, VisibleOnly]ControlType='Edit'"
\0&lt;/a&gt;
W, 9576, 30, 2013/06/26, 21:25:08.416, 137278667996, QTAgent32.exe, &lt;a class=success&gt;Playback - {44} [SUCCESS] SetValueAsEditBox "bas2@hotmail.com" - "[MSAA, VisibleOnly]ControlType='Edit'"  &lt; Set via SendKeys &gt;
\0&lt;/a&gt;
W, 9576, 30, 2013/06/26, 21:25:08.650, 137279351768, QTAgent32.exe, &lt;a class=success&gt;Playback - {45} [SUCCESS] MouseButtonClick - "[MSAA, VisibleOnly]ControlType='Button' &amp;&amp; Name='Add Contact'"
\0&lt;/a&gt;
W, 9576, 30, 2013/06/26, 21:25:08.960, 137280258215, QTAgent32.exe, &lt;a class=success&gt;Playback - {46} [SUCCESS] SendKeys "^{HOME}" - "[MSAA, VisibleOnly]ControlType='Edit'"
\0&lt;/a&gt;
E, 9576, 30, 2013/06/26, 21:25:08.960, 137280258957, QTAgent32.exe, Msaa.GetFocusedElement: could not find accessible object of foreground window
W, 9576, 30, 2013/06/26, 21:25:09.045, 137280506935, QTAgent32.exe, &lt;a class=success&gt;Playback - {47} [SUCCESS] SendKeys "^+{END}" - "[MSAA, VisibleOnly]ControlType='Edit'"
\0&lt;/a&gt;
E, 9576, 30, 2013/06/26, 21:25:09.045, 137280507402, QTAgent32.exe, Msaa.GetFocusedElement: could not find accessible object of foreground window
W, 9576, 30, 2013/06/26, 21:25:09.091, 137280641891, QTAgent32.exe, &lt;a class=success&gt;Playback - {48} [SUCCESS] SendKeys "{DELETE}" - "[MSAA, VisibleOnly]ControlType='Edit'"
\0&lt;/a&gt;
W, 9576, 30, 2013/06/26, 21:25:09.582, 137282075576, QTAgent32.exe, &lt;a class=success&gt;Playback - {49} [SUCCESS] SetValueAsEditBox "bas3@hotmail.com" - "[MSAA, VisibleOnly]ControlType='Edit'"  &lt; Set via SendKeys &gt;
\0&lt;/a&gt;
W, 9576, 30, 2013/06/26, 21:25:09.842, 137282833505, QTAgent32.exe, &lt;a class=success&gt;Playback - {50} [SUCCESS] MouseButtonClick - "[MSAA, VisibleOnly]ControlType='Button' &amp;&amp; Name='Add Contact'"
\0&lt;/a&gt;
W, 9576, 30, 2013/06/26, 21:25:10.146, 137283721974, QTAgent32.exe, &lt;a class=success&gt;Playback - {51} [SUCCESS] SendKeys "^{HOME}" - "[MSAA, VisibleOnly]ControlType='Edit'"
\0&lt;/a&gt;
E, 9576, 30, 2013/06/26, 21:25:10.146, 137283722414, QTAgent32.exe, Msaa.GetFocusedElement: could not find accessible object of foreground window
W, 9576, 30, 2013/06/26, 21:25:10.217, 137283930068, QTAgent32.exe, &lt;a class=success&gt;Playback - {52} [SUCCESS] SendKeys "^+{END}" - "[MSAA, VisibleOnly]ControlType='Edit'"
\0&lt;/a&gt;
E, 9576, 30, 2013/06/26, 21:25:10.217, 137283930840, QTAgent32.exe, Msaa.GetFocusedElement: could not find accessible object of foreground window
W, 9576, 30, 2013/06/26, 21:25:10.264, 137284067524, QTAgent32.exe, &lt;a class=success&gt;Playback - {53} [SUCCESS] SendKeys "{DELETE}" - "[MSAA, VisibleOnly]ControlType='Edit'"
\0&lt;/a&gt;
W, 9576, 30, 2013/06/26, 21:25:10.747, 137285477919, QTAgent32.exe, &lt;a class=success&gt;Playback - {54} [SUCCESS] SetValueAsEditBox "bas4@hotmail.com" - "[MSAA, VisibleOnly]ControlType='Edit'"  &lt; Set via SendKeys &gt;
\0&lt;/a&gt;
W, 9576, 30, 2013/06/26, 21:25:10.995, 137286203702, QTAgent32.exe, &lt;a class=success&gt;Playback - {55} [SUCCESS] MouseButtonClick - "[MSAA, VisibleOnly]ControlType='Button' &amp;&amp; Name='Add Contact'"
\0&lt;/a&gt;
W, 9576, 30, 2013/06/26, 21:25:13.265, 137292839302, QTAgent32.exe, &lt;a class=success&gt;Playback - {56} [SUCCESS] MouseButtonClick - "[MSAA, VisibleOnly,Window]ControlType='Window' &amp;&amp; ClassName=&gt;'WindowsForms10.EDIT' &amp;&amp; Instance='2'"
\0&lt;/a&gt;
W, 9576, 30, 2013/06/26, 21:25:13.580, 137293759402, QTAgent32.exe, &lt;a class=success&gt;Playback - {57} [SUCCESS] SendKeys "^{HOME}" - "[MSAA, VisibleOnly]ControlType='Edit'"
\0&lt;/a&gt;
E, 9576, 30, 2013/06/26, 21:25:13.580, 137293760164, QTAgent32.exe, Msaa.GetFocusedElement: could not find accessible object of foreground window
W, 9576, 30, 2013/06/26, 21:25:13.670, 137294023663, QTAgent32.exe, &lt;a class=success&gt;Playback - {58} [SUCCESS] SendKeys "^+{END}" - "[MSAA, VisibleOnly]ControlType='Edit'"
\0&lt;/a&gt;
E, 9576, 30, 2013/06/26, 21:25:13.670, 137294024394, QTAgent32.exe, Msaa.GetFocusedElement: could not find accessible object of foreground window
W, 9576, 30, 2013/06/26, 21:25:13.715, 137294155457, QTAgent32.exe, &lt;a class=success&gt;Playback - {59} [SUCCESS] SendKeys "{DELETE}" - "[MSAA, VisibleOnly]ControlType='Edit'"
\0&lt;/a&gt;
W, 9576, 30, 2013/06/26, 21:25:13.940, 137294812311, QTAgent32.exe, &lt;a class=success&gt;Playback - {60} [SUCCESS] SetValueAsEditBox "bas" - "[MSAA, VisibleOnly]ControlType='Edit'"  &lt; Set via SendKeys &gt;
\0&lt;/a&gt;
W, 9576, 30, 2013/06/26, 21:25:14.243, 137295699571, QTAgent32.exe, &lt;a class=success&gt;Playback - {61} [SUCCESS] SendKeys "{Tab}" - "[MSAA, VisibleOnly]ControlType='Edit'"
\0&lt;/a&gt;
W, 9576, 30, 2013/06/26, 21:25:14.559, 137296622113, QTAgent32.exe, &lt;a class=success&gt;Playback - {62} [SUCCESS] SendKeys "^{HOME}" - "[MSAA, VisibleOnly]ControlType='Edit'"
\0&lt;/a&gt;
E, 9576, 30, 2013/06/26, 21:25:14.559, 137296622574, QTAgent32.exe, Msaa.GetFocusedElement: could not find accessible object of foreground window
W, 9576, 30, 2013/06/26, 21:25:14.632, 137296835724, QTAgent32.exe, &lt;a class=success&gt;Playback - {63} [SUCCESS] SendKeys "^+{END}" - "[MSAA, VisibleOnly]ControlType='Edit'"
\0&lt;/a&gt;
E, 9576, 30, 2013/06/26, 21:25:14.632, 137296836402, QTAgent32.exe, Msaa.GetFocusedElement: could not find accessible object of foreground window
W, 9576, 30, 2013/06/26, 21:25:14.677, 137296967560, QTAgent32.exe, &lt;a class=success&gt;Playback - {64} [SUCCESS] SendKeys "{DELETE}" - "[MSAA, VisibleOnly]ControlType='Edit'"
\0&lt;/a&gt;
W, 9576, 30, 2013/06/26, 21:25:15.189, 137298462843, QTAgent32.exe, &lt;a class=success&gt;Playback - {65} [SUCCESS] SetValueAsEditBox "bas@bladiebla.com" - "[MSAA, VisibleOnly]ControlType='Edit'"  &lt; Set via SendKeys &gt;
\0&lt;/a&gt;
W, 9576, 30, 2013/06/26, 21:25:15.450, 137299226648, QTAgent32.exe, &lt;a class=success&gt;Playback - {66} [SUCCESS] MouseButtonClick - "[MSAA, VisibleOnly]ControlType='Button' &amp;&amp; Name='Add Contact'"
\0&lt;/a&gt;
W, 9576, 30, 2013/06/26, 21:25:16.066, 137301026558, QTAgent32.exe, &lt;a class=success&gt;Playback - {67} [SUCCESS] MouseButtonClick - "[MSAA, VisibleOnly]ControlType='Button' &amp;&amp; Name='Add Contact'"
\0&lt;/a&gt;
E, 9576, 30, 2013/06/26, 21:25:16.166, 137301319819, QTAgent32.exe, GetClassName for handle 461270 failed
W, 9576, 30, 2013/06/26, 21:25:16.307, 137301732572, QTAgent32.exe, &lt;a class=success&gt;Playback - {68} [SUCCESS] MouseButtonClick - "[MSAA, VisibleOnly]ControlType='Button' &amp;&amp; Name='OK'"
\0&lt;/a&gt;
W, 9576, 30, 2013/06/26, 21:25:16.538, 137302406806, QTAgent32.exe, IEDOM : StopSession of the plugin called before StartSession
W, 9576, 30, 2013/06/26, 21:25:16.538, 137302407070, QTAgent32.exe, UIA : StopSession of the plugin called before StartSession
</DebugTrace>
      </Output>
    </UnitTestResult>
  </Results>
</TestRun>