<?xml version="1.0" encoding="UTF-8"?>
<TestRun id="05d0b805-c749-4dfa-b55e-283472cc3d16" name="Bas@BAS-PC 2013-06-26 21:20:14" runUser="Bas-PC\Bas" xmlns="http://microsoft.com/schemas/VisualStudio/TeamTest/2010">
  <TestSettings name="Local" id="2aa66af6-b3b9-40d6-82a8-b5cc062499d2">
    <Description>These are default test settings for a local test run.</Description>
    <Deployment runDeploymentRoot="Bas_BAS-PC 2013-06-26 21_20_14">
      <DeploymentItem filename="C:\Users\Bas\Desktop\Softwaretesting\edu.3725154.SoftwareTesting\Adresboek\Adresboek\bin\Debug\Adresboek.exe" />
    </Deployment>
    <Execution>
      <TestTypeSpecific>
        <UnitTestRunConfig testTypeId="13cdc9d9-ddb5-4fa4-a97d-d965ccfc6d4b">
          <AssemblyResolution>
            <TestDirectory useLoadContext="true" />
          </AssemblyResolution>
        </UnitTestRunConfig>
        <WebTestRunConfiguration testTypeId="4e7599fa-5ecb-43e9-a887-cd63cf72d207">
          <Browser name="Internet Explorer 7.0">
            <Headers>
              <Header name="User-Agent" value="Mozilla/4.0 (compatible; MSIE 7.0; Windows NT 5.1)" />
              <Header name="Accept" value="*/*" />
              <Header name="Accept-Language" value="{{$IEAcceptLanguage}}" />
              <Header name="Accept-Encoding" value="GZIP" />
            </Headers>
          </Browser>
        </WebTestRunConfiguration>
      </TestTypeSpecific>
      <AgentRule name="LocalMachineDefaultRole">
        <DataCollectors>
          <DataCollector uri="datacollector://microsoft/CodeCoverage/1.0" assemblyQualifiedName="Microsoft.VisualStudio.TestTools.CodeCoverage.CoveragePlugIn, Microsoft.VisualStudio.QualityTools.Plugins.CodeCoverage, Version=10.0.0.0, Culture=neutral, PublicKeyToken=b03f5f7f11d50a3a" friendlyName="Code Coverage">
            <Configuration>
              <CodeCoverage xmlns="">
                <Regular>
                  <CodeCoverageItem binaryFile="C:\Users\Bas\Desktop\Softwaretesting\edu.3725154.SoftwareTesting\Adresboek\Adresboek\bin\Debug\Adresboek.exe" pdbFile="C:\Users\Bas\Desktop\Softwaretesting\edu.3725154.SoftwareTesting\Adresboek\Adresboek\bin\Debug\Adresboek.instr.pdb" instrumentInPlace="true" />
                </Regular>
              </CodeCoverage>
            </Configuration>
          </DataCollector>
        </DataCollectors>
      </AgentRule>
    </Execution>
  </TestSettings>
  <Times creation="2013-06-26T21:20:14.2120915+02:00" queuing="2013-06-26T21:20:14.8991308+02:00" start="2013-06-26T21:20:14.9371330+02:00" finish="2013-06-26T21:20:45.0048528+02:00" />
  <ResultSummary outcome="Failed">
    <Counters total="1" executed="1" error="0" failed="1" timeout="0" aborted="0" inconclusive="0" passedButRunAborted="0" notRunnable="0" notExecuted="0" disconnected="0" warning="0" passed="0" completed="0" inProgress="0" pending="0" />
    <ResultFiles>
      <ResultFile path="BAS-PC\data.coverage" />
    </ResultFiles>
  </ResultSummary>
  <TestDefinitions>
    <UnitTest name="TestEmail" storage="c:\users\bas\desktop\softwaretesting\edu.3725154.softwaretesting\adresboek\adresboektest\bin\debug\adresboektest.dll" id="ecf14cdf-a816-c9c9-b486-338ae3a984be">
      <Execution id="fe08fc36-fcd9-453c-b021-dedf732cd32c" />
      <TestMethod codeBase="C:/Users/Bas/Desktop/Softwaretesting/edu.3725154.SoftwareTesting/Adresboek/AdresboekTest/bin/Debug/AdresboekTest.DLL" adapterTypeName="Microsoft.VisualStudio.TestTools.TestTypes.Unit.UnitTestAdapter, Microsoft.VisualStudio.QualityTools.Tips.UnitTest.Adapter, Version=10.0.0.0, Culture=neutral, PublicKeyToken=b03f5f7f11d50a3a" className="AdresboekTest.RecordAndReplay, AdresboekTest, Version=1.0.0.0, Culture=neutral, PublicKeyToken=null" name="TestEmail" />
      <Extension>Microsoft.VisualStudio.TestTools.UITesting.CodedUITestAttribute, Microsoft.VisualStudio.QualityTools.CodedUITestFramework, Version=10.0.0.0, Culture=neutral, PublicKeyToken=b03f5f7f11d50a3a</Extension>
    </UnitTest>
  </TestDefinitions>
  <TestLists>
    <TestList name="Results Not in a List" id="8c84fa94-04c1-424b-9868-57a2d4851a1d" />
    <TestList name="All Loaded Results" id="19431567-8539-422a-85d7-44ee4e166bda" />
  </TestLists>
  <TestEntries>
    <TestEntry testId="ecf14cdf-a816-c9c9-b486-338ae3a984be" executionId="fe08fc36-fcd9-453c-b021-dedf732cd32c" testListId="8c84fa94-04c1-424b-9868-57a2d4851a1d" />
  </TestEntries>
  <Results>
    <UnitTestResult executionId="fe08fc36-fcd9-453c-b021-dedf732cd32c" testId="ecf14cdf-a816-c9c9-b486-338ae3a984be" testName="TestEmail" computerName="BAS-PC" duration="00:00:27.0395201" startTime="2013-06-26T21:20:15.5651689+02:00" endTime="2013-06-26T21:20:42.9537355+02:00" testType="13cdc9d9-ddb5-4fa4-a97d-d965ccfc6d4b" outcome="Failed" testListId="8c84fa94-04c1-424b-9868-57a2d4851a1d" relativeResultsDirectory="fe08fc36-fcd9-453c-b021-dedf732cd32c">
      <Output>
        <DebugTrace>W, 4588, 15, 2013/06/26, 21:20:17.307, 136427742243, QTAgent32.exe, &lt;a class=success&gt;Playback - {1} [SUCCESS] MouseButtonClick - "[MSAA, VisibleOnly]ControlType='Button' &amp;&amp; Name='View'"
\0&lt;/a&gt;
W, 4588, 15, 2013/06/26, 21:20:17.480, 136428246798, QTAgent32.exe, Value in en-US resource 'Maximaliseren' does not match the defaultvalue 'Maximize'
W, 4588, 15, 2013/06/26, 21:20:17.480, 136428247725, QTAgent32.exe, Value in en-US resource 'Vorig formaat' does not match the defaultvalue 'Restore'
W, 4588, 15, 2013/06/26, 21:20:17.491, 136428277493, QTAgent32.exe, Value in en-US resource 'Vorige' does not match the defaultvalue 'Back'
W, 4588, 15, 2013/06/26, 21:20:17.491, 136428277955, QTAgent32.exe, Value in en-US resource 'Volgende' does not match the defaultvalue 'Forward'
W, 4588, 15, 2013/06/26, 21:20:17.491, 136428278561, QTAgent32.exe, Value in en-US resource 'Vernieuwen (F5)' does not match the defaultvalue 'Refresh (F5)'
W, 4588, 15, 2013/06/26, 21:20:17.491, 136428278921, QTAgent32.exe, Value in en-US resource 'Stoppen (Esc)' does not match the defaultvalue 'Stop (Esc)'
W, 4588, 15, 2013/06/26, 21:20:17.491, 136428279619, QTAgent32.exe, Value in en-US resource 'Adresbalk met automatisch aanvullen weergeven' does not match the defaultvalue 'Show Address Bar Autocomplete'
W, 4588, 15, 2013/06/26, 21:20:17.491, 136428280204, QTAgent32.exe, Value in en-US resource 'Adres en zoeken met %s' does not match the defaultvalue 'Address'
W, 4588, 15, 2013/06/26, 21:20:17.492, 136428280332, QTAgent32.exe, Value in en-US resource 'Bestand selecteren voor uploaden' does not match the defaultvalue 'Choose file'
W, 4588, 15, 2013/06/26, 21:20:17.492, 136428280694, QTAgent32.exe, Value in en-US resource 'Melding' does not match the defaultvalue 'Notification Bar'
W, 4588, 15, 2013/06/26, 21:20:17.495, 136428290966, QTAgent32.exe, Value in en-US resource 'Microsoft SmartScreen-filter' does not match the defaultvalue 'Microsoft Phishing Filter'
W, 4588, 15, 2013/06/26, 21:20:17.495, 136428291434, QTAgent32.exe, Value in en-US resource 'Automatisch aanvullen' does not match the defaultvalue 'AutoComplete'
W, 4588, 15, 2013/06/26, 21:20:17.495, 136428291837, QTAgent32.exe, Value in en-US resource 'Wachtwoorden automatisch aanvullen' does not match the defaultvalue 'AutoComplete Passwords'
E, 4588, 15, 2013/06/26, 21:20:17.496, 136428292582, QTAgent32.exe, LoadLibrary() : Unable to find the resource 37382 from assembly C:\Windows\system32\nl-NL\ieframe.dll.mui: Error1814
E, 4588, 15, 2013/06/26, 21:20:17.496, 136428293440, QTAgent32.exe, LoadLibrary() : Unable to find the resource 41728 from assembly C:\Windows\system32\nl-NL\ieframe.dll.mui: Error1814
E, 4588, 15, 2013/06/26, 21:20:17.496, 136428293771, QTAgent32.exe, LoadLibrary() : Unable to find the resource 8131 from assembly C:\Windows\system32\nl-NL\ieframe.dll.mui: Error1814
E, 4588, 15, 2013/06/26, 21:20:17.496, 136428294088, QTAgent32.exe, LoadLibrary() : Unable to find the resource 8131 from assembly C:\Windows\system32\nl-NL\ieframe.dll.mui: Error1814
W, 4588, 15, 2013/06/26, 21:20:17.496, 136428294459, QTAgent32.exe, Value in en-US resource 'Sluiten' does not match the defaultvalue 'Close'
E, 4588, 15, 2013/06/26, 21:20:17.496, 136428294749, QTAgent32.exe, LoadLibrary() : Unable to find the resource 8131 from assembly C:\Windows\system32\nl-NL\ieframe.dll.mui: Error1814
W, 4588, 15, 2013/06/26, 21:20:17.497, 136428295206, QTAgent32.exe, Value in en-US resource 'Beveiligingswaarschuwing' does not match the defaultvalue 'Security Warning'
E, 4588, 15, 2013/06/26, 21:20:17.497, 136428295660, QTAgent32.exe, LoadLibrary() : Unable to find the resource 803 from assembly C:\Windows\system32\nl-NL\user32.dll.mui: Error1814
W, 4588, 15, 2013/06/26, 21:20:17.497, 136428296550, QTAgent32.exe, Value in en-US resource 'Windows-beveiliging' does not match the defaultvalue 'Windows Security'
W, 4588, 15, 2013/06/26, 21:20:17.881, 136429417804, QTAgent32.exe, &lt;a class=success&gt;Playback - {2} [SUCCESS] SetValueAsEditBox "bas" - "[MSAA, VisibleOnly]ControlType='Edit'"  &lt; Set via SendKeys &gt;
\0&lt;/a&gt;
W, 4588, 15, 2013/06/26, 21:20:18.268, 136430548947, QTAgent32.exe, &lt;a class=success&gt;Playback - {3} [SUCCESS] MouseButtonClick - "[MSAA, VisibleOnly]ControlType='Button' &amp;&amp; Name='Add Contact'"
\0&lt;/a&gt;
W, 4588, 15, 2013/06/26, 21:20:18.512, 136431262993, QTAgent32.exe, &lt;a class=success&gt;Playback - {4} [SUCCESS] MouseButtonClick - "[MSAA, VisibleOnly]ControlType='Button' &amp;&amp; Name='OK'"
\0&lt;/a&gt;
W, 4588, 15, 2013/06/26, 21:20:18.817, 136432154332, QTAgent32.exe, &lt;a class=success&gt;Playback - {5} [SUCCESS] SendKeys "^{HOME}" - "[MSAA, VisibleOnly]ControlType='Edit'"
\0&lt;/a&gt;
E, 4588, 15, 2013/06/26, 21:20:18.819, 136432159685, QTAgent32.exe, Msaa.GetFocusedElement: could not find accessible object of foreground window
W, 4588, 15, 2013/06/26, 21:20:18.896, 136432385558, QTAgent32.exe, &lt;a class=success&gt;Playback - {6} [SUCCESS] SendKeys "^+{END}" - "[MSAA, VisibleOnly]ControlType='Edit'"
\0&lt;/a&gt;
E, 4588, 15, 2013/06/26, 21:20:18.896, 136432386441, QTAgent32.exe, Msaa.GetFocusedElement: could not find accessible object of foreground window
W, 4588, 15, 2013/06/26, 21:20:18.941, 136432518061, QTAgent32.exe, &lt;a class=success&gt;Playback - {7} [SUCCESS] SendKeys "{DELETE}" - "[MSAA, VisibleOnly]ControlType='Edit'"
\0&lt;/a&gt;
W, 4588, 15, 2013/06/26, 21:20:19.214, 136433314273, QTAgent32.exe, &lt;a class=success&gt;Playback - {8} [SUCCESS] SetValueAsEditBox "bas@@" - "[MSAA, VisibleOnly]ControlType='Edit'"  &lt; Set via SendKeys &gt;
\0&lt;/a&gt;
W, 4588, 15, 2013/06/26, 21:20:19.473, 136434071652, QTAgent32.exe, &lt;a class=success&gt;Playback - {9} [SUCCESS] MouseButtonClick - "[MSAA, VisibleOnly]ControlType='Button' &amp;&amp; Name='Add Contact'"
\0&lt;/a&gt;
W, 4588, 15, 2013/06/26, 21:20:19.705, 136434750494, QTAgent32.exe, &lt;a class=success&gt;Playback - {10} [SUCCESS] MouseButtonClick - "[MSAA, VisibleOnly]ControlType='Button' &amp;&amp; Name='OK'"
\0&lt;/a&gt;
W, 4588, 15, 2013/06/26, 21:20:20.038, 136435724536, QTAgent32.exe, &lt;a class=success&gt;Playback - {11} [SUCCESS] SendKeys "^{HOME}" - "[MSAA, VisibleOnly]ControlType='Edit'"
\0&lt;/a&gt;
E, 4588, 15, 2013/06/26, 21:20:20.038, 136435725316, QTAgent32.exe, Msaa.GetFocusedElement: could not find accessible object of foreground window
W, 4588, 15, 2013/06/26, 21:20:20.122, 136435969597, QTAgent32.exe, &lt;a class=success&gt;Playback - {12} [SUCCESS] SendKeys "^+{END}" - "[MSAA, VisibleOnly]ControlType='Edit'"
\0&lt;/a&gt;
E, 4588, 15, 2013/06/26, 21:20:20.122, 136435970324, QTAgent32.exe, Msaa.GetFocusedElement: could not find accessible object of foreground window
W, 4588, 15, 2013/06/26, 21:20:20.169, 136436107359, QTAgent32.exe, &lt;a class=success&gt;Playback - {13} [SUCCESS] SendKeys "{DELETE}" - "[MSAA, VisibleOnly]ControlType='Edit'"
\0&lt;/a&gt;
W, 4588, 15, 2013/06/26, 21:20:20.562, 136437254571, QTAgent32.exe, &lt;a class=success&gt;Playback - {14} [SUCCESS] SetValueAsEditBox "bas@@blabla" - "[MSAA, VisibleOnly]ControlType='Edit'"  &lt; Set via SendKeys &gt;
\0&lt;/a&gt;
W, 4588, 15, 2013/06/26, 21:20:20.823, 136438018389, QTAgent32.exe, &lt;a class=success&gt;Playback - {15} [SUCCESS] MouseButtonClick - "[MSAA, VisibleOnly]ControlType='Button' &amp;&amp; Name='Add Contact'"
\0&lt;/a&gt;
E, 4588, 15, 2013/06/26, 21:20:20.923, 136438310955, QTAgent32.exe, GetClassName for handle 8652400 failed
W, 4588, 15, 2013/06/26, 21:20:21.067, 136438733419, QTAgent32.exe, &lt;a class=success&gt;Playback - {16} [SUCCESS] MouseButtonClick - "[MSAA, VisibleOnly]ControlType='Button' &amp;&amp; Name='OK'"
\0&lt;/a&gt;
W, 4588, 15, 2013/06/26, 21:20:21.384, 136439658675, QTAgent32.exe, &lt;a class=success&gt;Playback - {17} [SUCCESS] SendKeys "^{HOME}" - "[MSAA, VisibleOnly]ControlType='Edit'"
\0&lt;/a&gt;
E, 4588, 15, 2013/06/26, 21:20:21.384, 136439659446, QTAgent32.exe, Msaa.GetFocusedElement: could not find accessible object of foreground window
W, 4588, 15, 2013/06/26, 21:20:21.470, 136439909928, QTAgent32.exe, &lt;a class=success&gt;Playback - {18} [SUCCESS] SendKeys "^+{END}" - "[MSAA, VisibleOnly]ControlType='Edit'"
\0&lt;/a&gt;
E, 4588, 15, 2013/06/26, 21:20:21.470, 136439910641, QTAgent32.exe, Msaa.GetFocusedElement: could not find accessible object of foreground window
W, 4588, 15, 2013/06/26, 21:20:21.523, 136440065828, QTAgent32.exe, &lt;a class=success&gt;Playback - {19} [SUCCESS] SendKeys "{DELETE}" - "[MSAA, VisibleOnly]ControlType='Edit'"
\0&lt;/a&gt;
W, 4588, 15, 2013/06/26, 21:20:21.927, 136441245436, QTAgent32.exe, &lt;a class=success&gt;Playback - {20} [SUCCESS] SetValueAsEditBox "bas@bla./nl" - "[MSAA, VisibleOnly]ControlType='Edit'"  &lt; Set via SendKeys &gt;
\0&lt;/a&gt;
W, 4588, 15, 2013/06/26, 21:20:22.178, 136441979365, QTAgent32.exe, &lt;a class=success&gt;Playback - {21} [SUCCESS] MouseButtonClick - "[MSAA, VisibleOnly]ControlType='Button' &amp;&amp; Name='Add Contact'"
\0&lt;/a&gt;
E, 4588, 15, 2013/06/26, 21:20:22.278, 136442272049, QTAgent32.exe, GetClassName for handle 6555874 failed
W, 4588, 15, 2013/06/26, 21:20:22.419, 136442684631, QTAgent32.exe, &lt;a class=success&gt;Playback - {22} [SUCCESS] MouseButtonClick - "[MSAA, VisibleOnly]ControlType='Button' &amp;&amp; Name='OK'"
\0&lt;/a&gt;
W, 4588, 15, 2013/06/26, 21:20:22.732, 136443599288, QTAgent32.exe, &lt;a class=success&gt;Playback - {23} [SUCCESS] SendKeys "^{HOME}" - "[MSAA, VisibleOnly]ControlType='Edit'"
\0&lt;/a&gt;
E, 4588, 15, 2013/06/26, 21:20:22.732, 136443600006, QTAgent32.exe, Msaa.GetFocusedElement: could not find accessible object of foreground window
W, 4588, 15, 2013/06/26, 21:20:22.825, 136443871140, QTAgent32.exe, &lt;a class=success&gt;Playback - {24} [SUCCESS] SendKeys "^+{END}" - "[MSAA, VisibleOnly]ControlType='Edit'"
\0&lt;/a&gt;
E, 4588, 15, 2013/06/26, 21:20:22.825, 136443871894, QTAgent32.exe, Msaa.GetFocusedElement: could not find accessible object of foreground window
W, 4588, 15, 2013/06/26, 21:20:22.877, 136444023574, QTAgent32.exe, &lt;a class=success&gt;Playback - {25} [SUCCESS] SendKeys "{DELETE}" - "[MSAA, VisibleOnly]ControlType='Edit'"
\0&lt;/a&gt;
W, 4588, 15, 2013/06/26, 21:20:23.283, 136445208753, QTAgent32.exe, &lt;a class=success&gt;Playback - {26} [SUCCESS] SetValueAsEditBox "bas@bla...nl" - "[MSAA, VisibleOnly]ControlType='Edit'"  &lt; Set via SendKeys &gt;
\0&lt;/a&gt;
W, 4588, 15, 2013/06/26, 21:20:23.547, 136445981275, QTAgent32.exe, &lt;a class=success&gt;Playback - {27} [SUCCESS] MouseButtonClick - "[MSAA, VisibleOnly]ControlType='Button' &amp;&amp; Name='Add Contact'"
\0&lt;/a&gt;
E, 4588, 15, 2013/06/26, 21:20:23.647, 136446273643, QTAgent32.exe, GetClassName for handle 8783472 failed
W, 4588, 15, 2013/06/26, 21:20:23.789, 136446688739, QTAgent32.exe, &lt;a class=success&gt;Playback - {28} [SUCCESS] MouseButtonClick - "[MSAA, VisibleOnly]ControlType='Button' &amp;&amp; Name='OK'"
\0&lt;/a&gt;
W, 4588, 15, 2013/06/26, 21:20:24.091, 136447570775, QTAgent32.exe, &lt;a class=success&gt;Playback - {29} [SUCCESS] SendKeys "^{HOME}" - "[MSAA, VisibleOnly]ControlType='Edit'"
\0&lt;/a&gt;
E, 4588, 15, 2013/06/26, 21:20:24.091, 136447571214, QTAgent32.exe, Msaa.GetFocusedElement: could not find accessible object of foreground window
W, 4588, 15, 2013/06/26, 21:20:24.162, 136447779591, QTAgent32.exe, &lt;a class=success&gt;Playback - {30} [SUCCESS] SendKeys "^+{END}" - "[MSAA, VisibleOnly]ControlType='Edit'"
\0&lt;/a&gt;
E, 4588, 15, 2013/06/26, 21:20:24.162, 136447780368, QTAgent32.exe, Msaa.GetFocusedElement: could not find accessible object of foreground window
W, 4588, 15, 2013/06/26, 21:20:24.213, 136447929830, QTAgent32.exe, &lt;a class=success&gt;Playback - {31} [SUCCESS] SendKeys "{DELETE}" - "[MSAA, VisibleOnly]ControlType='Edit'"
\0&lt;/a&gt;
W, 4588, 15, 2013/06/26, 21:20:24.672, 136449269436, QTAgent32.exe, &lt;a class=success&gt;Playback - {32} [SUCCESS] SetValueAsEditBox "b..as@bla...nl" - "[MSAA, VisibleOnly]ControlType='Edit'"  &lt; Set via SendKeys &gt;
\0&lt;/a&gt;
W, 4588, 15, 2013/06/26, 21:20:24.931, 136450027828, QTAgent32.exe, &lt;a class=success&gt;Playback - {33} [SUCCESS] MouseButtonClick - "[MSAA, VisibleOnly]ControlType='Button' &amp;&amp; Name='Add Contact'"
\0&lt;/a&gt;
E, 4588, 15, 2013/06/26, 21:20:25.031, 136450319246, QTAgent32.exe, GetClassName for handle 6686946 failed
W, 4588, 15, 2013/06/26, 21:20:25.179, 136450751855, QTAgent32.exe, &lt;a class=success&gt;Playback - {34} [SUCCESS] MouseButtonClick - "[MSAA, VisibleOnly]ControlType='Button' &amp;&amp; Name='OK'"
\0&lt;/a&gt;
W, 4588, 15, 2013/06/26, 21:20:25.494, 136451672730, QTAgent32.exe, &lt;a class=success&gt;Playback - {35} [SUCCESS] SendKeys "^{HOME}" - "[MSAA, VisibleOnly]ControlType='Edit'"
\0&lt;/a&gt;
E, 4588, 15, 2013/06/26, 21:20:25.494, 136451673418, QTAgent32.exe, Msaa.GetFocusedElement: could not find accessible object of foreground window
W, 4588, 15, 2013/06/26, 21:20:25.588, 136451947400, QTAgent32.exe, &lt;a class=success&gt;Playback - {36} [SUCCESS] SendKeys "^+{END}" - "[MSAA, VisibleOnly]ControlType='Edit'"
\0&lt;/a&gt;
E, 4588, 15, 2013/06/26, 21:20:25.588, 136451947987, QTAgent32.exe, Msaa.GetFocusedElement: could not find accessible object of foreground window
W, 4588, 15, 2013/06/26, 21:20:25.625, 136452055838, QTAgent32.exe, &lt;a class=success&gt;Playback - {37} [SUCCESS] SendKeys "{DELETE}" - "[MSAA, VisibleOnly]ControlType='Edit'"
\0&lt;/a&gt;
W, 4588, 15, 2013/06/26, 21:20:26.029, 136453237350, QTAgent32.exe, &lt;a class=success&gt;Playback - {38} [SUCCESS] SetValueAsEditBox "b..as@bla.nl" - "[MSAA, VisibleOnly]ControlType='Edit'"  &lt; Set via SendKeys &gt;
\0&lt;/a&gt;
W, 4588, 15, 2013/06/26, 21:20:26.292, 136454005500, QTAgent32.exe, &lt;a class=success&gt;Playback - {39} [SUCCESS] MouseButtonClick - "[MSAA, VisibleOnly]ControlType='Button' &amp;&amp; Name='Add Contact'"
\0&lt;/a&gt;
E, 4588, 15, 2013/06/26, 21:20:26.392, 136454297865, QTAgent32.exe, GetClassName for handle 8914544 failed
W, 4588, 15, 2013/06/26, 21:20:26.535, 136454715742, QTAgent32.exe, &lt;a class=success&gt;Playback - {40} [SUCCESS] MouseButtonClick - "[MSAA, VisibleOnly]ControlType='Button' &amp;&amp; Name='OK'"
\0&lt;/a&gt;
W, 4588, 15, 2013/06/26, 21:20:26.861, 136455668874, QTAgent32.exe, &lt;a class=success&gt;Playback - {41} [SUCCESS] SendKeys "^{HOME}" - "[MSAA, VisibleOnly]ControlType='Edit'"
\0&lt;/a&gt;
E, 4588, 15, 2013/06/26, 21:20:26.861, 136455669312, QTAgent32.exe, Msaa.GetFocusedElement: could not find accessible object of foreground window
W, 4588, 15, 2013/06/26, 21:20:26.954, 136455940705, QTAgent32.exe, &lt;a class=success&gt;Playback - {42} [SUCCESS] SendKeys "^+{END}" - "[MSAA, VisibleOnly]ControlType='Edit'"
\0&lt;/a&gt;
E, 4588, 15, 2013/06/26, 21:20:26.954, 136455941425, QTAgent32.exe, Msaa.GetFocusedElement: could not find accessible object of foreground window
W, 4588, 15, 2013/06/26, 21:20:27.008, 136456099109, QTAgent32.exe, &lt;a class=success&gt;Playback - {43} [SUCCESS] SendKeys "{DELETE}" - "[MSAA, VisibleOnly]ControlType='Edit'"
\0&lt;/a&gt;
W, 4588, 15, 2013/06/26, 21:20:27.503, 136457544564, QTAgent32.exe, &lt;a class=success&gt;Playback - {44} [SUCCESS] SetValueAsEditBox "bas@hotmail.com" - "[MSAA, VisibleOnly]ControlType='Edit'"  &lt; Set via SendKeys &gt;
\0&lt;/a&gt;
W, 4588, 15, 2013/06/26, 21:20:27.766, 136458314319, QTAgent32.exe, &lt;a class=success&gt;Playback - {45} [SUCCESS] MouseButtonClick - "[MSAA, VisibleOnly]ControlType='Button' &amp;&amp; Name='Add Contact'"
\0&lt;/a&gt;
W, 4588, 15, 2013/06/26, 21:20:28.063, 136459182487, QTAgent32.exe, &lt;a class=success&gt;Playback - {46} [SUCCESS] SendKeys "^{HOME}" - "[MSAA, VisibleOnly]ControlType='Edit'"
\0&lt;/a&gt;
E, 4588, 15, 2013/06/26, 21:20:28.063, 136459182927, QTAgent32.exe, Msaa.GetFocusedElement: could not find accessible object of foreground window
W, 4588, 15, 2013/06/26, 21:20:28.155, 136459451523, QTAgent32.exe, &lt;a class=success&gt;Playback - {47} [SUCCESS] SendKeys "^+{END}" - "[MSAA, VisibleOnly]ControlType='Edit'"
\0&lt;/a&gt;
E, 4588, 15, 2013/06/26, 21:20:28.155, 136459452284, QTAgent32.exe, Msaa.GetFocusedElement: could not find accessible object of foreground window
W, 4588, 15, 2013/06/26, 21:20:28.209, 136459610120, QTAgent32.exe, &lt;a class=success&gt;Playback - {48} [SUCCESS] SendKeys "{DELETE}" - "[MSAA, VisibleOnly]ControlType='Edit'"
\0&lt;/a&gt;
W, 4588, 15, 2013/06/26, 21:20:28.873, 136461549866, QTAgent32.exe, &lt;a class=success&gt;Playback - {49} [SUCCESS] SetValueAsEditBox "bas_meesters@hotmail.com" - "[MSAA, VisibleOnly]ControlType='Edit'"  &lt; Set via SendKeys &gt;
\0&lt;/a&gt;
W, 4588, 15, 2013/06/26, 21:20:29.128, 136462295799, QTAgent32.exe, &lt;a class=success&gt;Playback - {50} [SUCCESS] MouseButtonClick - "[MSAA, VisibleOnly]ControlType='Button' &amp;&amp; Name='Add Contact'"
\0&lt;/a&gt;
W, 4588, 15, 2013/06/26, 21:20:29.455, 136463251723, QTAgent32.exe, &lt;a class=success&gt;Playback - {51} [SUCCESS] SendKeys "^{HOME}" - "[MSAA, VisibleOnly]ControlType='Edit'"
\0&lt;/a&gt;
E, 4588, 15, 2013/06/26, 21:20:29.455, 136463252177, QTAgent32.exe, Msaa.GetFocusedElement: could not find accessible object of foreground window
W, 4588, 15, 2013/06/26, 21:20:29.526, 136463459303, QTAgent32.exe, &lt;a class=success&gt;Playback - {52} [SUCCESS] SendKeys "^+{END}" - "[MSAA, VisibleOnly]ControlType='Edit'"
\0&lt;/a&gt;
E, 4588, 15, 2013/06/26, 21:20:29.526, 136463460050, QTAgent32.exe, Msaa.GetFocusedElement: could not find accessible object of foreground window
W, 4588, 15, 2013/06/26, 21:20:29.581, 136463619302, QTAgent32.exe, &lt;a class=success&gt;Playback - {53} [SUCCESS] SendKeys "{DELETE}" - "[MSAA, VisibleOnly]ControlType='Edit'"
\0&lt;/a&gt;
W, 4588, 15, 2013/06/26, 21:20:30.255, 136465588881, QTAgent32.exe, &lt;a class=success&gt;Playback - {54} [SUCCESS] SetValueAsEditBox "bas.meesters@hotmail.com" - "[MSAA, VisibleOnly]ControlType='Edit'"  &lt; Set via SendKeys &gt;
\0&lt;/a&gt;
W, 4588, 15, 2013/06/26, 21:20:30.506, 136466320986, QTAgent32.exe, &lt;a class=success&gt;Playback - {55} [SUCCESS] MouseButtonClick - "[MSAA, VisibleOnly]ControlType='Button' &amp;&amp; Name='Add Contact'"
\0&lt;/a&gt;
W, 4588, 15, 2013/06/26, 21:20:30.826, 136467256260, QTAgent32.exe, &lt;a class=success&gt;Playback - {56} [SUCCESS] SendKeys "^{HOME}" - "[MSAA, VisibleOnly]ControlType='Edit'"
\0&lt;/a&gt;
E, 4588, 15, 2013/06/26, 21:20:30.826, 136467256702, QTAgent32.exe, Msaa.GetFocusedElement: could not find accessible object of foreground window
W, 4588, 15, 2013/06/26, 21:20:30.898, 136467467129, QTAgent32.exe, &lt;a class=success&gt;Playback - {57} [SUCCESS] SendKeys "^+{END}" - "[MSAA, VisibleOnly]ControlType='Edit'"
\0&lt;/a&gt;
E, 4588, 15, 2013/06/26, 21:20:30.898, 136467467848, QTAgent32.exe, Msaa.GetFocusedElement: could not find accessible object of foreground window
W, 4588, 15, 2013/06/26, 21:20:30.949, 136467617330, QTAgent32.exe, &lt;a class=success&gt;Playback - {58} [SUCCESS] SendKeys "{DELETE}" - "[MSAA, VisibleOnly]ControlType='Edit'"
\0&lt;/a&gt;
W, 4588, 15, 2013/06/26, 21:20:31.729, 136469895498, QTAgent32.exe, &lt;a class=success&gt;Playback - {59} [SUCCESS] SetValueAsEditBox "bas.meest"iets"ers@hotmail.com" - "[MSAA, VisibleOnly]ControlType='Edit'"  &lt; Set via SendKeys &gt;
\0&lt;/a&gt;
W, 4588, 15, 2013/06/26, 21:20:31.987, 136470650228, QTAgent32.exe, &lt;a class=success&gt;Playback - {60} [SUCCESS] MouseButtonClick - "[MSAA, VisibleOnly]ControlType='Button' &amp;&amp; Name='Add Contact'"
\0&lt;/a&gt;
W, 4588, 15, 2013/06/26, 21:20:32.307, 136471585760, QTAgent32.exe, &lt;a class=success&gt;Playback - {61} [SUCCESS] SendKeys "^{HOME}" - "[MSAA, VisibleOnly]ControlType='Edit'"
\0&lt;/a&gt;
E, 4588, 15, 2013/06/26, 21:20:32.307, 136471586235, QTAgent32.exe, Msaa.GetFocusedElement: could not find accessible object of foreground window
W, 4588, 15, 2013/06/26, 21:20:32.380, 136471799290, QTAgent32.exe, &lt;a class=success&gt;Playback - {62} [SUCCESS] SendKeys "^+{END}" - "[MSAA, VisibleOnly]ControlType='Edit'"
\0&lt;/a&gt;
E, 4588, 15, 2013/06/26, 21:20:32.380, 136471800055, QTAgent32.exe, Msaa.GetFocusedElement: could not find accessible object of foreground window
W, 4588, 15, 2013/06/26, 21:20:32.437, 136471966401, QTAgent32.exe, &lt;a class=success&gt;Playback - {63} [SUCCESS] SendKeys "{DELETE}" - "[MSAA, VisibleOnly]ControlType='Edit'"
\0&lt;/a&gt;
W, 4588, 15, 2013/06/26, 21:20:33.251, 136474344271, QTAgent32.exe, &lt;a class=success&gt;Playback - {64} [SUCCESS] SetValueAsEditBox "bas"nogiets@.nl"iets@hotmail.com" - "[MSAA, VisibleOnly]ControlType='Edit'"  &lt; Set via SendKeys &gt;
\0&lt;/a&gt;
W, 4588, 15, 2013/06/26, 21:20:33.507, 136475094911, QTAgent32.exe, &lt;a class=success&gt;Playback - {65} [SUCCESS] MouseButtonClick - "[MSAA, VisibleOnly]ControlType='Button' &amp;&amp; Name='Add Contact'"
\0&lt;/a&gt;
W, 4588, 15, 2013/06/26, 21:20:33.814, 136475991063, QTAgent32.exe, &lt;a class=success&gt;Playback - {66} [SUCCESS] SendKeys "^{HOME}" - "[MSAA, VisibleOnly]ControlType='Edit'"
\0&lt;/a&gt;
E, 4588, 15, 2013/06/26, 21:20:33.814, 136475991519, QTAgent32.exe, Msaa.GetFocusedElement: could not find accessible object of foreground window
W, 4588, 15, 2013/06/26, 21:20:33.886, 136476201610, QTAgent32.exe, &lt;a class=success&gt;Playback - {67} [SUCCESS] SendKeys "^+{END}" - "[MSAA, VisibleOnly]ControlType='Edit'"
\0&lt;/a&gt;
E, 4588, 15, 2013/06/26, 21:20:33.886, 136476202096, QTAgent32.exe, Msaa.GetFocusedElement: could not find accessible object of foreground window
W, 4588, 15, 2013/06/26, 21:20:33.933, 136476339741, QTAgent32.exe, &lt;a class=success&gt;Playback - {68} [SUCCESS] SendKeys "{DELETE}" - "[MSAA, VisibleOnly]ControlType='Edit'"
\0&lt;/a&gt;
W, 4588, 15, 2013/06/26, 21:20:34.219, 136477174127, QTAgent32.exe, &lt;a class=success&gt;Playback - {69} [SUCCESS] SetValueAsEditBox "@empty" - "[MSAA, VisibleOnly]ControlType='Edit'"  &lt; Set via SendKeys &gt;
\0&lt;/a&gt;
W, 4588, 15, 2013/06/26, 21:20:34.475, 136477923858, QTAgent32.exe, &lt;a class=success&gt;Playback - {70} [SUCCESS] MouseButtonClick - "[MSAA, VisibleOnly]ControlType='Button' &amp;&amp; Name='Add Contact'"
\0&lt;/a&gt;
W, 4588, 15, 2013/06/26, 21:20:34.790, 136478843973, QTAgent32.exe, &lt;a class=success&gt;Playback - {71} [SUCCESS] SendKeys "^{HOME}" - "[MSAA, VisibleOnly]ControlType='Edit'"
\0&lt;/a&gt;
E, 4588, 15, 2013/06/26, 21:20:34.790, 136478844437, QTAgent32.exe, Msaa.GetFocusedElement: could not find accessible object of foreground window
W, 4588, 15, 2013/06/26, 21:20:34.861, 136479052099, QTAgent32.exe, &lt;a class=success&gt;Playback - {72} [SUCCESS] SendKeys "^+{END}" - "[MSAA, VisibleOnly]ControlType='Edit'"
\0&lt;/a&gt;
E, 4588, 15, 2013/06/26, 21:20:34.861, 136479052858, QTAgent32.exe, Msaa.GetFocusedElement: could not find accessible object of foreground window
W, 4588, 15, 2013/06/26, 21:20:34.907, 136479187021, QTAgent32.exe, &lt;a class=success&gt;Playback - {73} [SUCCESS] SendKeys "{DELETE}" - "[MSAA, VisibleOnly]ControlType='Edit'"
\0&lt;/a&gt;
W, 4588, 15, 2013/06/26, 21:20:35.341, 136480454023, QTAgent32.exe, &lt;a class=success&gt;Playback - {74} [SUCCESS] SetValueAsEditBox "bas""@bas.com" - "[MSAA, VisibleOnly]ControlType='Edit'"  &lt; Set via SendKeys &gt;
\0&lt;/a&gt;
W, 4588, 15, 2013/06/26, 21:20:35.585, 136481168087, QTAgent32.exe, &lt;a class=success&gt;Playback - {75} [SUCCESS] MouseButtonClick - "[MSAA, VisibleOnly]ControlType='Button' &amp;&amp; Name='Add Contact'"
\0&lt;/a&gt;
W, 4588, 15, 2013/06/26, 21:20:35.903, 136482097517, QTAgent32.exe, &lt;a class=success&gt;Playback - {76} [SUCCESS] SendKeys "^{HOME}" - "[MSAA, VisibleOnly]ControlType='Edit'"
\0&lt;/a&gt;
E, 4588, 15, 2013/06/26, 21:20:35.903, 136482098208, QTAgent32.exe, Msaa.GetFocusedElement: could not find accessible object of foreground window
W, 4588, 15, 2013/06/26, 21:20:35.985, 136482337145, QTAgent32.exe, &lt;a class=success&gt;Playback - {77} [SUCCESS] SendKeys "^+{END}" - "[MSAA, VisibleOnly]ControlType='Edit'"
\0&lt;/a&gt;
E, 4588, 15, 2013/06/26, 21:20:35.985, 136482337577, QTAgent32.exe, Msaa.GetFocusedElement: could not find accessible object of foreground window
W, 4588, 15, 2013/06/26, 21:20:36.032, 136482475091, QTAgent32.exe, &lt;a class=success&gt;Playback - {78} [SUCCESS] SendKeys "{DELETE}" - "[MSAA, VisibleOnly]ControlType='Edit'"
\0&lt;/a&gt;
W, 4588, 15, 2013/06/26, 21:20:36.679, 136484367480, QTAgent32.exe, &lt;a class=success&gt;Playback - {79} [SUCCESS] SetValueAsEditBox ""bladiebla"a@hotmail.com" - "[MSAA, VisibleOnly]ControlType='Edit'"  &lt; Set via SendKeys &gt;
\0&lt;/a&gt;
W, 4588, 15, 2013/06/26, 21:20:36.936, 136485117374, QTAgent32.exe, &lt;a class=success&gt;Playback - {80} [SUCCESS] MouseButtonClick - "[MSAA, VisibleOnly]ControlType='Button' &amp;&amp; Name='Add Contact'"
\0&lt;/a&gt;
W, 4588, 15, 2013/06/26, 21:20:37.241, 136486008571, QTAgent32.exe, &lt;a class=success&gt;Playback - {81} [SUCCESS] SendKeys "^{HOME}" - "[MSAA, VisibleOnly]ControlType='Edit'"
\0&lt;/a&gt;
E, 4588, 15, 2013/06/26, 21:20:37.241, 136486009099, QTAgent32.exe, Msaa.GetFocusedElement: could not find accessible object of foreground window
W, 4588, 15, 2013/06/26, 21:20:37.312, 136486216582, QTAgent32.exe, &lt;a class=success&gt;Playback - {82} [SUCCESS] SendKeys "^+{END}" - "[MSAA, VisibleOnly]ControlType='Edit'"
\0&lt;/a&gt;
E, 4588, 15, 2013/06/26, 21:20:37.312, 136486217293, QTAgent32.exe, Msaa.GetFocusedElement: could not find accessible object of foreground window
W, 4588, 15, 2013/06/26, 21:20:37.357, 136486348452, QTAgent32.exe, &lt;a class=success&gt;Playback - {83} [SUCCESS] SendKeys "{DELETE}" - "[MSAA, VisibleOnly]ControlType='Edit'"
\0&lt;/a&gt;
W, 4588, 15, 2013/06/26, 21:20:38.008, 136488250012, QTAgent32.exe, &lt;a class=success&gt;Playback - {84} [SUCCESS] SetValueAsEditBox ""bladiebla"a@hotmail.com" - "[MSAA, VisibleOnly]ControlType='Edit'"  &lt; Set via SendKeys &gt;
\0&lt;/a&gt;
W, 4588, 15, 2013/06/26, 21:20:38.267, 136489008118, QTAgent32.exe, &lt;a class=success&gt;Playback - {85} [SUCCESS] MouseButtonClick - "[MSAA, VisibleOnly]ControlType='Button' &amp;&amp; Name='Add Contact'"
\0&lt;/a&gt;
W, 4588, 15, 2013/06/26, 21:20:38.686, 136490232110, QTAgent32.exe, Playback - [WARNING] Internal warning: Element that has the focus is different from the target element. Expected Element: Name = "", ControlTypeName = "Edit", Element In Focus: Name = "", ControlTypeName = "Window"&gt;. 
\0
W, 4588, 15, 2013/06/26, 21:20:38.744, 136490404321, QTAgent32.exe, &lt;a class=success&gt;Playback - {86} [SUCCESS] SendKeys "^{HOME}" - "[MSAA, VisibleOnly]ControlType='Edit'"
\0&lt;/a&gt;
E, 4588, 15, 2013/06/26, 21:20:38.745, 136490404765, QTAgent32.exe, Msaa.GetFocusedElement: could not find accessible object of foreground window
W, 4588, 15, 2013/06/26, 21:20:38.929, 136490942413, QTAgent32.exe, Playback - [WARNING] Internal warning: Element that has the focus is different from the target element. Expected Element: Name = "", ControlTypeName = "Edit", Element In Focus: Name = "", ControlTypeName = "Window"&gt;. 
\0
W, 4588, 15, 2013/06/26, 21:20:38.948, 136490999179, QTAgent32.exe, &lt;a class=success&gt;Playback - {87} [SUCCESS] SendKeys "{HOME}" - "[MSAA, VisibleOnly]ControlType='Edit'"
\0&lt;/a&gt;
W, 4588, 15, 2013/06/26, 21:20:38.963, 136491041934, QTAgent32.exe, Playback - [WARNING] Internal warning: Element that has the focus is different from the target element. Expected Element: Name = "", ControlTypeName = "Edit", Element In Focus: Name = "", ControlTypeName = "Window"&gt;. 
\0
W, 4588, 15, 2013/06/26, 21:20:39.029, 136491235349, QTAgent32.exe, &lt;a class=success&gt;Playback - {88} [SUCCESS] SendKeys "+{END}" - "[MSAA, VisibleOnly]ControlType='Edit'"
\0&lt;/a&gt;
W, 4588, 15, 2013/06/26, 21:20:39.054, 136491308005, QTAgent32.exe, Playback - [WARNING] Internal warning: Element that has the focus is different from the target element. Expected Element: Name = "", ControlTypeName = "Edit", Element In Focus: Name = "", ControlTypeName = "Window"&gt;. 
\0
W, 4588, 15, 2013/06/26, 21:20:39.074, 136491368757, QTAgent32.exe, &lt;a class=success&gt;Playback - {89} [SUCCESS] SendKeys "{DELETE}" - "[MSAA, VisibleOnly]ControlType='Edit'"
\0&lt;/a&gt;
W, 4588, 15, 2013/06/26, 21:20:39.265, 136491924706, QTAgent32.exe, Playback - [WARNING] Internal warning: Element that has the focus is different from the target element. Expected Element: Name = "", ControlTypeName = "Edit", Element In Focus: Name = "", ControlTypeName = "Window"&gt;. 
\0
E, 4588, 15, 2013/06/26, 21:20:40.399, 136495239563, QTAgent32.exe, &lt;a class=failure&gt;Playback - {90} [FAILED] SetValueAsEditBox ".iets@hotmail.com" - "[MSAA, VisibleOnly]ControlType='Edit'"  &lt; Primitive "SetValueAsEditBox" did not set the value correctly &gt; (, See related internal warnings/failures for more information)
\0&lt;/a&gt;
E, 4588, 15, 2013/06/26, 21:20:40.490, 136495506974, QTAgent32.exe, Playback - [IMAGE] C:\Users\Bas\AppData\Local\Temp\UITestLogs\LastRun\RPF84C7.png
\0
E, 4588, 15, 2013/06/26, 21:20:40.849, 136496556315, QTAgent32.exe, AL: Playback Error: Microsoft.VisualStudio.TestTools.UITest.Extension.PlaybackFailureException: Cannot perform 'SetProperty of Text with value ".iets@hotmail.com"' on the control. Additional Details: 
TechnologyName:  'MSAA'
ControlType:  'Edit'
 ---&gt; System.Runtime.InteropServices.COMException: Exception from HRESULT: 0xF004F006
   at Microsoft.VisualStudio.TestTools.UITest.Playback.Engine.IScreenElement.SetValueAsEditBox(String bstrNewValue, Int32 nSetValueAsEditBoxFlag)
   at Microsoft.VisualStudio.TestTools.UITest.Playback.ScreenElement.SetValueAsEditBox(String value, Boolean isEncoded, Int32 flag)
   at Microsoft.VisualStudio.TestTools.UITest.Playback.ScreenElement.SetValueAsEditBox(String value, Boolean isEncoded)
   at Microsoft.VisualStudio.TestTools.UITesting.WinPropertyProvider.SetEditProperty(String propertyName, Object value)
   at Microsoft.VisualStudio.TestTools.UITesting.WinPropertyProvider.SetPropertyValue(UITestControl uiControl, String propertyName, Object value)
   at Microsoft.VisualStudio.TestTools.UITesting.UITestPropertyProvider.SetPropertyValueWrapper(UITestControl uiControl, String propertyName, Object value)
   at Microsoft.VisualStudio.TestTools.UITesting.UITestControl.SetPropertyValue(String propertyName, Object propertyValue)
   --- End of inner exception stack trace ---
   at Microsoft.VisualStudio.TestTools.UITesting.Playback.MapAndThrowComException(COMException innerException, IPlaybackContext context)
   at Microsoft.VisualStudio.TestTools.UITesting.Playback.MapAndThrowException(SystemException exception, IPlaybackContext context)
   at Microsoft.VisualStudio.TestTools.UITesting.Playback.MapAndThrowException(SystemException exception, String actionName, UITestControl uiControl)
   at Microsoft.VisualStudio.TestTools.UITesting.Playback.MapAndThrowException(SystemException exception, String actionName, Object parameterValue, UITestControl uiControl)
   at Microsoft.VisualStudio.TestTools.UITesting.UITestControl.SetPropertyValue(String propertyName, Object propertyValue)
   at Microsoft.VisualStudio.TestTools.UITesting.UITestControl.SetProperty(String propertyName, Object value)
W, 4588, 15, 2013/06/26, 21:20:42.937, 136502659231, QTAgent32.exe, IEDOM : StopSession of the plugin called before StartSession
W, 4588, 15, 2013/06/26, 21:20:42.937, 136502659638, QTAgent32.exe, UIA : StopSession of the plugin called before StartSession
</DebugTrace>
        <ErrorInfo>
          <Message>Test method AdresboekTest.RecordAndReplay.TestEmail threw exception: 
Microsoft.VisualStudio.TestTools.UITest.Extension.PlaybackFailureException: Cannot perform 'SetProperty of Text with value ".iets@hotmail.com"' on the control. Additional Details: 
TechnologyName:  'MSAA'
ControlType:  'Edit'
 ---&gt; System.Runtime.InteropServices.COMException: Exception from HRESULT: 0xF004F006</Message>
          <StackTrace>    at Microsoft.VisualStudio.TestTools.UITest.Playback.Engine.IScreenElement.SetValueAsEditBox(String bstrNewValue, Int32 nSetValueAsEditBoxFlag)
   at Microsoft.VisualStudio.TestTools.UITest.Playback.ScreenElement.SetValueAsEditBox(String value, Boolean isEncoded, Int32 flag)
   at Microsoft.VisualStudio.TestTools.UITest.Playback.ScreenElement.SetValueAsEditBox(String value, Boolean isEncoded)
   at Microsoft.VisualStudio.TestTools.UITesting.WinPropertyProvider.SetEditProperty(String propertyName, Object value)
   at Microsoft.VisualStudio.TestTools.UITesting.WinPropertyProvider.SetPropertyValue(UITestControl uiControl, String propertyName, Object value)
   at Microsoft.VisualStudio.TestTools.UITesting.UITestPropertyProvider.SetPropertyValueWrapper(UITestControl uiControl, String propertyName, Object value)
   at Microsoft.VisualStudio.TestTools.UITesting.UITestControl.SetPropertyValue(String propertyName, Object propertyValue)
 --- End of inner exception stack trace ---
    at Microsoft.VisualStudio.TestTools.UITesting.Playback.MapAndThrowComException(COMException innerException, IPlaybackContext context)
   at Microsoft.VisualStudio.TestTools.UITesting.Playback.MapAndThrowException(SystemException exception, IPlaybackContext context)
   at Microsoft.VisualStudio.TestTools.UITesting.Playback.MapAndThrowException(SystemException exception, String actionName, UITestControl uiControl)
   at Microsoft.VisualStudio.TestTools.UITesting.Playback.MapAndThrowException(SystemException exception, String actionName, Object parameterValue, UITestControl uiControl)
   at Microsoft.VisualStudio.TestTools.UITesting.UITestControl.SetPropertyValue(String propertyName, Object propertyValue)
   at Microsoft.VisualStudio.TestTools.UITesting.UITestControl.SetProperty(String propertyName, Object value)
   at Microsoft.VisualStudio.TestTools.UITesting.WinControls.WinEdit.set_Text(String value)
   at AdresboekTest.UIMap.DotFirst() in C:\Users\Bas\Desktop\Softwaretesting\edu.3725154.SoftwareTesting\Adresboek\AdresboekTest\UIMap.Designer.cs:line 822
   at AdresboekTest.RecordAndReplay.TestEmail() in C:\Users\Bas\Desktop\Softwaretesting\edu.3725154.SoftwareTesting\Adresboek\AdresboekTest\RecordAndReplay.cs:line 76
</StackTrace>
        </ErrorInfo>
      </Output>
      <ResultFiles>
        <ResultFile path="BAS-PC\TestEmail.png" />
      </ResultFiles>
      <ExtensionResult>Exception has been thrown by the target of an invocation.</ExtensionResult>
    </UnitTestResult>
  </Results>
</TestRun>