<?xml version="1.0" encoding="UTF-8"?>
<TestRun id="186bf676-e7a8-4b96-808d-e9ffdbb11c06" name="Bas@BAS-PC 2013-06-26 21:09:07" runUser="Bas-PC\Bas" xmlns="http://microsoft.com/schemas/VisualStudio/TeamTest/2010">
  <TestSettings name="Local" id="2aa66af6-b3b9-40d6-82a8-b5cc062499d2">
    <Description>These are default test settings for a local test run.</Description>
    <Deployment runDeploymentRoot="Bas_BAS-PC 2013-06-26 21_09_07">
      <DeploymentItem filename="C:\Users\Bas\Desktop\Softwaretesting\edu.3725154.SoftwareTesting\Adresboek\Adresboek\bin\Debug\Adresboek.exe" />
    </Deployment>
    <Execution>
      <TestTypeSpecific>
        <UnitTestRunConfig testTypeId="13cdc9d9-ddb5-4fa4-a97d-d965ccfc6d4b">
          <AssemblyResolution>
            <TestDirectory useLoadContext="true" />
          </AssemblyResolution>
        </UnitTestRunConfig>
        <WebTestRunConfiguration testTypeId="4e7599fa-5ecb-43e9-a887-cd63cf72d207">
          <Browser name="Internet Explorer 7.0">
            <Headers>
              <Header name="User-Agent" value="Mozilla/4.0 (compatible; MSIE 7.0; Windows NT 5.1)" />
              <Header name="Accept" value="*/*" />
              <Header name="Accept-Language" value="{{$IEAcceptLanguage}}" />
              <Header name="Accept-Encoding" value="GZIP" />
            </Headers>
          </Browser>
        </WebTestRunConfiguration>
      </TestTypeSpecific>
      <AgentRule name="LocalMachineDefaultRole">
        <DataCollectors>
          <DataCollector uri="datacollector://microsoft/CodeCoverage/1.0" assemblyQualifiedName="Microsoft.VisualStudio.TestTools.CodeCoverage.CoveragePlugIn, Microsoft.VisualStudio.QualityTools.Plugins.CodeCoverage, Version=10.0.0.0, Culture=neutral, PublicKeyToken=b03f5f7f11d50a3a" friendlyName="Code Coverage">
            <Configuration>
              <CodeCoverage xmlns="">
                <Regular>
                  <CodeCoverageItem binaryFile="C:\Users\Bas\Desktop\Softwaretesting\edu.3725154.SoftwareTesting\Adresboek\Adresboek\bin\Debug\Adresboek.exe" pdbFile="C:\Users\Bas\Desktop\Softwaretesting\edu.3725154.SoftwareTesting\Adresboek\Adresboek\bin\Debug\Adresboek.instr.pdb" instrumentInPlace="true" />
                </Regular>
              </CodeCoverage>
            </Configuration>
          </DataCollector>
        </DataCollectors>
      </AgentRule>
    </Execution>
  </TestSettings>
  <Times creation="2013-06-26T21:09:07.9209819+02:00" queuing="2013-06-26T21:09:08.5880200+02:00" start="2013-06-26T21:09:08.6240221+02:00" finish="2013-06-26T21:09:13.6103073+02:00" />
  <ResultSummary outcome="Completed">
    <Counters total="1" executed="1" passed="1" error="0" failed="0" timeout="0" aborted="0" inconclusive="0" passedButRunAborted="0" notRunnable="0" notExecuted="0" disconnected="0" warning="0" completed="0" inProgress="0" pending="0" />
    <ResultFiles>
      <ResultFile path="BAS-PC\data.coverage" />
    </ResultFiles>
  </ResultSummary>
  <TestDefinitions>
    <UnitTest name="TEST" storage="c:\users\bas\desktop\softwaretesting\edu.3725154.softwaretesting\adresboek\adresboektest\bin\debug\adresboektest.dll" id="ba2416d0-0ad2-a29d-ddfa-0f64dad4cc66">
      <Execution id="33d17ad4-605e-46c0-b8ae-5d327b099b8c" />
      <TestMethod codeBase="C:/Users/Bas/Desktop/Softwaretesting/edu.3725154.SoftwareTesting/Adresboek/AdresboekTest/bin/Debug/AdresboekTest.DLL" adapterTypeName="Microsoft.VisualStudio.TestTools.TestTypes.Unit.UnitTestAdapter, Microsoft.VisualStudio.QualityTools.Tips.UnitTest.Adapter, Version=10.0.0.0, Culture=neutral, PublicKeyToken=b03f5f7f11d50a3a" className="AdresboekTest.RecordAndReplay, AdresboekTest, Version=1.0.0.0, Culture=neutral, PublicKeyToken=null" name="TEST" />
      <Extension>Microsoft.VisualStudio.TestTools.UITesting.CodedUITestAttribute, Microsoft.VisualStudio.QualityTools.CodedUITestFramework, Version=10.0.0.0, Culture=neutral, PublicKeyToken=b03f5f7f11d50a3a</Extension>
    </UnitTest>
  </TestDefinitions>
  <TestLists>
    <TestList name="Results Not in a List" id="8c84fa94-04c1-424b-9868-57a2d4851a1d" />
    <TestList name="All Loaded Results" id="19431567-8539-422a-85d7-44ee4e166bda" />
  </TestLists>
  <TestEntries>
    <TestEntry testId="ba2416d0-0ad2-a29d-ddfa-0f64dad4cc66" executionId="33d17ad4-605e-46c0-b8ae-5d327b099b8c" testListId="8c84fa94-04c1-424b-9868-57a2d4851a1d" />
  </TestEntries>
  <Results>
    <UnitTestResult executionId="33d17ad4-605e-46c0-b8ae-5d327b099b8c" testId="ba2416d0-0ad2-a29d-ddfa-0f64dad4cc66" testName="TEST" computerName="BAS-PC" duration="00:00:02.6162262" startTime="2013-06-26T21:09:09.2550582+02:00" endTime="2013-06-26T21:09:12.2102272+02:00" testType="13cdc9d9-ddb5-4fa4-a97d-d965ccfc6d4b" outcome="Passed" testListId="8c84fa94-04c1-424b-9868-57a2d4851a1d" relativeResultsDirectory="33d17ad4-605e-46c0-b8ae-5d327b099b8c">
      <Output>
        <DebugTrace>W, 5632, 15, 2013/06/26, 21:09:11.039, 134480206569, QTAgent32.exe, &lt;a class=success&gt;Playback - {1} [SUCCESS] MouseButtonClick - "[MSAA, VisibleOnly]ControlType='Button' &amp;&amp; Name='View'"
\0&lt;/a&gt;
W, 5632, 15, 2013/06/26, 21:09:11.416, 134481309255, QTAgent32.exe, &lt;a class=success&gt;Playback - {2} [SUCCESS] MouseButtonClick - "[MSAA, VisibleOnly]ControlType='Button' &amp;&amp; Name='Search'"
\0&lt;/a&gt;
W, 5632, 15, 2013/06/26, 21:09:11.950, 134482870150, QTAgent32.exe, &lt;a class=success&gt;Playback - {3} [SUCCESS] MouseButtonClick - "[MSAA, VisibleOnly]ControlType='Button' &amp;&amp; Name='Remove all'"
\0&lt;/a&gt;
W, 5632, 15, 2013/06/26, 21:09:12.198, 134483596191, QTAgent32.exe, IEDOM : StopSession of the plugin called before StartSession
W, 5632, 15, 2013/06/26, 21:09:12.198, 134483596468, QTAgent32.exe, UIA : StopSession of the plugin called before StartSession
</DebugTrace>
      </Output>
    </UnitTestResult>
  </Results>
</TestRun>