<?xml version="1.0" encoding="UTF-8"?>
<TestRun id="74bdf3b5-640f-4bfa-8b68-c05e618f3e7f" name="Bas@BAS-PC 2013-06-26 21:52:58" runUser="Bas-PC\Bas" xmlns="http://microsoft.com/schemas/VisualStudio/TeamTest/2010">
  <TestSettings name="Local" id="2aa66af6-b3b9-40d6-82a8-b5cc062499d2">
    <Description>These are default test settings for a local test run.</Description>
    <Deployment runDeploymentRoot="Bas_BAS-PC 2013-06-26 21_52_58">
      <DeploymentItem filename="C:\Users\Bas\Desktop\Softwaretesting\Adresboek\Adresboek\bin\Debug\Adresboek.exe" />
    </Deployment>
    <Execution>
      <TestTypeSpecific>
        <UnitTestRunConfig testTypeId="13cdc9d9-ddb5-4fa4-a97d-d965ccfc6d4b">
          <AssemblyResolution>
            <TestDirectory useLoadContext="true" />
          </AssemblyResolution>
        </UnitTestRunConfig>
        <WebTestRunConfiguration testTypeId="4e7599fa-5ecb-43e9-a887-cd63cf72d207">
          <Browser name="Internet Explorer 7.0">
            <Headers>
              <Header name="User-Agent" value="Mozilla/4.0 (compatible; MSIE 7.0; Windows NT 5.1)" />
              <Header name="Accept" value="*/*" />
              <Header name="Accept-Language" value="{{$IEAcceptLanguage}}" />
              <Header name="Accept-Encoding" value="GZIP" />
            </Headers>
          </Browser>
        </WebTestRunConfiguration>
      </TestTypeSpecific>
      <AgentRule name="LocalMachineDefaultRole">
        <DataCollectors>
          <DataCollector uri="datacollector://microsoft/CodeCoverage/1.0" assemblyQualifiedName="Microsoft.VisualStudio.TestTools.CodeCoverage.CoveragePlugIn, Microsoft.VisualStudio.QualityTools.Plugins.CodeCoverage, Version=10.0.0.0, Culture=neutral, PublicKeyToken=b03f5f7f11d50a3a" friendlyName="Code Coverage">
            <Configuration>
              <CodeCoverage xmlns="">
                <Regular>
                  <CodeCoverageItem binaryFile="C:\Users\Bas\Desktop\Softwaretesting\Adresboek\Adresboek\bin\Debug\Adresboek.exe" pdbFile="C:\Users\Bas\Desktop\Softwaretesting\Adresboek\Adresboek\bin\Debug\Adresboek.instr.pdb" instrumentInPlace="true" />
                </Regular>
              </CodeCoverage>
            </Configuration>
          </DataCollector>
        </DataCollectors>
      </AgentRule>
    </Execution>
  </TestSettings>
  <Times creation="2013-06-26T21:52:58.9989569+02:00" queuing="2013-06-26T21:53:02.5861621+02:00" start="2013-06-26T21:53:02.7231699+02:00" finish="2013-06-27T00:53:24.5593466+02:00" />
  <ResultSummary outcome="Error">
    <Counters total="6" error="0" failed="0" timeout="0" aborted="0" inconclusive="0" passedButRunAborted="0" notRunnable="0" notExecuted="5" disconnected="0" warning="0" passed="0" completed="0" inProgress="0" pending="0" />
    <RunInfos>
      <RunInfo computerName="BAS-PC" outcome="Error" timestamp="2013-06-27T00:53:24.5143440+02:00">
        <Text>The connection to the controller was lost.</Text>
      </RunInfo>
    </RunInfos>
    <ResultFiles>
      <ResultFile path="BAS-PC\data.coverage" />
    </ResultFiles>
  </ResultSummary>
  <TestDefinitions>
    <UnitTest name="TestSwitchingViews" storage="c:\users\bas\desktop\softwaretesting\adresboek\adresboektest\bin\debug\adresboektest.dll" id="b0e3743f-f45f-f807-d44f-c69c7a0f26fc">
      <Execution id="3ea9d9c6-793f-4de3-9565-5f79b30a093c" />
      <TestMethod codeBase="C:/Users/Bas/Desktop/Softwaretesting/Adresboek/AdresboekTest/bin/Debug/AdresboekTest.DLL" adapterTypeName="Microsoft.VisualStudio.TestTools.TestTypes.Unit.UnitTestAdapter, Microsoft.VisualStudio.QualityTools.Tips.UnitTest.Adapter, Version=10.0.0.0, Culture=neutral, PublicKeyToken=b03f5f7f11d50a3a" className="AdresboekTest.RecordAndReplay, AdresboekTest, Version=1.0.0.0, Culture=neutral, PublicKeyToken=null" name="TestSwitchingViews" />
      <Extension>Microsoft.VisualStudio.TestTools.UITesting.CodedUITestAttribute, Microsoft.VisualStudio.QualityTools.CodedUITestFramework, Version=10.0.0.0, Culture=neutral, PublicKeyToken=b03f5f7f11d50a3a</Extension>
    </UnitTest>
    <UnitTest name="TestAddAdressbook" storage="c:\users\bas\desktop\softwaretesting\adresboek\adresboektest\bin\debug\adresboektest.dll" id="04cdc5c6-7caa-c214-3fde-ec3b17b314d1">
      <Execution id="c05f4682-f665-4657-af7c-2f92ab4e2404" />
      <TestMethod codeBase="C:/Users/Bas/Desktop/Softwaretesting/Adresboek/AdresboekTest/bin/Debug/AdresboekTest.DLL" adapterTypeName="Microsoft.VisualStudio.TestTools.TestTypes.Unit.UnitTestAdapter, Microsoft.VisualStudio.QualityTools.Tips.UnitTest.Adapter, Version=10.0.0.0, Culture=neutral, PublicKeyToken=b03f5f7f11d50a3a" className="AdresboekTest.RecordAndReplay, AdresboekTest, Version=1.0.0.0, Culture=neutral, PublicKeyToken=null" name="TestAddAdressbook" />
      <Extension>Microsoft.VisualStudio.TestTools.UITesting.CodedUITestAttribute, Microsoft.VisualStudio.QualityTools.CodedUITestFramework, Version=10.0.0.0, Culture=neutral, PublicKeyToken=b03f5f7f11d50a3a</Extension>
    </UnitTest>
    <UnitTest name="TestAdressbook" storage="c:\users\bas\desktop\softwaretesting\adresboek\adresboektest\bin\debug\adresboektest.dll" id="01e9d56f-ff67-457b-95c6-4b556a70f386">
      <Execution id="b9f5787b-92ec-4fef-a0e3-d62578f6189c" />
      <TestMethod codeBase="C:/Users/Bas/Desktop/Softwaretesting/Adresboek/AdresboekTest/bin/Debug/AdresboekTest.DLL" adapterTypeName="Microsoft.VisualStudio.TestTools.TestTypes.Unit.UnitTestAdapter, Microsoft.VisualStudio.QualityTools.Tips.UnitTest.Adapter, Version=10.0.0.0, Culture=neutral, PublicKeyToken=b03f5f7f11d50a3a" className="AdresboekTest.RecordAndReplay, AdresboekTest, Version=1.0.0.0, Culture=neutral, PublicKeyToken=null" name="TestAdressbook" />
      <Extension>Microsoft.VisualStudio.TestTools.UITesting.CodedUITestAttribute, Microsoft.VisualStudio.QualityTools.CodedUITestFramework, Version=10.0.0.0, Culture=neutral, PublicKeyToken=b03f5f7f11d50a3a</Extension>
    </UnitTest>
    <UnitTest name="TestEmail" storage="c:\users\bas\desktop\softwaretesting\adresboek\adresboektest\bin\debug\adresboektest.dll" id="ecf14cdf-a816-c9c9-b486-338ae3a984be">
      <Execution id="4c2298a7-b23c-44fc-ab41-e020f2663244" />
      <TestMethod codeBase="C:/Users/Bas/Desktop/Softwaretesting/Adresboek/AdresboekTest/bin/Debug/AdresboekTest.DLL" adapterTypeName="Microsoft.VisualStudio.TestTools.TestTypes.Unit.UnitTestAdapter, Microsoft.VisualStudio.QualityTools.Tips.UnitTest.Adapter, Version=10.0.0.0, Culture=neutral, PublicKeyToken=b03f5f7f11d50a3a" className="AdresboekTest.RecordAndReplay, AdresboekTest, Version=1.0.0.0, Culture=neutral, PublicKeyToken=null" name="TestEmail" />
      <Extension>Microsoft.VisualStudio.TestTools.UITesting.CodedUITestAttribute, Microsoft.VisualStudio.QualityTools.CodedUITestFramework, Version=10.0.0.0, Culture=neutral, PublicKeyToken=b03f5f7f11d50a3a</Extension>
    </UnitTest>
    <UnitTest name="TestRemove" storage="c:\users\bas\desktop\softwaretesting\adresboek\adresboektest\bin\debug\adresboektest.dll" id="19945944-a8d7-5865-9d24-bb159a9f92f7">
      <Execution id="07845ceb-5ab8-4c37-ad8c-29836fa463d6" />
      <TestMethod codeBase="C:/Users/Bas/Desktop/Softwaretesting/Adresboek/AdresboekTest/bin/Debug/AdresboekTest.DLL" adapterTypeName="Microsoft.VisualStudio.TestTools.TestTypes.Unit.UnitTestAdapter, Microsoft.VisualStudio.QualityTools.Tips.UnitTest.Adapter, Version=10.0.0.0, Culture=neutral, PublicKeyToken=b03f5f7f11d50a3a" className="AdresboekTest.RecordAndReplay, AdresboekTest, Version=1.0.0.0, Culture=neutral, PublicKeyToken=null" name="TestRemove" />
      <Extension>Microsoft.VisualStudio.TestTools.UITesting.CodedUITestAttribute, Microsoft.VisualStudio.QualityTools.CodedUITestFramework, Version=10.0.0.0, Culture=neutral, PublicKeyToken=b03f5f7f11d50a3a</Extension>
    </UnitTest>
    <UnitTest name="TestName" storage="c:\users\bas\desktop\softwaretesting\adresboek\adresboektest\bin\debug\adresboektest.dll" id="ff1d36de-df47-0a9f-9f67-ff714225cbd5">
      <Execution id="645a0fb6-5553-4721-b160-4432b0853296" />
      <TestMethod codeBase="C:/Users/Bas/Desktop/Softwaretesting/Adresboek/AdresboekTest/bin/Debug/AdresboekTest.DLL" adapterTypeName="Microsoft.VisualStudio.TestTools.TestTypes.Unit.UnitTestAdapter, Microsoft.VisualStudio.QualityTools.Tips.UnitTest.Adapter, Version=10.0.0.0, Culture=neutral, PublicKeyToken=b03f5f7f11d50a3a" className="AdresboekTest.RecordAndReplay, AdresboekTest, Version=1.0.0.0, Culture=neutral, PublicKeyToken=null" name="TestName" />
      <Extension>Microsoft.VisualStudio.TestTools.UITesting.CodedUITestAttribute, Microsoft.VisualStudio.QualityTools.CodedUITestFramework, Version=10.0.0.0, Culture=neutral, PublicKeyToken=b03f5f7f11d50a3a</Extension>
    </UnitTest>
  </TestDefinitions>
  <TestLists>
    <TestList name="Results Not in a List" id="8c84fa94-04c1-424b-9868-57a2d4851a1d" />
    <TestList name="All Loaded Results" id="19431567-8539-422a-85d7-44ee4e166bda" />
  </TestLists>
  <TestEntries>
    <TestEntry testId="01e9d56f-ff67-457b-95c6-4b556a70f386" executionId="b9f5787b-92ec-4fef-a0e3-d62578f6189c" testListId="8c84fa94-04c1-424b-9868-57a2d4851a1d" />
    <TestEntry testId="04cdc5c6-7caa-c214-3fde-ec3b17b314d1" executionId="c05f4682-f665-4657-af7c-2f92ab4e2404" testListId="8c84fa94-04c1-424b-9868-57a2d4851a1d" />
    <TestEntry testId="19945944-a8d7-5865-9d24-bb159a9f92f7" executionId="07845ceb-5ab8-4c37-ad8c-29836fa463d6" testListId="8c84fa94-04c1-424b-9868-57a2d4851a1d" />
    <TestEntry testId="b0e3743f-f45f-f807-d44f-c69c7a0f26fc" executionId="3ea9d9c6-793f-4de3-9565-5f79b30a093c" testListId="8c84fa94-04c1-424b-9868-57a2d4851a1d" />
    <TestEntry testId="ecf14cdf-a816-c9c9-b486-338ae3a984be" executionId="4c2298a7-b23c-44fc-ab41-e020f2663244" testListId="8c84fa94-04c1-424b-9868-57a2d4851a1d" />
    <TestEntry testId="ff1d36de-df47-0a9f-9f67-ff714225cbd5" executionId="645a0fb6-5553-4721-b160-4432b0853296" testListId="8c84fa94-04c1-424b-9868-57a2d4851a1d" />
  </TestEntries>
  <Results>
    <UnitTestResult executionId="b9f5787b-92ec-4fef-a0e3-d62578f6189c" testId="01e9d56f-ff67-457b-95c6-4b556a70f386" testName="TestAdressbook" computerName="BAS-PC" duration="03:01:03.7369309" startTime="2013-06-26T21:53:04.8912939+02:00" testType="13cdc9d9-ddb5-4fa4-a97d-d965ccfc6d4b" outcome="Timeout" testListId="8c84fa94-04c1-424b-9868-57a2d4851a1d" relativeResultsDirectory="b9f5787b-92ec-4fef-a0e3-d62578f6189c">
    </UnitTestResult>
    <UnitTestResult executionId="c05f4682-f665-4657-af7c-2f92ab4e2404" testId="04cdc5c6-7caa-c214-3fde-ec3b17b314d1" testName="TestAddAdressbook" computerName="BAS-PC" testType="13cdc9d9-ddb5-4fa4-a97d-d965ccfc6d4b" outcome="NotExecuted" testListId="8c84fa94-04c1-424b-9868-57a2d4851a1d" relativeResultsDirectory="c05f4682-f665-4657-af7c-2f92ab4e2404">
    </UnitTestResult>
    <UnitTestResult executionId="07845ceb-5ab8-4c37-ad8c-29836fa463d6" testId="19945944-a8d7-5865-9d24-bb159a9f92f7" testName="TestRemove" computerName="BAS-PC" testType="13cdc9d9-ddb5-4fa4-a97d-d965ccfc6d4b" outcome="NotExecuted" testListId="8c84fa94-04c1-424b-9868-57a2d4851a1d" relativeResultsDirectory="07845ceb-5ab8-4c37-ad8c-29836fa463d6">
    </UnitTestResult>
    <UnitTestResult executionId="3ea9d9c6-793f-4de3-9565-5f79b30a093c" testId="b0e3743f-f45f-f807-d44f-c69c7a0f26fc" testName="TestSwitchingViews" computerName="BAS-PC" testType="13cdc9d9-ddb5-4fa4-a97d-d965ccfc6d4b" outcome="NotExecuted" testListId="8c84fa94-04c1-424b-9868-57a2d4851a1d" relativeResultsDirectory="3ea9d9c6-793f-4de3-9565-5f79b30a093c">
    </UnitTestResult>
    <UnitTestResult executionId="4c2298a7-b23c-44fc-ab41-e020f2663244" testId="ecf14cdf-a816-c9c9-b486-338ae3a984be" testName="TestEmail" computerName="BAS-PC" testType="13cdc9d9-ddb5-4fa4-a97d-d965ccfc6d4b" outcome="NotExecuted" testListId="8c84fa94-04c1-424b-9868-57a2d4851a1d" relativeResultsDirectory="4c2298a7-b23c-44fc-ab41-e020f2663244">
    </UnitTestResult>
    <UnitTestResult executionId="645a0fb6-5553-4721-b160-4432b0853296" testId="ff1d36de-df47-0a9f-9f67-ff714225cbd5" testName="TestName" computerName="BAS-PC" testType="13cdc9d9-ddb5-4fa4-a97d-d965ccfc6d4b" outcome="NotExecuted" testListId="8c84fa94-04c1-424b-9868-57a2d4851a1d" relativeResultsDirectory="645a0fb6-5553-4721-b160-4432b0853296">
    </UnitTestResult>
  </Results>
</TestRun>