<?xml version="1.0" encoding="UTF-8"?>
<TestRun id="2024e3de-f950-486a-81c4-f7931ceb6e59" name="Bas@BAS-PC 2013-06-25 01:35:01" runUser="Bas-PC\Bas" xmlns="http://microsoft.com/schemas/VisualStudio/TeamTest/2010">
  <TestSettings name="Local" id="2aa66af6-b3b9-40d6-82a8-b5cc062499d2">
    <Description>These are default test settings for a local test run.</Description>
    <Deployment runDeploymentRoot="Bas_BAS-PC 2013-06-25 01_35_01">
      <DeploymentItem filename="C:\Users\Bas\Desktop\Softwaretesting\edu.3725154.SoftwareTesting\Adresboek\Adresboek\bin\Debug\Adresboek.exe" />
    </Deployment>
    <Execution>
      <TestTypeSpecific>
        <UnitTestRunConfig testTypeId="13cdc9d9-ddb5-4fa4-a97d-d965ccfc6d4b">
          <AssemblyResolution>
            <TestDirectory useLoadContext="true" />
          </AssemblyResolution>
        </UnitTestRunConfig>
        <WebTestRunConfiguration testTypeId="4e7599fa-5ecb-43e9-a887-cd63cf72d207">
          <Browser name="Internet Explorer 7.0">
            <Headers>
              <Header name="User-Agent" value="Mozilla/4.0 (compatible; MSIE 7.0; Windows NT 5.1)" />
              <Header name="Accept" value="*/*" />
              <Header name="Accept-Language" value="{{$IEAcceptLanguage}}" />
              <Header name="Accept-Encoding" value="GZIP" />
            </Headers>
          </Browser>
        </WebTestRunConfiguration>
      </TestTypeSpecific>
      <AgentRule name="LocalMachineDefaultRole">
        <DataCollectors>
          <DataCollector uri="datacollector://microsoft/CodeCoverage/1.0" assemblyQualifiedName="Microsoft.VisualStudio.TestTools.CodeCoverage.CoveragePlugIn, Microsoft.VisualStudio.QualityTools.Plugins.CodeCoverage, Version=10.0.0.0, Culture=neutral, PublicKeyToken=b03f5f7f11d50a3a" friendlyName="Code Coverage">
            <Configuration>
              <CodeCoverage xmlns="">
                <Regular>
                  <CodeCoverageItem binaryFile="C:\Users\Bas\Desktop\Softwaretesting\edu.3725154.SoftwareTesting\Adresboek\Adresboek\bin\Debug\Adresboek.exe" pdbFile="C:\Users\Bas\Desktop\Softwaretesting\edu.3725154.SoftwareTesting\Adresboek\Adresboek\bin\Debug\Adresboek.instr.pdb" instrumentInPlace="true" />
                </Regular>
              </CodeCoverage>
            </Configuration>
          </DataCollector>
        </DataCollectors>
      </AgentRule>
    </Execution>
  </TestSettings>
  <Times creation="2013-06-25T01:35:01.4010334+02:00" queuing="2013-06-25T01:35:02.2160800+02:00" start="2013-06-25T01:35:02.2520821+02:00" finish="2013-06-25T01:35:36.7750567+02:00" />
  <ResultSummary outcome="Completed">
    <Counters total="1" executed="1" passed="1" error="0" failed="0" timeout="0" aborted="0" inconclusive="0" passedButRunAborted="0" notRunnable="0" notExecuted="0" disconnected="0" warning="0" completed="0" inProgress="0" pending="0" />
    <ResultFiles>
      <ResultFile path="BAS-PC\data.coverage" />
    </ResultFiles>
  </ResultSummary>
  <TestDefinitions>
    <UnitTest name="TestMethod2" storage="c:\users\bas\desktop\softwaretesting\edu.3725154.softwaretesting\adresboek\adresboektest\bin\debug\adresboektest.dll" id="ad0605a3-2877-4766-fa82-088cac704f9f">
      <Execution id="86d8b189-a7a7-45dd-aa2e-4a4ee62e8330" />
      <TestMethod codeBase="C:/Users/Bas/Desktop/Softwaretesting/edu.3725154.SoftwareTesting/Adresboek/AdresboekTest/bin/Debug/AdresboekTest.DLL" adapterTypeName="Microsoft.VisualStudio.TestTools.TestTypes.Unit.UnitTestAdapter, Microsoft.VisualStudio.QualityTools.Tips.UnitTest.Adapter, Version=10.0.0.0, Culture=neutral, PublicKeyToken=b03f5f7f11d50a3a" className="AdresboekTest.CodedUITest1, AdresboekTest, Version=1.0.0.0, Culture=neutral, PublicKeyToken=null" name="TestMethod2" />
      <Extension>Microsoft.VisualStudio.TestTools.UITesting.CodedUITestAttribute, Microsoft.VisualStudio.QualityTools.CodedUITestFramework, Version=10.0.0.0, Culture=neutral, PublicKeyToken=b03f5f7f11d50a3a</Extension>
    </UnitTest>
  </TestDefinitions>
  <TestLists>
    <TestList name="Results Not in a List" id="8c84fa94-04c1-424b-9868-57a2d4851a1d" />
    <TestList name="All Loaded Results" id="19431567-8539-422a-85d7-44ee4e166bda" />
  </TestLists>
  <TestEntries>
    <TestEntry testId="ad0605a3-2877-4766-fa82-088cac704f9f" executionId="86d8b189-a7a7-45dd-aa2e-4a4ee62e8330" testListId="8c84fa94-04c1-424b-9868-57a2d4851a1d" />
  </TestEntries>
  <Results>
    <UnitTestResult executionId="86d8b189-a7a7-45dd-aa2e-4a4ee62e8330" testId="ad0605a3-2877-4766-fa82-088cac704f9f" testName="TestMethod2" computerName="BAS-PC" duration="00:00:31.5017522" startTime="2013-06-25T01:35:02.8831181+02:00" endTime="2013-06-25T01:35:34.7349400+02:00" testType="13cdc9d9-ddb5-4fa4-a97d-d965ccfc6d4b" outcome="Passed" testListId="8c84fa94-04c1-424b-9868-57a2d4851a1d" relativeResultsDirectory="86d8b189-a7a7-45dd-aa2e-4a4ee62e8330">
      <Output>
        <DebugTrace>W, 10216, 15, 2013/06/25, 01:35:04.363, 54035969432, QTAgent32.exe, &lt;a class=success&gt;Playback - {1} [SUCCESS] MouseButtonClick - "[MSAA, VisibleOnly]ControlType='Button' &amp;&amp; Name='View'"
\0&lt;/a&gt;
W, 10216, 15, 2013/06/25, 01:35:04.663, 54036846892, QTAgent32.exe, &lt;a class=success&gt;Playback - {2} [SUCCESS] MouseButtonClick - "[MSAA, VisibleOnly]ControlType='Edit'"
\0&lt;/a&gt;
W, 10216, 15, 2013/06/25, 01:35:04.935, 54037643338, QTAgent32.exe, Value in en-US resource 'Maximaliseren' does not match the defaultvalue 'Maximize'
W, 10216, 15, 2013/06/25, 01:35:04.936, 54037644276, QTAgent32.exe, Value in en-US resource 'Vorig formaat' does not match the defaultvalue 'Restore'
W, 10216, 15, 2013/06/25, 01:35:04.946, 54037674991, QTAgent32.exe, Value in en-US resource 'Vorige' does not match the defaultvalue 'Back'
W, 10216, 15, 2013/06/25, 01:35:04.946, 54037675458, QTAgent32.exe, Value in en-US resource 'Volgende' does not match the defaultvalue 'Forward'
W, 10216, 15, 2013/06/25, 01:35:04.946, 54037675851, QTAgent32.exe, Value in en-US resource 'Vernieuwen (F5)' does not match the defaultvalue 'Refresh (F5)'
W, 10216, 15, 2013/06/25, 01:35:04.947, 54037676402, QTAgent32.exe, Value in en-US resource 'Stoppen (Esc)' does not match the defaultvalue 'Stop (Esc)'
W, 10216, 15, 2013/06/25, 01:35:04.947, 54037677007, QTAgent32.exe, Value in en-US resource 'Adresbalk met automatisch aanvullen weergeven' does not match the defaultvalue 'Show Address Bar Autocomplete'
W, 10216, 15, 2013/06/25, 01:35:04.947, 54037677593, QTAgent32.exe, Value in en-US resource 'Adres en zoeken met %s' does not match the defaultvalue 'Address'
W, 10216, 15, 2013/06/25, 01:35:04.947, 54037677725, QTAgent32.exe, Value in en-US resource 'Bestand selecteren voor uploaden' does not match the defaultvalue 'Choose file'
W, 10216, 15, 2013/06/25, 01:35:04.947, 54037678087, QTAgent32.exe, Value in en-US resource 'Melding' does not match the defaultvalue 'Notification Bar'
W, 10216, 15, 2013/06/25, 01:35:04.951, 54037687783, QTAgent32.exe, Value in en-US resource 'Microsoft SmartScreen-filter' does not match the defaultvalue 'Microsoft Phishing Filter'
W, 10216, 15, 2013/06/25, 01:35:04.951, 54037688232, QTAgent32.exe, Value in en-US resource 'Automatisch aanvullen' does not match the defaultvalue 'AutoComplete'
W, 10216, 15, 2013/06/25, 01:35:04.951, 54037688671, QTAgent32.exe, Value in en-US resource 'Wachtwoorden automatisch aanvullen' does not match the defaultvalue 'AutoComplete Passwords'
E, 10216, 15, 2013/06/25, 01:35:04.951, 54037689388, QTAgent32.exe, LoadLibrary() : Unable to find the resource 37382 from assembly C:\Windows\system32\nl-NL\ieframe.dll.mui: Error1814
E, 10216, 15, 2013/06/25, 01:35:04.951, 54037690246, QTAgent32.exe, LoadLibrary() : Unable to find the resource 41728 from assembly C:\Windows\system32\nl-NL\ieframe.dll.mui: Error1814
E, 10216, 15, 2013/06/25, 01:35:04.952, 54037690641, QTAgent32.exe, LoadLibrary() : Unable to find the resource 8131 from assembly C:\Windows\system32\nl-NL\ieframe.dll.mui: Error1814
E, 10216, 15, 2013/06/25, 01:35:04.952, 54037690985, QTAgent32.exe, LoadLibrary() : Unable to find the resource 8131 from assembly C:\Windows\system32\nl-NL\ieframe.dll.mui: Error1814
W, 10216, 15, 2013/06/25, 01:35:04.952, 54037691372, QTAgent32.exe, Value in en-US resource 'Sluiten' does not match the defaultvalue 'Close'
E, 10216, 15, 2013/06/25, 01:35:04.952, 54037691677, QTAgent32.exe, LoadLibrary() : Unable to find the resource 8131 from assembly C:\Windows\system32\nl-NL\ieframe.dll.mui: Error1814
W, 10216, 15, 2013/06/25, 01:35:04.952, 54037692061, QTAgent32.exe, Value in en-US resource 'Beveiligingswaarschuwing' does not match the defaultvalue 'Security Warning'
E, 10216, 15, 2013/06/25, 01:35:04.952, 54037692509, QTAgent32.exe, LoadLibrary() : Unable to find the resource 803 from assembly C:\Windows\system32\nl-NL\user32.dll.mui: Error1814
W, 10216, 15, 2013/06/25, 01:35:04.953, 54037693663, QTAgent32.exe, Value in en-US resource 'Windows-beveiliging' does not match the defaultvalue 'Windows Security'
W, 10216, 15, 2013/06/25, 01:35:05.427, 54039079737, QTAgent32.exe, &lt;a class=success&gt;Playback - {3} [SUCCESS] SetValueAsEditBox "gmail" - "[MSAA, VisibleOnly]ControlType='Edit' &amp;&amp; Name='Adressbook Name: sample3'"  &lt; Set via SendKeys &gt;
\0&lt;/a&gt;
W, 10216, 15, 2013/06/25, 01:35:05.892, 54040439145, QTAgent32.exe, &lt;a class=success&gt;Playback - {4} [SUCCESS] MouseButtonClick - "[MSAA, VisibleOnly]ControlType='Button' &amp;&amp; Name='Search'"
\0&lt;/a&gt;
E, 10216, 15, 2013/06/25, 01:35:06.265, 54041529606, QTAgent32.exe, Exception: System.ArgumentException
	Message: Value does not fall within the expected range.
	Stack Trace:    at Accessibility.IAccessible.get_accRole(Object varChild)
   at Microsoft.VisualStudio.TestTools.UITest.Extension.Msaa.AccWrapper.get_RoleInt()
	BaseExceptionMessage: Value does not fall within the expected range.

W, 10216, 15, 2013/06/25, 01:35:06.889, 54043355120, QTAgent32.exe, Playback - [WARNING] Internal warning: Incorrect flag set for InvokeProgrammaticAction\0
W, 10216, 15, 2013/06/25, 01:35:07.015, 54043721789, QTAgent32.exe, &lt;a class=success&gt;Playback - {5} [SUCCESS] SetValueAsComboBox "sample" - "[MSAA, VisibleOnly]ControlType='ComboBox' &amp;&amp; Name='Contacts:'"  &lt; SetValueAsComboBox, set by clicking on the item in the list box &gt;
\0&lt;/a&gt;
W, 10216, 15, 2013/06/25, 01:35:07.680, 54045665905, QTAgent32.exe, &lt;a class=success&gt;Playback - {6} [SUCCESS] MouseButtonClick - "[MSAA, VisibleOnly]ControlType='Button' &amp;&amp; Name='Copy all to:'"
\0&lt;/a&gt;
W, 10216, 15, 2013/06/25, 01:35:08.304, 54047490099, QTAgent32.exe, &lt;a class=success&gt;Playback - {7} [SUCCESS] MouseButtonClick - "[MSAA, VisibleOnly]ControlType='Button' &amp;&amp; Name='Remove all'"
\0&lt;/a&gt;
W, 10216, 15, 2013/06/25, 01:35:08.410, 54047800726, QTAgent32.exe, FindScreenElementInSinglePass : Attempting to find control in one pass of search. Failures can occur.
W, 10216, 15, 2013/06/25, 01:35:09.457, 54050859908, QTAgent32.exe, Playback - [WARNING] Internal warning:Search failure: [MSAA, VisibleOnly]ControlType='MenuBar' | [MSAA]ControlType='MenuItem' &amp;&amp; Name='Adressbooks' | Performed (2) search retries, UI element not found
\0
E, 10216, 15, 2013/06/25, 01:35:09.457, 54050860771, QTAgent32.exe, &lt;a class=failure&gt;Playback - {8} [FAILED] Function ElementFetcher::FindScreenElement failed to locate UI element (Searching: ;[MSAA, VisibleOnly]ControlType='MenuBar';[MSAA]ControlType='MenuItem' &amp;&amp; Name='Adressbooks';[MSAA]ControlType='MenuItem' &amp;&amp; Name='View Adressbooks') (Het opgegeven object is niet gevonden.)
\0&lt;/a&gt;
E, 10216, 15, 2013/06/25, 01:35:09.555, 54051146390, QTAgent32.exe, Playback - [IMAGE] C:\Users\Bas\AppData\Local\Temp\UITestLogs\LastRun\RPF2541.png
\0
W, 10216, 15, 2013/06/25, 01:35:09.555, 54051146763, QTAgent32.exe, Playback - [WARNING] Internal warning: Couldn't find descendants that match QueryId
\0
W, 10216, 15, 2013/06/25, 01:35:09.555, 54051147695, QTAgent32.exe, PERF WARNING: FindAllDescendents: took 1127 ms. Expected it to take maximum 500 ms.
W, 10216, 15, 2013/06/25, 01:35:09.555, 54051148039, QTAgent32.exe, FindScreenElementInSinglePass : Attempting to find control in one pass of search. Failures can occur.
W, 10216, 15, 2013/06/25, 01:35:09.573, 54051198694, QTAgent32.exe, FindScreenElementInSinglePass : Attempting to find control in one pass of search. Failures can occur.
W, 10216, 15, 2013/06/25, 01:35:10.100, 54052742014, QTAgent32.exe, Playback - [WARNING] Internal warning: Target element "[MSAA]ControlType='MenuItem' &amp;&amp; Name='Adressbooks'" was not found, so all intermediate elements were ignored. An incorrect element that matches target element Id can be found as the result.  Verify that all intermediate elements in QueryId have valid and unique Ids
\0
W, 10216, 15, 2013/06/25, 01:35:11.629, 54057211184, QTAgent32.exe, Playback - [WARNING] Internal warning:Search failure: [MSAA]ControlType='MenuItem' &amp;&amp; Name='Adressbooks' | Performed (2) search retries, UI element not found
\0
E, 10216, 15, 2013/06/25, 01:35:11.630, 54057212079, QTAgent32.exe, &lt;a class=failure&gt;Playback - {9} [FAILED] Function ElementFetcher::FindScreenElement failed to locate UI element (Searching: ;[MSAA]ControlType='MenuItem' &amp;&amp; Name='Adressbooks') (Het opgegeven object is niet gevonden.)
\0&lt;/a&gt;
E, 10216, 15, 2013/06/25, 01:35:11.734, 54057518526, QTAgent32.exe, Playback - [IMAGE] C:\Users\Bas\AppData\Local\Temp\UITestLogs\LastRun\RPF2DBA.png
\0
W, 10216, 15, 2013/06/25, 01:35:11.735, 54057518989, QTAgent32.exe, Playback - [WARNING] Internal warning: Couldn't find descendants that match QueryId
\0
W, 10216, 15, 2013/06/25, 01:35:11.735, 54057519442, QTAgent32.exe, PERF WARNING: FindAllDescendents: took 2152 ms. Expected it to take maximum 500 ms.
W, 10216, 15, 2013/06/25, 01:35:13.295, 54062079099, QTAgent32.exe, Playback - [WARNING] Internal warning: Target element "[MSAA]ControlType='MenuItem' &amp;&amp; Name='Adressbooks'" was not found, so all intermediate elements were ignored. An incorrect element that matches target element Id can be found as the result.  Verify that all intermediate elements in QueryId have valid and unique Ids
\0
W, 10216, 15, 2013/06/25, 01:35:14.079, 54064372413, QTAgent32.exe, Playback - [WARNING] Internal warning: 2 UI elements have the same ElementIds.  Use "Instance = 'n'" to avoid this warning for: [MSAA, VisibleOnly]ControlType='MenuBar'
\0
W, 10216, 15, 2013/06/25, 01:35:14.810, 54066510395, QTAgent32.exe, PERF WARNING: FindAllDescendents: took 3064 ms. Expected it to take maximum 500 ms.
W, 10216, 15, 2013/06/25, 01:35:14.972, 54066982858, QTAgent32.exe, &lt;a class=success&gt;Playback - {10} [SUCCESS] LeftButtonClick  &lt; Mouse cursor location (408, 142) &gt;
\0&lt;/a&gt;
W, 10216, 15, 2013/06/25, 01:35:15.109, 54067382657, QTAgent32.exe, &lt;a class=success&gt;Playback - {11} [SUCCESS] LeftButtonClick - "[MSAA]ControlType='MenuItem' &amp;&amp; Name='Adressbooks'"  &lt; Mouse cursor location (157, 142) &gt;
\0&lt;/a&gt;
W, 10216, 15, 2013/06/25, 01:35:15.879, 54069634254, QTAgent32.exe, PERF WARNING: FindAllDescendents: took 748 ms. Expected it to take maximum 500 ms.
W, 10216, 15, 2013/06/25, 01:35:16.062, 54070168017, QTAgent32.exe, &lt;a class=success&gt;Playback - {12} [SUCCESS] MouseButtonClick - "[MSAA]ControlType='MenuItem' &amp;&amp; Name='View Adressbooks'"
\0&lt;/a&gt;
W, 10216, 15, 2013/06/25, 01:35:16.403, 54071165268, QTAgent32.exe, &lt;a class=success&gt;Playback - {13} [SUCCESS] MouseButtonClick - "[MSAA, VisibleOnly]ControlType='Button' &amp;&amp; Name='View'"
\0&lt;/a&gt;
W, 10216, 15, 2013/06/25, 01:35:16.503, 54071458338, QTAgent32.exe, FindScreenElementInSinglePass : Attempting to find control in one pass of search. Failures can occur.
W, 10216, 15, 2013/06/25, 01:35:17.560, 54074546621, QTAgent32.exe, Playback - [WARNING] Internal warning:Search failure: [MSAA, VisibleOnly]ControlType='MenuBar' | [MSAA]ControlType='MenuItem' &amp;&amp; Name='Adressbooks' | Performed (2) search retries, UI element not found
\0
E, 10216, 15, 2013/06/25, 01:35:17.560, 54074547429, QTAgent32.exe, &lt;a class=failure&gt;Playback - {14} [FAILED] Function ElementFetcher::FindScreenElement failed to locate UI element (Searching: ;[MSAA, VisibleOnly]ControlType='MenuBar';[MSAA]ControlType='MenuItem' &amp;&amp; Name='Adressbooks';[MSAA]ControlType='MenuItem' &amp;&amp; Name='Add Adressbook') (Het opgegeven object is niet gevonden.)
\0&lt;/a&gt;
E, 10216, 15, 2013/06/25, 01:35:17.655, 54074826284, QTAgent32.exe, Playback - [IMAGE] C:\Users\Bas\AppData\Local\Temp\UITestLogs\LastRun\RPF44E3.png
\0
W, 10216, 15, 2013/06/25, 01:35:17.655, 54074826656, QTAgent32.exe, Playback - [WARNING] Internal warning: Couldn't find descendants that match QueryId
\0
W, 10216, 15, 2013/06/25, 01:35:17.656, 54074827158, QTAgent32.exe, PERF WARNING: FindAllDescendents: took 1132 ms. Expected it to take maximum 500 ms.
W, 10216, 15, 2013/06/25, 01:35:17.656, 54074827493, QTAgent32.exe, FindScreenElementInSinglePass : Attempting to find control in one pass of search. Failures can occur.
W, 10216, 15, 2013/06/25, 01:35:17.672, 54074875364, QTAgent32.exe, FindScreenElementInSinglePass : Attempting to find control in one pass of search. Failures can occur.
W, 10216, 15, 2013/06/25, 01:35:18.198, 54076413479, QTAgent32.exe, Playback - [WARNING] Internal warning: Target element "[MSAA]ControlType='MenuItem' &amp;&amp; Name='Adressbooks'" was not found, so all intermediate elements were ignored. An incorrect element that matches target element Id can be found as the result.  Verify that all intermediate elements in QueryId have valid and unique Ids
\0
W, 10216, 15, 2013/06/25, 01:35:19.728, 54080883776, QTAgent32.exe, Playback - [WARNING] Internal warning:Search failure: [MSAA]ControlType='MenuItem' &amp;&amp; Name='Adressbooks' | Performed (2) search retries, UI element not found
\0
E, 10216, 15, 2013/06/25, 01:35:19.729, 54080884514, QTAgent32.exe, &lt;a class=failure&gt;Playback - {15} [FAILED] Function ElementFetcher::FindScreenElement failed to locate UI element (Searching: ;[MSAA]ControlType='MenuItem' &amp;&amp; Name='Adressbooks') (Het opgegeven object is niet gevonden.)
\0&lt;/a&gt;
E, 10216, 15, 2013/06/25, 01:35:19.805, 54081106312, QTAgent32.exe, Playback - [IMAGE] C:\Users\Bas\AppData\Local\Temp\UITestLogs\LastRun\RPF4D5D.png
\0
W, 10216, 15, 2013/06/25, 01:35:19.805, 54081106752, QTAgent32.exe, Playback - [WARNING] Internal warning: Couldn't find descendants that match QueryId
\0
W, 10216, 15, 2013/06/25, 01:35:19.805, 54081107250, QTAgent32.exe, PERF WARNING: FindAllDescendents: took 2122 ms. Expected it to take maximum 500 ms.
W, 10216, 15, 2013/06/25, 01:35:21.361, 54085656300, QTAgent32.exe, Playback - [WARNING] Internal warning: Target element "[MSAA]ControlType='MenuItem' &amp;&amp; Name='Adressbooks'" was not found, so all intermediate elements were ignored. An incorrect element that matches target element Id can be found as the result.  Verify that all intermediate elements in QueryId have valid and unique Ids
\0
W, 10216, 15, 2013/06/25, 01:35:22.280, 54088342594, QTAgent32.exe, Playback - [WARNING] Internal warning: 2 UI elements have the same ElementIds.  Use "Instance = 'n'" to avoid this warning for: [MSAA, VisibleOnly]ControlType='MenuBar'
\0
W, 10216, 15, 2013/06/25, 01:35:23.124, 54090809881, QTAgent32.exe, PERF WARNING: FindAllDescendents: took 3307 ms. Expected it to take maximum 500 ms.
W, 10216, 15, 2013/06/25, 01:35:23.274, 54091247378, QTAgent32.exe, &lt;a class=success&gt;Playback - {16} [SUCCESS] LeftButtonClick  &lt; Mouse cursor location (408, 142) &gt;
\0&lt;/a&gt;
W, 10216, 15, 2013/06/25, 01:35:23.414, 54091657299, QTAgent32.exe, &lt;a class=success&gt;Playback - {17} [SUCCESS] LeftButtonClick - "[MSAA]ControlType='MenuItem' &amp;&amp; Name='Adressbooks'"  &lt; Mouse cursor location (157, 142) &gt;
\0&lt;/a&gt;
W, 10216, 15, 2013/06/25, 01:35:24.301, 54094251019, QTAgent32.exe, PERF WARNING: FindAllDescendents: took 865 ms. Expected it to take maximum 500 ms.
W, 10216, 15, 2013/06/25, 01:35:24.473, 54094752321, QTAgent32.exe, &lt;a class=success&gt;Playback - {18} [SUCCESS] MouseButtonClick - "[MSAA]ControlType='MenuItem' &amp;&amp; Name='Add Adressbook'"
\0&lt;/a&gt;
W, 10216, 15, 2013/06/25, 01:35:25.079, 54096525603, QTAgent32.exe, &lt;a class=success&gt;Playback - {19} [SUCCESS] SetValueAsEditBox "name" - "[MSAA, VisibleOnly]ControlType='Edit'"  &lt; Set via SendKeys &gt;
\0&lt;/a&gt;
W, 10216, 15, 2013/06/25, 01:35:25.551, 54097904053, QTAgent32.exe, &lt;a class=success&gt;Playback - {20} [SUCCESS] MouseButtonClick - "[MSAA, VisibleOnly]ControlType='Button' &amp;&amp; Name='Create Adressbook'"
\0&lt;/a&gt;
W, 10216, 15, 2013/06/25, 01:35:26.072, 54099425924, QTAgent32.exe, &lt;a class=success&gt;Playback - {21} [SUCCESS] SetValueAsEditBox "add" - "[MSAA, VisibleOnly]ControlType='Edit'"  &lt; Set via SendKeys &gt;
\0&lt;/a&gt;
W, 10216, 15, 2013/06/25, 01:35:26.389, 54100355389, QTAgent32.exe, &lt;a class=success&gt;Playback - {22} [SUCCESS] SendKeys "{Tab}" - "[MSAA, VisibleOnly]ControlType='Edit'"
\0&lt;/a&gt;
W, 10216, 15, 2013/06/25, 01:35:27.262, 54102907300, QTAgent32.exe, &lt;a class=success&gt;Playback - {23} [SUCCESS] SetValueAsEditBox "something@ofzo.nl" - "[MSAA, VisibleOnly]ControlType='Edit'"  &lt; Set via SendKeys &gt;
\0&lt;/a&gt;
W, 10216, 15, 2013/06/25, 01:35:28.025, 54105135414, QTAgent32.exe, &lt;a class=success&gt;Playback - {24} [SUCCESS] DoubleClick - "[MSAA, VisibleOnly]ControlType='Button' &amp;&amp; Name='Add Contact'"  &lt; Mouse cursor location (381, 195) &gt;
\0&lt;/a&gt;
W, 10216, 15, 2013/06/25, 01:35:28.512, 54106559346, QTAgent32.exe, &lt;a class=success&gt;Playback - {25} [SUCCESS] DoubleClick - "[MSAA, VisibleOnly]ControlType='Button' &amp;&amp; Name='Add Contact'"  &lt; Mouse cursor location (381, 195) &gt;
\0&lt;/a&gt;
W, 10216, 15, 2013/06/25, 01:35:28.763, 54107293364, QTAgent32.exe, &lt;a class=success&gt;Playback - {26} [SUCCESS] MouseButtonClick - "[MSAA, VisibleOnly]ControlType='Button' &amp;&amp; Name='Add Contact'"
\0&lt;/a&gt;
W, 10216, 15, 2013/06/25, 01:35:33.128, 54120052928, QTAgent32.exe, &lt;a class=success&gt;Playback - {27} [SUCCESS] DoubleClick - "[MSAA, VisibleOnly]ControlType='Button' &amp;&amp; Name='Add Contact'"  &lt; Mouse cursor location (380, 195) &gt;
\0&lt;/a&gt;
W, 10216, 15, 2013/06/25, 01:35:33.635, 54121534781, QTAgent32.exe, &lt;a class=success&gt;Playback - {28} [SUCCESS] DoubleClick - "[MSAA, VisibleOnly]ControlType='Button' &amp;&amp; Name='Add Contact'"  &lt; Mouse cursor location (381, 195) &gt;
\0&lt;/a&gt;
W, 10216, 15, 2013/06/25, 01:35:33.885, 54122266830, QTAgent32.exe, &lt;a class=success&gt;Playback - {29} [SUCCESS] MouseButtonClick - "[MSAA, VisibleOnly]ControlType='Button' &amp;&amp; Name='Add Contact'"
\0&lt;/a&gt;
W, 10216, 15, 2013/06/25, 01:35:34.500, 54124063676, QTAgent32.exe, &lt;a class=success&gt;Playback - {30} [SUCCESS] MouseButtonClick - "[MSAA, VisibleOnly]ControlType='Button' &amp;&amp; Name='clear'"
\0&lt;/a&gt;
W, 10216, 15, 2013/06/25, 01:35:34.722, 54124712835, QTAgent32.exe, IEDOM : StopSession of the plugin called before StartSession
W, 10216, 15, 2013/06/25, 01:35:34.722, 54124713100, QTAgent32.exe, UIA : StopSession of the plugin called before StartSession
</DebugTrace>
      </Output>
    </UnitTestResult>
  </Results>
</TestRun>