<?xml version="1.0" encoding="UTF-8"?>
<TestRun id="cd5cd6c0-619c-4e96-9f98-8590eee46d95" name="Bas@BAS-PC 2013-06-26 21:22:50" runUser="Bas-PC\Bas" xmlns="http://microsoft.com/schemas/VisualStudio/TeamTest/2010">
  <TestSettings name="Local" id="2aa66af6-b3b9-40d6-82a8-b5cc062499d2">
    <Description>These are default test settings for a local test run.</Description>
    <Deployment runDeploymentRoot="Bas_BAS-PC 2013-06-26 21_22_50">
      <DeploymentItem filename="C:\Users\Bas\Desktop\Softwaretesting\edu.3725154.SoftwareTesting\Adresboek\Adresboek\bin\Debug\Adresboek.exe" />
    </Deployment>
    <Execution>
      <TestTypeSpecific>
        <UnitTestRunConfig testTypeId="13cdc9d9-ddb5-4fa4-a97d-d965ccfc6d4b">
          <AssemblyResolution>
            <TestDirectory useLoadContext="true" />
          </AssemblyResolution>
        </UnitTestRunConfig>
        <WebTestRunConfiguration testTypeId="4e7599fa-5ecb-43e9-a887-cd63cf72d207">
          <Browser name="Internet Explorer 7.0">
            <Headers>
              <Header name="User-Agent" value="Mozilla/4.0 (compatible; MSIE 7.0; Windows NT 5.1)" />
              <Header name="Accept" value="*/*" />
              <Header name="Accept-Language" value="{{$IEAcceptLanguage}}" />
              <Header name="Accept-Encoding" value="GZIP" />
            </Headers>
          </Browser>
        </WebTestRunConfiguration>
      </TestTypeSpecific>
      <AgentRule name="LocalMachineDefaultRole">
        <DataCollectors>
          <DataCollector uri="datacollector://microsoft/CodeCoverage/1.0" assemblyQualifiedName="Microsoft.VisualStudio.TestTools.CodeCoverage.CoveragePlugIn, Microsoft.VisualStudio.QualityTools.Plugins.CodeCoverage, Version=10.0.0.0, Culture=neutral, PublicKeyToken=b03f5f7f11d50a3a" friendlyName="Code Coverage">
            <Configuration>
              <CodeCoverage xmlns="">
                <Regular>
                  <CodeCoverageItem binaryFile="C:\Users\Bas\Desktop\Softwaretesting\edu.3725154.SoftwareTesting\Adresboek\Adresboek\bin\Debug\Adresboek.exe" pdbFile="C:\Users\Bas\Desktop\Softwaretesting\edu.3725154.SoftwareTesting\Adresboek\Adresboek\bin\Debug\Adresboek.instr.pdb" instrumentInPlace="true" />
                </Regular>
              </CodeCoverage>
            </Configuration>
          </DataCollector>
        </DataCollectors>
      </AgentRule>
    </Execution>
  </TestSettings>
  <Times creation="2013-06-26T21:22:50.5080312+02:00" queuing="2013-06-26T21:22:51.4230835+02:00" start="2013-06-26T21:22:51.4640858+02:00" finish="2013-06-26T21:23:27.4901464+02:00" />
  <ResultSummary outcome="Completed">
    <Counters total="1" executed="1" passed="1" error="0" failed="0" timeout="0" aborted="0" inconclusive="0" passedButRunAborted="0" notRunnable="0" notExecuted="0" disconnected="0" warning="0" completed="0" inProgress="0" pending="0" />
    <ResultFiles>
      <ResultFile path="BAS-PC\data.coverage" />
    </ResultFiles>
  </ResultSummary>
  <TestDefinitions>
    <UnitTest name="TestEmail" storage="c:\users\bas\desktop\softwaretesting\edu.3725154.softwaretesting\adresboek\adresboektest\bin\debug\adresboektest.dll" id="ecf14cdf-a816-c9c9-b486-338ae3a984be">
      <Execution id="a2ad545a-37f3-47fd-9d35-d133859447ab" />
      <TestMethod codeBase="C:/Users/Bas/Desktop/Softwaretesting/edu.3725154.SoftwareTesting/Adresboek/AdresboekTest/bin/Debug/AdresboekTest.DLL" adapterTypeName="Microsoft.VisualStudio.TestTools.TestTypes.Unit.UnitTestAdapter, Microsoft.VisualStudio.QualityTools.Tips.UnitTest.Adapter, Version=10.0.0.0, Culture=neutral, PublicKeyToken=b03f5f7f11d50a3a" className="AdresboekTest.RecordAndReplay, AdresboekTest, Version=1.0.0.0, Culture=neutral, PublicKeyToken=null" name="TestEmail" />
      <Extension>Microsoft.VisualStudio.TestTools.UITesting.CodedUITestAttribute, Microsoft.VisualStudio.QualityTools.CodedUITestFramework, Version=10.0.0.0, Culture=neutral, PublicKeyToken=b03f5f7f11d50a3a</Extension>
    </UnitTest>
  </TestDefinitions>
  <TestLists>
    <TestList name="Results Not in a List" id="8c84fa94-04c1-424b-9868-57a2d4851a1d" />
    <TestList name="All Loaded Results" id="19431567-8539-422a-85d7-44ee4e166bda" />
  </TestLists>
  <TestEntries>
    <TestEntry testId="ecf14cdf-a816-c9c9-b486-338ae3a984be" executionId="a2ad545a-37f3-47fd-9d35-d133859447ab" testListId="8c84fa94-04c1-424b-9868-57a2d4851a1d" />
  </TestEntries>
  <Results>
    <UnitTestResult executionId="a2ad545a-37f3-47fd-9d35-d133859447ab" testId="ecf14cdf-a816-c9c9-b486-338ae3a984be" testName="TestEmail" computerName="BAS-PC" duration="00:00:33.2371491" startTime="2013-06-26T21:22:52.0951219+02:00" endTime="2013-06-26T21:23:25.6900434+02:00" testType="13cdc9d9-ddb5-4fa4-a97d-d965ccfc6d4b" outcome="Passed" testListId="8c84fa94-04c1-424b-9868-57a2d4851a1d" relativeResultsDirectory="a2ad545a-37f3-47fd-9d35-d133859447ab">
      <Output>
        <DebugTrace>W, 5084, 15, 2013/06/26, 21:22:53.811, 136885208270, QTAgent32.exe, &lt;a class=success&gt;Playback - {1} [SUCCESS] MouseButtonClick - "[MSAA, VisibleOnly]ControlType='Button' &amp;&amp; Name='View'"
\0&lt;/a&gt;
W, 5084, 15, 2013/06/26, 21:22:53.995, 136885748397, QTAgent32.exe, Value in en-US resource 'Maximaliseren' does not match the defaultvalue 'Maximize'
W, 5084, 15, 2013/06/26, 21:22:53.996, 136885749297, QTAgent32.exe, Value in en-US resource 'Vorig formaat' does not match the defaultvalue 'Restore'
W, 5084, 15, 2013/06/26, 21:22:54.006, 136885778484, QTAgent32.exe, Value in en-US resource 'Vorige' does not match the defaultvalue 'Back'
W, 5084, 15, 2013/06/26, 21:22:54.006, 136885778904, QTAgent32.exe, Value in en-US resource 'Volgende' does not match the defaultvalue 'Forward'
W, 5084, 15, 2013/06/26, 21:22:54.006, 136885779292, QTAgent32.exe, Value in en-US resource 'Vernieuwen (F5)' does not match the defaultvalue 'Refresh (F5)'
W, 5084, 15, 2013/06/26, 21:22:54.006, 136885779659, QTAgent32.exe, Value in en-US resource 'Stoppen (Esc)' does not match the defaultvalue 'Stop (Esc)'
W, 5084, 15, 2013/06/26, 21:22:54.006, 136885780373, QTAgent32.exe, Value in en-US resource 'Adresbalk met automatisch aanvullen weergeven' does not match the defaultvalue 'Show Address Bar Autocomplete'
W, 5084, 15, 2013/06/26, 21:22:54.007, 136885780957, QTAgent32.exe, Value in en-US resource 'Adres en zoeken met %s' does not match the defaultvalue 'Address'
W, 5084, 15, 2013/06/26, 21:22:54.007, 136885781172, QTAgent32.exe, Value in en-US resource 'Bestand selecteren voor uploaden' does not match the defaultvalue 'Choose file'
W, 5084, 15, 2013/06/26, 21:22:54.007, 136885781525, QTAgent32.exe, Value in en-US resource 'Melding' does not match the defaultvalue 'Notification Bar'
W, 5084, 15, 2013/06/26, 21:22:54.010, 136885791111, QTAgent32.exe, Value in en-US resource 'Microsoft SmartScreen-filter' does not match the defaultvalue 'Microsoft Phishing Filter'
W, 5084, 15, 2013/06/26, 21:22:54.010, 136885791516, QTAgent32.exe, Value in en-US resource 'Automatisch aanvullen' does not match the defaultvalue 'AutoComplete'
W, 5084, 15, 2013/06/26, 21:22:54.010, 136885791895, QTAgent32.exe, Value in en-US resource 'Wachtwoorden automatisch aanvullen' does not match the defaultvalue 'AutoComplete Passwords'
E, 5084, 15, 2013/06/26, 21:22:54.011, 136885792601, QTAgent32.exe, LoadLibrary() : Unable to find the resource 37382 from assembly C:\Windows\system32\nl-NL\ieframe.dll.mui: Error1814
E, 5084, 15, 2013/06/26, 21:22:54.011, 136885793437, QTAgent32.exe, LoadLibrary() : Unable to find the resource 41728 from assembly C:\Windows\system32\nl-NL\ieframe.dll.mui: Error1814
E, 5084, 15, 2013/06/26, 21:22:54.011, 136885793776, QTAgent32.exe, LoadLibrary() : Unable to find the resource 8131 from assembly C:\Windows\system32\nl-NL\ieframe.dll.mui: Error1814
E, 5084, 15, 2013/06/26, 21:22:54.011, 136885794100, QTAgent32.exe, LoadLibrary() : Unable to find the resource 8131 from assembly C:\Windows\system32\nl-NL\ieframe.dll.mui: Error1814
W, 5084, 15, 2013/06/26, 21:22:54.011, 136885794476, QTAgent32.exe, Value in en-US resource 'Sluiten' does not match the defaultvalue 'Close'
E, 5084, 15, 2013/06/26, 21:22:54.011, 136885794773, QTAgent32.exe, LoadLibrary() : Unable to find the resource 8131 from assembly C:\Windows\system32\nl-NL\ieframe.dll.mui: Error1814
W, 5084, 15, 2013/06/26, 21:22:54.011, 136885795160, QTAgent32.exe, Value in en-US resource 'Beveiligingswaarschuwing' does not match the defaultvalue 'Security Warning'
E, 5084, 15, 2013/06/26, 21:22:54.012, 136885795604, QTAgent32.exe, LoadLibrary() : Unable to find the resource 803 from assembly C:\Windows\system32\nl-NL\user32.dll.mui: Error1814
W, 5084, 15, 2013/06/26, 21:22:54.012, 136885796503, QTAgent32.exe, Value in en-US resource 'Windows-beveiliging' does not match the defaultvalue 'Windows Security'
W, 5084, 15, 2013/06/26, 21:22:54.394, 136886912739, QTAgent32.exe, &lt;a class=success&gt;Playback - {2} [SUCCESS] SetValueAsEditBox "bas" - "[MSAA, VisibleOnly]ControlType='Edit'"  &lt; Set via SendKeys &gt;
\0&lt;/a&gt;
W, 5084, 15, 2013/06/26, 21:22:54.806, 136888117341, QTAgent32.exe, &lt;a class=success&gt;Playback - {3} [SUCCESS] MouseButtonClick - "[MSAA, VisibleOnly]ControlType='Button' &amp;&amp; Name='Add Contact'"
\0&lt;/a&gt;
W, 5084, 15, 2013/06/26, 21:22:55.052, 136888836614, QTAgent32.exe, &lt;a class=success&gt;Playback - {4} [SUCCESS] MouseButtonClick - "[MSAA, VisibleOnly]ControlType='Button' &amp;&amp; Name='OK'"
\0&lt;/a&gt;
W, 5084, 15, 2013/06/26, 21:22:55.368, 136889760641, QTAgent32.exe, &lt;a class=success&gt;Playback - {5} [SUCCESS] SendKeys "^{HOME}" - "[MSAA, VisibleOnly]ControlType='Edit'"
\0&lt;/a&gt;
E, 5084, 15, 2013/06/26, 21:22:55.371, 136889770897, QTAgent32.exe, Msaa.GetFocusedElement: could not find accessible object of foreground window
W, 5084, 15, 2013/06/26, 21:22:55.463, 136890038157, QTAgent32.exe, &lt;a class=success&gt;Playback - {6} [SUCCESS] SendKeys "^+{END}" - "[MSAA, VisibleOnly]ControlType='Edit'"
\0&lt;/a&gt;
E, 5084, 15, 2013/06/26, 21:22:55.463, 136890039027, QTAgent32.exe, Msaa.GetFocusedElement: could not find accessible object of foreground window
W, 5084, 15, 2013/06/26, 21:22:55.511, 136890179718, QTAgent32.exe, &lt;a class=success&gt;Playback - {7} [SUCCESS] SendKeys "{DELETE}" - "[MSAA, VisibleOnly]ControlType='Edit'"
\0&lt;/a&gt;
W, 5084, 15, 2013/06/26, 21:22:55.795, 136891007775, QTAgent32.exe, &lt;a class=success&gt;Playback - {8} [SUCCESS] SetValueAsEditBox "bas@@" - "[MSAA, VisibleOnly]ControlType='Edit'"  &lt; Set via SendKeys &gt;
\0&lt;/a&gt;
W, 5084, 15, 2013/06/26, 21:22:56.033, 136891705914, QTAgent32.exe, &lt;a class=success&gt;Playback - {9} [SUCCESS] MouseButtonClick - "[MSAA, VisibleOnly]ControlType='Button' &amp;&amp; Name='Add Contact'"
\0&lt;/a&gt;
W, 5084, 15, 2013/06/26, 21:22:56.278, 136892420058, QTAgent32.exe, &lt;a class=success&gt;Playback - {10} [SUCCESS] MouseButtonClick - "[MSAA, VisibleOnly]ControlType='Button' &amp;&amp; Name='OK'"
\0&lt;/a&gt;
W, 5084, 15, 2013/06/26, 21:22:56.594, 136893344384, QTAgent32.exe, &lt;a class=success&gt;Playback - {11} [SUCCESS] SendKeys "^{HOME}" - "[MSAA, VisibleOnly]ControlType='Edit'"
\0&lt;/a&gt;
E, 5084, 15, 2013/06/26, 21:22:56.594, 136893344857, QTAgent32.exe, Msaa.GetFocusedElement: could not find accessible object of foreground window
W, 5084, 15, 2013/06/26, 21:22:56.685, 136893610431, QTAgent32.exe, &lt;a class=success&gt;Playback - {12} [SUCCESS] SendKeys "^+{END}" - "[MSAA, VisibleOnly]ControlType='Edit'"
\0&lt;/a&gt;
E, 5084, 15, 2013/06/26, 21:22:56.685, 136893611170, QTAgent32.exe, Msaa.GetFocusedElement: could not find accessible object of foreground window
W, 5084, 15, 2013/06/26, 21:22:56.737, 136893761835, QTAgent32.exe, &lt;a class=success&gt;Playback - {13} [SUCCESS] SendKeys "{DELETE}" - "[MSAA, VisibleOnly]ControlType='Edit'"
\0&lt;/a&gt;
W, 5084, 15, 2013/06/26, 21:22:57.141, 136894942889, QTAgent32.exe, &lt;a class=success&gt;Playback - {14} [SUCCESS] SetValueAsEditBox "bas@@blabla" - "[MSAA, VisibleOnly]ControlType='Edit'"  &lt; Set via SendKeys &gt;
\0&lt;/a&gt;
W, 5084, 15, 2013/06/26, 21:22:57.408, 136895723824, QTAgent32.exe, &lt;a class=success&gt;Playback - {15} [SUCCESS] MouseButtonClick - "[MSAA, VisibleOnly]ControlType='Button' &amp;&amp; Name='Add Contact'"
\0&lt;/a&gt;
E, 5084, 15, 2013/06/26, 21:22:57.508, 136896016111, QTAgent32.exe, GetClassName for handle 461190 failed
W, 5084, 15, 2013/06/26, 21:22:57.650, 136896431109, QTAgent32.exe, &lt;a class=success&gt;Playback - {16} [SUCCESS] MouseButtonClick - "[MSAA, VisibleOnly]ControlType='Button' &amp;&amp; Name='OK'"
\0&lt;/a&gt;
W, 5084, 15, 2013/06/26, 21:22:57.967, 136897357753, QTAgent32.exe, &lt;a class=success&gt;Playback - {17} [SUCCESS] SendKeys "^{HOME}" - "[MSAA, VisibleOnly]ControlType='Edit'"
\0&lt;/a&gt;
E, 5084, 15, 2013/06/26, 21:22:57.967, 136897358194, QTAgent32.exe, Msaa.GetFocusedElement: could not find accessible object of foreground window
W, 5084, 15, 2013/06/26, 21:22:58.049, 136897597542, QTAgent32.exe, &lt;a class=success&gt;Playback - {18} [SUCCESS] SendKeys "^+{END}" - "[MSAA, VisibleOnly]ControlType='Edit'"
\0&lt;/a&gt;
E, 5084, 15, 2013/06/26, 21:22:58.049, 136897598254, QTAgent32.exe, Msaa.GetFocusedElement: could not find accessible object of foreground window
W, 5084, 15, 2013/06/26, 21:22:58.101, 136897750610, QTAgent32.exe, &lt;a class=success&gt;Playback - {19} [SUCCESS] SendKeys "{DELETE}" - "[MSAA, VisibleOnly]ControlType='Edit'"
\0&lt;/a&gt;
W, 5084, 15, 2013/06/26, 21:22:58.506, 136898934923, QTAgent32.exe, &lt;a class=success&gt;Playback - {20} [SUCCESS] SetValueAsEditBox "bas@bla./nl" - "[MSAA, VisibleOnly]ControlType='Edit'"  &lt; Set via SendKeys &gt;
\0&lt;/a&gt;
W, 5084, 15, 2013/06/26, 21:22:58.762, 136899681890, QTAgent32.exe, &lt;a class=success&gt;Playback - {21} [SUCCESS] MouseButtonClick - "[MSAA, VisibleOnly]ControlType='Button' &amp;&amp; Name='Add Contact'"
\0&lt;/a&gt;
E, 5084, 15, 2013/06/26, 21:22:58.862, 136899974115, QTAgent32.exe, GetClassName for handle 7735454 failed
W, 5084, 15, 2013/06/26, 21:22:59.005, 136900392191, QTAgent32.exe, &lt;a class=success&gt;Playback - {22} [SUCCESS] MouseButtonClick - "[MSAA, VisibleOnly]ControlType='Button' &amp;&amp; Name='OK'"
\0&lt;/a&gt;
W, 5084, 15, 2013/06/26, 21:22:59.324, 136901324570, QTAgent32.exe, &lt;a class=success&gt;Playback - {23} [SUCCESS] SendKeys "^{HOME}" - "[MSAA, VisibleOnly]ControlType='Edit'"
\0&lt;/a&gt;
E, 5084, 15, 2013/06/26, 21:22:59.324, 136901325025, QTAgent32.exe, Msaa.GetFocusedElement: could not find accessible object of foreground window
W, 5084, 15, 2013/06/26, 21:22:59.413, 136901584903, QTAgent32.exe, &lt;a class=success&gt;Playback - {24} [SUCCESS] SendKeys "^+{END}" - "[MSAA, VisibleOnly]ControlType='Edit'"
\0&lt;/a&gt;
E, 5084, 15, 2013/06/26, 21:22:59.413, 136901585627, QTAgent32.exe, Msaa.GetFocusedElement: could not find accessible object of foreground window
W, 5084, 15, 2013/06/26, 21:22:59.467, 136901744007, QTAgent32.exe, &lt;a class=success&gt;Playback - {25} [SUCCESS] SendKeys "{DELETE}" - "[MSAA, VisibleOnly]ControlType='Edit'"
\0&lt;/a&gt;
W, 5084, 15, 2013/06/26, 21:22:59.876, 136902937511, QTAgent32.exe, &lt;a class=success&gt;Playback - {26} [SUCCESS] SetValueAsEditBox "bas@bla...nl" - "[MSAA, VisibleOnly]ControlType='Edit'"  &lt; Set via SendKeys &gt;
\0&lt;/a&gt;
W, 5084, 15, 2013/06/26, 21:23:00.133, 136903689610, QTAgent32.exe, &lt;a class=success&gt;Playback - {27} [SUCCESS] MouseButtonClick - "[MSAA, VisibleOnly]ControlType='Button' &amp;&amp; Name='Add Contact'"
\0&lt;/a&gt;
E, 5084, 15, 2013/06/26, 21:23:00.233, 136903981972, QTAgent32.exe, GetClassName for handle 592262 failed
W, 5084, 15, 2013/06/26, 21:23:00.375, 136904396863, QTAgent32.exe, &lt;a class=success&gt;Playback - {28} [SUCCESS] MouseButtonClick - "[MSAA, VisibleOnly]ControlType='Button' &amp;&amp; Name='OK'"
\0&lt;/a&gt;
W, 5084, 15, 2013/06/26, 21:23:00.725, 136905419745, QTAgent32.exe, &lt;a class=success&gt;Playback - {29} [SUCCESS] SendKeys "^{HOME}" - "[MSAA, VisibleOnly]ControlType='Edit'"
\0&lt;/a&gt;
E, 5084, 15, 2013/06/26, 21:23:00.725, 136905420194, QTAgent32.exe, Msaa.GetFocusedElement: could not find accessible object of foreground window
W, 5084, 15, 2013/06/26, 21:23:00.809, 136905665687, QTAgent32.exe, &lt;a class=success&gt;Playback - {30} [SUCCESS] SendKeys "^+{END}" - "[MSAA, VisibleOnly]ControlType='Edit'"
\0&lt;/a&gt;
E, 5084, 15, 2013/06/26, 21:23:00.809, 136905666439, QTAgent32.exe, Msaa.GetFocusedElement: could not find accessible object of foreground window
W, 5084, 15, 2013/06/26, 21:23:00.860, 136905816553, QTAgent32.exe, &lt;a class=success&gt;Playback - {31} [SUCCESS] SendKeys "{DELETE}" - "[MSAA, VisibleOnly]ControlType='Edit'"
\0&lt;/a&gt;
W, 5084, 15, 2013/06/26, 21:23:01.329, 136907185069, QTAgent32.exe, &lt;a class=success&gt;Playback - {32} [SUCCESS] SetValueAsEditBox "b..as@bla...nl" - "[MSAA, VisibleOnly]ControlType='Edit'"  &lt; Set via SendKeys &gt;
\0&lt;/a&gt;
W, 5084, 15, 2013/06/26, 21:23:01.591, 136907951404, QTAgent32.exe, &lt;a class=success&gt;Playback - {33} [SUCCESS] MouseButtonClick - "[MSAA, VisibleOnly]ControlType='Button' &amp;&amp; Name='Add Contact'"
\0&lt;/a&gt;
E, 5084, 15, 2013/06/26, 21:23:01.691, 136908243651, QTAgent32.exe, GetClassName for handle 7866526 failed
W, 5084, 15, 2013/06/26, 21:23:01.823, 136908629667, QTAgent32.exe, &lt;a class=success&gt;Playback - {34} [SUCCESS] MouseButtonClick - "[MSAA, VisibleOnly]ControlType='Button' &amp;&amp; Name='OK'"
\0&lt;/a&gt;
W, 5084, 15, 2013/06/26, 21:23:02.144, 136909568091, QTAgent32.exe, &lt;a class=success&gt;Playback - {35} [SUCCESS] SendKeys "^{HOME}" - "[MSAA, VisibleOnly]ControlType='Edit'"
\0&lt;/a&gt;
E, 5084, 15, 2013/06/26, 21:23:02.144, 136909568541, QTAgent32.exe, Msaa.GetFocusedElement: could not find accessible object of foreground window
W, 5084, 15, 2013/06/26, 21:23:02.232, 136909825210, QTAgent32.exe, &lt;a class=success&gt;Playback - {36} [SUCCESS] SendKeys "^+{END}" - "[MSAA, VisibleOnly]ControlType='Edit'"
\0&lt;/a&gt;
E, 5084, 15, 2013/06/26, 21:23:02.232, 136909825679, QTAgent32.exe, Msaa.GetFocusedElement: could not find accessible object of foreground window
W, 5084, 15, 2013/06/26, 21:23:02.279, 136909963216, QTAgent32.exe, &lt;a class=success&gt;Playback - {37} [SUCCESS] SendKeys "{DELETE}" - "[MSAA, VisibleOnly]ControlType='Edit'"
\0&lt;/a&gt;
W, 5084, 15, 2013/06/26, 21:23:02.688, 136911157607, QTAgent32.exe, &lt;a class=success&gt;Playback - {38} [SUCCESS] SetValueAsEditBox "b..as@bla.nl" - "[MSAA, VisibleOnly]ControlType='Edit'"  &lt; Set via SendKeys &gt;
\0&lt;/a&gt;
W, 5084, 15, 2013/06/26, 21:23:02.948, 136911918304, QTAgent32.exe, &lt;a class=success&gt;Playback - {39} [SUCCESS] MouseButtonClick - "[MSAA, VisibleOnly]ControlType='Button' &amp;&amp; Name='Add Contact'"
\0&lt;/a&gt;
E, 5084, 15, 2013/06/26, 21:23:03.048, 136912210758, QTAgent32.exe, GetClassName for handle 723334 failed
W, 5084, 15, 2013/06/26, 21:23:03.191, 136912628639, QTAgent32.exe, &lt;a class=success&gt;Playback - {40} [SUCCESS] MouseButtonClick - "[MSAA, VisibleOnly]ControlType='Button' &amp;&amp; Name='OK'"
\0&lt;/a&gt;
W, 5084, 15, 2013/06/26, 21:23:03.530, 136913619561, QTAgent32.exe, &lt;a class=success&gt;Playback - {41} [SUCCESS] SendKeys "^{HOME}" - "[MSAA, VisibleOnly]ControlType='Edit'"
\0&lt;/a&gt;
E, 5084, 15, 2013/06/26, 21:23:03.530, 136913620242, QTAgent32.exe, Msaa.GetFocusedElement: could not find accessible object of foreground window
W, 5084, 15, 2013/06/26, 21:23:03.622, 136913888927, QTAgent32.exe, &lt;a class=success&gt;Playback - {42} [SUCCESS] SendKeys "^+{END}" - "[MSAA, VisibleOnly]ControlType='Edit'"
\0&lt;/a&gt;
E, 5084, 15, 2013/06/26, 21:23:03.622, 136913889702, QTAgent32.exe, Msaa.GetFocusedElement: could not find accessible object of foreground window
W, 5084, 15, 2013/06/26, 21:23:03.674, 136914041884, QTAgent32.exe, &lt;a class=success&gt;Playback - {43} [SUCCESS] SendKeys "{DELETE}" - "[MSAA, VisibleOnly]ControlType='Edit'"
\0&lt;/a&gt;
W, 5084, 15, 2013/06/26, 21:23:04.159, 136915457535, QTAgent32.exe, &lt;a class=success&gt;Playback - {44} [SUCCESS] SetValueAsEditBox "bas@hotmail.com" - "[MSAA, VisibleOnly]ControlType='Edit'"  &lt; Set via SendKeys &gt;
\0&lt;/a&gt;
W, 5084, 15, 2013/06/26, 21:23:04.464, 136916351408, QTAgent32.exe, &lt;a class=success&gt;Playback - {45} [SUCCESS] MouseButtonClick - "[MSAA, VisibleOnly]ControlType='Button' &amp;&amp; Name='Add Contact'"
\0&lt;/a&gt;
W, 5084, 15, 2013/06/26, 21:23:04.781, 136917276532, QTAgent32.exe, &lt;a class=success&gt;Playback - {46} [SUCCESS] SendKeys "^{HOME}" - "[MSAA, VisibleOnly]ControlType='Edit'"
\0&lt;/a&gt;
E, 5084, 15, 2013/06/26, 21:23:04.781, 136917276993, QTAgent32.exe, Msaa.GetFocusedElement: could not find accessible object of foreground window
W, 5084, 15, 2013/06/26, 21:23:04.869, 136917534027, QTAgent32.exe, &lt;a class=success&gt;Playback - {47} [SUCCESS] SendKeys "^+{END}" - "[MSAA, VisibleOnly]ControlType='Edit'"
\0&lt;/a&gt;
E, 5084, 15, 2013/06/26, 21:23:04.869, 136917534877, QTAgent32.exe, Msaa.GetFocusedElement: could not find accessible object of foreground window
W, 5084, 15, 2013/06/26, 21:23:04.921, 136917686641, QTAgent32.exe, &lt;a class=success&gt;Playback - {48} [SUCCESS] SendKeys "{DELETE}" - "[MSAA, VisibleOnly]ControlType='Edit'"
\0&lt;/a&gt;
W, 5084, 15, 2013/06/26, 21:23:05.584, 136919623573, QTAgent32.exe, &lt;a class=success&gt;Playback - {49} [SUCCESS] SetValueAsEditBox "bas_meesters@hotmail.com" - "[MSAA, VisibleOnly]ControlType='Edit'"  &lt; Set via SendKeys &gt;
\0&lt;/a&gt;
W, 5084, 15, 2013/06/26, 21:23:05.843, 136920381008, QTAgent32.exe, &lt;a class=success&gt;Playback - {50} [SUCCESS] MouseButtonClick - "[MSAA, VisibleOnly]ControlType='Button' &amp;&amp; Name='Add Contact'"
\0&lt;/a&gt;
W, 5084, 15, 2013/06/26, 21:23:06.145, 136921263559, QTAgent32.exe, &lt;a class=success&gt;Playback - {51} [SUCCESS] SendKeys "^{HOME}" - "[MSAA, VisibleOnly]ControlType='Edit'"
\0&lt;/a&gt;
E, 5084, 15, 2013/06/26, 21:23:06.145, 136921263979, QTAgent32.exe, Msaa.GetFocusedElement: could not find accessible object of foreground window
W, 5084, 15, 2013/06/26, 21:23:06.215, 136921468763, QTAgent32.exe, &lt;a class=success&gt;Playback - {52} [SUCCESS] SendKeys "^+{END}" - "[MSAA, VisibleOnly]ControlType='Edit'"
\0&lt;/a&gt;
E, 5084, 15, 2013/06/26, 21:23:06.215, 136921469536, QTAgent32.exe, Msaa.GetFocusedElement: could not find accessible object of foreground window
W, 5084, 15, 2013/06/26, 21:23:06.266, 136921619011, QTAgent32.exe, &lt;a class=success&gt;Playback - {53} [SUCCESS] SendKeys "{DELETE}" - "[MSAA, VisibleOnly]ControlType='Edit'"
\0&lt;/a&gt;
W, 5084, 15, 2013/06/26, 21:23:06.912, 136923507422, QTAgent32.exe, &lt;a class=success&gt;Playback - {54} [SUCCESS] SetValueAsEditBox "bas.meesters@hotmail.com" - "[MSAA, VisibleOnly]ControlType='Edit'"  &lt; Set via SendKeys &gt;
\0&lt;/a&gt;
W, 5084, 15, 2013/06/26, 21:23:07.160, 136924230844, QTAgent32.exe, &lt;a class=success&gt;Playback - {55} [SUCCESS] MouseButtonClick - "[MSAA, VisibleOnly]ControlType='Button' &amp;&amp; Name='Add Contact'"
\0&lt;/a&gt;
W, 5084, 15, 2013/06/26, 21:23:07.490, 136925192735, QTAgent32.exe, &lt;a class=success&gt;Playback - {56} [SUCCESS] SendKeys "^{HOME}" - "[MSAA, VisibleOnly]ControlType='Edit'"
\0&lt;/a&gt;
E, 5084, 15, 2013/06/26, 21:23:07.490, 136925193481, QTAgent32.exe, Msaa.GetFocusedElement: could not find accessible object of foreground window
W, 5084, 15, 2013/06/26, 21:23:07.579, 136925452889, QTAgent32.exe, &lt;a class=success&gt;Playback - {57} [SUCCESS] SendKeys "^+{END}" - "[MSAA, VisibleOnly]ControlType='Edit'"
\0&lt;/a&gt;
E, 5084, 15, 2013/06/26, 21:23:07.579, 136925453618, QTAgent32.exe, Msaa.GetFocusedElement: could not find accessible object of foreground window
W, 5084, 15, 2013/06/26, 21:23:07.627, 136925593916, QTAgent32.exe, &lt;a class=success&gt;Playback - {58} [SUCCESS] SendKeys "{DELETE}" - "[MSAA, VisibleOnly]ControlType='Edit'"
\0&lt;/a&gt;
W, 5084, 15, 2013/06/26, 21:23:08.402, 136927857777, QTAgent32.exe, &lt;a class=success&gt;Playback - {59} [SUCCESS] SetValueAsEditBox "bas.meest"iets"ers@hotmail.com" - "[MSAA, VisibleOnly]ControlType='Edit'"  &lt; Set via SendKeys &gt;
\0&lt;/a&gt;
W, 5084, 15, 2013/06/26, 21:23:08.660, 136928612785, QTAgent32.exe, &lt;a class=success&gt;Playback - {60} [SUCCESS] MouseButtonClick - "[MSAA, VisibleOnly]ControlType='Button' &amp;&amp; Name='Add Contact'"
\0&lt;/a&gt;
W, 5084, 15, 2013/06/26, 21:23:08.982, 136929553738, QTAgent32.exe, &lt;a class=success&gt;Playback - {61} [SUCCESS] SendKeys "^{HOME}" - "[MSAA, VisibleOnly]ControlType='Edit'"
\0&lt;/a&gt;
E, 5084, 15, 2013/06/26, 21:23:08.982, 136929554161, QTAgent32.exe, Msaa.GetFocusedElement: could not find accessible object of foreground window
W, 5084, 15, 2013/06/26, 21:23:09.068, 136929805526, QTAgent32.exe, &lt;a class=success&gt;Playback - {62} [SUCCESS] SendKeys "^+{END}" - "[MSAA, VisibleOnly]ControlType='Edit'"
\0&lt;/a&gt;
E, 5084, 15, 2013/06/26, 21:23:09.068, 136929806232, QTAgent32.exe, Msaa.GetFocusedElement: could not find accessible object of foreground window
W, 5084, 15, 2013/06/26, 21:23:09.120, 136929958196, QTAgent32.exe, &lt;a class=success&gt;Playback - {63} [SUCCESS] SendKeys "{DELETE}" - "[MSAA, VisibleOnly]ControlType='Edit'"
\0&lt;/a&gt;
W, 5084, 15, 2013/06/26, 21:23:09.947, 136932374423, QTAgent32.exe, &lt;a class=success&gt;Playback - {64} [SUCCESS] SetValueAsEditBox "bas"nogiets@.nl"iets@hotmail.com" - "[MSAA, VisibleOnly]ControlType='Edit'"  &lt; Set via SendKeys &gt;
\0&lt;/a&gt;
W, 5084, 15, 2013/06/26, 21:23:10.207, 136933135086, QTAgent32.exe, &lt;a class=success&gt;Playback - {65} [SUCCESS] MouseButtonClick - "[MSAA, VisibleOnly]ControlType='Button' &amp;&amp; Name='Add Contact'"
\0&lt;/a&gt;
W, 5084, 15, 2013/06/26, 21:23:10.520, 136934050377, QTAgent32.exe, &lt;a class=success&gt;Playback - {66} [SUCCESS] SendKeys "^{HOME}" - "[MSAA, VisibleOnly]ControlType='Edit'"
\0&lt;/a&gt;
E, 5084, 15, 2013/06/26, 21:23:10.520, 136934051145, QTAgent32.exe, Msaa.GetFocusedElement: could not find accessible object of foreground window
W, 5084, 15, 2013/06/26, 21:23:10.611, 136934316501, QTAgent32.exe, &lt;a class=success&gt;Playback - {67} [SUCCESS] SendKeys "^+{END}" - "[MSAA, VisibleOnly]ControlType='Edit'"
\0&lt;/a&gt;
E, 5084, 15, 2013/06/26, 21:23:10.611, 136934317279, QTAgent32.exe, Msaa.GetFocusedElement: could not find accessible object of foreground window
W, 5084, 15, 2013/06/26, 21:23:10.660, 136934460251, QTAgent32.exe, &lt;a class=success&gt;Playback - {68} [SUCCESS] SendKeys "{DELETE}" - "[MSAA, VisibleOnly]ControlType='Edit'"
\0&lt;/a&gt;
W, 5084, 15, 2013/06/26, 21:23:10.955, 136935321184, QTAgent32.exe, &lt;a class=success&gt;Playback - {69} [SUCCESS] SetValueAsEditBox "@empty" - "[MSAA, VisibleOnly]ControlType='Edit'"  &lt; Set via SendKeys &gt;
\0&lt;/a&gt;
W, 5084, 15, 2013/06/26, 21:23:11.208, 136936061154, QTAgent32.exe, &lt;a class=success&gt;Playback - {70} [SUCCESS] MouseButtonClick - "[MSAA, VisibleOnly]ControlType='Button' &amp;&amp; Name='Add Contact'"
\0&lt;/a&gt;
W, 5084, 15, 2013/06/26, 21:23:11.508, 136936938088, QTAgent32.exe, &lt;a class=success&gt;Playback - {71} [SUCCESS] SendKeys "^{HOME}" - "[MSAA, VisibleOnly]ControlType='Edit'"
\0&lt;/a&gt;
E, 5084, 15, 2013/06/26, 21:23:11.508, 136936938842, QTAgent32.exe, Msaa.GetFocusedElement: could not find accessible object of foreground window
W, 5084, 15, 2013/06/26, 21:23:11.598, 136937201237, QTAgent32.exe, &lt;a class=success&gt;Playback - {72} [SUCCESS] SendKeys "^+{END}" - "[MSAA, VisibleOnly]ControlType='Edit'"
\0&lt;/a&gt;
E, 5084, 15, 2013/06/26, 21:23:11.598, 136937202001, QTAgent32.exe, Msaa.GetFocusedElement: could not find accessible object of foreground window
W, 5084, 15, 2013/06/26, 21:23:11.648, 136937348587, QTAgent32.exe, &lt;a class=success&gt;Playback - {73} [SUCCESS] SendKeys "{DELETE}" - "[MSAA, VisibleOnly]ControlType='Edit'"
\0&lt;/a&gt;
W, 5084, 15, 2013/06/26, 21:23:12.091, 136938641865, QTAgent32.exe, &lt;a class=success&gt;Playback - {74} [SUCCESS] SetValueAsEditBox "bas""@bas.com" - "[MSAA, VisibleOnly]ControlType='Edit'"  &lt; Set via SendKeys &gt;
\0&lt;/a&gt;
W, 5084, 15, 2013/06/26, 21:23:12.337, 136939361491, QTAgent32.exe, &lt;a class=success&gt;Playback - {75} [SUCCESS] MouseButtonClick - "[MSAA, VisibleOnly]ControlType='Button' &amp;&amp; Name='Add Contact'"
\0&lt;/a&gt;
W, 5084, 15, 2013/06/26, 21:23:12.647, 136940267905, QTAgent32.exe, &lt;a class=success&gt;Playback - {76} [SUCCESS] SendKeys "^{HOME}" - "[MSAA, VisibleOnly]ControlType='Edit'"
\0&lt;/a&gt;
E, 5084, 15, 2013/06/26, 21:23:12.647, 136940268644, QTAgent32.exe, Msaa.GetFocusedElement: could not find accessible object of foreground window
W, 5084, 15, 2013/06/26, 21:23:12.740, 136940539846, QTAgent32.exe, &lt;a class=success&gt;Playback - {77} [SUCCESS] SendKeys "^+{END}" - "[MSAA, VisibleOnly]ControlType='Edit'"
\0&lt;/a&gt;
E, 5084, 15, 2013/06/26, 21:23:12.740, 136940540574, QTAgent32.exe, Msaa.GetFocusedElement: could not find accessible object of foreground window
W, 5084, 15, 2013/06/26, 21:23:12.793, 136940695093, QTAgent32.exe, &lt;a class=success&gt;Playback - {78} [SUCCESS] SendKeys "{DELETE}" - "[MSAA, VisibleOnly]ControlType='Edit'"
\0&lt;/a&gt;
W, 5084, 15, 2013/06/26, 21:23:13.324, 136942245964, QTAgent32.exe, &lt;a class=success&gt;Playback - {79} [SUCCESS] SetValueAsEditBox ".iets@hotmail.com" - "[MSAA, VisibleOnly]ControlType='Edit'"  &lt; Set via SendKeys &gt;
\0&lt;/a&gt;
W, 5084, 15, 2013/06/26, 21:23:13.562, 136942942096, QTAgent32.exe, &lt;a class=success&gt;Playback - {80} [SUCCESS] MouseButtonClick - "[MSAA, VisibleOnly]ControlType='Button' &amp;&amp; Name='Add Contact'"
\0&lt;/a&gt;
E, 5084, 15, 2013/06/26, 21:23:13.662, 136943234850, QTAgent32.exe, GetClassName for handle 7997598 failed
W, 5084, 15, 2013/06/26, 21:23:13.805, 136943652715, QTAgent32.exe, &lt;a class=success&gt;Playback - {81} [SUCCESS] MouseButtonClick - "[MSAA, VisibleOnly]ControlType='Button' &amp;&amp; Name='OK'"
\0&lt;/a&gt;
W, 5084, 15, 2013/06/26, 21:23:14.107, 136944535430, QTAgent32.exe, &lt;a class=success&gt;Playback - {82} [SUCCESS] SendKeys "^{HOME}" - "[MSAA, VisibleOnly]ControlType='Edit'"
\0&lt;/a&gt;
E, 5084, 15, 2013/06/26, 21:23:14.107, 136944535885, QTAgent32.exe, Msaa.GetFocusedElement: could not find accessible object of foreground window
W, 5084, 15, 2013/06/26, 21:23:14.179, 136944746510, QTAgent32.exe, &lt;a class=success&gt;Playback - {83} [SUCCESS] SendKeys "^+{END}" - "[MSAA, VisibleOnly]ControlType='Edit'"
\0&lt;/a&gt;
E, 5084, 15, 2013/06/26, 21:23:14.179, 136944747280, QTAgent32.exe, Msaa.GetFocusedElement: could not find accessible object of foreground window
W, 5084, 15, 2013/06/26, 21:23:14.227, 136944886961, QTAgent32.exe, &lt;a class=success&gt;Playback - {84} [SUCCESS] SendKeys "{DELETE}" - "[MSAA, VisibleOnly]ControlType='Edit'"
\0&lt;/a&gt;
W, 5084, 15, 2013/06/26, 21:23:14.725, 136946341328, QTAgent32.exe, &lt;a class=success&gt;Playback - {85} [SUCCESS] SetValueAsEditBox "add.@hotmail.com" - "[MSAA, VisibleOnly]ControlType='Edit'"  &lt; Set via SendKeys &gt;
\0&lt;/a&gt;
W, 5084, 15, 2013/06/26, 21:23:14.988, 136947111049, QTAgent32.exe, &lt;a class=success&gt;Playback - {86} [SUCCESS] MouseButtonClick - "[MSAA, VisibleOnly]ControlType='Button' &amp;&amp; Name='Add Contact'"
\0&lt;/a&gt;
E, 5084, 15, 2013/06/26, 21:23:15.088, 136947403288, QTAgent32.exe, GetClassName for handle 6293356 failed
W, 5084, 15, 2013/06/26, 21:23:15.230, 136947818617, QTAgent32.exe, &lt;a class=success&gt;Playback - {87} [SUCCESS] MouseButtonClick - "[MSAA, VisibleOnly]ControlType='Button' &amp;&amp; Name='OK'"
\0&lt;/a&gt;
W, 5084, 15, 2013/06/26, 21:23:15.570, 136948812118, QTAgent32.exe, &lt;a class=success&gt;Playback - {88} [SUCCESS] SendKeys "^{HOME}" - "[MSAA, VisibleOnly]ControlType='Edit'"
\0&lt;/a&gt;
E, 5084, 15, 2013/06/26, 21:23:15.570, 136948812598, QTAgent32.exe, Msaa.GetFocusedElement: could not find accessible object of foreground window
W, 5084, 15, 2013/06/26, 21:23:15.642, 136949022918, QTAgent32.exe, &lt;a class=success&gt;Playback - {89} [SUCCESS] SendKeys "^+{END}" - "[MSAA, VisibleOnly]ControlType='Edit'"
\0&lt;/a&gt;
E, 5084, 15, 2013/06/26, 21:23:15.642, 136949023620, QTAgent32.exe, Msaa.GetFocusedElement: could not find accessible object of foreground window
W, 5084, 15, 2013/06/26, 21:23:15.691, 136949166876, QTAgent32.exe, &lt;a class=success&gt;Playback - {90} [SUCCESS] SendKeys "{DELETE}" - "[MSAA, VisibleOnly]ControlType='Edit'"
\0&lt;/a&gt;
W, 5084, 15, 2013/06/26, 21:23:16.356, 136951109632, QTAgent32.exe, &lt;a class=success&gt;Playback - {91} [SUCCESS] SetValueAsEditBox "localpart@domain.com.com2" - "[MSAA, VisibleOnly]ControlType='Edit'"  &lt; Set via SendKeys &gt;
\0&lt;/a&gt;
W, 5084, 15, 2013/06/26, 21:23:16.620, 136951881703, QTAgent32.exe, &lt;a class=success&gt;Playback - {92} [SUCCESS] MouseButtonClick - "[MSAA, VisibleOnly]ControlType='Button' &amp;&amp; Name='Add Contact'"
\0&lt;/a&gt;
W, 5084, 15, 2013/06/26, 21:23:16.914, 136952741074, QTAgent32.exe, &lt;a class=success&gt;Playback - {93} [SUCCESS] SendKeys "^{HOME}" - "[MSAA, VisibleOnly]ControlType='Edit'"
\0&lt;/a&gt;
E, 5084, 15, 2013/06/26, 21:23:16.914, 136952741579, QTAgent32.exe, Msaa.GetFocusedElement: could not find accessible object of foreground window
W, 5084, 15, 2013/06/26, 21:23:16.986, 136952951329, QTAgent32.exe, &lt;a class=success&gt;Playback - {94} [SUCCESS] SendKeys "^+{END}" - "[MSAA, VisibleOnly]ControlType='Edit'"
\0&lt;/a&gt;
E, 5084, 15, 2013/06/26, 21:23:16.986, 136952951828, QTAgent32.exe, Msaa.GetFocusedElement: could not find accessible object of foreground window
W, 5084, 15, 2013/06/26, 21:23:17.017, 136953043449, QTAgent32.exe, &lt;a class=success&gt;Playback - {95} [SUCCESS] SendKeys "{DELETE}" - "[MSAA, VisibleOnly]ControlType='Edit'"
\0&lt;/a&gt;
W, 5084, 15, 2013/06/26, 21:23:17.779, 136955268997, QTAgent32.exe, &lt;a class=success&gt;Playback - {96} [SUCCESS] SetValueAsEditBox "loc\"..@[]&lt;&gt;=--0;\"@domain.com" - "[MSAA, VisibleOnly]ControlType='Edit'"  &lt; Set via SendKeys &gt;
\0&lt;/a&gt;
W, 5084, 15, 2013/06/26, 21:23:18.024, 136955986089, QTAgent32.exe, &lt;a class=success&gt;Playback - {97} [SUCCESS] MouseButtonClick - "[MSAA, VisibleOnly]ControlType='Button' &amp;&amp; Name='Add Contact'"
\0&lt;/a&gt;
E, 5084, 15, 2013/06/26, 21:23:18.124, 136956277921, QTAgent32.exe, GetClassName for handle 9242472 failed
W, 5084, 15, 2013/06/26, 21:23:18.266, 136956692854, QTAgent32.exe, &lt;a class=success&gt;Playback - {98} [SUCCESS] MouseButtonClick - "[MSAA, VisibleOnly]ControlType='Button' &amp;&amp; Name='OK'"
\0&lt;/a&gt;
W, 5084, 15, 2013/06/26, 21:23:18.590, 136957640434, QTAgent32.exe, &lt;a class=success&gt;Playback - {99} [SUCCESS] SendKeys "^{HOME}" - "[MSAA, VisibleOnly]ControlType='Edit'"
\0&lt;/a&gt;
E, 5084, 15, 2013/06/26, 21:23:18.590, 136957641178, QTAgent32.exe, Msaa.GetFocusedElement: could not find accessible object of foreground window
W, 5084, 15, 2013/06/26, 21:23:18.682, 136957909909, QTAgent32.exe, &lt;a class=success&gt;Playback - {100} [SUCCESS] SendKeys "^+{END}" - "[MSAA, VisibleOnly]ControlType='Edit'"
\0&lt;/a&gt;
E, 5084, 15, 2013/06/26, 21:23:18.682, 136957910561, QTAgent32.exe, Msaa.GetFocusedElement: could not find accessible object of foreground window
W, 5084, 15, 2013/06/26, 21:23:18.724, 136958032763, QTAgent32.exe, &lt;a class=success&gt;Playback - {101} [SUCCESS] SendKeys "{DELETE}" - "[MSAA, VisibleOnly]ControlType='Edit'"
\0&lt;/a&gt;
W, 5084, 15, 2013/06/26, 21:23:19.349, 136959858179, QTAgent32.exe, &lt;a class=success&gt;Playback - {102} [SUCCESS] SetValueAsEditBox "localpart@dom--ain-.com" - "[MSAA, VisibleOnly]ControlType='Edit'"  &lt; Set via SendKeys &gt;
\0&lt;/a&gt;
W, 5084, 15, 2013/06/26, 21:23:19.611, 136960624880, QTAgent32.exe, &lt;a class=success&gt;Playback - {103} [SUCCESS] MouseButtonClick - "[MSAA, VisibleOnly]ControlType='Button' &amp;&amp; Name='Add Contact'"
\0&lt;/a&gt;
W, 5084, 15, 2013/06/26, 21:23:19.907, 136961490407, QTAgent32.exe, &lt;a class=success&gt;Playback - {104} [SUCCESS] SendKeys "^{HOME}" - "[MSAA, VisibleOnly]ControlType='Edit'"
\0&lt;/a&gt;
E, 5084, 15, 2013/06/26, 21:23:19.907, 136961491161, QTAgent32.exe, Msaa.GetFocusedElement: could not find accessible object of foreground window
W, 5084, 15, 2013/06/26, 21:23:19.995, 136961747671, QTAgent32.exe, &lt;a class=success&gt;Playback - {105} [SUCCESS] SendKeys "^+{END}" - "[MSAA, VisibleOnly]ControlType='Edit'"
\0&lt;/a&gt;
E, 5084, 15, 2013/06/26, 21:23:19.995, 136961748374, QTAgent32.exe, Msaa.GetFocusedElement: could not find accessible object of foreground window
W, 5084, 15, 2013/06/26, 21:23:20.042, 136961885427, QTAgent32.exe, &lt;a class=success&gt;Playback - {106} [SUCCESS] SendKeys "{DELETE}" - "[MSAA, VisibleOnly]ControlType='Edit'"
\0&lt;/a&gt;
W, 5084, 15, 2013/06/26, 21:23:20.544, 136963352007, QTAgent32.exe, &lt;a class=success&gt;Playback - {107} [SUCCESS] SetValueAsEditBox "bas""empty@bas.nl" - "[MSAA, VisibleOnly]ControlType='Edit'"  &lt; Set via SendKeys &gt;
\0&lt;/a&gt;
W, 5084, 15, 2013/06/26, 21:23:20.774, 136964026196, QTAgent32.exe, &lt;a class=success&gt;Playback - {108} [SUCCESS] MouseButtonClick - "[MSAA, VisibleOnly]ControlType='Button' &amp;&amp; Name='Add Contact'"
\0&lt;/a&gt;
W, 5084, 15, 2013/06/26, 21:23:21.084, 136964930878, QTAgent32.exe, &lt;a class=success&gt;Playback - {109} [SUCCESS] SendKeys "^{HOME}" - "[MSAA, VisibleOnly]ControlType='Edit'"
\0&lt;/a&gt;
E, 5084, 15, 2013/06/26, 21:23:21.084, 136964931608, QTAgent32.exe, Msaa.GetFocusedElement: could not find accessible object of foreground window
W, 5084, 15, 2013/06/26, 21:23:21.179, 136965208432, QTAgent32.exe, &lt;a class=success&gt;Playback - {110} [SUCCESS] SendKeys "^+{END}" - "[MSAA, VisibleOnly]ControlType='Edit'"
\0&lt;/a&gt;
E, 5084, 15, 2013/06/26, 21:23:21.179, 136965209002, QTAgent32.exe, Msaa.GetFocusedElement: could not find accessible object of foreground window
W, 5084, 15, 2013/06/26, 21:23:21.220, 136965329404, QTAgent32.exe, &lt;a class=success&gt;Playback - {111} [SUCCESS] SendKeys "{DELETE}" - "[MSAA, VisibleOnly]ControlType='Edit'"
\0&lt;/a&gt;
W, 5084, 15, 2013/06/26, 21:23:21.868, 136967221750, QTAgent32.exe, &lt;a class=success&gt;Playback - {112} [SUCCESS] SetValueAsEditBox ""bladiebla"a@hotmail.com" - "[MSAA, VisibleOnly]ControlType='Edit'"  &lt; Set via SendKeys &gt;
\0&lt;/a&gt;
W, 5084, 15, 2013/06/26, 21:23:22.119, 136967956639, QTAgent32.exe, &lt;a class=success&gt;Playback - {113} [SUCCESS] MouseButtonClick - "[MSAA, VisibleOnly]ControlType='Button' &amp;&amp; Name='Add Contact'"
\0&lt;/a&gt;
W, 5084, 15, 2013/06/26, 21:23:22.436, 136968882799, QTAgent32.exe, &lt;a class=success&gt;Playback - {114} [SUCCESS] SendKeys "^{HOME}" - "[MSAA, VisibleOnly]ControlType='Edit'"
\0&lt;/a&gt;
E, 5084, 15, 2013/06/26, 21:23:22.436, 136968883301, QTAgent32.exe, Msaa.GetFocusedElement: could not find accessible object of foreground window
W, 5084, 15, 2013/06/26, 21:23:22.507, 136969090631, QTAgent32.exe, &lt;a class=success&gt;Playback - {115} [SUCCESS] SendKeys "^+{END}" - "[MSAA, VisibleOnly]ControlType='Edit'"
\0&lt;/a&gt;
E, 5084, 15, 2013/06/26, 21:23:22.507, 136969091384, QTAgent32.exe, Msaa.GetFocusedElement: could not find accessible object of foreground window
W, 5084, 15, 2013/06/26, 21:23:22.553, 136969225821, QTAgent32.exe, &lt;a class=success&gt;Playback - {116} [SUCCESS] SendKeys "{DELETE}" - "[MSAA, VisibleOnly]ControlType='Edit'"
\0&lt;/a&gt;
W, 5084, 15, 2013/06/26, 21:23:23.196, 136971103700, QTAgent32.exe, &lt;a class=success&gt;Playback - {117} [SUCCESS] SetValueAsEditBox ""bladiebla"a@hotmail.com" - "[MSAA, VisibleOnly]ControlType='Edit'"  &lt; Set via SendKeys &gt;
\0&lt;/a&gt;
W, 5084, 15, 2013/06/26, 21:23:23.454, 136971858750, QTAgent32.exe, &lt;a class=success&gt;Playback - {118} [SUCCESS] MouseButtonClick - "[MSAA, VisibleOnly]ControlType='Button' &amp;&amp; Name='Add Contact'"
\0&lt;/a&gt;
W, 5084, 15, 2013/06/26, 21:23:25.676, 136978352298, QTAgent32.exe, IEDOM : StopSession of the plugin called before StartSession
W, 5084, 15, 2013/06/26, 21:23:25.676, 136978352597, QTAgent32.exe, UIA : StopSession of the plugin called before StartSession
</DebugTrace>
      </Output>
    </UnitTestResult>
  </Results>
</TestRun>