<?xml version="1.0" encoding="UTF-8"?>
<TestRun id="d57c8f0d-6664-4dd3-8c7a-9ca2d3f634ab" name="Bas@BAS-PC 2013-06-26 21:21:19" runUser="Bas-PC\Bas" xmlns="http://microsoft.com/schemas/VisualStudio/TeamTest/2010">
  <TestSettings name="Local" id="2aa66af6-b3b9-40d6-82a8-b5cc062499d2">
    <Description>These are default test settings for a local test run.</Description>
    <Deployment runDeploymentRoot="Bas_BAS-PC 2013-06-26 21_21_19">
      <DeploymentItem filename="C:\Users\Bas\Desktop\Softwaretesting\edu.3725154.SoftwareTesting\Adresboek\Adresboek\bin\Debug\Adresboek.exe" />
    </Deployment>
    <Execution>
      <TestTypeSpecific>
        <UnitTestRunConfig testTypeId="13cdc9d9-ddb5-4fa4-a97d-d965ccfc6d4b">
          <AssemblyResolution>
            <TestDirectory useLoadContext="true" />
          </AssemblyResolution>
        </UnitTestRunConfig>
        <WebTestRunConfiguration testTypeId="4e7599fa-5ecb-43e9-a887-cd63cf72d207">
          <Browser name="Internet Explorer 7.0">
            <Headers>
              <Header name="User-Agent" value="Mozilla/4.0 (compatible; MSIE 7.0; Windows NT 5.1)" />
              <Header name="Accept" value="*/*" />
              <Header name="Accept-Language" value="{{$IEAcceptLanguage}}" />
              <Header name="Accept-Encoding" value="GZIP" />
            </Headers>
          </Browser>
        </WebTestRunConfiguration>
      </TestTypeSpecific>
      <AgentRule name="LocalMachineDefaultRole">
        <DataCollectors>
          <DataCollector uri="datacollector://microsoft/CodeCoverage/1.0" assemblyQualifiedName="Microsoft.VisualStudio.TestTools.CodeCoverage.CoveragePlugIn, Microsoft.VisualStudio.QualityTools.Plugins.CodeCoverage, Version=10.0.0.0, Culture=neutral, PublicKeyToken=b03f5f7f11d50a3a" friendlyName="Code Coverage">
            <Configuration>
              <CodeCoverage xmlns="">
                <Regular>
                  <CodeCoverageItem binaryFile="C:\Users\Bas\Desktop\Softwaretesting\edu.3725154.SoftwareTesting\Adresboek\Adresboek\bin\Debug\Adresboek.exe" pdbFile="C:\Users\Bas\Desktop\Softwaretesting\edu.3725154.SoftwareTesting\Adresboek\Adresboek\bin\Debug\Adresboek.instr.pdb" instrumentInPlace="true" />
                </Regular>
              </CodeCoverage>
            </Configuration>
          </DataCollector>
        </DataCollectors>
      </AgentRule>
    </Execution>
  </TestSettings>
  <Times creation="2013-06-26T21:21:19.3248158+02:00" queuing="2013-06-26T21:21:20.1228614+02:00" start="2013-06-26T21:21:20.1568634+02:00" finish="2013-06-26T21:21:49.6595508+02:00" />
  <ResultSummary outcome="Failed">
    <Counters total="1" executed="1" error="0" failed="1" timeout="0" aborted="0" inconclusive="0" passedButRunAborted="0" notRunnable="0" notExecuted="0" disconnected="0" warning="0" passed="0" completed="0" inProgress="0" pending="0" />
    <ResultFiles>
      <ResultFile path="BAS-PC\data.coverage" />
    </ResultFiles>
  </ResultSummary>
  <TestDefinitions>
    <UnitTest name="TestEmail" storage="c:\users\bas\desktop\softwaretesting\edu.3725154.softwaretesting\adresboek\adresboektest\bin\debug\adresboektest.dll" id="ecf14cdf-a816-c9c9-b486-338ae3a984be">
      <Execution id="0c73c957-9f7d-4d46-a5e1-783b9bafa39e" />
      <TestMethod codeBase="C:/Users/Bas/Desktop/Softwaretesting/edu.3725154.SoftwareTesting/Adresboek/AdresboekTest/bin/Debug/AdresboekTest.DLL" adapterTypeName="Microsoft.VisualStudio.TestTools.TestTypes.Unit.UnitTestAdapter, Microsoft.VisualStudio.QualityTools.Tips.UnitTest.Adapter, Version=10.0.0.0, Culture=neutral, PublicKeyToken=b03f5f7f11d50a3a" className="AdresboekTest.RecordAndReplay, AdresboekTest, Version=1.0.0.0, Culture=neutral, PublicKeyToken=null" name="TestEmail" />
      <Extension>Microsoft.VisualStudio.TestTools.UITesting.CodedUITestAttribute, Microsoft.VisualStudio.QualityTools.CodedUITestFramework, Version=10.0.0.0, Culture=neutral, PublicKeyToken=b03f5f7f11d50a3a</Extension>
    </UnitTest>
  </TestDefinitions>
  <TestLists>
    <TestList name="Results Not in a List" id="8c84fa94-04c1-424b-9868-57a2d4851a1d" />
    <TestList name="All Loaded Results" id="19431567-8539-422a-85d7-44ee4e166bda" />
  </TestLists>
  <TestEntries>
    <TestEntry testId="ecf14cdf-a816-c9c9-b486-338ae3a984be" executionId="0c73c957-9f7d-4d46-a5e1-783b9bafa39e" testListId="8c84fa94-04c1-424b-9868-57a2d4851a1d" />
  </TestEntries>
  <Results>
    <UnitTestResult executionId="0c73c957-9f7d-4d46-a5e1-783b9bafa39e" testId="ecf14cdf-a816-c9c9-b486-338ae3a984be" testName="TestEmail" computerName="BAS-PC" duration="00:00:26.8459029" startTime="2013-06-26T21:21:20.7878995+02:00" endTime="2013-06-26T21:21:47.9964557+02:00" testType="13cdc9d9-ddb5-4fa4-a97d-d965ccfc6d4b" outcome="Failed" testListId="8c84fa94-04c1-424b-9868-57a2d4851a1d" relativeResultsDirectory="0c73c957-9f7d-4d46-a5e1-783b9bafa39e">
      <Output>
        <DebugTrace>W, 9704, 15, 2013/06/26, 21:21:22.496, 136618294785, QTAgent32.exe, &lt;a class=success&gt;Playback - {1} [SUCCESS] MouseButtonClick - "[MSAA, VisibleOnly]ControlType='Button' &amp;&amp; Name='View'"
\0&lt;/a&gt;
W, 9704, 15, 2013/06/26, 21:21:22.698, 136618881389, QTAgent32.exe, Value in en-US resource 'Maximaliseren' does not match the defaultvalue 'Maximize'
W, 9704, 15, 2013/06/26, 21:21:22.698, 136618882314, QTAgent32.exe, Value in en-US resource 'Vorig formaat' does not match the defaultvalue 'Restore'
W, 9704, 15, 2013/06/26, 21:21:22.709, 136618913526, QTAgent32.exe, Value in en-US resource 'Vorige' does not match the defaultvalue 'Back'
W, 9704, 15, 2013/06/26, 21:21:22.709, 136618913997, QTAgent32.exe, Value in en-US resource 'Volgende' does not match the defaultvalue 'Forward'
W, 9704, 15, 2013/06/26, 21:21:22.709, 136618914378, QTAgent32.exe, Value in en-US resource 'Vernieuwen (F5)' does not match the defaultvalue 'Refresh (F5)'
W, 9704, 15, 2013/06/26, 21:21:22.710, 136618914746, QTAgent32.exe, Value in en-US resource 'Stoppen (Esc)' does not match the defaultvalue 'Stop (Esc)'
W, 9704, 15, 2013/06/26, 21:21:22.710, 136618915447, QTAgent32.exe, Value in en-US resource 'Adresbalk met automatisch aanvullen weergeven' does not match the defaultvalue 'Show Address Bar Autocomplete'
W, 9704, 15, 2013/06/26, 21:21:22.710, 136618916020, QTAgent32.exe, Value in en-US resource 'Adres en zoeken met %s' does not match the defaultvalue 'Address'
W, 9704, 15, 2013/06/26, 21:21:22.710, 136618916149, QTAgent32.exe, Value in en-US resource 'Bestand selecteren voor uploaden' does not match the defaultvalue 'Choose file'
W, 9704, 15, 2013/06/26, 21:21:22.710, 136618916497, QTAgent32.exe, Value in en-US resource 'Melding' does not match the defaultvalue 'Notification Bar'
W, 9704, 15, 2013/06/26, 21:21:22.713, 136618926406, QTAgent32.exe, Value in en-US resource 'Microsoft SmartScreen-filter' does not match the defaultvalue 'Microsoft Phishing Filter'
W, 9704, 15, 2013/06/26, 21:21:22.714, 136618926977, QTAgent32.exe, Value in en-US resource 'Automatisch aanvullen' does not match the defaultvalue 'AutoComplete'
W, 9704, 15, 2013/06/26, 21:21:22.714, 136618927346, QTAgent32.exe, Value in en-US resource 'Wachtwoorden automatisch aanvullen' does not match the defaultvalue 'AutoComplete Passwords'
E, 9704, 15, 2013/06/26, 21:21:22.714, 136618928059, QTAgent32.exe, LoadLibrary() : Unable to find the resource 37382 from assembly C:\Windows\system32\nl-NL\ieframe.dll.mui: Error1814
E, 9704, 15, 2013/06/26, 21:21:22.714, 136618928864, QTAgent32.exe, LoadLibrary() : Unable to find the resource 41728 from assembly C:\Windows\system32\nl-NL\ieframe.dll.mui: Error1814
E, 9704, 15, 2013/06/26, 21:21:22.714, 136618929189, QTAgent32.exe, LoadLibrary() : Unable to find the resource 8131 from assembly C:\Windows\system32\nl-NL\ieframe.dll.mui: Error1814
E, 9704, 15, 2013/06/26, 21:21:22.715, 136618929555, QTAgent32.exe, LoadLibrary() : Unable to find the resource 8131 from assembly C:\Windows\system32\nl-NL\ieframe.dll.mui: Error1814
W, 9704, 15, 2013/06/26, 21:21:22.715, 136618929913, QTAgent32.exe, Value in en-US resource 'Sluiten' does not match the defaultvalue 'Close'
E, 9704, 15, 2013/06/26, 21:21:22.715, 136618930201, QTAgent32.exe, LoadLibrary() : Unable to find the resource 8131 from assembly C:\Windows\system32\nl-NL\ieframe.dll.mui: Error1814
W, 9704, 15, 2013/06/26, 21:21:22.715, 136618930556, QTAgent32.exe, Value in en-US resource 'Beveiligingswaarschuwing' does not match the defaultvalue 'Security Warning'
E, 9704, 15, 2013/06/26, 21:21:22.715, 136618930984, QTAgent32.exe, LoadLibrary() : Unable to find the resource 803 from assembly C:\Windows\system32\nl-NL\user32.dll.mui: Error1814
W, 9704, 15, 2013/06/26, 21:21:22.715, 136618931875, QTAgent32.exe, Value in en-US resource 'Windows-beveiliging' does not match the defaultvalue 'Windows Security'
W, 9704, 15, 2013/06/26, 21:21:23.121, 136620117494, QTAgent32.exe, &lt;a class=success&gt;Playback - {2} [SUCCESS] SetValueAsEditBox "bas" - "[MSAA, VisibleOnly]ControlType='Edit'"  &lt; Set via SendKeys &gt;
\0&lt;/a&gt;
W, 9704, 15, 2013/06/26, 21:21:23.503, 136621233932, QTAgent32.exe, &lt;a class=success&gt;Playback - {3} [SUCCESS] MouseButtonClick - "[MSAA, VisibleOnly]ControlType='Button' &amp;&amp; Name='Add Contact'"
\0&lt;/a&gt;
W, 9704, 15, 2013/06/26, 21:21:23.746, 136621944189, QTAgent32.exe, &lt;a class=success&gt;Playback - {4} [SUCCESS] MouseButtonClick - "[MSAA, VisibleOnly]ControlType='Button' &amp;&amp; Name='OK'"
\0&lt;/a&gt;
W, 9704, 15, 2013/06/26, 21:21:24.059, 136622859397, QTAgent32.exe, &lt;a class=success&gt;Playback - {5} [SUCCESS] SendKeys "^{HOME}" - "[MSAA, VisibleOnly]ControlType='Edit'"
\0&lt;/a&gt;
E, 9704, 15, 2013/06/26, 21:21:24.061, 136622865076, QTAgent32.exe, Msaa.GetFocusedElement: could not find accessible object of foreground window
W, 9704, 15, 2013/06/26, 21:21:24.140, 136623096162, QTAgent32.exe, &lt;a class=success&gt;Playback - {6} [SUCCESS] SendKeys "^+{END}" - "[MSAA, VisibleOnly]ControlType='Edit'"
\0&lt;/a&gt;
E, 9704, 15, 2013/06/26, 21:21:24.140, 136623096976, QTAgent32.exe, Msaa.GetFocusedElement: could not find accessible object of foreground window
W, 9704, 15, 2013/06/26, 21:21:24.186, 136623230978, QTAgent32.exe, &lt;a class=success&gt;Playback - {7} [SUCCESS] SendKeys "{DELETE}" - "[MSAA, VisibleOnly]ControlType='Edit'"
\0&lt;/a&gt;
W, 9704, 15, 2013/06/26, 21:21:24.476, 136624077668, QTAgent32.exe, &lt;a class=success&gt;Playback - {8} [SUCCESS] SetValueAsEditBox "bas@@" - "[MSAA, VisibleOnly]ControlType='Edit'"  &lt; Set via SendKeys &gt;
\0&lt;/a&gt;
W, 9704, 15, 2013/06/26, 21:21:24.758, 136624902809, QTAgent32.exe, &lt;a class=success&gt;Playback - {9} [SUCCESS] MouseButtonClick - "[MSAA, VisibleOnly]ControlType='Button' &amp;&amp; Name='Add Contact'"
\0&lt;/a&gt;
W, 9704, 15, 2013/06/26, 21:21:25.008, 136625633231, QTAgent32.exe, &lt;a class=success&gt;Playback - {10} [SUCCESS] MouseButtonClick - "[MSAA, VisibleOnly]ControlType='Button' &amp;&amp; Name='OK'"
\0&lt;/a&gt;
W, 9704, 15, 2013/06/26, 21:21:25.340, 136626603754, QTAgent32.exe, &lt;a class=success&gt;Playback - {11} [SUCCESS] SendKeys "^{HOME}" - "[MSAA, VisibleOnly]ControlType='Edit'"
\0&lt;/a&gt;
E, 9704, 15, 2013/06/26, 21:21:25.340, 136626604475, QTAgent32.exe, Msaa.GetFocusedElement: could not find accessible object of foreground window
W, 9704, 15, 2013/06/26, 21:21:25.431, 136626870059, QTAgent32.exe, &lt;a class=success&gt;Playback - {12} [SUCCESS] SendKeys "^+{END}" - "[MSAA, VisibleOnly]ControlType='Edit'"
\0&lt;/a&gt;
E, 9704, 15, 2013/06/26, 21:21:25.431, 136626870828, QTAgent32.exe, Msaa.GetFocusedElement: could not find accessible object of foreground window
W, 9704, 15, 2013/06/26, 21:21:25.483, 136627022969, QTAgent32.exe, &lt;a class=success&gt;Playback - {13} [SUCCESS] SendKeys "{DELETE}" - "[MSAA, VisibleOnly]ControlType='Edit'"
\0&lt;/a&gt;
W, 9704, 15, 2013/06/26, 21:21:25.897, 136628232803, QTAgent32.exe, &lt;a class=success&gt;Playback - {14} [SUCCESS] SetValueAsEditBox "bas@@blabla" - "[MSAA, VisibleOnly]ControlType='Edit'"  &lt; Set via SendKeys &gt;
\0&lt;/a&gt;
W, 9704, 15, 2013/06/26, 21:21:26.159, 136628998050, QTAgent32.exe, &lt;a class=success&gt;Playback - {15} [SUCCESS] MouseButtonClick - "[MSAA, VisibleOnly]ControlType='Button' &amp;&amp; Name='Add Contact'"
\0&lt;/a&gt;
E, 9704, 15, 2013/06/26, 21:21:26.259, 136629290413, QTAgent32.exe, GetClassName for handle 330116 failed
W, 9704, 15, 2013/06/26, 21:21:26.402, 136629708127, QTAgent32.exe, &lt;a class=success&gt;Playback - {16} [SUCCESS] MouseButtonClick - "[MSAA, VisibleOnly]ControlType='Button' &amp;&amp; Name='OK'"
\0&lt;/a&gt;
W, 9704, 15, 2013/06/26, 21:21:26.733, 136630675785, QTAgent32.exe, &lt;a class=success&gt;Playback - {17} [SUCCESS] SendKeys "^{HOME}" - "[MSAA, VisibleOnly]ControlType='Edit'"
\0&lt;/a&gt;
E, 9704, 15, 2013/06/26, 21:21:26.733, 136630676292, QTAgent32.exe, Msaa.GetFocusedElement: could not find accessible object of foreground window
W, 9704, 15, 2013/06/26, 21:21:26.806, 136630888983, QTAgent32.exe, &lt;a class=success&gt;Playback - {18} [SUCCESS] SendKeys "^+{END}" - "[MSAA, VisibleOnly]ControlType='Edit'"
\0&lt;/a&gt;
E, 9704, 15, 2013/06/26, 21:21:26.806, 136630889416, QTAgent32.exe, Msaa.GetFocusedElement: could not find accessible object of foreground window
W, 9704, 15, 2013/06/26, 21:21:26.857, 136631039889, QTAgent32.exe, &lt;a class=success&gt;Playback - {19} [SUCCESS] SendKeys "{DELETE}" - "[MSAA, VisibleOnly]ControlType='Edit'"
\0&lt;/a&gt;
W, 9704, 15, 2013/06/26, 21:21:27.250, 136632188155, QTAgent32.exe, &lt;a class=success&gt;Playback - {20} [SUCCESS] SetValueAsEditBox "bas@bla./nl" - "[MSAA, VisibleOnly]ControlType='Edit'"  &lt; Set via SendKeys &gt;
\0&lt;/a&gt;
W, 9704, 15, 2013/06/26, 21:21:27.512, 136632953060, QTAgent32.exe, &lt;a class=success&gt;Playback - {21} [SUCCESS] MouseButtonClick - "[MSAA, VisibleOnly]ControlType='Button' &amp;&amp; Name='Add Contact'"
\0&lt;/a&gt;
E, 9704, 15, 2013/06/26, 21:21:27.612, 136633245362, QTAgent32.exe, GetClassName for handle 8456206 failed
W, 9704, 15, 2013/06/26, 21:21:27.754, 136633660093, QTAgent32.exe, &lt;a class=success&gt;Playback - {22} [SUCCESS] MouseButtonClick - "[MSAA, VisibleOnly]ControlType='Button' &amp;&amp; Name='OK'"
\0&lt;/a&gt;
W, 9704, 15, 2013/06/26, 21:21:28.075, 136634599355, QTAgent32.exe, &lt;a class=success&gt;Playback - {23} [SUCCESS] SendKeys "^{HOME}" - "[MSAA, VisibleOnly]ControlType='Edit'"
\0&lt;/a&gt;
E, 9704, 15, 2013/06/26, 21:21:28.075, 136634599801, QTAgent32.exe, Msaa.GetFocusedElement: could not find accessible object of foreground window
W, 9704, 15, 2013/06/26, 21:21:28.152, 136634824071, QTAgent32.exe, &lt;a class=success&gt;Playback - {24} [SUCCESS] SendKeys "^+{END}" - "[MSAA, VisibleOnly]ControlType='Edit'"
\0&lt;/a&gt;
E, 9704, 15, 2013/06/26, 21:21:28.152, 136634824808, QTAgent32.exe, Msaa.GetFocusedElement: could not find accessible object of foreground window
W, 9704, 15, 2013/06/26, 21:21:28.206, 136634983167, QTAgent32.exe, &lt;a class=success&gt;Playback - {25} [SUCCESS] SendKeys "{DELETE}" - "[MSAA, VisibleOnly]ControlType='Edit'"
\0&lt;/a&gt;
W, 9704, 15, 2013/06/26, 21:21:28.616, 136636179310, QTAgent32.exe, &lt;a class=success&gt;Playback - {26} [SUCCESS] SetValueAsEditBox "bas@bla...nl" - "[MSAA, VisibleOnly]ControlType='Edit'"  &lt; Set via SendKeys &gt;
\0&lt;/a&gt;
W, 9704, 15, 2013/06/26, 21:21:28.880, 136636952239, QTAgent32.exe, &lt;a class=success&gt;Playback - {27} [SUCCESS] MouseButtonClick - "[MSAA, VisibleOnly]ControlType='Button' &amp;&amp; Name='Add Contact'"
\0&lt;/a&gt;
E, 9704, 15, 2013/06/26, 21:21:28.980, 136637244325, QTAgent32.exe, GetClassName for handle 461188 failed
W, 9704, 15, 2013/06/26, 21:21:29.122, 136637659272, QTAgent32.exe, &lt;a class=success&gt;Playback - {28} [SUCCESS] MouseButtonClick - "[MSAA, VisibleOnly]ControlType='Button' &amp;&amp; Name='OK'"
\0&lt;/a&gt;
W, 9704, 15, 2013/06/26, 21:21:29.443, 136638597586, QTAgent32.exe, &lt;a class=success&gt;Playback - {29} [SUCCESS] SendKeys "^{HOME}" - "[MSAA, VisibleOnly]ControlType='Edit'"
\0&lt;/a&gt;
E, 9704, 15, 2013/06/26, 21:21:29.443, 136638598003, QTAgent32.exe, Msaa.GetFocusedElement: could not find accessible object of foreground window
W, 9704, 15, 2013/06/26, 21:21:29.532, 136638858329, QTAgent32.exe, &lt;a class=success&gt;Playback - {30} [SUCCESS] SendKeys "^+{END}" - "[MSAA, VisibleOnly]ControlType='Edit'"
\0&lt;/a&gt;
E, 9704, 15, 2013/06/26, 21:21:29.532, 136638859080, QTAgent32.exe, Msaa.GetFocusedElement: could not find accessible object of foreground window
W, 9704, 15, 2013/06/26, 21:21:29.584, 136639010909, QTAgent32.exe, &lt;a class=success&gt;Playback - {31} [SUCCESS] SendKeys "{DELETE}" - "[MSAA, VisibleOnly]ControlType='Edit'"
\0&lt;/a&gt;
W, 9704, 15, 2013/06/26, 21:21:30.049, 136640368460, QTAgent32.exe, &lt;a class=success&gt;Playback - {32} [SUCCESS] SetValueAsEditBox "b..as@bla...nl" - "[MSAA, VisibleOnly]ControlType='Edit'"  &lt; Set via SendKeys &gt;
\0&lt;/a&gt;
W, 9704, 15, 2013/06/26, 21:21:30.313, 136641140875, QTAgent32.exe, &lt;a class=success&gt;Playback - {33} [SUCCESS] MouseButtonClick - "[MSAA, VisibleOnly]ControlType='Button' &amp;&amp; Name='Add Contact'"
\0&lt;/a&gt;
E, 9704, 15, 2013/06/26, 21:21:30.413, 136641433193, QTAgent32.exe, GetClassName for handle 8587278 failed
W, 9704, 15, 2013/06/26, 21:21:30.555, 136641848360, QTAgent32.exe, &lt;a class=success&gt;Playback - {34} [SUCCESS] MouseButtonClick - "[MSAA, VisibleOnly]ControlType='Button' &amp;&amp; Name='OK'"
\0&lt;/a&gt;
W, 9704, 15, 2013/06/26, 21:21:30.892, 136642833505, QTAgent32.exe, &lt;a class=success&gt;Playback - {35} [SUCCESS] SendKeys "^{HOME}" - "[MSAA, VisibleOnly]ControlType='Edit'"
\0&lt;/a&gt;
E, 9704, 15, 2013/06/26, 21:21:30.892, 136642834213, QTAgent32.exe, Msaa.GetFocusedElement: could not find accessible object of foreground window
W, 9704, 15, 2013/06/26, 21:21:30.983, 136643099535, QTAgent32.exe, &lt;a class=success&gt;Playback - {36} [SUCCESS] SendKeys "^+{END}" - "[MSAA, VisibleOnly]ControlType='Edit'"
\0&lt;/a&gt;
E, 9704, 15, 2013/06/26, 21:21:30.983, 136643100077, QTAgent32.exe, Msaa.GetFocusedElement: could not find accessible object of foreground window
W, 9704, 15, 2013/06/26, 21:21:31.018, 136643203351, QTAgent32.exe, &lt;a class=success&gt;Playback - {37} [SUCCESS] SendKeys "{DELETE}" - "[MSAA, VisibleOnly]ControlType='Edit'"
\0&lt;/a&gt;
W, 9704, 15, 2013/06/26, 21:21:31.425, 136644393436, QTAgent32.exe, &lt;a class=success&gt;Playback - {38} [SUCCESS] SetValueAsEditBox "b..as@bla.nl" - "[MSAA, VisibleOnly]ControlType='Edit'"  &lt; Set via SendKeys &gt;
\0&lt;/a&gt;
W, 9704, 15, 2013/06/26, 21:21:31.686, 136645154732, QTAgent32.exe, &lt;a class=success&gt;Playback - {39} [SUCCESS] MouseButtonClick - "[MSAA, VisibleOnly]ControlType='Button' &amp;&amp; Name='Add Contact'"
\0&lt;/a&gt;
E, 9704, 15, 2013/06/26, 21:21:31.786, 136645446904, QTAgent32.exe, GetClassName for handle 592260 failed
W, 9704, 15, 2013/06/26, 21:21:31.927, 136645859408, QTAgent32.exe, &lt;a class=success&gt;Playback - {40} [SUCCESS] MouseButtonClick - "[MSAA, VisibleOnly]ControlType='Button' &amp;&amp; Name='OK'"
\0&lt;/a&gt;
W, 9704, 15, 2013/06/26, 21:21:32.243, 136646782920, QTAgent32.exe, &lt;a class=success&gt;Playback - {41} [SUCCESS] SendKeys "^{HOME}" - "[MSAA, VisibleOnly]ControlType='Edit'"
\0&lt;/a&gt;
E, 9704, 15, 2013/06/26, 21:21:32.243, 136646783643, QTAgent32.exe, Msaa.GetFocusedElement: could not find accessible object of foreground window
W, 9704, 15, 2013/06/26, 21:21:32.329, 136647034623, QTAgent32.exe, &lt;a class=success&gt;Playback - {42} [SUCCESS] SendKeys "^+{END}" - "[MSAA, VisibleOnly]ControlType='Edit'"
\0&lt;/a&gt;
E, 9704, 15, 2013/06/26, 21:21:32.329, 136647035392, QTAgent32.exe, Msaa.GetFocusedElement: could not find accessible object of foreground window
W, 9704, 15, 2013/06/26, 21:21:32.375, 136647169314, QTAgent32.exe, &lt;a class=success&gt;Playback - {43} [SUCCESS] SendKeys "{DELETE}" - "[MSAA, VisibleOnly]ControlType='Edit'"
\0&lt;/a&gt;
W, 9704, 15, 2013/06/26, 21:21:32.840, 136648527260, QTAgent32.exe, &lt;a class=success&gt;Playback - {44} [SUCCESS] SetValueAsEditBox "bas@hotmail.com" - "[MSAA, VisibleOnly]ControlType='Edit'"  &lt; Set via SendKeys &gt;
\0&lt;/a&gt;
W, 9704, 15, 2013/06/26, 21:21:33.103, 136649296840, QTAgent32.exe, &lt;a class=success&gt;Playback - {45} [SUCCESS] MouseButtonClick - "[MSAA, VisibleOnly]ControlType='Button' &amp;&amp; Name='Add Contact'"
\0&lt;/a&gt;
W, 9704, 15, 2013/06/26, 21:21:33.418, 136650217228, QTAgent32.exe, &lt;a class=success&gt;Playback - {46} [SUCCESS] SendKeys "^{HOME}" - "[MSAA, VisibleOnly]ControlType='Edit'"
\0&lt;/a&gt;
E, 9704, 15, 2013/06/26, 21:21:33.418, 136650217650, QTAgent32.exe, Msaa.GetFocusedElement: could not find accessible object of foreground window
W, 9704, 15, 2013/06/26, 21:21:33.489, 136650425269, QTAgent32.exe, &lt;a class=success&gt;Playback - {47} [SUCCESS] SendKeys "^+{END}" - "[MSAA, VisibleOnly]ControlType='Edit'"
\0&lt;/a&gt;
E, 9704, 15, 2013/06/26, 21:21:33.489, 136650425993, QTAgent32.exe, Msaa.GetFocusedElement: could not find accessible object of foreground window
W, 9704, 15, 2013/06/26, 21:21:33.532, 136650551349, QTAgent32.exe, &lt;a class=success&gt;Playback - {48} [SUCCESS] SendKeys "{DELETE}" - "[MSAA, VisibleOnly]ControlType='Edit'"
\0&lt;/a&gt;
W, 9704, 15, 2013/06/26, 21:21:34.184, 136652455957, QTAgent32.exe, &lt;a class=success&gt;Playback - {49} [SUCCESS] SetValueAsEditBox "bas_meesters@hotmail.com" - "[MSAA, VisibleOnly]ControlType='Edit'"  &lt; Set via SendKeys &gt;
\0&lt;/a&gt;
W, 9704, 15, 2013/06/26, 21:21:34.443, 136653213927, QTAgent32.exe, &lt;a class=success&gt;Playback - {50} [SUCCESS] MouseButtonClick - "[MSAA, VisibleOnly]ControlType='Button' &amp;&amp; Name='Add Contact'"
\0&lt;/a&gt;
W, 9704, 15, 2013/06/26, 21:21:34.760, 136654140262, QTAgent32.exe, &lt;a class=success&gt;Playback - {51} [SUCCESS] SendKeys "^{HOME}" - "[MSAA, VisibleOnly]ControlType='Edit'"
\0&lt;/a&gt;
E, 9704, 15, 2013/06/26, 21:21:34.760, 136654140949, QTAgent32.exe, Msaa.GetFocusedElement: could not find accessible object of foreground window
W, 9704, 15, 2013/06/26, 21:21:34.845, 136654389463, QTAgent32.exe, &lt;a class=success&gt;Playback - {52} [SUCCESS] SendKeys "^+{END}" - "[MSAA, VisibleOnly]ControlType='Edit'"
\0&lt;/a&gt;
E, 9704, 15, 2013/06/26, 21:21:34.845, 136654390243, QTAgent32.exe, Msaa.GetFocusedElement: could not find accessible object of foreground window
W, 9704, 15, 2013/06/26, 21:21:34.893, 136654530046, QTAgent32.exe, &lt;a class=success&gt;Playback - {53} [SUCCESS] SendKeys "{DELETE}" - "[MSAA, VisibleOnly]ControlType='Edit'"
\0&lt;/a&gt;
W, 9704, 15, 2013/06/26, 21:21:35.539, 136656418758, QTAgent32.exe, &lt;a class=success&gt;Playback - {54} [SUCCESS] SetValueAsEditBox "bas.meesters@hotmail.com" - "[MSAA, VisibleOnly]ControlType='Edit'"  &lt; Set via SendKeys &gt;
\0&lt;/a&gt;
W, 9704, 15, 2013/06/26, 21:21:35.783, 136657130941, QTAgent32.exe, &lt;a class=success&gt;Playback - {55} [SUCCESS] MouseButtonClick - "[MSAA, VisibleOnly]ControlType='Button' &amp;&amp; Name='Add Contact'"
\0&lt;/a&gt;
W, 9704, 15, 2013/06/26, 21:21:36.098, 136658051599, QTAgent32.exe, &lt;a class=success&gt;Playback - {56} [SUCCESS] SendKeys "^{HOME}" - "[MSAA, VisibleOnly]ControlType='Edit'"
\0&lt;/a&gt;
E, 9704, 15, 2013/06/26, 21:21:36.098, 136658052044, QTAgent32.exe, Msaa.GetFocusedElement: could not find accessible object of foreground window
W, 9704, 15, 2013/06/26, 21:21:36.182, 136658297604, QTAgent32.exe, &lt;a class=success&gt;Playback - {57} [SUCCESS] SendKeys "^+{END}" - "[MSAA, VisibleOnly]ControlType='Edit'"
\0&lt;/a&gt;
E, 9704, 15, 2013/06/26, 21:21:36.182, 136658298334, QTAgent32.exe, Msaa.GetFocusedElement: could not find accessible object of foreground window
W, 9704, 15, 2013/06/26, 21:21:36.226, 136658427795, QTAgent32.exe, &lt;a class=success&gt;Playback - {58} [SUCCESS] SendKeys "{DELETE}" - "[MSAA, VisibleOnly]ControlType='Edit'"
\0&lt;/a&gt;
W, 9704, 15, 2013/06/26, 21:21:37.006, 136660705295, QTAgent32.exe, &lt;a class=success&gt;Playback - {59} [SUCCESS] SetValueAsEditBox "bas.meest"iets"ers@hotmail.com" - "[MSAA, VisibleOnly]ControlType='Edit'"  &lt; Set via SendKeys &gt;
\0&lt;/a&gt;
W, 9704, 15, 2013/06/26, 21:21:37.267, 136661469249, QTAgent32.exe, &lt;a class=success&gt;Playback - {60} [SUCCESS] MouseButtonClick - "[MSAA, VisibleOnly]ControlType='Button' &amp;&amp; Name='Add Contact'"
\0&lt;/a&gt;
W, 9704, 15, 2013/06/26, 21:21:37.636, 136662547814, QTAgent32.exe, &lt;a class=success&gt;Playback - {61} [SUCCESS] SendKeys "^{HOME}" - "[MSAA, VisibleOnly]ControlType='Edit'"
\0&lt;/a&gt;
E, 9704, 15, 2013/06/26, 21:21:37.636, 136662548579, QTAgent32.exe, Msaa.GetFocusedElement: could not find accessible object of foreground window
W, 9704, 15, 2013/06/26, 21:21:37.722, 136662799102, QTAgent32.exe, &lt;a class=success&gt;Playback - {62} [SUCCESS] SendKeys "^+{END}" - "[MSAA, VisibleOnly]ControlType='Edit'"
\0&lt;/a&gt;
E, 9704, 15, 2013/06/26, 21:21:37.722, 136662799803, QTAgent32.exe, Msaa.GetFocusedElement: could not find accessible object of foreground window
W, 9704, 15, 2013/06/26, 21:21:37.774, 136662952038, QTAgent32.exe, &lt;a class=success&gt;Playback - {63} [SUCCESS] SendKeys "{DELETE}" - "[MSAA, VisibleOnly]ControlType='Edit'"
\0&lt;/a&gt;
W, 9704, 15, 2013/06/26, 21:21:38.606, 136665382396, QTAgent32.exe, &lt;a class=success&gt;Playback - {64} [SUCCESS] SetValueAsEditBox "bas"nogiets@.nl"iets@hotmail.com" - "[MSAA, VisibleOnly]ControlType='Edit'"  &lt; Set via SendKeys &gt;
\0&lt;/a&gt;
W, 9704, 15, 2013/06/26, 21:21:38.862, 136666132119, QTAgent32.exe, &lt;a class=success&gt;Playback - {65} [SUCCESS] MouseButtonClick - "[MSAA, VisibleOnly]ControlType='Button' &amp;&amp; Name='Add Contact'"
\0&lt;/a&gt;
W, 9704, 15, 2013/06/26, 21:21:39.213, 136667159040, QTAgent32.exe, &lt;a class=success&gt;Playback - {66} [SUCCESS] SendKeys "^{HOME}" - "[MSAA, VisibleOnly]ControlType='Edit'"
\0&lt;/a&gt;
E, 9704, 15, 2013/06/26, 21:21:39.214, 136667159524, QTAgent32.exe, Msaa.GetFocusedElement: could not find accessible object of foreground window
W, 9704, 15, 2013/06/26, 21:21:39.285, 136667368195, QTAgent32.exe, &lt;a class=success&gt;Playback - {67} [SUCCESS] SendKeys "^+{END}" - "[MSAA, VisibleOnly]ControlType='Edit'"
\0&lt;/a&gt;
E, 9704, 15, 2013/06/26, 21:21:39.285, 136667368680, QTAgent32.exe, Msaa.GetFocusedElement: could not find accessible object of foreground window
W, 9704, 15, 2013/06/26, 21:21:39.332, 136667506948, QTAgent32.exe, &lt;a class=success&gt;Playback - {68} [SUCCESS] SendKeys "{DELETE}" - "[MSAA, VisibleOnly]ControlType='Edit'"
\0&lt;/a&gt;
W, 9704, 15, 2013/06/26, 21:21:39.617, 136668338575, QTAgent32.exe, &lt;a class=success&gt;Playback - {69} [SUCCESS] SetValueAsEditBox "@empty" - "[MSAA, VisibleOnly]ControlType='Edit'"  &lt; Set via SendKeys &gt;
\0&lt;/a&gt;
W, 9704, 15, 2013/06/26, 21:21:39.870, 136669078274, QTAgent32.exe, &lt;a class=success&gt;Playback - {70} [SUCCESS] MouseButtonClick - "[MSAA, VisibleOnly]ControlType='Button' &amp;&amp; Name='Add Contact'"
\0&lt;/a&gt;
W, 9704, 15, 2013/06/26, 21:21:40.189, 136670007738, QTAgent32.exe, &lt;a class=success&gt;Playback - {71} [SUCCESS] SendKeys "^{HOME}" - "[MSAA, VisibleOnly]ControlType='Edit'"
\0&lt;/a&gt;
E, 9704, 15, 2013/06/26, 21:21:40.189, 136670008461, QTAgent32.exe, Msaa.GetFocusedElement: could not find accessible object of foreground window
W, 9704, 15, 2013/06/26, 21:21:40.275, 136670259032, QTAgent32.exe, &lt;a class=success&gt;Playback - {72} [SUCCESS] SendKeys "^+{END}" - "[MSAA, VisibleOnly]ControlType='Edit'"
\0&lt;/a&gt;
E, 9704, 15, 2013/06/26, 21:21:40.275, 136670259502, QTAgent32.exe, Msaa.GetFocusedElement: could not find accessible object of foreground window
W, 9704, 15, 2013/06/26, 21:21:40.321, 136670394146, QTAgent32.exe, &lt;a class=success&gt;Playback - {73} [SUCCESS] SendKeys "{DELETE}" - "[MSAA, VisibleOnly]ControlType='Edit'"
\0&lt;/a&gt;
W, 9704, 15, 2013/06/26, 21:21:40.744, 136671629530, QTAgent32.exe, &lt;a class=success&gt;Playback - {74} [SUCCESS] SetValueAsEditBox "bas""@bas.com" - "[MSAA, VisibleOnly]ControlType='Edit'"  &lt; Set via SendKeys &gt;
\0&lt;/a&gt;
W, 9704, 15, 2013/06/26, 21:21:40.986, 136672337490, QTAgent32.exe, &lt;a class=success&gt;Playback - {75} [SUCCESS] MouseButtonClick - "[MSAA, VisibleOnly]ControlType='Button' &amp;&amp; Name='Add Contact'"
\0&lt;/a&gt;
W, 9704, 15, 2013/06/26, 21:21:41.295, 136673240639, QTAgent32.exe, &lt;a class=success&gt;Playback - {76} [SUCCESS] SendKeys "^{HOME}" - "[MSAA, VisibleOnly]ControlType='Edit'"
\0&lt;/a&gt;
E, 9704, 15, 2013/06/26, 21:21:41.295, 136673241080, QTAgent32.exe, Msaa.GetFocusedElement: could not find accessible object of foreground window
W, 9704, 15, 2013/06/26, 21:21:41.382, 136673495342, QTAgent32.exe, &lt;a class=success&gt;Playback - {77} [SUCCESS] SendKeys "^+{END}" - "[MSAA, VisibleOnly]ControlType='Edit'"
\0&lt;/a&gt;
E, 9704, 15, 2013/06/26, 21:21:41.382, 136673496078, QTAgent32.exe, Msaa.GetFocusedElement: could not find accessible object of foreground window
W, 9704, 15, 2013/06/26, 21:21:41.431, 136673638802, QTAgent32.exe, &lt;a class=success&gt;Playback - {78} [SUCCESS] SendKeys "{DELETE}" - "[MSAA, VisibleOnly]ControlType='Edit'"
\0&lt;/a&gt;
W, 9704, 15, 2013/06/26, 21:21:42.070, 136675507511, QTAgent32.exe, &lt;a class=success&gt;Playback - {79} [SUCCESS] SetValueAsEditBox ""bladiebla"a@hotmail.com" - "[MSAA, VisibleOnly]ControlType='Edit'"  &lt; Set via SendKeys &gt;
\0&lt;/a&gt;
W, 9704, 15, 2013/06/26, 21:21:42.325, 136676251785, QTAgent32.exe, &lt;a class=success&gt;Playback - {80} [SUCCESS] MouseButtonClick - "[MSAA, VisibleOnly]ControlType='Button' &amp;&amp; Name='Add Contact'"
\0&lt;/a&gt;
W, 9704, 15, 2013/06/26, 21:21:42.627, 136677134216, QTAgent32.exe, &lt;a class=success&gt;Playback - {81} [SUCCESS] SendKeys "^{HOME}" - "[MSAA, VisibleOnly]ControlType='Edit'"
\0&lt;/a&gt;
E, 9704, 15, 2013/06/26, 21:21:42.627, 136677134652, QTAgent32.exe, Msaa.GetFocusedElement: could not find accessible object of foreground window
W, 9704, 15, 2013/06/26, 21:21:42.698, 136677342180, QTAgent32.exe, &lt;a class=success&gt;Playback - {82} [SUCCESS] SendKeys "^+{END}" - "[MSAA, VisibleOnly]ControlType='Edit'"
\0&lt;/a&gt;
E, 9704, 15, 2013/06/26, 21:21:42.698, 136677342968, QTAgent32.exe, Msaa.GetFocusedElement: could not find accessible object of foreground window
W, 9704, 15, 2013/06/26, 21:21:42.749, 136677491818, QTAgent32.exe, &lt;a class=success&gt;Playback - {83} [SUCCESS] SendKeys "{DELETE}" - "[MSAA, VisibleOnly]ControlType='Edit'"
\0&lt;/a&gt;
W, 9704, 15, 2013/06/26, 21:21:43.390, 136679366824, QTAgent32.exe, &lt;a class=success&gt;Playback - {84} [SUCCESS] SetValueAsEditBox ""bladiebla"a@hotmail.com" - "[MSAA, VisibleOnly]ControlType='Edit'"  &lt; Set via SendKeys &gt;
\0&lt;/a&gt;
W, 9704, 15, 2013/06/26, 21:21:43.627, 136680057723, QTAgent32.exe, &lt;a class=success&gt;Playback - {85} [SUCCESS] MouseButtonClick - "[MSAA, VisibleOnly]ControlType='Button' &amp;&amp; Name='Add Contact'"
\0&lt;/a&gt;
W, 9704, 15, 2013/06/26, 21:21:44.061, 136681327117, QTAgent32.exe, Playback - [WARNING] Internal warning: Element that has the focus is different from the target element. Expected Element: Name = "", ControlTypeName = "Edit", Element In Focus: Name = "", ControlTypeName = "Window"&gt;. 
\0
W, 9704, 15, 2013/06/26, 21:21:44.117, 136681491690, QTAgent32.exe, &lt;a class=success&gt;Playback - {86} [SUCCESS] SendKeys "^{HOME}" - "[MSAA, VisibleOnly]ControlType='Edit'"
\0&lt;/a&gt;
E, 9704, 15, 2013/06/26, 21:21:44.118, 136681492180, QTAgent32.exe, Msaa.GetFocusedElement: could not find accessible object of foreground window
W, 9704, 15, 2013/06/26, 21:21:44.299, 136682021745, QTAgent32.exe, Playback - [WARNING] Internal warning: Element that has the focus is different from the target element. Expected Element: Name = "", ControlTypeName = "Edit", Element In Focus: Name = "", ControlTypeName = "Window"&gt;. 
\0
W, 9704, 15, 2013/06/26, 21:21:44.319, 136682079709, QTAgent32.exe, &lt;a class=success&gt;Playback - {87} [SUCCESS] SendKeys "{HOME}" - "[MSAA, VisibleOnly]ControlType='Edit'"
\0&lt;/a&gt;
W, 9704, 15, 2013/06/26, 21:21:44.334, 136682124843, QTAgent32.exe, Playback - [WARNING] Internal warning: Element that has the focus is different from the target element. Expected Element: Name = "", ControlTypeName = "Edit", Element In Focus: Name = "", ControlTypeName = "Window"&gt;. 
\0
W, 9704, 15, 2013/06/26, 21:21:44.393, 136682297520, QTAgent32.exe, &lt;a class=success&gt;Playback - {88} [SUCCESS] SendKeys "+{END}" - "[MSAA, VisibleOnly]ControlType='Edit'"
\0&lt;/a&gt;
W, 9704, 15, 2013/06/26, 21:21:44.408, 136682340893, QTAgent32.exe, Playback - [WARNING] Internal warning: Element that has the focus is different from the target element. Expected Element: Name = "", ControlTypeName = "Edit", Element In Focus: Name = "", ControlTypeName = "Window"&gt;. 
\0
W, 9704, 15, 2013/06/26, 21:21:44.427, 136682398148, QTAgent32.exe, &lt;a class=success&gt;Playback - {89} [SUCCESS] SendKeys "{DELETE}" - "[MSAA, VisibleOnly]ControlType='Edit'"
\0&lt;/a&gt;
W, 9704, 15, 2013/06/26, 21:21:44.610, 136682931320, QTAgent32.exe, Playback - [WARNING] Internal warning: Element that has the focus is different from the target element. Expected Element: Name = "", ControlTypeName = "Edit", Element In Focus: Name = "", ControlTypeName = "Window"&gt;. 
\0
E, 9704, 15, 2013/06/26, 21:21:45.535, 136685636327, QTAgent32.exe, &lt;a class=failure&gt;Playback - {90} [FAILED] SetValueAsEditBox "bas""empty@bas.nl" - "[MSAA, VisibleOnly]ControlType='Edit'"  &lt; Primitive "SetValueAsEditBox" did not set the value correctly &gt; (, See related internal warnings/failures for more information)
\0&lt;/a&gt;
E, 9704, 15, 2013/06/26, 21:21:45.604, 136685836626, QTAgent32.exe, Playback - [IMAGE] C:\Users\Bas\AppData\Local\Temp\UITestLogs\LastRun\RPF8331.png
\0
E, 9704, 15, 2013/06/26, 21:21:45.886, 136686660332, QTAgent32.exe, AL: Playback Error: Microsoft.VisualStudio.TestTools.UITest.Extension.PlaybackFailureException: Cannot perform 'SetProperty of Text with value "bas""empty@bas.nl"' on the control. Additional Details: 
TechnologyName:  'MSAA'
ControlType:  'Edit'
 ---&gt; System.Runtime.InteropServices.COMException: Exception from HRESULT: 0xF004F006
   at Microsoft.VisualStudio.TestTools.UITest.Playback.Engine.IScreenElement.SetValueAsEditBox(String bstrNewValue, Int32 nSetValueAsEditBoxFlag)
   at Microsoft.VisualStudio.TestTools.UITest.Playback.ScreenElement.SetValueAsEditBox(String value, Boolean isEncoded, Int32 flag)
   at Microsoft.VisualStudio.TestTools.UITest.Playback.ScreenElement.SetValueAsEditBox(String value, Boolean isEncoded)
   at Microsoft.VisualStudio.TestTools.UITesting.WinPropertyProvider.SetEditProperty(String propertyName, Object value)
   at Microsoft.VisualStudio.TestTools.UITesting.WinPropertyProvider.SetPropertyValue(UITestControl uiControl, String propertyName, Object value)
   at Microsoft.VisualStudio.TestTools.UITesting.UITestPropertyProvider.SetPropertyValueWrapper(UITestControl uiControl, String propertyName, Object value)
   at Microsoft.VisualStudio.TestTools.UITesting.UITestControl.SetPropertyValue(String propertyName, Object propertyValue)
   --- End of inner exception stack trace ---
   at Microsoft.VisualStudio.TestTools.UITesting.Playback.MapAndThrowComException(COMException innerException, IPlaybackContext context)
   at Microsoft.VisualStudio.TestTools.UITesting.Playback.MapAndThrowException(SystemException exception, IPlaybackContext context)
   at Microsoft.VisualStudio.TestTools.UITesting.Playback.MapAndThrowException(SystemException exception, String actionName, UITestControl uiControl)
   at Microsoft.VisualStudio.TestTools.UITesting.Playback.MapAndThrowException(SystemException exception, String actionName, Object parameterValue, UITestControl uiControl)
   at Microsoft.VisualStudio.TestTools.UITesting.UITestControl.SetPropertyValue(String propertyName, Object propertyValue)
   at Microsoft.VisualStudio.TestTools.UITesting.UITestControl.SetProperty(String propertyName, Object value)
W, 9704, 15, 2013/06/26, 21:21:47.980, 136692783582, QTAgent32.exe, IEDOM : StopSession of the plugin called before StartSession
W, 9704, 15, 2013/06/26, 21:21:47.980, 136692784014, QTAgent32.exe, UIA : StopSession of the plugin called before StartSession
</DebugTrace>
        <ErrorInfo>
          <Message>Test method AdresboekTest.RecordAndReplay.TestEmail threw exception: 
Microsoft.VisualStudio.TestTools.UITest.Extension.PlaybackFailureException: Cannot perform 'SetProperty of Text with value "bas""empty@bas.nl"' on the control. Additional Details: 
TechnologyName:  'MSAA'
ControlType:  'Edit'
 ---&gt; System.Runtime.InteropServices.COMException: Exception from HRESULT: 0xF004F006</Message>
          <StackTrace>    at Microsoft.VisualStudio.TestTools.UITest.Playback.Engine.IScreenElement.SetValueAsEditBox(String bstrNewValue, Int32 nSetValueAsEditBoxFlag)
   at Microsoft.VisualStudio.TestTools.UITest.Playback.ScreenElement.SetValueAsEditBox(String value, Boolean isEncoded, Int32 flag)
   at Microsoft.VisualStudio.TestTools.UITest.Playback.ScreenElement.SetValueAsEditBox(String value, Boolean isEncoded)
   at Microsoft.VisualStudio.TestTools.UITesting.WinPropertyProvider.SetEditProperty(String propertyName, Object value)
   at Microsoft.VisualStudio.TestTools.UITesting.WinPropertyProvider.SetPropertyValue(UITestControl uiControl, String propertyName, Object value)
   at Microsoft.VisualStudio.TestTools.UITesting.UITestPropertyProvider.SetPropertyValueWrapper(UITestControl uiControl, String propertyName, Object value)
   at Microsoft.VisualStudio.TestTools.UITesting.UITestControl.SetPropertyValue(String propertyName, Object propertyValue)
 --- End of inner exception stack trace ---
    at Microsoft.VisualStudio.TestTools.UITesting.Playback.MapAndThrowComException(COMException innerException, IPlaybackContext context)
   at Microsoft.VisualStudio.TestTools.UITesting.Playback.MapAndThrowException(SystemException exception, IPlaybackContext context)
   at Microsoft.VisualStudio.TestTools.UITesting.Playback.MapAndThrowException(SystemException exception, String actionName, UITestControl uiControl)
   at Microsoft.VisualStudio.TestTools.UITesting.Playback.MapAndThrowException(SystemException exception, String actionName, Object parameterValue, UITestControl uiControl)
   at Microsoft.VisualStudio.TestTools.UITesting.UITestControl.SetPropertyValue(String propertyName, Object propertyValue)
   at Microsoft.VisualStudio.TestTools.UITesting.UITestControl.SetProperty(String propertyName, Object value)
   at Microsoft.VisualStudio.TestTools.UITesting.WinControls.WinEdit.set_Text(String value)
   at AdresboekTest.UIMap.AddEmptyQuotes() in C:\Users\Bas\Desktop\Softwaretesting\edu.3725154.SoftwareTesting\Adresboek\AdresboekTest\UIMap.Designer.cs:line 559
   at AdresboekTest.RecordAndReplay.TestEmail() in C:\Users\Bas\Desktop\Softwaretesting\edu.3725154.SoftwareTesting\Adresboek\AdresboekTest\RecordAndReplay.cs:line 78
</StackTrace>
        </ErrorInfo>
      </Output>
      <ResultFiles>
        <ResultFile path="BAS-PC\TestEmail.png" />
      </ResultFiles>
      <ExtensionResult>Exception has been thrown by the target of an invocation.</ExtensionResult>
    </UnitTestResult>
  </Results>
</TestRun>