<?xml version="1.0" encoding="UTF-8"?>
<TestRun id="38e50705-c87b-4a50-b00a-ea9d11ad38e8" name="Bas@BAS-PC 2013-06-28 10:19:25" runUser="Bas-PC\Bas" xmlns="http://microsoft.com/schemas/VisualStudio/TeamTest/2010">
  <TestSettings name="Local" id="2aa66af6-b3b9-40d6-82a8-b5cc062499d2">
    <Description>These are default test settings for a local test run.</Description>
    <Deployment runDeploymentRoot="Bas_BAS-PC 2013-06-28 10_19_25">
      <DeploymentItem filename="C:\Users\Bas\Desktop\Softwaretesting\Adresboek\Adresboek\bin\Debug\Adresboek.exe" />
    </Deployment>
    <Execution>
      <TestTypeSpecific>
        <UnitTestRunConfig testTypeId="13cdc9d9-ddb5-4fa4-a97d-d965ccfc6d4b">
          <AssemblyResolution>
            <TestDirectory useLoadContext="true" />
          </AssemblyResolution>
        </UnitTestRunConfig>
        <WebTestRunConfiguration testTypeId="4e7599fa-5ecb-43e9-a887-cd63cf72d207">
          <Browser name="Internet Explorer 7.0">
            <Headers>
              <Header name="User-Agent" value="Mozilla/4.0 (compatible; MSIE 7.0; Windows NT 5.1)" />
              <Header name="Accept" value="*/*" />
              <Header name="Accept-Language" value="{{$IEAcceptLanguage}}" />
              <Header name="Accept-Encoding" value="GZIP" />
            </Headers>
          </Browser>
        </WebTestRunConfiguration>
      </TestTypeSpecific>
      <AgentRule name="LocalMachineDefaultRole">
        <DataCollectors>
          <DataCollector uri="datacollector://microsoft/CodeCoverage/1.0" assemblyQualifiedName="Microsoft.VisualStudio.TestTools.CodeCoverage.CoveragePlugIn, Microsoft.VisualStudio.QualityTools.Plugins.CodeCoverage, Version=10.0.0.0, Culture=neutral, PublicKeyToken=b03f5f7f11d50a3a" friendlyName="Code Coverage">
            <Configuration>
              <CodeCoverage xmlns="">
                <Regular>
                  <CodeCoverageItem binaryFile="C:\Users\Bas\Desktop\Softwaretesting\Adresboek\Adresboek\bin\Debug\Adresboek.exe" pdbFile="C:\Users\Bas\Desktop\Softwaretesting\Adresboek\Adresboek\bin\Debug\Adresboek.instr.pdb" instrumentInPlace="true" />
                </Regular>
              </CodeCoverage>
            </Configuration>
          </DataCollector>
        </DataCollectors>
      </AgentRule>
    </Execution>
  </TestSettings>
  <Times creation="2013-06-28T10:19:25.3740414+02:00" queuing="2013-06-28T10:19:34.6405714+02:00" start="2013-06-28T10:19:35.1275993+02:00" finish="2013-06-28T10:21:07.0108547+02:00" />
  <ResultSummary outcome="Failed">
    <Counters total="7" executed="7" passed="4" error="0" failed="3" timeout="0" aborted="0" inconclusive="0" passedButRunAborted="0" notRunnable="0" notExecuted="0" disconnected="0" warning="0" completed="0" inProgress="0" pending="0" />
    <ResultFiles>
      <ResultFile path="BAS-PC\data.coverage" />
    </ResultFiles>
  </ResultSummary>
  <TestDefinitions>
    <UnitTest name="TestSwitchingViews" storage="c:\users\bas\desktop\softwaretesting\adresboek\adresboektest\bin\debug\adresboektest.dll" id="b0e3743f-f45f-f807-d44f-c69c7a0f26fc">
      <Execution id="d056a503-e050-4d54-9a9f-b9e9feb69704" />
      <TestMethod codeBase="C:/Users/Bas/Desktop/Softwaretesting/Adresboek/AdresboekTest/bin/Debug/AdresboekTest.DLL" adapterTypeName="Microsoft.VisualStudio.TestTools.TestTypes.Unit.UnitTestAdapter, Microsoft.VisualStudio.QualityTools.Tips.UnitTest.Adapter, Version=10.0.0.0, Culture=neutral, PublicKeyToken=b03f5f7f11d50a3a" className="AdresboekTest.RecordAndReplay, AdresboekTest, Version=1.0.0.0, Culture=neutral, PublicKeyToken=null" name="TestSwitchingViews" />
      <Extension>Microsoft.VisualStudio.TestTools.UITesting.CodedUITestAttribute, Microsoft.VisualStudio.QualityTools.CodedUITestFramework, Version=10.0.0.0, Culture=neutral, PublicKeyToken=b03f5f7f11d50a3a</Extension>
    </UnitTest>
    <UnitTest name="TestAddAdressbook" storage="c:\users\bas\desktop\softwaretesting\adresboek\adresboektest\bin\debug\adresboektest.dll" id="04cdc5c6-7caa-c214-3fde-ec3b17b314d1">
      <Execution id="494fcc64-ef9a-4dc7-957f-224b6aabbd4b" />
      <TestMethod codeBase="C:/Users/Bas/Desktop/Softwaretesting/Adresboek/AdresboekTest/bin/Debug/AdresboekTest.DLL" adapterTypeName="Microsoft.VisualStudio.TestTools.TestTypes.Unit.UnitTestAdapter, Microsoft.VisualStudio.QualityTools.Tips.UnitTest.Adapter, Version=10.0.0.0, Culture=neutral, PublicKeyToken=b03f5f7f11d50a3a" className="AdresboekTest.RecordAndReplay, AdresboekTest, Version=1.0.0.0, Culture=neutral, PublicKeyToken=null" name="TestAddAdressbook" />
      <Extension>Microsoft.VisualStudio.TestTools.UITesting.CodedUITestAttribute, Microsoft.VisualStudio.QualityTools.CodedUITestFramework, Version=10.0.0.0, Culture=neutral, PublicKeyToken=b03f5f7f11d50a3a</Extension>
    </UnitTest>
    <UnitTest name="TestRemovingContactFromMultipleAddressbooks" storage="c:\users\bas\desktop\softwaretesting\adresboek\adresboektest\bin\debug\adresboektest.dll" id="d0f51090-57a5-cd0b-7a9e-5ea7b4b73661">
      <Execution id="50e28956-60bd-40ab-ae7e-0f214a3d8d0b" />
      <TestMethod codeBase="C:/Users/Bas/Desktop/Softwaretesting/Adresboek/AdresboekTest/bin/Debug/AdresboekTest.DLL" adapterTypeName="Microsoft.VisualStudio.TestTools.TestTypes.Unit.UnitTestAdapter, Microsoft.VisualStudio.QualityTools.Tips.UnitTest.Adapter, Version=10.0.0.0, Culture=neutral, PublicKeyToken=b03f5f7f11d50a3a" className="AdresboekTest.RecordAndReplay, AdresboekTest, Version=1.0.0.0, Culture=neutral, PublicKeyToken=null" name="TestRemovingContactFromMultipleAddressbooks" />
      <Extension>Microsoft.VisualStudio.TestTools.UITesting.CodedUITestAttribute, Microsoft.VisualStudio.QualityTools.CodedUITestFramework, Version=10.0.0.0, Culture=neutral, PublicKeyToken=b03f5f7f11d50a3a</Extension>
    </UnitTest>
    <UnitTest name="TestAdressbook" storage="c:\users\bas\desktop\softwaretesting\adresboek\adresboektest\bin\debug\adresboektest.dll" id="01e9d56f-ff67-457b-95c6-4b556a70f386">
      <Execution id="56112556-340e-4906-b12b-fad72dac0bed" />
      <TestMethod codeBase="C:/Users/Bas/Desktop/Softwaretesting/Adresboek/AdresboekTest/bin/Debug/AdresboekTest.DLL" adapterTypeName="Microsoft.VisualStudio.TestTools.TestTypes.Unit.UnitTestAdapter, Microsoft.VisualStudio.QualityTools.Tips.UnitTest.Adapter, Version=10.0.0.0, Culture=neutral, PublicKeyToken=b03f5f7f11d50a3a" className="AdresboekTest.RecordAndReplay, AdresboekTest, Version=1.0.0.0, Culture=neutral, PublicKeyToken=null" name="TestAdressbook" />
      <Extension>Microsoft.VisualStudio.TestTools.UITesting.CodedUITestAttribute, Microsoft.VisualStudio.QualityTools.CodedUITestFramework, Version=10.0.0.0, Culture=neutral, PublicKeyToken=b03f5f7f11d50a3a</Extension>
    </UnitTest>
    <UnitTest name="TestEmail" storage="c:\users\bas\desktop\softwaretesting\adresboek\adresboektest\bin\debug\adresboektest.dll" id="ecf14cdf-a816-c9c9-b486-338ae3a984be">
      <Execution id="77eb87e9-4525-4c67-8992-ad9a1ce8bf4b" />
      <TestMethod codeBase="C:/Users/Bas/Desktop/Softwaretesting/Adresboek/AdresboekTest/bin/Debug/AdresboekTest.DLL" adapterTypeName="Microsoft.VisualStudio.TestTools.TestTypes.Unit.UnitTestAdapter, Microsoft.VisualStudio.QualityTools.Tips.UnitTest.Adapter, Version=10.0.0.0, Culture=neutral, PublicKeyToken=b03f5f7f11d50a3a" className="AdresboekTest.RecordAndReplay, AdresboekTest, Version=1.0.0.0, Culture=neutral, PublicKeyToken=null" name="TestEmail" />
      <Extension>Microsoft.VisualStudio.TestTools.UITesting.CodedUITestAttribute, Microsoft.VisualStudio.QualityTools.CodedUITestFramework, Version=10.0.0.0, Culture=neutral, PublicKeyToken=b03f5f7f11d50a3a</Extension>
    </UnitTest>
    <UnitTest name="TestRemove" storage="c:\users\bas\desktop\softwaretesting\adresboek\adresboektest\bin\debug\adresboektest.dll" id="19945944-a8d7-5865-9d24-bb159a9f92f7">
      <Execution id="5649f065-c4d4-403e-9b37-b7458eb42f1f" />
      <TestMethod codeBase="C:/Users/Bas/Desktop/Softwaretesting/Adresboek/AdresboekTest/bin/Debug/AdresboekTest.DLL" adapterTypeName="Microsoft.VisualStudio.TestTools.TestTypes.Unit.UnitTestAdapter, Microsoft.VisualStudio.QualityTools.Tips.UnitTest.Adapter, Version=10.0.0.0, Culture=neutral, PublicKeyToken=b03f5f7f11d50a3a" className="AdresboekTest.RecordAndReplay, AdresboekTest, Version=1.0.0.0, Culture=neutral, PublicKeyToken=null" name="TestRemove" />
      <Extension>Microsoft.VisualStudio.TestTools.UITesting.CodedUITestAttribute, Microsoft.VisualStudio.QualityTools.CodedUITestFramework, Version=10.0.0.0, Culture=neutral, PublicKeyToken=b03f5f7f11d50a3a</Extension>
    </UnitTest>
    <UnitTest name="TestName" storage="c:\users\bas\desktop\softwaretesting\adresboek\adresboektest\bin\debug\adresboektest.dll" id="ff1d36de-df47-0a9f-9f67-ff714225cbd5">
      <Execution id="b91f0a06-4dfe-44ef-a802-6aa748b814f6" />
      <TestMethod codeBase="C:/Users/Bas/Desktop/Softwaretesting/Adresboek/AdresboekTest/bin/Debug/AdresboekTest.DLL" adapterTypeName="Microsoft.VisualStudio.TestTools.TestTypes.Unit.UnitTestAdapter, Microsoft.VisualStudio.QualityTools.Tips.UnitTest.Adapter, Version=10.0.0.0, Culture=neutral, PublicKeyToken=b03f5f7f11d50a3a" className="AdresboekTest.RecordAndReplay, AdresboekTest, Version=1.0.0.0, Culture=neutral, PublicKeyToken=null" name="TestName" />
      <Extension>Microsoft.VisualStudio.TestTools.UITesting.CodedUITestAttribute, Microsoft.VisualStudio.QualityTools.CodedUITestFramework, Version=10.0.0.0, Culture=neutral, PublicKeyToken=b03f5f7f11d50a3a</Extension>
    </UnitTest>
  </TestDefinitions>
  <TestLists>
    <TestList name="Results Not in a List" id="8c84fa94-04c1-424b-9868-57a2d4851a1d" />
    <TestList name="All Loaded Results" id="19431567-8539-422a-85d7-44ee4e166bda" />
  </TestLists>
  <TestEntries>
    <TestEntry testId="01e9d56f-ff67-457b-95c6-4b556a70f386" executionId="56112556-340e-4906-b12b-fad72dac0bed" testListId="8c84fa94-04c1-424b-9868-57a2d4851a1d" />
    <TestEntry testId="04cdc5c6-7caa-c214-3fde-ec3b17b314d1" executionId="494fcc64-ef9a-4dc7-957f-224b6aabbd4b" testListId="8c84fa94-04c1-424b-9868-57a2d4851a1d" />
    <TestEntry testId="19945944-a8d7-5865-9d24-bb159a9f92f7" executionId="5649f065-c4d4-403e-9b37-b7458eb42f1f" testListId="8c84fa94-04c1-424b-9868-57a2d4851a1d" />
    <TestEntry testId="b0e3743f-f45f-f807-d44f-c69c7a0f26fc" executionId="d056a503-e050-4d54-9a9f-b9e9feb69704" testListId="8c84fa94-04c1-424b-9868-57a2d4851a1d" />
    <TestEntry testId="d0f51090-57a5-cd0b-7a9e-5ea7b4b73661" executionId="50e28956-60bd-40ab-ae7e-0f214a3d8d0b" testListId="8c84fa94-04c1-424b-9868-57a2d4851a1d" />
    <TestEntry testId="ecf14cdf-a816-c9c9-b486-338ae3a984be" executionId="77eb87e9-4525-4c67-8992-ad9a1ce8bf4b" testListId="8c84fa94-04c1-424b-9868-57a2d4851a1d" />
    <TestEntry testId="ff1d36de-df47-0a9f-9f67-ff714225cbd5" executionId="b91f0a06-4dfe-44ef-a802-6aa748b814f6" testListId="8c84fa94-04c1-424b-9868-57a2d4851a1d" />
  </TestEntries>
  <Results>
    <UnitTestResult executionId="56112556-340e-4906-b12b-fad72dac0bed" testId="01e9d56f-ff67-457b-95c6-4b556a70f386" testName="TestAdressbook" computerName="BAS-PC" duration="00:00:22.7527720" startTime="2013-06-28T10:19:37.0547095+02:00" endTime="2013-06-28T10:20:00.6610597+02:00" testType="13cdc9d9-ddb5-4fa4-a97d-d965ccfc6d4b" outcome="Passed" testListId="8c84fa94-04c1-424b-9868-57a2d4851a1d" relativeResultsDirectory="56112556-340e-4906-b12b-fad72dac0bed">
      <Output>
        <DebugTrace>W, 4120, 15, 2013/06/28, 10:19:40.162, 1283625988, QTAgent32.exe, PERF WARNING: CacheQueryId: took 167 ms. Expected it to take maximum 100 ms.
W, 4120, 15, 2013/06/28, 10:19:40.776, 1284403533, QTAgent32.exe, Msaa.MsaaElement() took more time. Total time taken 256 ms for element 67084_0_[MSAA]ControlName='0' &amp;&amp; Name='View' &amp;&amp; ControlType='Button'
W, 4120, 15, 2013/06/28, 10:19:41.205, 1284946426, QTAgent32.exe, &lt;a class=success&gt;Playback - {1} [SUCCESS] MouseButtonClick - "[MSAA, VisibleOnly]ControlType='Button' &amp;&amp; Name='View'"
\0&lt;/a&gt;
W, 4120, 15, 2013/06/28, 10:19:41.498, 1285317348, QTAgent32.exe, Value in en-US resource 'Maximaliseren' does not match the defaultvalue 'Maximize'
W, 4120, 15, 2013/06/28, 10:19:41.498, 1285318206, QTAgent32.exe, Value in en-US resource 'Vorig formaat' does not match the defaultvalue 'Restore'
E, 4120, 15, 2013/06/28, 10:19:41.556, 1285391669, QTAgent32.exe, LoadIEStrings() - Could not find ie resource assembly in nl-NL or nl-NL
E, 4120, 15, 2013/06/28, 10:19:41.560, 1285395921, QTAgent32.exe, LoadLibrary() : Unable to find the resource 803 from assembly C:\Windows\system32\nl-NL\user32.dll.mui: Error1814
W, 4120, 15, 2013/06/28, 10:19:41.610, 1285459816, QTAgent32.exe, Value in en-US resource 'Windows-beveiliging' does not match the defaultvalue 'Windows Security'
W, 4120, 15, 2013/06/28, 10:19:42.633, 1286753411, QTAgent32.exe, &lt;a class=success&gt;Playback - {2} [SUCCESS] SetValueAsEditBox "Bas" - "[MSAA, VisibleOnly]ControlType='Edit'"  &lt; Set via SendKeys &gt;
\0&lt;/a&gt;
W, 4120, 15, 2013/06/28, 10:19:43.210, 1287484372, QTAgent32.exe, &lt;a class=success&gt;Playback - {3} [SUCCESS] SendKeys "{Tab}" - "[MSAA, VisibleOnly]ControlType='Edit'"
\0&lt;/a&gt;
W, 4120, 15, 2013/06/28, 10:19:44.475, 1289086340, QTAgent32.exe, &lt;a class=success&gt;Playback - {4} [SUCCESS] SetValueAsEditBox "bas@bas.nl" - "[MSAA, VisibleOnly]ControlType='Edit'"  &lt; Set via SendKeys &gt;
\0&lt;/a&gt;
W, 4120, 15, 2013/06/28, 10:19:45.228, 1290040381, QTAgent32.exe, &lt;a class=success&gt;Playback - {5} [SUCCESS] MouseButtonClick - "[MSAA, VisibleOnly]ControlType='Button' &amp;&amp; Name='Add Contact'"
\0&lt;/a&gt;
W, 4120, 15, 2013/06/28, 10:19:46.208, 1291281877, QTAgent32.exe, PERF WARNING: FindAllDescendents: took 706 ms. Expected it to take maximum 500 ms.
W, 4120, 15, 2013/06/28, 10:19:46.442, 1291577587, QTAgent32.exe, &lt;a class=success&gt;Playback - {6} [SUCCESS] MouseButtonClick - "[MSAA, VisibleOnly]ControlType='Button' &amp;&amp; Name='Delete Contact'"
\0&lt;/a&gt;
W, 4120, 15, 2013/06/28, 10:19:48.195, 1293797762, QTAgent32.exe, &lt;a class=success&gt;Playback - {7} [SUCCESS] SetValueAsEditBox "bas" - "[MSAA, VisibleOnly]ControlType='Edit' &amp;&amp; Name='Adressbook Name: sample'"  &lt; Set via SendKeys &gt;
\0&lt;/a&gt;
W, 4120, 15, 2013/06/28, 10:19:49.124, 1294974750, QTAgent32.exe, &lt;a class=success&gt;Playback - {8} [SUCCESS] MouseButtonClick - "[MSAA, VisibleOnly]ControlType='Button' &amp;&amp; Name='Search'"
\0&lt;/a&gt;
W, 4120, 15, 2013/06/28, 10:19:49.820, 1295856274, QTAgent32.exe, PERF WARNING: FindAllDescendents: took 563 ms. Expected it to take maximum 500 ms.
W, 4120, 15, 2013/06/28, 10:19:50.124, 1296240476, QTAgent32.exe, &lt;a class=success&gt;Playback - {9} [SUCCESS] MouseButtonClick - "[MSAA, VisibleOnly]ControlType='Button' &amp;&amp; Name='clear'"
\0&lt;/a&gt;
W, 4120, 15, 2013/06/28, 10:19:50.821, 1297123066, QTAgent32.exe, PERF WARNING: FindAllDescendents: took 562 ms. Expected it to take maximum 500 ms.
W, 4120, 15, 2013/06/28, 10:19:51.728, 1298272846, QTAgent32.exe, &lt;a class=success&gt;Playback - {10} [SUCCESS] SetValueAsEditBox "bas" - "[MSAA, VisibleOnly]ControlType='Edit' &amp;&amp; Name='Adressbook Name: searchbook'"  &lt; Set via SendKeys &gt;
\0&lt;/a&gt;
W, 4120, 15, 2013/06/28, 10:19:52.114, 1298761348, QTAgent32.exe, &lt;a class=success&gt;Playback - {11} [SUCCESS] MouseButtonClick - "[MSAA, VisibleOnly]ControlType='Button' &amp;&amp; Name='Search'"
\0&lt;/a&gt;
W, 4120, 15, 2013/06/28, 10:19:53.037, 1299930618, QTAgent32.exe, PERF WARNING: FindAllDescendents: took 793 ms. Expected it to take maximum 500 ms.
E, 4120, 15, 2013/06/28, 10:19:53.072, 1299974727, QTAgent32.exe, Exception: System.ArgumentException
	Message: Value does not fall within the expected range.
	Stack Trace:    at Accessibility.IAccessible.get_accRole(Object varChild)
   at Microsoft.VisualStudio.TestTools.UITest.Extension.Msaa.AccWrapper.get_RoleInt()
	BaseExceptionMessage: Value does not fall within the expected range.

W, 4120, 15, 2013/06/28, 10:19:54.307, 1301537973, QTAgent32.exe, Playback - [WARNING] Internal warning: Incorrect flag set for InvokeProgrammaticAction\0
W, 4120, 15, 2013/06/28, 10:19:54.466, 1301739743, QTAgent32.exe, &lt;a class=success&gt;Playback - {12} [SUCCESS] SetValueAsComboBox "sample2" - "[MSAA, VisibleOnly]ControlType='ComboBox' &amp;&amp; Name='Contacts:'"  &lt; SetValueAsComboBox, set by clicking on the item in the list box &gt;
\0&lt;/a&gt;
W, 4120, 15, 2013/06/28, 10:19:55.573, 1303141440, QTAgent32.exe, PERF WARNING: FindAllDescendents: took 972 ms. Expected it to take maximum 500 ms.
W, 4120, 15, 2013/06/28, 10:19:55.803, 1303432655, QTAgent32.exe, &lt;a class=success&gt;Playback - {13} [SUCCESS] MouseButtonClick - "[MSAA, VisibleOnly]ControlType='Button' &amp;&amp; Name='Copy all to:'"
\0&lt;/a&gt;
W, 4120, 15, 2013/06/28, 10:19:56.208, 1303945515, QTAgent32.exe, &lt;a class=success&gt;Playback - {14} [SUCCESS] MouseButtonClick - "[MSAA, VisibleOnly]ControlType='Button' &amp;&amp; Name='clear'"
\0&lt;/a&gt;
W, 4120, 15, 2013/06/28, 10:19:57.187, 1305185412, QTAgent32.exe, &lt;a class=success&gt;Playback - {15} [SUCCESS] SetValueAsEditBox "bas" - "[MSAA, VisibleOnly]ControlType='Edit' &amp;&amp; Name='Adressbook Name: sample'"  &lt; Set via SendKeys &gt;
\0&lt;/a&gt;
W, 4120, 15, 2013/06/28, 10:19:57.547, 1305641898, QTAgent32.exe, &lt;a class=success&gt;Playback - {16} [SUCCESS] MouseButtonClick - "[MSAA, VisibleOnly]ControlType='Button' &amp;&amp; Name='Search'"
\0&lt;/a&gt;
W, 4120, 15, 2013/06/28, 10:19:58.882, 1307332736, QTAgent32.exe, PERF WARNING: FindAllDescendents: took 1192 ms. Expected it to take maximum 500 ms.
W, 4120, 15, 2013/06/28, 10:19:59.217, 1307756287, QTAgent32.exe, &lt;a class=success&gt;Playback - {17} [SUCCESS] MouseButtonClick - "[MSAA, VisibleOnly]ControlType='Button' &amp;&amp; Name='Remove all'"
\0&lt;/a&gt;
W, 4120, 15, 2013/06/28, 10:19:59.592, 1308231902, QTAgent32.exe, &lt;a class=success&gt;Playback - {18} [SUCCESS] MouseButtonClick - "[MSAA, VisibleOnly]ControlType='Button' &amp;&amp; Name='clear'"
\0&lt;/a&gt;
W, 4120, 15, 2013/06/28, 10:19:59.997, 1308743415, QTAgent32.exe, &lt;a class=success&gt;Playback - {19} [SUCCESS] MouseButtonClick - "[MSAA, VisibleOnly]ControlType='Button' &amp;&amp; Name='Search'"
\0&lt;/a&gt;
W, 4120, 15, 2013/06/28, 10:20:00.573, 1309472614, QTAgent32.exe, IEDOM : StopSession of the plugin called before StartSession
W, 4120, 15, 2013/06/28, 10:20:00.573, 1309472858, QTAgent32.exe, UIA : StopSession of the plugin called before StartSession
</DebugTrace>
      </Output>
    </UnitTestResult>
    <UnitTestResult executionId="494fcc64-ef9a-4dc7-957f-224b6aabbd4b" testId="04cdc5c6-7caa-c214-3fde-ec3b17b314d1" testName="TestAddAdressbook" computerName="BAS-PC" duration="00:00:14.9816935" startTime="2013-06-28T10:20:00.6880613+02:00" endTime="2013-06-28T10:20:15.7139207+02:00" testType="13cdc9d9-ddb5-4fa4-a97d-d965ccfc6d4b" outcome="Failed" testListId="8c84fa94-04c1-424b-9868-57a2d4851a1d" relativeResultsDirectory="494fcc64-ef9a-4dc7-957f-224b6aabbd4b">
      <Output>
        <DebugTrace>W, 4120, 24, 2013/06/28, 10:20:01.449, 1310582127, QTAgent32.exe, FindScreenElementInSinglePass : Attempting to find control in one pass of search. Failures can occur.
W, 4120, 24, 2013/06/28, 10:20:02.754, 1312234514, QTAgent32.exe, Playback - [WARNING] Internal warning:Search failure: [MSAA, VisibleOnly]ControlType='MenuBar' | [MSAA]ControlType='MenuItem' &amp;&amp; Name='Adressbooks' | Performed (2) search retries, UI element not found
\0
E, 4120, 24, 2013/06/28, 10:20:02.797, 1312288998, QTAgent32.exe, &lt;a class=failure&gt;Playback - {1} [FAILED] Function ElementFetcher::FindScreenElement failed to locate UI element (Searching: ;[MSAA, VisibleOnly]ControlType='MenuBar';[MSAA]ControlType='MenuItem' &amp;&amp; Name='Adressbooks';[MSAA]ControlType='MenuItem' &amp;&amp; Name='Add Adressbook') (Het opgegeven object is niet gevonden.)
\0&lt;/a&gt;
E, 4120, 24, 2013/06/28, 10:20:02.920, 1312444700, QTAgent32.exe, Playback - [IMAGE] C:\Users\Bas\AppData\Local\Temp\UITestLogs\LastRun\RPFCE08.png
\0
W, 4120, 24, 2013/06/28, 10:20:02.920, 1312445016, QTAgent32.exe, Playback - [WARNING] Internal warning: Couldn't find descendants that match QueryId
\0
W, 4120, 24, 2013/06/28, 10:20:02.920, 1312445483, QTAgent32.exe, PERF WARNING: FindAllDescendents: took 1440 ms. Expected it to take maximum 500 ms.
W, 4120, 24, 2013/06/28, 10:20:02.920, 1312445795, QTAgent32.exe, FindScreenElementInSinglePass : Attempting to find control in one pass of search. Failures can occur.
W, 4120, 24, 2013/06/28, 10:20:02.969, 1312506997, QTAgent32.exe, FindScreenElementInSinglePass : Attempting to find control in one pass of search. Failures can occur.
W, 4120, 24, 2013/06/28, 10:20:03.541, 1313231519, QTAgent32.exe, Playback - [WARNING] Internal warning: Target element "[MSAA]ControlType='MenuItem' &amp;&amp; Name='Adressbooks'" was not found, so all intermediate elements were ignored. An incorrect element that matches target element Id can be found as the result.  Verify that all intermediate elements in QueryId have valid and unique Ids
\0
W, 4120, 24, 2013/06/28, 10:20:05.079, 1315179653, QTAgent32.exe, Playback - [WARNING] Internal warning:Search failure: [MSAA]ControlType='MenuItem' &amp;&amp; Name='Adressbooks' | Performed (2) search retries, UI element not found
\0
E, 4120, 24, 2013/06/28, 10:20:05.079, 1315180073, QTAgent32.exe, &lt;a class=failure&gt;Playback - {2} [FAILED] Function ElementFetcher::FindScreenElement failed to locate UI element (Searching: ;[MSAA]ControlType='MenuItem' &amp;&amp; Name='Adressbooks') (Het opgegeven object is niet gevonden.)
\0&lt;/a&gt;
E, 4120, 24, 2013/06/28, 10:20:05.214, 1315350101, QTAgent32.exe, Playback - [IMAGE] C:\Users\Bas\AppData\Local\Temp\UITestLogs\LastRun\RPFD6FE.png
\0
W, 4120, 24, 2013/06/28, 10:20:05.214, 1315350452, QTAgent32.exe, Playback - [WARNING] Internal warning: Couldn't find descendants that match QueryId
\0
W, 4120, 24, 2013/06/28, 10:20:05.214, 1315350899, QTAgent32.exe, PERF WARNING: FindAllDescendents: took 2208 ms. Expected it to take maximum 500 ms.
W, 4120, 24, 2013/06/28, 10:20:06.822, 1317387268, QTAgent32.exe, Playback - [WARNING] Internal warning: Target element "[MSAA]ControlType='MenuItem' &amp;&amp; Name='Adressbooks'" was not found, so all intermediate elements were ignored. An incorrect element that matches target element Id can be found as the result.  Verify that all intermediate elements in QueryId have valid and unique Ids
\0
W, 4120, 24, 2013/06/28, 10:20:07.717, 1318520496, QTAgent32.exe, Playback - [WARNING] Internal warning: 2 UI elements have the same ElementIds.  Use "Instance = 'n'" to avoid this warning for: [MSAA, VisibleOnly]ControlType='MenuBar'
\0
W, 4120, 24, 2013/06/28, 10:20:08.080, 1318980243, QTAgent32.exe, PERF WARNING: FindAllDescendents: took 2837 ms. Expected it to take maximum 500 ms.
W, 4120, 24, 2013/06/28, 10:20:08.320, 1319284791, QTAgent32.exe, &lt;a class=success&gt;Playback - {3} [SUCCESS] LeftButtonClick  &lt; Mouse cursor location (339, 80) &gt;
\0&lt;/a&gt;
W, 4120, 24, 2013/06/28, 10:20:08.499, 1319511139, QTAgent32.exe, &lt;a class=success&gt;Playback - {4} [SUCCESS] LeftButtonClick - "[MSAA]ControlType='MenuItem' &amp;&amp; Name='Adressbooks'"  &lt; Mouse cursor location (97, 80) &gt;
\0&lt;/a&gt;
W, 4120, 24, 2013/06/28, 10:20:09.253, 1320465901, QTAgent32.exe, &lt;a class=success&gt;Playback - {5} [SUCCESS] MouseButtonClick - "[MSAA]ControlType='MenuItem' &amp;&amp; Name='Add Adressbook'"
\0&lt;/a&gt;
W, 4120, 24, 2013/06/28, 10:20:11.070, 1322766324, QTAgent32.exe, &lt;a class=success&gt;Playback - {6} [SUCCESS] SetValueAsEditBox "eenveeeltelangeenaaaaaaaaaaaaaaaaam" - "[MSAA, VisibleOnly]ControlType='Edit' &amp;&amp; Name='Adressbook Name:'"  &lt; Set via SendKeys &gt;
\0&lt;/a&gt;
W, 4120, 24, 2013/06/28, 10:20:11.591, 1323426669, QTAgent32.exe, &lt;a class=success&gt;Playback - {7} [SUCCESS] MouseButtonClick - "[MSAA, VisibleOnly]ControlType='Button' &amp;&amp; Name='Create Adressbook'"
\0&lt;/a&gt;
W, 4120, 24, 2013/06/28, 10:20:12.810, 1324971181, QTAgent32.exe, Playback - [WARNING] Internal warning: Can't find anchor child after updating the collection
\0
W, 4120, 24, 2013/06/28, 10:20:12.848, 1325019064, QTAgent32.exe, Playback - [WARNING] Internal warning: Can't find anchor child after updating the collection
\0
W, 4120, 24, 2013/06/28, 10:20:12.879, 1325058446, QTAgent32.exe, Playback - [WARNING] Internal failure: EnsureVisible via Setting Focus, Scrolling failed
\0
W, 4120, 24, 2013/06/28, 10:20:12.911, 1325098139, QTAgent32.exe, Playback - [WARNING] Internal warning: Couldn't get clickable point for ScreenUIElement since it was obscured by another UI element. See comparison tracing below
\0
E, 4120, 24, 2013/06/28, 10:20:13.011, 1325224791, QTAgent32.exe, &lt;a class=failure&gt;Playback - {8} [FAILED] MouseButtonClick - "[MSAA, VisibleOnly]ControlType='Button' &amp;&amp; Name='OK'"\0&lt;/a&gt;
E, 4120, 24, 2013/06/28, 10:20:13.129, 1325374738, QTAgent32.exe, Playback - [IMAGE] C:\Users\Bas\AppData\Local\Temp\UITestLogs\LastRun\RPFF5F4.png
\0
E, 4120, 24, 2013/06/28, 10:20:13.417, 1325738831, QTAgent32.exe, AL: Playback Error: Microsoft.VisualStudio.TestTools.UITest.Extension.FailedToPerformActionOnBlockedControlException: Window '' is blocking the control OK. Please move the window '' or make the control OK visible and retry the action. Additional Details: 
TechnologyName:  'MSAA'
Name:  'OK'
ControlType:  'Button'
 ---&gt; System.Runtime.InteropServices.COMException: Exception from HRESULT: 0xF004F003
   at Microsoft.VisualStudio.TestTools.UITest.Playback.Engine.IScreenElement.MouseButtonClick(Int32 x, Int32 y, Int32 nButton, Int32 fEnsureVisible, String bstrKeyModifiers)
   at Microsoft.VisualStudio.TestTools.UITest.Playback.ScreenElement.MouseButtonClick(Int32 x, Int32 y, MouseButtons button, ModifierKeys modifierKeys, Int32 ensureVisible)
   at Microsoft.VisualStudio.TestTools.UITesting.UITestControl.Click(MouseButtons button, ModifierKeys modifierKeys, Point relativeCoordinates)
   --- End of inner exception stack trace ---
   at Microsoft.VisualStudio.TestTools.UITesting.Playback.ThrowIfAnotherWindowIsBlockingControl(COMException ex, IPlaybackContext context)
   at Microsoft.VisualStudio.TestTools.UITesting.Playback.MapAndThrowComException(COMException innerException, IPlaybackContext context)
   at Microsoft.VisualStudio.TestTools.UITesting.Playback.MapAndThrowException(SystemException exception, IPlaybackContext context)
   at Microsoft.VisualStudio.TestTools.UITesting.Playback.MapAndThrowException(SystemException exception, String actionName, UITestControl uiControl, Point point)
   at Microsoft.VisualStudio.TestTools.UITesting.UITestControl.Click(MouseButtons button, ModifierKeys modifierKeys, Point relativeCoordinates)
   at Microsoft.VisualStudio.TestTools.UITesting.Mouse.ClickImplementation(UITestControl control, MouseButtons button, ModifierKeys modifierKeys, Point relativeCoordinate)
   at Microsoft.VisualStudio.TestTools.UITesting.Mouse.ClickImplementationWrapper(UITestControl control, MouseButtons button, ModifierKeys modifierKeys, Point relativeCoordinate)
W, 4120, 24, 2013/06/28, 10:20:15.693, 1328622266, QTAgent32.exe, IEDOM : StopSession of the plugin called before StartSession
W, 4120, 24, 2013/06/28, 10:20:15.694, 1328622551, QTAgent32.exe, UIA : StopSession of the plugin called before StartSession
</DebugTrace>
        <ErrorInfo>
          <Message>Test method AdresboekTest.RecordAndReplay.TestAddAdressbook threw exception: 
Microsoft.VisualStudio.TestTools.UITest.Extension.FailedToPerformActionOnBlockedControlException: Window '' is blocking the control OK. Please move the window '' or make the control OK visible and retry the action. Additional Details: 
TechnologyName:  'MSAA'
Name:  'OK'
ControlType:  'Button'
 ---&gt; System.Runtime.InteropServices.COMException: Exception from HRESULT: 0xF004F003</Message>
          <StackTrace>    at Microsoft.VisualStudio.TestTools.UITest.Playback.Engine.IScreenElement.MouseButtonClick(Int32 x, Int32 y, Int32 nButton, Int32 fEnsureVisible, String bstrKeyModifiers)
   at Microsoft.VisualStudio.TestTools.UITest.Playback.ScreenElement.MouseButtonClick(Int32 x, Int32 y, MouseButtons button, ModifierKeys modifierKeys, Int32 ensureVisible)
   at Microsoft.VisualStudio.TestTools.UITesting.UITestControl.Click(MouseButtons button, ModifierKeys modifierKeys, Point relativeCoordinates)
 --- End of inner exception stack trace ---
    at Microsoft.VisualStudio.TestTools.UITesting.Playback.ThrowIfAnotherWindowIsBlockingControl(COMException ex, IPlaybackContext context)
   at Microsoft.VisualStudio.TestTools.UITesting.Playback.MapAndThrowComException(COMException innerException, IPlaybackContext context)
   at Microsoft.VisualStudio.TestTools.UITesting.Playback.MapAndThrowException(SystemException exception, IPlaybackContext context)
   at Microsoft.VisualStudio.TestTools.UITesting.Playback.MapAndThrowException(SystemException exception, String actionName, UITestControl uiControl, Point point)
   at Microsoft.VisualStudio.TestTools.UITesting.UITestControl.Click(MouseButtons button, ModifierKeys modifierKeys, Point relativeCoordinates)
   at Microsoft.VisualStudio.TestTools.UITesting.Mouse.ClickImplementation(UITestControl control, MouseButtons button, ModifierKeys modifierKeys, Point relativeCoordinate)
   at Microsoft.VisualStudio.TestTools.UITesting.Mouse.ClickImplementationWrapper(UITestControl control, MouseButtons button, ModifierKeys modifierKeys, Point relativeCoordinate)
   at Microsoft.VisualStudio.TestTools.UITesting.Mouse.Click(UITestControl control, Point relativeCoordinate)
   at AdresboekTest.UIMap.CreateNonValidAdressbook() in C:\Users\Bas\Desktop\Softwaretesting\Adresboek\AdresboekTest\UIMap.Designer.cs:line 419
   at AdresboekTest.RecordAndReplay.TestAddAdressbook() in C:\Users\Bas\Desktop\Softwaretesting\Adresboek\AdresboekTest\RecordAndReplay.cs:line 121
</StackTrace>
        </ErrorInfo>
      </Output>
      <ResultFiles>
        <ResultFile path="BAS-PC\TestAddAdressbook.png" />
      </ResultFiles>
      <ExtensionResult>Exception has been thrown by the target of an invocation.</ExtensionResult>
    </UnitTestResult>
    <UnitTestResult executionId="5649f065-c4d4-403e-9b37-b7458eb42f1f" testId="19945944-a8d7-5865-9d24-bb159a9f92f7" testName="TestRemove" computerName="BAS-PC" duration="00:00:02.3913790" startTime="2013-06-28T10:20:15.7209211+02:00" endTime="2013-06-28T10:20:18.1250586+02:00" testType="13cdc9d9-ddb5-4fa4-a97d-d965ccfc6d4b" outcome="Passed" testListId="8c84fa94-04c1-424b-9868-57a2d4851a1d" relativeResultsDirectory="5649f065-c4d4-403e-9b37-b7458eb42f1f">
      <Output>
        <DebugTrace>W, 4120, 18, 2013/06/28, 10:20:16.653, 1329838115, QTAgent32.exe, &lt;a class=success&gt;Playback - {1} [SUCCESS] MouseButtonClick - "[MSAA, VisibleOnly]ControlType='Button' &amp;&amp; Name='View'"
\0&lt;/a&gt;
W, 4120, 18, 2013/06/28, 10:20:17.579, 1331008506, QTAgent32.exe, PERF WARNING: FindAllDescendents: took 793 ms. Expected it to take maximum 500 ms.
W, 4120, 18, 2013/06/28, 10:20:17.785, 1331270236, QTAgent32.exe, &lt;a class=success&gt;Playback - {2} [SUCCESS] MouseButtonClick - "[MSAA, VisibleOnly]ControlType='Button' &amp;&amp; Name='Remove all'"
\0&lt;/a&gt;
W, 4120, 18, 2013/06/28, 10:20:18.118, 1331691488, QTAgent32.exe, IEDOM : StopSession of the plugin called before StartSession
W, 4120, 18, 2013/06/28, 10:20:18.118, 1331691748, QTAgent32.exe, UIA : StopSession of the plugin called before StartSession
</DebugTrace>
      </Output>
    </UnitTestResult>
    <UnitTestResult executionId="d056a503-e050-4d54-9a9f-b9e9feb69704" testId="b0e3743f-f45f-f807-d44f-c69c7a0f26fc" testName="TestSwitchingViews" computerName="BAS-PC" duration="00:00:18.9064321" startTime="2013-06-28T10:20:18.1330591+02:00" endTime="2013-06-28T10:20:37.0571415+02:00" testType="13cdc9d9-ddb5-4fa4-a97d-d965ccfc6d4b" outcome="Passed" testListId="8c84fa94-04c1-424b-9868-57a2d4851a1d" relativeResultsDirectory="d056a503-e050-4d54-9a9f-b9e9feb69704">
      <Output>
        <DebugTrace>W, 4120, 32, 2013/06/28, 10:20:19.145, 1332992923, QTAgent32.exe, &lt;a class=success&gt;Playback - {1} [SUCCESS] MouseButtonClick - "[MSAA, VisibleOnly]ControlType='Button' &amp;&amp; Name='View'"
\0&lt;/a&gt;
W, 4120, 32, 2013/06/28, 10:20:19.246, 1333120723, QTAgent32.exe, FindScreenElementInSinglePass : Attempting to find control in one pass of search. Failures can occur.
W, 4120, 32, 2013/06/28, 10:20:20.329, 1334491252, QTAgent32.exe, Playback - [WARNING] Internal warning:Search failure: [MSAA, VisibleOnly]ControlType='MenuBar' | [MSAA]ControlType='MenuItem' &amp;&amp; Name='Adressbooks' | Performed (2) search retries, UI element not found
\0
E, 4120, 32, 2013/06/28, 10:20:20.329, 1334491699, QTAgent32.exe, &lt;a class=failure&gt;Playback - {2} [FAILED] Function ElementFetcher::FindScreenElement failed to locate UI element (Searching: ;[MSAA, VisibleOnly]ControlType='MenuBar';[MSAA]ControlType='MenuItem' &amp;&amp; Name='Adressbooks';[MSAA]ControlType='MenuItem' &amp;&amp; Name='Add Adressbook') (Het opgegeven object is niet gevonden.)
\0&lt;/a&gt;
E, 4120, 32, 2013/06/28, 10:20:20.452, 1334647238, QTAgent32.exe, Playback - [IMAGE] C:\Users\Bas\AppData\Local\Temp\UITestLogs\LastRun\RPF1289.png
\0
W, 4120, 32, 2013/06/28, 10:20:20.452, 1334647579, QTAgent32.exe, Playback - [WARNING] Internal warning: Couldn't find descendants that match QueryId
\0
W, 4120, 32, 2013/06/28, 10:20:20.452, 1334648038, QTAgent32.exe, PERF WARNING: FindAllDescendents: took 1175 ms. Expected it to take maximum 500 ms.
W, 4120, 32, 2013/06/28, 10:20:20.453, 1334648399, QTAgent32.exe, FindScreenElementInSinglePass : Attempting to find control in one pass of search. Failures can occur.
W, 4120, 32, 2013/06/28, 10:20:20.501, 1334709997, QTAgent32.exe, FindScreenElementInSinglePass : Attempting to find control in one pass of search. Failures can occur.
W, 4120, 32, 2013/06/28, 10:20:21.069, 1335428462, QTAgent32.exe, Playback - [WARNING] Internal warning: Target element "[MSAA]ControlType='MenuItem' &amp;&amp; Name='Adressbooks'" was not found, so all intermediate elements were ignored. An incorrect element that matches target element Id can be found as the result.  Verify that all intermediate elements in QueryId have valid and unique Ids
\0
W, 4120, 32, 2013/06/28, 10:20:22.610, 1337380884, QTAgent32.exe, Playback - [WARNING] Internal warning:Search failure: [MSAA]ControlType='MenuItem' &amp;&amp; Name='Adressbooks' | Performed (2) search retries, UI element not found
\0
E, 4120, 32, 2013/06/28, 10:20:22.611, 1337381318, QTAgent32.exe, &lt;a class=failure&gt;Playback - {3} [FAILED] Function ElementFetcher::FindScreenElement failed to locate UI element (Searching: ;[MSAA]ControlType='MenuItem' &amp;&amp; Name='Adressbooks') (Het opgegeven object is niet gevonden.)
\0&lt;/a&gt;
E, 4120, 32, 2013/06/28, 10:20:22.734, 1337537251, QTAgent32.exe, Playback - [IMAGE] C:\Users\Bas\AppData\Local\Temp\UITestLogs\LastRun\RPF1B70.png
\0
W, 4120, 32, 2013/06/28, 10:20:22.734, 1337537591, QTAgent32.exe, Playback - [WARNING] Internal warning: Couldn't find descendants that match QueryId
\0
W, 4120, 32, 2013/06/28, 10:20:22.734, 1337538031, QTAgent32.exe, PERF WARNING: FindAllDescendents: took 2202 ms. Expected it to take maximum 500 ms.
W, 4120, 32, 2013/06/28, 10:20:24.353, 1339588374, QTAgent32.exe, Playback - [WARNING] Internal warning: Target element "[MSAA]ControlType='MenuItem' &amp;&amp; Name='Adressbooks'" was not found, so all intermediate elements were ignored. An incorrect element that matches target element Id can be found as the result.  Verify that all intermediate elements in QueryId have valid and unique Ids
\0
W, 4120, 32, 2013/06/28, 10:20:25.675, 1341262308, QTAgent32.exe, Playback - [WARNING] Internal warning: 2 UI elements have the same ElementIds.  Use "Instance = 'n'" to avoid this warning for: [MSAA, VisibleOnly]ControlType='MenuBar'
\0
W, 4120, 32, 2013/06/28, 10:20:26.486, 1342289729, QTAgent32.exe, PERF WARNING: FindAllDescendents: took 3723 ms. Expected it to take maximum 500 ms.
W, 4120, 32, 2013/06/28, 10:20:26.715, 1342579908, QTAgent32.exe, &lt;a class=success&gt;Playback - {4} [SUCCESS] LeftButtonClick  &lt; Mouse cursor location (399, 140) &gt;
\0&lt;/a&gt;
W, 4120, 32, 2013/06/28, 10:20:26.891, 1342802109, QTAgent32.exe, &lt;a class=success&gt;Playback - {5} [SUCCESS] LeftButtonClick - "[MSAA]ControlType='MenuItem' &amp;&amp; Name='Adressbooks'"  &lt; Mouse cursor location (157, 140) &gt;
\0&lt;/a&gt;
W, 4120, 32, 2013/06/28, 10:20:27.762, 1343905368, QTAgent32.exe, PERF WARNING: FindAllDescendents: took 838 ms. Expected it to take maximum 500 ms.
W, 4120, 32, 2013/06/28, 10:20:28.079, 1344307347, QTAgent32.exe, &lt;a class=success&gt;Playback - {6} [SUCCESS] MouseButtonClick - "[MSAA]ControlType='MenuItem' &amp;&amp; Name='Add Adressbook'"
\0&lt;/a&gt;
W, 4120, 32, 2013/06/28, 10:20:28.181, 1344436388, QTAgent32.exe, FindScreenElementInSinglePass : Attempting to find control in one pass of search. Failures can occur.
W, 4120, 32, 2013/06/28, 10:20:29.264, 1345807063, QTAgent32.exe, Playback - [WARNING] Internal warning:Search failure: [MSAA, VisibleOnly]ControlType='MenuBar' | [MSAA]ControlType='MenuItem' &amp;&amp; Name='Adressbooks' | Performed (2) search retries, UI element not found
\0
E, 4120, 32, 2013/06/28, 10:20:29.264, 1345807517, QTAgent32.exe, &lt;a class=failure&gt;Playback - {7} [FAILED] Function ElementFetcher::FindScreenElement failed to locate UI element (Searching: ;[MSAA, VisibleOnly]ControlType='MenuBar';[MSAA]ControlType='MenuItem' &amp;&amp; Name='Adressbooks';[MSAA]ControlType='MenuItem' &amp;&amp; Name='View Adressbooks') (Het opgegeven object is niet gevonden.)
\0&lt;/a&gt;
E, 4120, 32, 2013/06/28, 10:20:29.396, 1345975019, QTAgent32.exe, Playback - [IMAGE] C:\Users\Bas\AppData\Local\Temp\UITestLogs\LastRun\RPF3576.png
\0
W, 4120, 32, 2013/06/28, 10:20:29.396, 1345975355, QTAgent32.exe, Playback - [WARNING] Internal warning: Couldn't find descendants that match QueryId
\0
W, 4120, 32, 2013/06/28, 10:20:29.397, 1345975798, QTAgent32.exe, PERF WARNING: FindAllDescendents: took 1184 ms. Expected it to take maximum 500 ms.
W, 4120, 32, 2013/06/28, 10:20:29.397, 1345976117, QTAgent32.exe, FindScreenElementInSinglePass : Attempting to find control in one pass of search. Failures can occur.
W, 4120, 32, 2013/06/28, 10:20:29.468, 1346065424, QTAgent32.exe, FindScreenElementInSinglePass : Attempting to find control in one pass of search. Failures can occur.
W, 4120, 32, 2013/06/28, 10:20:30.036, 1346784855, QTAgent32.exe, Playback - [WARNING] Internal warning: Target element "[MSAA]ControlType='MenuItem' &amp;&amp; Name='Adressbooks'" was not found, so all intermediate elements were ignored. An incorrect element that matches target element Id can be found as the result.  Verify that all intermediate elements in QueryId have valid and unique Ids
\0
W, 4120, 32, 2013/06/28, 10:20:31.579, 1348738948, QTAgent32.exe, Playback - [WARNING] Internal warning:Search failure: [MSAA]ControlType='MenuItem' &amp;&amp; Name='Adressbooks' | Performed (2) search retries, UI element not found
\0
E, 4120, 32, 2013/06/28, 10:20:31.579, 1348739404, QTAgent32.exe, &lt;a class=failure&gt;Playback - {8} [FAILED] Function ElementFetcher::FindScreenElement failed to locate UI element (Searching: ;[MSAA]ControlType='MenuItem' &amp;&amp; Name='Adressbooks') (Het opgegeven object is niet gevonden.)
\0&lt;/a&gt;
E, 4120, 32, 2013/06/28, 10:20:31.698, 1348889697, QTAgent32.exe, Playback - [IMAGE] C:\Users\Bas\AppData\Local\Temp\UITestLogs\LastRun\RPF3E7C.png
\0
W, 4120, 32, 2013/06/28, 10:20:31.698, 1348889992, QTAgent32.exe, Playback - [WARNING] Internal warning: Couldn't find descendants that match QueryId
\0
W, 4120, 32, 2013/06/28, 10:20:31.698, 1348890387, QTAgent32.exe, PERF WARNING: FindAllDescendents: took 2199 ms. Expected it to take maximum 500 ms.
W, 4120, 32, 2013/06/28, 10:20:33.313, 1350935652, QTAgent32.exe, Playback - [WARNING] Internal warning: Target element "[MSAA]ControlType='MenuItem' &amp;&amp; Name='Adressbooks'" was not found, so all intermediate elements were ignored. An incorrect element that matches target element Id can be found as the result.  Verify that all intermediate elements in QueryId have valid and unique Ids
\0
W, 4120, 32, 2013/06/28, 10:20:34.132, 1351972881, QTAgent32.exe, Playback - [WARNING] Internal warning: 2 UI elements have the same ElementIds.  Use "Instance = 'n'" to avoid this warning for: [MSAA, VisibleOnly]ControlType='MenuBar'
\0
W, 4120, 32, 2013/06/28, 10:20:35.020, 1353095782, QTAgent32.exe, PERF WARNING: FindAllDescendents: took 3282 ms. Expected it to take maximum 500 ms.
W, 4120, 32, 2013/06/28, 10:20:35.239, 1353372871, QTAgent32.exe, &lt;a class=success&gt;Playback - {9} [SUCCESS] LeftButtonClick  &lt; Mouse cursor location (399, 140) &gt;
\0&lt;/a&gt;
W, 4120, 32, 2013/06/28, 10:20:35.411, 1353591193, QTAgent32.exe, &lt;a class=success&gt;Playback - {10} [SUCCESS] LeftButtonClick - "[MSAA]ControlType='MenuItem' &amp;&amp; Name='Adressbooks'"  &lt; Mouse cursor location (157, 140) &gt;
\0&lt;/a&gt;
W, 4120, 32, 2013/06/28, 10:20:36.386, 1354825926, QTAgent32.exe, PERF WARNING: FindAllDescendents: took 941 ms. Expected it to take maximum 500 ms.
W, 4120, 32, 2013/06/28, 10:20:36.713, 1355240583, QTAgent32.exe, &lt;a class=success&gt;Playback - {11} [SUCCESS] MouseButtonClick - "[MSAA]ControlType='MenuItem' &amp;&amp; Name='View Adressbooks'"
\0&lt;/a&gt;
W, 4120, 32, 2013/06/28, 10:20:37.046, 1355661295, QTAgent32.exe, IEDOM : StopSession of the plugin called before StartSession
W, 4120, 32, 2013/06/28, 10:20:37.046, 1355661533, QTAgent32.exe, UIA : StopSession of the plugin called before StartSession
</DebugTrace>
      </Output>
    </UnitTestResult>
    <UnitTestResult executionId="50e28956-60bd-40ab-ae7e-0f214a3d8d0b" testId="d0f51090-57a5-cd0b-7a9e-5ea7b4b73661" testName="TestRemovingContactFromMultipleAddressbooks" computerName="BAS-PC" duration="00:00:16.3490807" startTime="2013-06-28T10:20:37.0661420+02:00" endTime="2013-06-28T10:20:53.4300779+02:00" testType="13cdc9d9-ddb5-4fa4-a97d-d965ccfc6d4b" outcome="Passed" testListId="8c84fa94-04c1-424b-9868-57a2d4851a1d" relativeResultsDirectory="50e28956-60bd-40ab-ae7e-0f214a3d8d0b">
      <Output>
        <DebugTrace>W, 4120, 15, 2013/06/28, 10:20:38.090, 1356984558, QTAgent32.exe, &lt;a class=success&gt;Playback - {1} [SUCCESS] MouseButtonClick - "[MSAA, VisibleOnly]ControlType='Button' &amp;&amp; Name='View'"
\0&lt;/a&gt;
W, 4120, 15, 2013/06/28, 10:20:39.129, 1358300295, QTAgent32.exe, &lt;a class=success&gt;Playback - {2} [SUCCESS] SetValueAsEditBox "test" - "[MSAA, VisibleOnly]ControlType='Edit'"  &lt; Set via SendKeys &gt;
\0&lt;/a&gt;
W, 4120, 15, 2013/06/28, 10:20:39.613, 1358912901, QTAgent32.exe, &lt;a class=success&gt;Playback - {3} [SUCCESS] SendKeys "{Tab}" - "[MSAA, VisibleOnly]ControlType='Edit'"
\0&lt;/a&gt;
W, 4120, 15, 2013/06/28, 10:20:40.820, 1360442121, QTAgent32.exe, &lt;a class=success&gt;Playback - {4} [SUCCESS] SetValueAsEditBox "test@gmail.com" - "[MSAA, VisibleOnly]ControlType='Edit'"  &lt; Set via SendKeys &gt;
\0&lt;/a&gt;
W, 4120, 15, 2013/06/28, 10:20:41.674, 1361523125, QTAgent32.exe, &lt;a class=success&gt;Playback - {5} [SUCCESS] MouseButtonClick - "[MSAA, VisibleOnly]ControlType='Button' &amp;&amp; Name='Add Contact'"
\0&lt;/a&gt;
W, 4120, 15, 2013/06/28, 10:20:41.774, 1361650244, QTAgent32.exe, FindScreenElementInSinglePass : Attempting to find control in one pass of search. Failures can occur.
W, 4120, 15, 2013/06/28, 10:20:42.862, 1363027155, QTAgent32.exe, Playback - [WARNING] Internal warning:Search failure: [MSAA, VisibleOnly]ControlType='MenuBar' | [MSAA]ControlType='MenuItem' &amp;&amp; Name='Adressbooks' | Performed (2) search retries, UI element not found
\0
E, 4120, 15, 2013/06/28, 10:20:42.862, 1363027596, QTAgent32.exe, &lt;a class=failure&gt;Playback - {6} [FAILED] Function ElementFetcher::FindScreenElement failed to locate UI element (Searching: ;[MSAA, VisibleOnly]ControlType='MenuBar';[MSAA]ControlType='MenuItem' &amp;&amp; Name='Adressbooks';[MSAA]ControlType='MenuItem' &amp;&amp; Name='View Adressbooks') (Het opgegeven object is niet gevonden.)
\0&lt;/a&gt;
E, 4120, 15, 2013/06/28, 10:20:42.995, 1363195616, QTAgent32.exe, Playback - [IMAGE] C:\Users\Bas\AppData\Local\Temp\UITestLogs\LastRun\RPF6A8C.png
\0
W, 4120, 15, 2013/06/28, 10:20:42.995, 1363195971, QTAgent32.exe, Playback - [WARNING] Internal warning: Couldn't find descendants that match QueryId
\0
W, 4120, 15, 2013/06/28, 10:20:42.995, 1363196406, QTAgent32.exe, PERF WARNING: FindAllDescendents: took 1184 ms. Expected it to take maximum 500 ms.
W, 4120, 15, 2013/06/28, 10:20:42.996, 1363196751, QTAgent32.exe, FindScreenElementInSinglePass : Attempting to find control in one pass of search. Failures can occur.
W, 4120, 15, 2013/06/28, 10:20:43.042, 1363255879, QTAgent32.exe, FindScreenElementInSinglePass : Attempting to find control in one pass of search. Failures can occur.
W, 4120, 15, 2013/06/28, 10:20:43.605, 1363968404, QTAgent32.exe, Playback - [WARNING] Internal warning: Target element "[MSAA]ControlType='MenuItem' &amp;&amp; Name='Adressbooks'" was not found, so all intermediate elements were ignored. An incorrect element that matches target element Id can be found as the result.  Verify that all intermediate elements in QueryId have valid and unique Ids
\0
W, 4120, 15, 2013/06/28, 10:20:45.144, 1365917579, QTAgent32.exe, Playback - [WARNING] Internal warning:Search failure: [MSAA]ControlType='MenuItem' &amp;&amp; Name='Adressbooks' | Performed (2) search retries, UI element not found
\0
E, 4120, 15, 2013/06/28, 10:20:45.144, 1365917999, QTAgent32.exe, &lt;a class=failure&gt;Playback - {7} [FAILED] Function ElementFetcher::FindScreenElement failed to locate UI element (Searching: ;[MSAA]ControlType='MenuItem' &amp;&amp; Name='Adressbooks') (Het opgegeven object is niet gevonden.)
\0&lt;/a&gt;
E, 4120, 15, 2013/06/28, 10:20:45.263, 1366068616, QTAgent32.exe, Playback - [IMAGE] C:\Users\Bas\AppData\Local\Temp\UITestLogs\LastRun\RPF7382.png
\0
W, 4120, 15, 2013/06/28, 10:20:45.263, 1366068971, QTAgent32.exe, Playback - [WARNING] Internal warning: Couldn't find descendants that match QueryId
\0
W, 4120, 15, 2013/06/28, 10:20:45.264, 1366069435, QTAgent32.exe, PERF WARNING: FindAllDescendents: took 2193 ms. Expected it to take maximum 500 ms.
W, 4120, 15, 2013/06/28, 10:20:46.878, 1368113842, QTAgent32.exe, Playback - [WARNING] Internal warning: Target element "[MSAA]ControlType='MenuItem' &amp;&amp; Name='Adressbooks'" was not found, so all intermediate elements were ignored. An incorrect element that matches target element Id can be found as the result.  Verify that all intermediate elements in QueryId have valid and unique Ids
\0
W, 4120, 15, 2013/06/28, 10:20:48.335, 1369958509, QTAgent32.exe, Playback - [WARNING] Internal warning: 2 UI elements have the same ElementIds.  Use "Instance = 'n'" to avoid this warning for: [MSAA, VisibleOnly]ControlType='MenuBar'
\0
W, 4120, 15, 2013/06/28, 10:20:49.639, 1371610548, QTAgent32.exe, PERF WARNING: FindAllDescendents: took 4343 ms. Expected it to take maximum 500 ms.
W, 4120, 15, 2013/06/28, 10:20:49.860, 1371890915, QTAgent32.exe, &lt;a class=success&gt;Playback - {8} [SUCCESS] LeftButtonClick  &lt; Mouse cursor location (429, 170) &gt;
\0&lt;/a&gt;
W, 4120, 15, 2013/06/28, 10:20:50.035, 1372112030, QTAgent32.exe, &lt;a class=success&gt;Playback - {9} [SUCCESS] LeftButtonClick - "[MSAA]ControlType='MenuItem' &amp;&amp; Name='Adressbooks'"  &lt; Mouse cursor location (187, 170) &gt;
\0&lt;/a&gt;
W, 4120, 15, 2013/06/28, 10:20:51.422, 1373868048, QTAgent32.exe, PERF WARNING: FindAllDescendents: took 1351 ms. Expected it to take maximum 500 ms.
W, 4120, 15, 2013/06/28, 10:20:51.737, 1374267681, QTAgent32.exe, &lt;a class=success&gt;Playback - {10} [SUCCESS] MouseButtonClick - "[MSAA]ControlType='MenuItem' &amp;&amp; Name='View Adressbooks'"
\0&lt;/a&gt;
W, 4120, 15, 2013/06/28, 10:20:52.144, 1374782220, QTAgent32.exe, &lt;a class=success&gt;Playback - {11} [SUCCESS] MouseButtonClick - "[MSAA, VisibleOnly]ControlType='Button' &amp;&amp; Name='View'"
\0&lt;/a&gt;
W, 4120, 15, 2013/06/28, 10:20:52.534, 1375275895, QTAgent32.exe, &lt;a class=success&gt;Playback - {12} [SUCCESS] MouseButtonClick - "[MSAA, VisibleOnly]ControlType='Button' &amp;&amp; Name='Add Contact'"
\0&lt;/a&gt;
W, 4120, 15, 2013/06/28, 10:20:53.086, 1375974674, QTAgent32.exe, &lt;a class=success&gt;Playback - {13} [SUCCESS] MouseButtonClick - "[MSAA, VisibleOnly]ControlType='Button' &amp;&amp; Name='Delete Contact'"
\0&lt;/a&gt;
W, 4120, 15, 2013/06/28, 10:20:53.421, 1376399179, QTAgent32.exe, IEDOM : StopSession of the plugin called before StartSession
W, 4120, 15, 2013/06/28, 10:20:53.421, 1376399447, QTAgent32.exe, UIA : StopSession of the plugin called before StartSession
</DebugTrace>
      </Output>
    </UnitTestResult>
    <UnitTestResult executionId="77eb87e9-4525-4c67-8992-ad9a1ce8bf4b" testId="ecf14cdf-a816-c9c9-b486-338ae3a984be" testName="TestEmail" computerName="BAS-PC" duration="00:00:06.5104004" startTime="2013-06-28T10:20:53.4400785+02:00" endTime="2013-06-28T10:20:59.9734522+02:00" testType="13cdc9d9-ddb5-4fa4-a97d-d965ccfc6d4b" outcome="Failed" testListId="8c84fa94-04c1-424b-9868-57a2d4851a1d" relativeResultsDirectory="77eb87e9-4525-4c67-8992-ad9a1ce8bf4b">
      <Output>
        <DebugTrace>W, 4120, 33, 2013/06/28, 10:20:54.513, 1377782445, QTAgent32.exe, &lt;a class=success&gt;Playback - {1} [SUCCESS] MouseButtonClick - "[MSAA, VisibleOnly]ControlType='Button' &amp;&amp; Name='View'"
\0&lt;/a&gt;
W, 4120, 33, 2013/06/28, 10:20:55.537, 1379079310, QTAgent32.exe, &lt;a class=success&gt;Playback - {2} [SUCCESS] SetValueAsEditBox "bas" - "[MSAA, VisibleOnly]ControlType='Edit'"  &lt; Set via SendKeys &gt;
\0&lt;/a&gt;
W, 4120, 33, 2013/06/28, 10:20:56.248, 1379979062, QTAgent32.exe, &lt;a class=success&gt;Playback - {3} [SUCCESS] MouseButtonClick - "[MSAA, VisibleOnly]ControlType='Button' &amp;&amp; Name='Add Contact'"
\0&lt;/a&gt;
W, 4120, 33, 2013/06/28, 10:20:57.310, 1381323636, QTAgent32.exe, Playback - [WARNING] Internal warning: Can't find anchor child after updating the collection
\0
W, 4120, 33, 2013/06/28, 10:20:57.346, 1381369630, QTAgent32.exe, Playback - [WARNING] Internal warning: Can't find anchor child after updating the collection
\0
W, 4120, 33, 2013/06/28, 10:20:57.367, 1381396429, QTAgent32.exe, Playback - [WARNING] Internal failure: EnsureVisible via Setting Focus, Scrolling failed
\0
W, 4120, 33, 2013/06/28, 10:20:57.398, 1381435631, QTAgent32.exe, Playback - [WARNING] Internal warning: Couldn't get clickable point for ScreenUIElement since it was obscured by another UI element. See comparison tracing below
\0
E, 4120, 33, 2013/06/28, 10:20:57.499, 1381563307, QTAgent32.exe, &lt;a class=failure&gt;Playback - {4} [FAILED] MouseButtonClick - "[MSAA, VisibleOnly]ControlType='Button' &amp;&amp; Name='OK'"\0&lt;/a&gt;
E, 4120, 33, 2013/06/28, 10:20:57.631, 1381731145, QTAgent32.exe, Playback - [IMAGE] C:\Users\Bas\AppData\Local\Temp\UITestLogs\LastRun\RPFA3C6.png
\0
E, 4120, 33, 2013/06/28, 10:20:57.834, 1381988194, QTAgent32.exe, AL: Playback Error: Microsoft.VisualStudio.TestTools.UITest.Extension.FailedToPerformActionOnBlockedControlException: Window '' is blocking the control OK. Please move the window '' or make the control OK visible and retry the action. Additional Details: 
TechnologyName:  'MSAA'
Name:  'OK'
ControlType:  'Button'
 ---&gt; System.Runtime.InteropServices.COMException: Exception from HRESULT: 0xF004F003
   at Microsoft.VisualStudio.TestTools.UITest.Playback.Engine.IScreenElement.MouseButtonClick(Int32 x, Int32 y, Int32 nButton, Int32 fEnsureVisible, String bstrKeyModifiers)
   at Microsoft.VisualStudio.TestTools.UITest.Playback.ScreenElement.MouseButtonClick(Int32 x, Int32 y, MouseButtons button, ModifierKeys modifierKeys, Int32 ensureVisible)
   at Microsoft.VisualStudio.TestTools.UITesting.UITestControl.Click(MouseButtons button, ModifierKeys modifierKeys, Point relativeCoordinates)
   --- End of inner exception stack trace ---
   at Microsoft.VisualStudio.TestTools.UITesting.Playback.ThrowIfAnotherWindowIsBlockingControl(COMException ex, IPlaybackContext context)
   at Microsoft.VisualStudio.TestTools.UITesting.Playback.MapAndThrowComException(COMException innerException, IPlaybackContext context)
   at Microsoft.VisualStudio.TestTools.UITesting.Playback.MapAndThrowException(SystemException exception, IPlaybackContext context)
   at Microsoft.VisualStudio.TestTools.UITesting.Playback.MapAndThrowException(SystemException exception, String actionName, UITestControl uiControl, Point point)
   at Microsoft.VisualStudio.TestTools.UITesting.UITestControl.Click(MouseButtons button, ModifierKeys modifierKeys, Point relativeCoordinates)
   at Microsoft.VisualStudio.TestTools.UITesting.Mouse.ClickImplementation(UITestControl control, MouseButtons button, ModifierKeys modifierKeys, Point relativeCoordinate)
   at Microsoft.VisualStudio.TestTools.UITesting.Mouse.ClickImplementationWrapper(UITestControl control, MouseButtons button, ModifierKeys modifierKeys, Point relativeCoordinate)
W, 4120, 33, 2013/06/28, 10:20:59.955, 1384674287, QTAgent32.exe, IEDOM : StopSession of the plugin called before StartSession
W, 4120, 33, 2013/06/28, 10:20:59.956, 1384674596, QTAgent32.exe, UIA : StopSession of the plugin called before StartSession
</DebugTrace>
        <ErrorInfo>
          <Message>Test method AdresboekTest.RecordAndReplay.TestEmail threw exception: 
Microsoft.VisualStudio.TestTools.UITest.Extension.FailedToPerformActionOnBlockedControlException: Window '' is blocking the control OK. Please move the window '' or make the control OK visible and retry the action. Additional Details: 
TechnologyName:  'MSAA'
Name:  'OK'
ControlType:  'Button'
 ---&gt; System.Runtime.InteropServices.COMException: Exception from HRESULT: 0xF004F003</Message>
          <StackTrace>    at Microsoft.VisualStudio.TestTools.UITest.Playback.Engine.IScreenElement.MouseButtonClick(Int32 x, Int32 y, Int32 nButton, Int32 fEnsureVisible, String bstrKeyModifiers)
   at Microsoft.VisualStudio.TestTools.UITest.Playback.ScreenElement.MouseButtonClick(Int32 x, Int32 y, MouseButtons button, ModifierKeys modifierKeys, Int32 ensureVisible)
   at Microsoft.VisualStudio.TestTools.UITesting.UITestControl.Click(MouseButtons button, ModifierKeys modifierKeys, Point relativeCoordinates)
 --- End of inner exception stack trace ---
    at Microsoft.VisualStudio.TestTools.UITesting.Playback.ThrowIfAnotherWindowIsBlockingControl(COMException ex, IPlaybackContext context)
   at Microsoft.VisualStudio.TestTools.UITesting.Playback.MapAndThrowComException(COMException innerException, IPlaybackContext context)
   at Microsoft.VisualStudio.TestTools.UITesting.Playback.MapAndThrowException(SystemException exception, IPlaybackContext context)
   at Microsoft.VisualStudio.TestTools.UITesting.Playback.MapAndThrowException(SystemException exception, String actionName, UITestControl uiControl, Point point)
   at Microsoft.VisualStudio.TestTools.UITesting.UITestControl.Click(MouseButtons button, ModifierKeys modifierKeys, Point relativeCoordinates)
   at Microsoft.VisualStudio.TestTools.UITesting.Mouse.ClickImplementation(UITestControl control, MouseButtons button, ModifierKeys modifierKeys, Point relativeCoordinate)
   at Microsoft.VisualStudio.TestTools.UITesting.Mouse.ClickImplementationWrapper(UITestControl control, MouseButtons button, ModifierKeys modifierKeys, Point relativeCoordinate)
   at Microsoft.VisualStudio.TestTools.UITesting.Mouse.Click(UITestControl control, Point relativeCoordinate)
   at AdresboekTest.UIMap.AddNonValidEmail() in C:\Users\Bas\Desktop\Softwaretesting\Adresboek\AdresboekTest\UIMap.Designer.cs:line 135
   at AdresboekTest.RecordAndReplay.TestEmail() in C:\Users\Bas\Desktop\Softwaretesting\Adresboek\AdresboekTest\RecordAndReplay.cs:line 73
</StackTrace>
        </ErrorInfo>
      </Output>
      <ResultFiles>
        <ResultFile path="BAS-PC\TestEmail.png" />
      </ResultFiles>
      <ExtensionResult>Exception has been thrown by the target of an invocation.</ExtensionResult>
    </UnitTestResult>
    <UnitTestResult executionId="b91f0a06-4dfe-44ef-a802-6aa748b814f6" testId="ff1d36de-df47-0a9f-9f67-ff714225cbd5" testName="TestName" computerName="BAS-PC" duration="00:00:05.3282466" startTime="2013-06-28T10:20:59.9804526+02:00" endTime="2013-06-28T10:21:05.3507598+02:00" testType="13cdc9d9-ddb5-4fa4-a97d-d965ccfc6d4b" outcome="Failed" testListId="8c84fa94-04c1-424b-9868-57a2d4851a1d" relativeResultsDirectory="b91f0a06-4dfe-44ef-a802-6aa748b814f6">
      <Output>
        <DebugTrace>W, 4120, 19, 2013/06/28, 10:21:00.912, 1385886256, QTAgent32.exe, &lt;a class=success&gt;Playback - {1} [SUCCESS] MouseButtonClick - "[MSAA, VisibleOnly]ControlType='Button' &amp;&amp; Name='View'"
\0&lt;/a&gt;
W, 4120, 19, 2013/06/28, 10:21:01.666, 1386840893, QTAgent32.exe, &lt;a class=success&gt;Playback - {2} [SUCCESS] MouseButtonClick - "[MSAA, VisibleOnly]ControlType='Button' &amp;&amp; Name='Add Contact'"
\0&lt;/a&gt;
W, 4120, 19, 2013/06/28, 10:21:02.709, 1388161286, QTAgent32.exe, Playback - [WARNING] Internal warning: Can't find anchor child after updating the collection
\0
W, 4120, 19, 2013/06/28, 10:21:02.747, 1388209817, QTAgent32.exe, Playback - [WARNING] Internal warning: Can't find anchor child after updating the collection
\0
W, 4120, 19, 2013/06/28, 10:21:02.769, 1388237920, QTAgent32.exe, Playback - [WARNING] Internal failure: EnsureVisible via Setting Focus, Scrolling failed
\0
W, 4120, 19, 2013/06/28, 10:21:02.800, 1388277077, QTAgent32.exe, Playback - [WARNING] Internal warning: Couldn't get clickable point for ScreenUIElement since it was obscured by another UI element. See comparison tracing below
\0
E, 4120, 19, 2013/06/28, 10:21:02.903, 1388407985, QTAgent32.exe, &lt;a class=failure&gt;Playback - {3} [FAILED] MouseButtonClick - "[MSAA, VisibleOnly]ControlType='Button' &amp;&amp; Name='OK'"\0&lt;/a&gt;
E, 4120, 19, 2013/06/28, 10:21:03.033, 1388572223, QTAgent32.exe, Playback - [IMAGE] C:\Users\Bas\AppData\Local\Temp\UITestLogs\LastRun\RPFB8DD.png
\0
E, 4120, 19, 2013/06/28, 10:21:03.222, 1388811880, QTAgent32.exe, AL: Playback Error: Microsoft.VisualStudio.TestTools.UITest.Extension.FailedToPerformActionOnBlockedControlException: Window '' is blocking the control OK. Please move the window '' or make the control OK visible and retry the action. Additional Details: 
TechnologyName:  'MSAA'
Name:  'OK'
ControlType:  'Button'
 ---&gt; System.Runtime.InteropServices.COMException: Exception from HRESULT: 0xF004F003
   at Microsoft.VisualStudio.TestTools.UITest.Playback.Engine.IScreenElement.MouseButtonClick(Int32 x, Int32 y, Int32 nButton, Int32 fEnsureVisible, String bstrKeyModifiers)
   at Microsoft.VisualStudio.TestTools.UITest.Playback.ScreenElement.MouseButtonClick(Int32 x, Int32 y, MouseButtons button, ModifierKeys modifierKeys, Int32 ensureVisible)
   at Microsoft.VisualStudio.TestTools.UITesting.UITestControl.Click(MouseButtons button, ModifierKeys modifierKeys, Point relativeCoordinates)
   --- End of inner exception stack trace ---
   at Microsoft.VisualStudio.TestTools.UITesting.Playback.ThrowIfAnotherWindowIsBlockingControl(COMException ex, IPlaybackContext context)
   at Microsoft.VisualStudio.TestTools.UITesting.Playback.MapAndThrowComException(COMException innerException, IPlaybackContext context)
   at Microsoft.VisualStudio.TestTools.UITesting.Playback.MapAndThrowException(SystemException exception, IPlaybackContext context)
   at Microsoft.VisualStudio.TestTools.UITesting.Playback.MapAndThrowException(SystemException exception, String actionName, UITestControl uiControl, Point point)
   at Microsoft.VisualStudio.TestTools.UITesting.UITestControl.Click(MouseButtons button, ModifierKeys modifierKeys, Point relativeCoordinates)
   at Microsoft.VisualStudio.TestTools.UITesting.Mouse.ClickImplementation(UITestControl control, MouseButtons button, ModifierKeys modifierKeys, Point relativeCoordinate)
   at Microsoft.VisualStudio.TestTools.UITesting.Mouse.ClickImplementationWrapper(UITestControl control, MouseButtons button, ModifierKeys modifierKeys, Point relativeCoordinate)
W, 4120, 19, 2013/06/28, 10:21:05.331, 1391482000, QTAgent32.exe, IEDOM : StopSession of the plugin called before StartSession
W, 4120, 19, 2013/06/28, 10:21:05.331, 1391482282, QTAgent32.exe, UIA : StopSession of the plugin called before StartSession
</DebugTrace>
        <ErrorInfo>
          <Message>Test method AdresboekTest.RecordAndReplay.TestName threw exception: 
Microsoft.VisualStudio.TestTools.UITest.Extension.FailedToPerformActionOnBlockedControlException: Window '' is blocking the control OK. Please move the window '' or make the control OK visible and retry the action. Additional Details: 
TechnologyName:  'MSAA'
Name:  'OK'
ControlType:  'Button'
 ---&gt; System.Runtime.InteropServices.COMException: Exception from HRESULT: 0xF004F003</Message>
          <StackTrace>    at Microsoft.VisualStudio.TestTools.UITest.Playback.Engine.IScreenElement.MouseButtonClick(Int32 x, Int32 y, Int32 nButton, Int32 fEnsureVisible, String bstrKeyModifiers)
   at Microsoft.VisualStudio.TestTools.UITest.Playback.ScreenElement.MouseButtonClick(Int32 x, Int32 y, MouseButtons button, ModifierKeys modifierKeys, Int32 ensureVisible)
   at Microsoft.VisualStudio.TestTools.UITesting.UITestControl.Click(MouseButtons button, ModifierKeys modifierKeys, Point relativeCoordinates)
 --- End of inner exception stack trace ---
    at Microsoft.VisualStudio.TestTools.UITesting.Playback.ThrowIfAnotherWindowIsBlockingControl(COMException ex, IPlaybackContext context)
   at Microsoft.VisualStudio.TestTools.UITesting.Playback.MapAndThrowComException(COMException innerException, IPlaybackContext context)
   at Microsoft.VisualStudio.TestTools.UITesting.Playback.MapAndThrowException(SystemException exception, IPlaybackContext context)
   at Microsoft.VisualStudio.TestTools.UITesting.Playback.MapAndThrowException(SystemException exception, String actionName, UITestControl uiControl, Point point)
   at Microsoft.VisualStudio.TestTools.UITesting.UITestControl.Click(MouseButtons button, ModifierKeys modifierKeys, Point relativeCoordinates)
   at Microsoft.VisualStudio.TestTools.UITesting.Mouse.ClickImplementation(UITestControl control, MouseButtons button, ModifierKeys modifierKeys, Point relativeCoordinate)
   at Microsoft.VisualStudio.TestTools.UITesting.Mouse.ClickImplementationWrapper(UITestControl control, MouseButtons button, ModifierKeys modifierKeys, Point relativeCoordinate)
   at Microsoft.VisualStudio.TestTools.UITesting.Mouse.Click(UITestControl control, Point relativeCoordinate)
   at AdresboekTest.UIMap.AddEmpty() in C:\Users\Bas\Desktop\Softwaretesting\Adresboek\AdresboekTest\UIMap.Designer.cs:line 59
   at AdresboekTest.RecordAndReplay.TestName() in C:\Users\Bas\Desktop\Softwaretesting\Adresboek\AdresboekTest\RecordAndReplay.cs:line 57
</StackTrace>
        </ErrorInfo>
      </Output>
      <ResultFiles>
        <ResultFile path="BAS-PC\TestName.png" />
      </ResultFiles>
      <ExtensionResult>Exception has been thrown by the target of an invocation.</ExtensionResult>
    </UnitTestResult>
  </Results>
</TestRun>