<?xml version="1.0" encoding="UTF-8"?>
<TestRun id="ff7f5801-c770-4691-b26c-1d5ff730a708" name="Bas@BAS-PC 2013-06-28 10:22:22" runUser="Bas-PC\Bas" xmlns="http://microsoft.com/schemas/VisualStudio/TeamTest/2010">
  <TestSettings name="Local" id="2aa66af6-b3b9-40d6-82a8-b5cc062499d2">
    <Description>These are default test settings for a local test run.</Description>
    <Deployment runDeploymentRoot="Bas_BAS-PC 2013-06-28 10_22_22">
      <DeploymentItem filename="C:\Users\Bas\Desktop\Softwaretesting\Adresboek\Adresboek\bin\Debug\Adresboek.exe" />
    </Deployment>
    <Execution>
      <TestTypeSpecific>
        <UnitTestRunConfig testTypeId="13cdc9d9-ddb5-4fa4-a97d-d965ccfc6d4b">
          <AssemblyResolution>
            <TestDirectory useLoadContext="true" />
          </AssemblyResolution>
        </UnitTestRunConfig>
        <WebTestRunConfiguration testTypeId="4e7599fa-5ecb-43e9-a887-cd63cf72d207">
          <Browser name="Internet Explorer 7.0">
            <Headers>
              <Header name="User-Agent" value="Mozilla/4.0 (compatible; MSIE 7.0; Windows NT 5.1)" />
              <Header name="Accept" value="*/*" />
              <Header name="Accept-Language" value="{{$IEAcceptLanguage}}" />
              <Header name="Accept-Encoding" value="GZIP" />
            </Headers>
          </Browser>
        </WebTestRunConfiguration>
      </TestTypeSpecific>
      <AgentRule name="LocalMachineDefaultRole">
        <DataCollectors>
          <DataCollector uri="datacollector://microsoft/CodeCoverage/1.0" assemblyQualifiedName="Microsoft.VisualStudio.TestTools.CodeCoverage.CoveragePlugIn, Microsoft.VisualStudio.QualityTools.Plugins.CodeCoverage, Version=10.0.0.0, Culture=neutral, PublicKeyToken=b03f5f7f11d50a3a" friendlyName="Code Coverage">
            <Configuration>
              <CodeCoverage xmlns="">
                <Regular>
                  <CodeCoverageItem binaryFile="C:\Users\Bas\Desktop\Softwaretesting\Adresboek\Adresboek\bin\Debug\Adresboek.exe" pdbFile="C:\Users\Bas\Desktop\Softwaretesting\Adresboek\Adresboek\bin\Debug\Adresboek.instr.pdb" instrumentInPlace="true" />
                </Regular>
              </CodeCoverage>
            </Configuration>
          </DataCollector>
        </DataCollectors>
      </AgentRule>
    </Execution>
  </TestSettings>
  <Times creation="2013-06-28T10:22:22.0621474+02:00" queuing="2013-06-28T10:22:22.8831944+02:00" start="2013-06-28T10:22:23.0542041+02:00" finish="2013-06-28T10:23:47.5850390+02:00" />
  <ResultSummary outcome="Failed">
    <Counters total="7" executed="7" passed="4" error="0" failed="3" timeout="0" aborted="0" inconclusive="0" passedButRunAborted="0" notRunnable="0" notExecuted="0" disconnected="0" warning="0" completed="0" inProgress="0" pending="0" />
    <ResultFiles>
      <ResultFile path="BAS-PC\data.coverage" />
    </ResultFiles>
  </ResultSummary>
  <TestDefinitions>
    <UnitTest name="TestSwitchingViews" storage="c:\users\bas\desktop\softwaretesting\adresboek\adresboektest\bin\debug\adresboektest.dll" id="b0e3743f-f45f-f807-d44f-c69c7a0f26fc">
      <Execution id="60d24fca-86cc-4ea5-8142-4f3b6d2f4181" />
      <TestMethod codeBase="C:/Users/Bas/Desktop/Softwaretesting/Adresboek/AdresboekTest/bin/Debug/AdresboekTest.DLL" adapterTypeName="Microsoft.VisualStudio.TestTools.TestTypes.Unit.UnitTestAdapter, Microsoft.VisualStudio.QualityTools.Tips.UnitTest.Adapter, Version=10.0.0.0, Culture=neutral, PublicKeyToken=b03f5f7f11d50a3a" className="AdresboekTest.RecordAndReplay, AdresboekTest, Version=1.0.0.0, Culture=neutral, PublicKeyToken=null" name="TestSwitchingViews" />
      <Extension>Microsoft.VisualStudio.TestTools.UITesting.CodedUITestAttribute, Microsoft.VisualStudio.QualityTools.CodedUITestFramework, Version=10.0.0.0, Culture=neutral, PublicKeyToken=b03f5f7f11d50a3a</Extension>
    </UnitTest>
    <UnitTest name="TestAddAdressbook" storage="c:\users\bas\desktop\softwaretesting\adresboek\adresboektest\bin\debug\adresboektest.dll" id="04cdc5c6-7caa-c214-3fde-ec3b17b314d1">
      <Execution id="84a4d32c-c4cf-455e-882a-f3c35e38f1ad" />
      <TestMethod codeBase="C:/Users/Bas/Desktop/Softwaretesting/Adresboek/AdresboekTest/bin/Debug/AdresboekTest.DLL" adapterTypeName="Microsoft.VisualStudio.TestTools.TestTypes.Unit.UnitTestAdapter, Microsoft.VisualStudio.QualityTools.Tips.UnitTest.Adapter, Version=10.0.0.0, Culture=neutral, PublicKeyToken=b03f5f7f11d50a3a" className="AdresboekTest.RecordAndReplay, AdresboekTest, Version=1.0.0.0, Culture=neutral, PublicKeyToken=null" name="TestAddAdressbook" />
      <Extension>Microsoft.VisualStudio.TestTools.UITesting.CodedUITestAttribute, Microsoft.VisualStudio.QualityTools.CodedUITestFramework, Version=10.0.0.0, Culture=neutral, PublicKeyToken=b03f5f7f11d50a3a</Extension>
    </UnitTest>
    <UnitTest name="TestRemovingContactFromMultipleAddressbooks" storage="c:\users\bas\desktop\softwaretesting\adresboek\adresboektest\bin\debug\adresboektest.dll" id="d0f51090-57a5-cd0b-7a9e-5ea7b4b73661">
      <Execution id="bf537925-6f84-4174-9ce5-8ec5b66b297a" />
      <TestMethod codeBase="C:/Users/Bas/Desktop/Softwaretesting/Adresboek/AdresboekTest/bin/Debug/AdresboekTest.DLL" adapterTypeName="Microsoft.VisualStudio.TestTools.TestTypes.Unit.UnitTestAdapter, Microsoft.VisualStudio.QualityTools.Tips.UnitTest.Adapter, Version=10.0.0.0, Culture=neutral, PublicKeyToken=b03f5f7f11d50a3a" className="AdresboekTest.RecordAndReplay, AdresboekTest, Version=1.0.0.0, Culture=neutral, PublicKeyToken=null" name="TestRemovingContactFromMultipleAddressbooks" />
      <Extension>Microsoft.VisualStudio.TestTools.UITesting.CodedUITestAttribute, Microsoft.VisualStudio.QualityTools.CodedUITestFramework, Version=10.0.0.0, Culture=neutral, PublicKeyToken=b03f5f7f11d50a3a</Extension>
    </UnitTest>
    <UnitTest name="TestAdressbook" storage="c:\users\bas\desktop\softwaretesting\adresboek\adresboektest\bin\debug\adresboektest.dll" id="01e9d56f-ff67-457b-95c6-4b556a70f386">
      <Execution id="1ee89d7c-2562-4169-a3cd-1eb2fcc0e76e" />
      <TestMethod codeBase="C:/Users/Bas/Desktop/Softwaretesting/Adresboek/AdresboekTest/bin/Debug/AdresboekTest.DLL" adapterTypeName="Microsoft.VisualStudio.TestTools.TestTypes.Unit.UnitTestAdapter, Microsoft.VisualStudio.QualityTools.Tips.UnitTest.Adapter, Version=10.0.0.0, Culture=neutral, PublicKeyToken=b03f5f7f11d50a3a" className="AdresboekTest.RecordAndReplay, AdresboekTest, Version=1.0.0.0, Culture=neutral, PublicKeyToken=null" name="TestAdressbook" />
      <Extension>Microsoft.VisualStudio.TestTools.UITesting.CodedUITestAttribute, Microsoft.VisualStudio.QualityTools.CodedUITestFramework, Version=10.0.0.0, Culture=neutral, PublicKeyToken=b03f5f7f11d50a3a</Extension>
    </UnitTest>
    <UnitTest name="TestEmail" storage="c:\users\bas\desktop\softwaretesting\adresboek\adresboektest\bin\debug\adresboektest.dll" id="ecf14cdf-a816-c9c9-b486-338ae3a984be">
      <Execution id="900d4dc7-628c-44a6-8856-205a89db1fda" />
      <TestMethod codeBase="C:/Users/Bas/Desktop/Softwaretesting/Adresboek/AdresboekTest/bin/Debug/AdresboekTest.DLL" adapterTypeName="Microsoft.VisualStudio.TestTools.TestTypes.Unit.UnitTestAdapter, Microsoft.VisualStudio.QualityTools.Tips.UnitTest.Adapter, Version=10.0.0.0, Culture=neutral, PublicKeyToken=b03f5f7f11d50a3a" className="AdresboekTest.RecordAndReplay, AdresboekTest, Version=1.0.0.0, Culture=neutral, PublicKeyToken=null" name="TestEmail" />
      <Extension>Microsoft.VisualStudio.TestTools.UITesting.CodedUITestAttribute, Microsoft.VisualStudio.QualityTools.CodedUITestFramework, Version=10.0.0.0, Culture=neutral, PublicKeyToken=b03f5f7f11d50a3a</Extension>
    </UnitTest>
    <UnitTest name="TestRemove" storage="c:\users\bas\desktop\softwaretesting\adresboek\adresboektest\bin\debug\adresboektest.dll" id="19945944-a8d7-5865-9d24-bb159a9f92f7">
      <Execution id="594c100a-cbbe-42f5-85cc-783dfad876df" />
      <TestMethod codeBase="C:/Users/Bas/Desktop/Softwaretesting/Adresboek/AdresboekTest/bin/Debug/AdresboekTest.DLL" adapterTypeName="Microsoft.VisualStudio.TestTools.TestTypes.Unit.UnitTestAdapter, Microsoft.VisualStudio.QualityTools.Tips.UnitTest.Adapter, Version=10.0.0.0, Culture=neutral, PublicKeyToken=b03f5f7f11d50a3a" className="AdresboekTest.RecordAndReplay, AdresboekTest, Version=1.0.0.0, Culture=neutral, PublicKeyToken=null" name="TestRemove" />
      <Extension>Microsoft.VisualStudio.TestTools.UITesting.CodedUITestAttribute, Microsoft.VisualStudio.QualityTools.CodedUITestFramework, Version=10.0.0.0, Culture=neutral, PublicKeyToken=b03f5f7f11d50a3a</Extension>
    </UnitTest>
    <UnitTest name="TestName" storage="c:\users\bas\desktop\softwaretesting\adresboek\adresboektest\bin\debug\adresboektest.dll" id="ff1d36de-df47-0a9f-9f67-ff714225cbd5">
      <Execution id="33bdc907-2c83-47d4-9d72-833ca21d5383" />
      <TestMethod codeBase="C:/Users/Bas/Desktop/Softwaretesting/Adresboek/AdresboekTest/bin/Debug/AdresboekTest.DLL" adapterTypeName="Microsoft.VisualStudio.TestTools.TestTypes.Unit.UnitTestAdapter, Microsoft.VisualStudio.QualityTools.Tips.UnitTest.Adapter, Version=10.0.0.0, Culture=neutral, PublicKeyToken=b03f5f7f11d50a3a" className="AdresboekTest.RecordAndReplay, AdresboekTest, Version=1.0.0.0, Culture=neutral, PublicKeyToken=null" name="TestName" />
      <Extension>Microsoft.VisualStudio.TestTools.UITesting.CodedUITestAttribute, Microsoft.VisualStudio.QualityTools.CodedUITestFramework, Version=10.0.0.0, Culture=neutral, PublicKeyToken=b03f5f7f11d50a3a</Extension>
    </UnitTest>
  </TestDefinitions>
  <TestLists>
    <TestList name="Results Not in a List" id="8c84fa94-04c1-424b-9868-57a2d4851a1d" />
    <TestList name="All Loaded Results" id="19431567-8539-422a-85d7-44ee4e166bda" />
  </TestLists>
  <TestEntries>
    <TestEntry testId="01e9d56f-ff67-457b-95c6-4b556a70f386" executionId="1ee89d7c-2562-4169-a3cd-1eb2fcc0e76e" testListId="8c84fa94-04c1-424b-9868-57a2d4851a1d" />
    <TestEntry testId="04cdc5c6-7caa-c214-3fde-ec3b17b314d1" executionId="84a4d32c-c4cf-455e-882a-f3c35e38f1ad" testListId="8c84fa94-04c1-424b-9868-57a2d4851a1d" />
    <TestEntry testId="19945944-a8d7-5865-9d24-bb159a9f92f7" executionId="594c100a-cbbe-42f5-85cc-783dfad876df" testListId="8c84fa94-04c1-424b-9868-57a2d4851a1d" />
    <TestEntry testId="b0e3743f-f45f-f807-d44f-c69c7a0f26fc" executionId="60d24fca-86cc-4ea5-8142-4f3b6d2f4181" testListId="8c84fa94-04c1-424b-9868-57a2d4851a1d" />
    <TestEntry testId="d0f51090-57a5-cd0b-7a9e-5ea7b4b73661" executionId="bf537925-6f84-4174-9ce5-8ec5b66b297a" testListId="8c84fa94-04c1-424b-9868-57a2d4851a1d" />
    <TestEntry testId="ecf14cdf-a816-c9c9-b486-338ae3a984be" executionId="900d4dc7-628c-44a6-8856-205a89db1fda" testListId="8c84fa94-04c1-424b-9868-57a2d4851a1d" />
    <TestEntry testId="ff1d36de-df47-0a9f-9f67-ff714225cbd5" executionId="33bdc907-2c83-47d4-9d72-833ca21d5383" testListId="8c84fa94-04c1-424b-9868-57a2d4851a1d" />
  </TestEntries>
  <Results>
    <UnitTestResult executionId="1ee89d7c-2562-4169-a3cd-1eb2fcc0e76e" testId="01e9d56f-ff67-457b-95c6-4b556a70f386" testName="TestAdressbook" computerName="BAS-PC" duration="00:00:18.4980787" startTime="2013-06-28T10:22:24.5942922+02:00" endTime="2013-06-28T10:22:43.6953847+02:00" testType="13cdc9d9-ddb5-4fa4-a97d-d965ccfc6d4b" outcome="Passed" testListId="8c84fa94-04c1-424b-9868-57a2d4851a1d" relativeResultsDirectory="1ee89d7c-2562-4169-a3cd-1eb2fcc0e76e">
      <Output>
        <DebugTrace>W, 2768, 15, 2013/06/28, 10:22:27.188, 1495145023, QTAgent32.exe, &lt;a class=success&gt;Playback - {1} [SUCCESS] MouseButtonClick - "[MSAA, VisibleOnly]ControlType='Button' &amp;&amp; Name='View'"
\0&lt;/a&gt;
W, 2768, 15, 2013/06/28, 10:22:27.423, 1495442672, QTAgent32.exe, Value in en-US resource 'Maximaliseren' does not match the defaultvalue 'Maximize'
W, 2768, 15, 2013/06/28, 10:22:27.424, 1495443386, QTAgent32.exe, Value in en-US resource 'Vorig formaat' does not match the defaultvalue 'Restore'
E, 2768, 15, 2013/06/28, 10:22:27.452, 1495478985, QTAgent32.exe, LoadIEStrings() - Could not find ie resource assembly in nl-NL or nl-NL
E, 2768, 15, 2013/06/28, 10:22:27.455, 1495483047, QTAgent32.exe, LoadLibrary() : Unable to find the resource 803 from assembly C:\Windows\system32\nl-NL\user32.dll.mui: Error1814
W, 2768, 15, 2013/06/28, 10:22:27.462, 1495491025, QTAgent32.exe, Value in en-US resource 'Windows-beveiliging' does not match the defaultvalue 'Windows Security'
W, 2768, 15, 2013/06/28, 10:22:28.208, 1496435844, QTAgent32.exe, &lt;a class=success&gt;Playback - {2} [SUCCESS] SetValueAsEditBox "Bas" - "[MSAA, VisibleOnly]ControlType='Edit'"  &lt; Set via SendKeys &gt;
\0&lt;/a&gt;
W, 2768, 15, 2013/06/28, 10:22:28.693, 1497050643, QTAgent32.exe, &lt;a class=success&gt;Playback - {3} [SUCCESS] SendKeys "{Tab}" - "[MSAA, VisibleOnly]ControlType='Edit'"
\0&lt;/a&gt;
W, 2768, 15, 2013/06/28, 10:22:29.803, 1498456299, QTAgent32.exe, &lt;a class=success&gt;Playback - {4} [SUCCESS] SetValueAsEditBox "bas@bas.nl" - "[MSAA, VisibleOnly]ControlType='Edit'"  &lt; Set via SendKeys &gt;
\0&lt;/a&gt;
W, 2768, 15, 2013/06/28, 10:22:30.478, 1499311441, QTAgent32.exe, &lt;a class=success&gt;Playback - {5} [SUCCESS] MouseButtonClick - "[MSAA, VisibleOnly]ControlType='Button' &amp;&amp; Name='Add Contact'"
\0&lt;/a&gt;
W, 2768, 15, 2013/06/28, 10:22:31.300, 1500352615, QTAgent32.exe, PERF WARNING: FindAllDescendents: took 615 ms. Expected it to take maximum 500 ms.
W, 2768, 15, 2013/06/28, 10:22:31.510, 1500618511, QTAgent32.exe, &lt;a class=success&gt;Playback - {6} [SUCCESS] MouseButtonClick - "[MSAA, VisibleOnly]ControlType='Button' &amp;&amp; Name='Delete Contact'"
\0&lt;/a&gt;
W, 2768, 15, 2013/06/28, 10:22:32.933, 1502420697, QTAgent32.exe, &lt;a class=success&gt;Playback - {7} [SUCCESS] SetValueAsEditBox "bas" - "[MSAA, VisibleOnly]ControlType='Edit' &amp;&amp; Name='Adressbook Name: sample'"  &lt; Set via SendKeys &gt;
\0&lt;/a&gt;
W, 2768, 15, 2013/06/28, 10:22:33.796, 1503513845, QTAgent32.exe, &lt;a class=success&gt;Playback - {8} [SUCCESS] MouseButtonClick - "[MSAA, VisibleOnly]ControlType='Button' &amp;&amp; Name='Search'"
\0&lt;/a&gt;
W, 2768, 15, 2013/06/28, 10:22:34.610, 1504544436, QTAgent32.exe, &lt;a class=success&gt;Playback - {9} [SUCCESS] MouseButtonClick - "[MSAA, VisibleOnly]ControlType='Button' &amp;&amp; Name='clear'"
\0&lt;/a&gt;
W, 2768, 15, 2013/06/28, 10:22:36.023, 1506334135, QTAgent32.exe, &lt;a class=success&gt;Playback - {10} [SUCCESS] SetValueAsEditBox "bas" - "[MSAA, VisibleOnly]ControlType='Edit' &amp;&amp; Name='Adressbook Name: searchbook'"  &lt; Set via SendKeys &gt;
\0&lt;/a&gt;
W, 2768, 15, 2013/06/28, 10:22:36.385, 1506791666, QTAgent32.exe, &lt;a class=success&gt;Playback - {11} [SUCCESS] MouseButtonClick - "[MSAA, VisibleOnly]ControlType='Button' &amp;&amp; Name='Search'"
\0&lt;/a&gt;
W, 2768, 15, 2013/06/28, 10:22:37.215, 1507842132, QTAgent32.exe, PERF WARNING: FindAllDescendents: took 697 ms. Expected it to take maximum 500 ms.
E, 2768, 15, 2013/06/28, 10:22:37.247, 1507882341, QTAgent32.exe, Exception: System.ArgumentException
	Message: Value does not fall within the expected range.
	Stack Trace:    at Accessibility.IAccessible.get_accRole(Object varChild)
   at Microsoft.VisualStudio.TestTools.UITest.Extension.Msaa.AccWrapper.get_RoleInt()
	BaseExceptionMessage: Value does not fall within the expected range.

W, 2768, 15, 2013/06/28, 10:22:38.313, 1509232262, QTAgent32.exe, Playback - [WARNING] Internal warning: Incorrect flag set for InvokeProgrammaticAction\0
W, 2768, 15, 2013/06/28, 10:22:38.466, 1509426010, QTAgent32.exe, &lt;a class=success&gt;Playback - {12} [SUCCESS] SetValueAsComboBox "sample2" - "[MSAA, VisibleOnly]ControlType='ComboBox' &amp;&amp; Name='Contacts:'"  &lt; SetValueAsComboBox, set by clicking on the item in the list box &gt;
\0&lt;/a&gt;
W, 2768, 15, 2013/06/28, 10:22:39.454, 1510677133, QTAgent32.exe, PERF WARNING: FindAllDescendents: took 854 ms. Expected it to take maximum 500 ms.
W, 2768, 15, 2013/06/28, 10:22:39.674, 1510956123, QTAgent32.exe, &lt;a class=success&gt;Playback - {13} [SUCCESS] MouseButtonClick - "[MSAA, VisibleOnly]ControlType='Button' &amp;&amp; Name='Copy all to:'"
\0&lt;/a&gt;
W, 2768, 15, 2013/06/28, 10:22:39.960, 1511318971, QTAgent32.exe, &lt;a class=success&gt;Playback - {14} [SUCCESS] MouseButtonClick - "[MSAA, VisibleOnly]ControlType='Button' &amp;&amp; Name='clear'"
\0&lt;/a&gt;
W, 2768, 15, 2013/06/28, 10:22:40.808, 1512392893, QTAgent32.exe, &lt;a class=success&gt;Playback - {15} [SUCCESS] SetValueAsEditBox "bas" - "[MSAA, VisibleOnly]ControlType='Edit' &amp;&amp; Name='Adressbook Name: sample'"  &lt; Set via SendKeys &gt;
\0&lt;/a&gt;
W, 2768, 15, 2013/06/28, 10:22:41.095, 1512755503, QTAgent32.exe, &lt;a class=success&gt;Playback - {16} [SUCCESS] MouseButtonClick - "[MSAA, VisibleOnly]ControlType='Button' &amp;&amp; Name='Search'"
\0&lt;/a&gt;
W, 2768, 15, 2013/06/28, 10:22:42.161, 1514106235, QTAgent32.exe, PERF WARNING: FindAllDescendents: took 936 ms. Expected it to take maximum 500 ms.
W, 2768, 15, 2013/06/28, 10:22:42.489, 1514521415, QTAgent32.exe, &lt;a class=success&gt;Playback - {17} [SUCCESS] MouseButtonClick - "[MSAA, VisibleOnly]ControlType='Button' &amp;&amp; Name='Remove all'"
\0&lt;/a&gt;
W, 2768, 15, 2013/06/28, 10:22:42.846, 1514973164, QTAgent32.exe, &lt;a class=success&gt;Playback - {18} [SUCCESS] MouseButtonClick - "[MSAA, VisibleOnly]ControlType='Button' &amp;&amp; Name='clear'"
\0&lt;/a&gt;
W, 2768, 15, 2013/06/28, 10:22:43.236, 1515467152, QTAgent32.exe, &lt;a class=success&gt;Playback - {19} [SUCCESS] MouseButtonClick - "[MSAA, VisibleOnly]ControlType='Button' &amp;&amp; Name='Search'"
\0&lt;/a&gt;
W, 2768, 15, 2013/06/28, 10:22:43.660, 1516004072, QTAgent32.exe, IEDOM : StopSession of the plugin called before StartSession
W, 2768, 15, 2013/06/28, 10:22:43.660, 1516004322, QTAgent32.exe, UIA : StopSession of the plugin called before StartSession
</DebugTrace>
      </Output>
    </UnitTestResult>
    <UnitTestResult executionId="84a4d32c-c4cf-455e-882a-f3c35e38f1ad" testId="04cdc5c6-7caa-c214-3fde-ec3b17b314d1" testName="TestAddAdressbook" computerName="BAS-PC" duration="00:00:14.3311304" startTime="2013-06-28T10:22:43.7053853+02:00" endTime="2013-06-28T10:22:58.0572062+02:00" testType="13cdc9d9-ddb5-4fa4-a97d-d965ccfc6d4b" outcome="Failed" testListId="8c84fa94-04c1-424b-9868-57a2d4851a1d" relativeResultsDirectory="84a4d32c-c4cf-455e-882a-f3c35e38f1ad">
      <Output>
        <DebugTrace>W, 2768, 23, 2013/06/28, 10:22:44.324, 1516845760, QTAgent32.exe, FindScreenElementInSinglePass : Attempting to find control in one pass of search. Failures can occur.
W, 2768, 23, 2013/06/28, 10:22:45.405, 1518213878, QTAgent32.exe, Playback - [WARNING] Internal warning:Search failure: [MSAA, VisibleOnly]ControlType='MenuBar' | [MSAA]ControlType='MenuItem' &amp;&amp; Name='Adressbooks' | Performed (2) search retries, UI element not found
\0
E, 2768, 23, 2013/06/28, 10:22:45.405, 1518214393, QTAgent32.exe, &lt;a class=failure&gt;Playback - {1} [FAILED] Function ElementFetcher::FindScreenElement failed to locate UI element (Searching: ;[MSAA, VisibleOnly]ControlType='MenuBar';[MSAA]ControlType='MenuItem' &amp;&amp; Name='Adressbooks';[MSAA]ControlType='MenuItem' &amp;&amp; Name='Add Adressbook') (Het opgegeven object is niet gevonden.)
\0&lt;/a&gt;
E, 2768, 23, 2013/06/28, 10:22:45.546, 1518393021, QTAgent32.exe, Playback - [IMAGE] C:\Users\Bas\AppData\Local\Temp\UITestLogs\LastRun\RPF493F.png
\0
W, 2768, 23, 2013/06/28, 10:22:45.546, 1518393353, QTAgent32.exe, Playback - [WARNING] Internal warning: Couldn't find descendants that match QueryId
\0
W, 2768, 23, 2013/06/28, 10:22:45.547, 1518393844, QTAgent32.exe, PERF WARNING: FindAllDescendents: took 1190 ms. Expected it to take maximum 500 ms.
W, 2768, 23, 2013/06/28, 10:22:45.547, 1518394167, QTAgent32.exe, FindScreenElementInSinglePass : Attempting to find control in one pass of search. Failures can occur.
W, 2768, 23, 2013/06/28, 10:22:45.591, 1518450153, QTAgent32.exe, FindScreenElementInSinglePass : Attempting to find control in one pass of search. Failures can occur.
W, 2768, 23, 2013/06/28, 10:22:46.155, 1519163840, QTAgent32.exe, Playback - [WARNING] Internal warning: Target element "[MSAA]ControlType='MenuItem' &amp;&amp; Name='Adressbooks'" was not found, so all intermediate elements were ignored. An incorrect element that matches target element Id can be found as the result.  Verify that all intermediate elements in QueryId have valid and unique Ids
\0
W, 2768, 23, 2013/06/28, 10:22:47.695, 1521114717, QTAgent32.exe, Playback - [WARNING] Internal warning:Search failure: [MSAA]ControlType='MenuItem' &amp;&amp; Name='Adressbooks' | Performed (2) search retries, UI element not found
\0
E, 2768, 23, 2013/06/28, 10:22:47.695, 1521115130, QTAgent32.exe, &lt;a class=failure&gt;Playback - {2} [FAILED] Function ElementFetcher::FindScreenElement failed to locate UI element (Searching: ;[MSAA]ControlType='MenuItem' &amp;&amp; Name='Adressbooks') (Het opgegeven object is niet gevonden.)
\0&lt;/a&gt;
E, 2768, 23, 2013/06/28, 10:22:47.826, 1521280929, QTAgent32.exe, Playback - [IMAGE] C:\Users\Bas\AppData\Local\Temp\UITestLogs\LastRun\RPF5235.png
\0
W, 2768, 23, 2013/06/28, 10:22:47.827, 1521281249, QTAgent32.exe, Playback - [WARNING] Internal warning: Couldn't find descendants that match QueryId
\0
W, 2768, 23, 2013/06/28, 10:22:47.827, 1521281697, QTAgent32.exe, PERF WARNING: FindAllDescendents: took 2205 ms. Expected it to take maximum 500 ms.
W, 2768, 23, 2013/06/28, 10:22:49.435, 1523318593, QTAgent32.exe, Playback - [WARNING] Internal warning: Target element "[MSAA]ControlType='MenuItem' &amp;&amp; Name='Adressbooks'" was not found, so all intermediate elements were ignored. An incorrect element that matches target element Id can be found as the result.  Verify that all intermediate elements in QueryId have valid and unique Ids
\0
W, 2768, 23, 2013/06/28, 10:22:50.283, 1524391728, QTAgent32.exe, Playback - [WARNING] Internal warning: 2 UI elements have the same ElementIds.  Use "Instance = 'n'" to avoid this warning for: [MSAA, VisibleOnly]ControlType='MenuBar'
\0
W, 2768, 23, 2013/06/28, 10:22:50.650, 1524856518, QTAgent32.exe, PERF WARNING: FindAllDescendents: took 2793 ms. Expected it to take maximum 500 ms.
W, 2768, 23, 2013/06/28, 10:22:50.898, 1525171516, QTAgent32.exe, &lt;a class=success&gt;Playback - {3} [SUCCESS] LeftButtonClick  &lt; Mouse cursor location (429, 170) &gt;
\0&lt;/a&gt;
W, 2768, 23, 2013/06/28, 10:22:51.073, 1525392429, QTAgent32.exe, &lt;a class=success&gt;Playback - {4} [SUCCESS] LeftButtonClick - "[MSAA]ControlType='MenuItem' &amp;&amp; Name='Adressbooks'"  &lt; Mouse cursor location (187, 170) &gt;
\0&lt;/a&gt;
W, 2768, 23, 2013/06/28, 10:22:51.856, 1526384732, QTAgent32.exe, &lt;a class=success&gt;Playback - {5} [SUCCESS] MouseButtonClick - "[MSAA]ControlType='MenuItem' &amp;&amp; Name='Add Adressbook'"
\0&lt;/a&gt;
W, 2768, 23, 2013/06/28, 10:22:53.673, 1528684853, QTAgent32.exe, &lt;a class=success&gt;Playback - {6} [SUCCESS] SetValueAsEditBox "eenveeeltelangeenaaaaaaaaaaaaaaaaam" - "[MSAA, VisibleOnly]ControlType='Edit' &amp;&amp; Name='Adressbook Name:'"  &lt; Set via SendKeys &gt;
\0&lt;/a&gt;
W, 2768, 23, 2013/06/28, 10:22:54.216, 1529372573, QTAgent32.exe, &lt;a class=success&gt;Playback - {7} [SUCCESS] MouseButtonClick - "[MSAA, VisibleOnly]ControlType='Button' &amp;&amp; Name='Create Adressbook'"
\0&lt;/a&gt;
W, 2768, 23, 2013/06/28, 10:22:55.313, 1530761102, QTAgent32.exe, Playback - [WARNING] Internal warning: Can't find anchor child after updating the collection
\0
W, 2768, 23, 2013/06/28, 10:22:55.352, 1530810980, QTAgent32.exe, Playback - [WARNING] Internal warning: Can't find anchor child after updating the collection
\0
W, 2768, 23, 2013/06/28, 10:22:55.374, 1530837863, QTAgent32.exe, Playback - [WARNING] Internal failure: EnsureVisible via Setting Focus, Scrolling failed
\0
W, 2768, 23, 2013/06/28, 10:22:55.405, 1530877853, QTAgent32.exe, Playback - [WARNING] Internal warning: Couldn't get clickable point for ScreenUIElement since it was obscured by another UI element. See comparison tracing below
\0
E, 2768, 23, 2013/06/28, 10:22:55.504, 1531002644, QTAgent32.exe, &lt;a class=failure&gt;Playback - {8} [FAILED] MouseButtonClick - "[MSAA, VisibleOnly]ControlType='Button' &amp;&amp; Name='OK'"\0&lt;/a&gt;
E, 2768, 23, 2013/06/28, 10:22:55.639, 1531174265, QTAgent32.exe, Playback - [IMAGE] C:\Users\Bas\AppData\Local\Temp\UITestLogs\LastRun\RPF70AE.png
\0
E, 2768, 23, 2013/06/28, 10:22:55.889, 1531490169, QTAgent32.exe, AL: Playback Error: Microsoft.VisualStudio.TestTools.UITest.Extension.FailedToPerformActionOnBlockedControlException: Window '' is blocking the control OK. Please move the window '' or make the control OK visible and retry the action. Additional Details: 
TechnologyName:  'MSAA'
Name:  'OK'
ControlType:  'Button'
 ---&gt; System.Runtime.InteropServices.COMException: Exception from HRESULT: 0xF004F003
   at Microsoft.VisualStudio.TestTools.UITest.Playback.Engine.IScreenElement.MouseButtonClick(Int32 x, Int32 y, Int32 nButton, Int32 fEnsureVisible, String bstrKeyModifiers)
   at Microsoft.VisualStudio.TestTools.UITest.Playback.ScreenElement.MouseButtonClick(Int32 x, Int32 y, MouseButtons button, ModifierKeys modifierKeys, Int32 ensureVisible)
   at Microsoft.VisualStudio.TestTools.UITesting.UITestControl.Click(MouseButtons button, ModifierKeys modifierKeys, Point relativeCoordinates)
   --- End of inner exception stack trace ---
   at Microsoft.VisualStudio.TestTools.UITesting.Playback.ThrowIfAnotherWindowIsBlockingControl(COMException ex, IPlaybackContext context)
   at Microsoft.VisualStudio.TestTools.UITesting.Playback.MapAndThrowComException(COMException innerException, IPlaybackContext context)
   at Microsoft.VisualStudio.TestTools.UITesting.Playback.MapAndThrowException(SystemException exception, IPlaybackContext context)
   at Microsoft.VisualStudio.TestTools.UITesting.Playback.MapAndThrowException(SystemException exception, String actionName, UITestControl uiControl, Point point)
   at Microsoft.VisualStudio.TestTools.UITesting.UITestControl.Click(MouseButtons button, ModifierKeys modifierKeys, Point relativeCoordinates)
   at Microsoft.VisualStudio.TestTools.UITesting.Mouse.ClickImplementation(UITestControl control, MouseButtons button, ModifierKeys modifierKeys, Point relativeCoordinate)
   at Microsoft.VisualStudio.TestTools.UITesting.Mouse.ClickImplementationWrapper(UITestControl control, MouseButtons button, ModifierKeys modifierKeys, Point relativeCoordinate)
W, 2768, 23, 2013/06/28, 10:22:58.038, 1534212136, QTAgent32.exe, IEDOM : StopSession of the plugin called before StartSession
W, 2768, 23, 2013/06/28, 10:22:58.038, 1534212891, QTAgent32.exe, UIA : StopSession of the plugin called before StartSession
</DebugTrace>
        <ErrorInfo>
          <Message>Test method AdresboekTest.RecordAndReplay.TestAddAdressbook threw exception: 
Microsoft.VisualStudio.TestTools.UITest.Extension.FailedToPerformActionOnBlockedControlException: Window '' is blocking the control OK. Please move the window '' or make the control OK visible and retry the action. Additional Details: 
TechnologyName:  'MSAA'
Name:  'OK'
ControlType:  'Button'
 ---&gt; System.Runtime.InteropServices.COMException: Exception from HRESULT: 0xF004F003</Message>
          <StackTrace>    at Microsoft.VisualStudio.TestTools.UITest.Playback.Engine.IScreenElement.MouseButtonClick(Int32 x, Int32 y, Int32 nButton, Int32 fEnsureVisible, String bstrKeyModifiers)
   at Microsoft.VisualStudio.TestTools.UITest.Playback.ScreenElement.MouseButtonClick(Int32 x, Int32 y, MouseButtons button, ModifierKeys modifierKeys, Int32 ensureVisible)
   at Microsoft.VisualStudio.TestTools.UITesting.UITestControl.Click(MouseButtons button, ModifierKeys modifierKeys, Point relativeCoordinates)
 --- End of inner exception stack trace ---
    at Microsoft.VisualStudio.TestTools.UITesting.Playback.ThrowIfAnotherWindowIsBlockingControl(COMException ex, IPlaybackContext context)
   at Microsoft.VisualStudio.TestTools.UITesting.Playback.MapAndThrowComException(COMException innerException, IPlaybackContext context)
   at Microsoft.VisualStudio.TestTools.UITesting.Playback.MapAndThrowException(SystemException exception, IPlaybackContext context)
   at Microsoft.VisualStudio.TestTools.UITesting.Playback.MapAndThrowException(SystemException exception, String actionName, UITestControl uiControl, Point point)
   at Microsoft.VisualStudio.TestTools.UITesting.UITestControl.Click(MouseButtons button, ModifierKeys modifierKeys, Point relativeCoordinates)
   at Microsoft.VisualStudio.TestTools.UITesting.Mouse.ClickImplementation(UITestControl control, MouseButtons button, ModifierKeys modifierKeys, Point relativeCoordinate)
   at Microsoft.VisualStudio.TestTools.UITesting.Mouse.ClickImplementationWrapper(UITestControl control, MouseButtons button, ModifierKeys modifierKeys, Point relativeCoordinate)
   at Microsoft.VisualStudio.TestTools.UITesting.Mouse.Click(UITestControl control, Point relativeCoordinate)
   at AdresboekTest.UIMap.CreateNonValidAdressbook() in C:\Users\Bas\Desktop\Softwaretesting\Adresboek\AdresboekTest\UIMap.Designer.cs:line 419
   at AdresboekTest.RecordAndReplay.TestAddAdressbook() in C:\Users\Bas\Desktop\Softwaretesting\Adresboek\AdresboekTest\RecordAndReplay.cs:line 121
</StackTrace>
        </ErrorInfo>
      </Output>
      <ResultFiles>
        <ResultFile path="BAS-PC\TestAddAdressbook.png" />
      </ResultFiles>
      <ExtensionResult>Exception has been thrown by the target of an invocation.</ExtensionResult>
    </UnitTestResult>
    <UnitTestResult executionId="594c100a-cbbe-42f5-85cc-783dfad876df" testId="19945944-a8d7-5865-9d24-bb159a9f92f7" testName="TestRemove" computerName="BAS-PC" duration="00:00:02.4451044" startTime="2013-06-28T10:22:58.0592063+02:00" endTime="2013-06-28T10:23:00.5353479+02:00" testType="13cdc9d9-ddb5-4fa4-a97d-d965ccfc6d4b" outcome="Passed" testListId="8c84fa94-04c1-424b-9868-57a2d4851a1d" relativeResultsDirectory="594c100a-cbbe-42f5-85cc-783dfad876df">
      <Output>
        <DebugTrace>W, 2768, 19, 2013/06/28, 10:22:58.997, 1535427150, QTAgent32.exe, &lt;a class=success&gt;Playback - {1} [SUCCESS] MouseButtonClick - "[MSAA, VisibleOnly]ControlType='Button' &amp;&amp; Name='View'"
\0&lt;/a&gt;
W, 2768, 19, 2013/06/28, 10:22:59.967, 1536655208, QTAgent32.exe, PERF WARNING: FindAllDescendents: took 824 ms. Expected it to take maximum 500 ms.
W, 2768, 19, 2013/06/28, 10:23:00.174, 1536918005, QTAgent32.exe, &lt;a class=success&gt;Playback - {2} [SUCCESS] MouseButtonClick - "[MSAA, VisibleOnly]ControlType='Button' &amp;&amp; Name='Remove all'"
\0&lt;/a&gt;
W, 2768, 19, 2013/06/28, 10:23:00.528, 1537365727, QTAgent32.exe, IEDOM : StopSession of the plugin called before StartSession
W, 2768, 19, 2013/06/28, 10:23:00.528, 1537365994, QTAgent32.exe, UIA : StopSession of the plugin called before StartSession
</DebugTrace>
      </Output>
    </UnitTestResult>
    <UnitTestResult executionId="60d24fca-86cc-4ea5-8142-4f3b6d2f4181" testId="b0e3743f-f45f-f807-d44f-c69c7a0f26fc" testName="TestSwitchingViews" computerName="BAS-PC" duration="00:00:18.9329983" startTime="2013-06-28T10:23:00.5423483+02:00" endTime="2013-06-28T10:23:19.4874319+02:00" testType="13cdc9d9-ddb5-4fa4-a97d-d965ccfc6d4b" outcome="Passed" testListId="8c84fa94-04c1-424b-9868-57a2d4851a1d" relativeResultsDirectory="60d24fca-86cc-4ea5-8142-4f3b6d2f4181">
      <Output>
        <DebugTrace>W, 2768, 30, 2013/06/28, 10:23:01.570, 1538685952, QTAgent32.exe, &lt;a class=success&gt;Playback - {1} [SUCCESS] MouseButtonClick - "[MSAA, VisibleOnly]ControlType='Button' &amp;&amp; Name='View'"
\0&lt;/a&gt;
W, 2768, 30, 2013/06/28, 10:23:01.671, 1538813776, QTAgent32.exe, FindScreenElementInSinglePass : Attempting to find control in one pass of search. Failures can occur.
W, 2768, 30, 2013/06/28, 10:23:02.761, 1540193314, QTAgent32.exe, Playback - [WARNING] Internal warning:Search failure: [MSAA, VisibleOnly]ControlType='MenuBar' | [MSAA]ControlType='MenuItem' &amp;&amp; Name='Adressbooks' | Performed (2) search retries, UI element not found
\0
E, 2768, 30, 2013/06/28, 10:23:02.761, 1540193778, QTAgent32.exe, &lt;a class=failure&gt;Playback - {2} [FAILED] Function ElementFetcher::FindScreenElement failed to locate UI element (Searching: ;[MSAA, VisibleOnly]ControlType='MenuBar';[MSAA]ControlType='MenuItem' &amp;&amp; Name='Adressbooks';[MSAA]ControlType='MenuItem' &amp;&amp; Name='Add Adressbook') (Het opgegeven object is niet gevonden.)
\0&lt;/a&gt;
E, 2768, 30, 2013/06/28, 10:23:02.890, 1540357008, QTAgent32.exe, Playback - [IMAGE] C:\Users\Bas\AppData\Local\Temp\UITestLogs\LastRun\RPF8D05.png
\0
W, 2768, 30, 2013/06/28, 10:23:02.890, 1540357320, QTAgent32.exe, Playback - [WARNING] Internal warning: Couldn't find descendants that match QueryId
\0
W, 2768, 30, 2013/06/28, 10:23:02.890, 1540357778, QTAgent32.exe, PERF WARNING: FindAllDescendents: took 1187 ms. Expected it to take maximum 500 ms.
W, 2768, 30, 2013/06/28, 10:23:02.891, 1540358104, QTAgent32.exe, FindScreenElementInSinglePass : Attempting to find control in one pass of search. Failures can occur.
W, 2768, 30, 2013/06/28, 10:23:02.936, 1540415297, QTAgent32.exe, FindScreenElementInSinglePass : Attempting to find control in one pass of search. Failures can occur.
W, 2768, 30, 2013/06/28, 10:23:03.500, 1541129184, QTAgent32.exe, Playback - [WARNING] Internal warning: Target element "[MSAA]ControlType='MenuItem' &amp;&amp; Name='Adressbooks'" was not found, so all intermediate elements were ignored. An incorrect element that matches target element Id can be found as the result.  Verify that all intermediate elements in QueryId have valid and unique Ids
\0
W, 2768, 30, 2013/06/28, 10:23:05.042, 1543082431, QTAgent32.exe, Playback - [WARNING] Internal warning:Search failure: [MSAA]ControlType='MenuItem' &amp;&amp; Name='Adressbooks' | Performed (2) search retries, UI element not found
\0
E, 2768, 30, 2013/06/28, 10:23:05.042, 1543082846, QTAgent32.exe, &lt;a class=failure&gt;Playback - {3} [FAILED] Function ElementFetcher::FindScreenElement failed to locate UI element (Searching: ;[MSAA]ControlType='MenuItem' &amp;&amp; Name='Adressbooks') (Het opgegeven object is niet gevonden.)
\0&lt;/a&gt;
E, 2768, 30, 2013/06/28, 10:23:05.174, 1543250018, QTAgent32.exe, Playback - [IMAGE] C:\Users\Bas\AppData\Local\Temp\UITestLogs\LastRun\RPF95FC.png
\0
W, 2768, 30, 2013/06/28, 10:23:05.174, 1543250347, QTAgent32.exe, Playback - [WARNING] Internal warning: Couldn't find descendants that match QueryId
\0
W, 2768, 30, 2013/06/28, 10:23:05.175, 1543250812, QTAgent32.exe, PERF WARNING: FindAllDescendents: took 2209 ms. Expected it to take maximum 500 ms.
W, 2768, 30, 2013/06/28, 10:23:06.788, 1545293694, QTAgent32.exe, Playback - [WARNING] Internal warning: Target element "[MSAA]ControlType='MenuItem' &amp;&amp; Name='Adressbooks'" was not found, so all intermediate elements were ignored. An incorrect element that matches target element Id can be found as the result.  Verify that all intermediate elements in QueryId have valid and unique Ids
\0
W, 2768, 30, 2013/06/28, 10:23:08.120, 1546980968, QTAgent32.exe, Playback - [WARNING] Internal warning: 2 UI elements have the same ElementIds.  Use "Instance = 'n'" to avoid this warning for: [MSAA, VisibleOnly]ControlType='MenuBar'
\0
W, 2768, 30, 2013/06/28, 10:23:08.936, 1548013905, QTAgent32.exe, PERF WARNING: FindAllDescendents: took 3732 ms. Expected it to take maximum 500 ms.
W, 2768, 30, 2013/06/28, 10:23:09.155, 1548291793, QTAgent32.exe, &lt;a class=success&gt;Playback - {4} [SUCCESS] LeftButtonClick  &lt; Mouse cursor location (369, 110) &gt;
\0&lt;/a&gt;
W, 2768, 30, 2013/06/28, 10:23:09.328, 1548510476, QTAgent32.exe, &lt;a class=success&gt;Playback - {5} [SUCCESS] LeftButtonClick - "[MSAA]ControlType='MenuItem' &amp;&amp; Name='Adressbooks'"  &lt; Mouse cursor location (127, 110) &gt;
\0&lt;/a&gt;
W, 2768, 30, 2013/06/28, 10:23:10.201, 1549615727, QTAgent32.exe, PERF WARNING: FindAllDescendents: took 840 ms. Expected it to take maximum 500 ms.
W, 2768, 30, 2013/06/28, 10:23:10.522, 1550023383, QTAgent32.exe, &lt;a class=success&gt;Playback - {6} [SUCCESS] MouseButtonClick - "[MSAA]ControlType='MenuItem' &amp;&amp; Name='Add Adressbook'"
\0&lt;/a&gt;
W, 2768, 30, 2013/06/28, 10:23:10.624, 1550152143, QTAgent32.exe, FindScreenElementInSinglePass : Attempting to find control in one pass of search. Failures can occur.
W, 2768, 30, 2013/06/28, 10:23:11.721, 1551540792, QTAgent32.exe, Playback - [WARNING] Internal warning:Search failure: [MSAA, VisibleOnly]ControlType='MenuBar' | [MSAA]ControlType='MenuItem' &amp;&amp; Name='Adressbooks' | Performed (2) search retries, UI element not found
\0
E, 2768, 30, 2013/06/28, 10:23:11.721, 1551541251, QTAgent32.exe, &lt;a class=failure&gt;Playback - {7} [FAILED] Function ElementFetcher::FindScreenElement failed to locate UI element (Searching: ;[MSAA, VisibleOnly]ControlType='MenuBar';[MSAA]ControlType='MenuItem' &amp;&amp; Name='Adressbooks';[MSAA]ControlType='MenuItem' &amp;&amp; Name='View Adressbooks') (Het opgegeven object is niet gevonden.)
\0&lt;/a&gt;
E, 2768, 30, 2013/06/28, 10:23:11.851, 1551705651, QTAgent32.exe, Playback - [IMAGE] C:\Users\Bas\AppData\Local\Temp\UITestLogs\LastRun\RPFB012.png
\0
W, 2768, 30, 2013/06/28, 10:23:11.851, 1551706008, QTAgent32.exe, Playback - [WARNING] Internal warning: Couldn't find descendants that match QueryId
\0
W, 2768, 30, 2013/06/28, 10:23:11.851, 1551706480, QTAgent32.exe, PERF WARNING: FindAllDescendents: took 1197 ms. Expected it to take maximum 500 ms.
W, 2768, 30, 2013/06/28, 10:23:11.852, 1551706810, QTAgent32.exe, FindScreenElementInSinglePass : Attempting to find control in one pass of search. Failures can occur.
W, 2768, 30, 2013/06/28, 10:23:11.900, 1551767647, QTAgent32.exe, FindScreenElementInSinglePass : Attempting to find control in one pass of search. Failures can occur.
W, 2768, 30, 2013/06/28, 10:23:12.467, 1552484972, QTAgent32.exe, Playback - [WARNING] Internal warning: Target element "[MSAA]ControlType='MenuItem' &amp;&amp; Name='Adressbooks'" was not found, so all intermediate elements were ignored. An incorrect element that matches target element Id can be found as the result.  Verify that all intermediate elements in QueryId have valid and unique Ids
\0
W, 2768, 30, 2013/06/28, 10:23:14.007, 1554435696, QTAgent32.exe, Playback - [WARNING] Internal warning:Search failure: [MSAA]ControlType='MenuItem' &amp;&amp; Name='Adressbooks' | Performed (2) search retries, UI element not found
\0
E, 2768, 30, 2013/06/28, 10:23:14.008, 1554436137, QTAgent32.exe, &lt;a class=failure&gt;Playback - {8} [FAILED] Function ElementFetcher::FindScreenElement failed to locate UI element (Searching: ;[MSAA]ControlType='MenuItem' &amp;&amp; Name='Adressbooks') (Het opgegeven object is niet gevonden.)
\0&lt;/a&gt;
E, 2768, 30, 2013/06/28, 10:23:14.137, 1554599905, QTAgent32.exe, Playback - [IMAGE] C:\Users\Bas\AppData\Local\Temp\UITestLogs\LastRun\RPFB8F8.png
\0
W, 2768, 30, 2013/06/28, 10:23:14.137, 1554600239, QTAgent32.exe, Playback - [WARNING] Internal warning: Couldn't find descendants that match QueryId
\0
W, 2768, 30, 2013/06/28, 10:23:14.138, 1554600674, QTAgent32.exe, PERF WARNING: FindAllDescendents: took 2206 ms. Expected it to take maximum 500 ms.
W, 2768, 30, 2013/06/28, 10:23:15.746, 1556637554, QTAgent32.exe, Playback - [WARNING] Internal warning: Target element "[MSAA]ControlType='MenuItem' &amp;&amp; Name='Adressbooks'" was not found, so all intermediate elements were ignored. An incorrect element that matches target element Id can be found as the result.  Verify that all intermediate elements in QueryId have valid and unique Ids
\0
W, 2768, 30, 2013/06/28, 10:23:16.564, 1557672890, QTAgent32.exe, Playback - [WARNING] Internal warning: 2 UI elements have the same ElementIds.  Use "Instance = 'n'" to avoid this warning for: [MSAA, VisibleOnly]ControlType='MenuBar'
\0
W, 2768, 30, 2013/06/28, 10:23:17.474, 1558825428, QTAgent32.exe, PERF WARNING: FindAllDescendents: took 3307 ms. Expected it to take maximum 500 ms.
W, 2768, 30, 2013/06/28, 10:23:17.690, 1559099989, QTAgent32.exe, &lt;a class=success&gt;Playback - {9} [SUCCESS] LeftButtonClick  &lt; Mouse cursor location (369, 110) &gt;
\0&lt;/a&gt;
W, 2768, 30, 2013/06/28, 10:23:17.863, 1559318546, QTAgent32.exe, &lt;a class=success&gt;Playback - {10} [SUCCESS] LeftButtonClick - "[MSAA]ControlType='MenuItem' &amp;&amp; Name='Adressbooks'"  &lt; Mouse cursor location (127, 110) &gt;
\0&lt;/a&gt;
W, 2768, 30, 2013/06/28, 10:23:18.828, 1560541246, QTAgent32.exe, PERF WARNING: FindAllDescendents: took 932 ms. Expected it to take maximum 500 ms.
W, 2768, 30, 2013/06/28, 10:23:19.155, 1560955282, QTAgent32.exe, &lt;a class=success&gt;Playback - {11} [SUCCESS] MouseButtonClick - "[MSAA]ControlType='MenuItem' &amp;&amp; Name='View Adressbooks'"
\0&lt;/a&gt;
W, 2768, 30, 2013/06/28, 10:23:19.480, 1561366397, QTAgent32.exe, IEDOM : StopSession of the plugin called before StartSession
W, 2768, 30, 2013/06/28, 10:23:19.480, 1561366810, QTAgent32.exe, UIA : StopSession of the plugin called before StartSession
</DebugTrace>
      </Output>
    </UnitTestResult>
    <UnitTestResult executionId="bf537925-6f84-4174-9ce5-8ec5b66b297a" testId="d0f51090-57a5-cd0b-7a9e-5ea7b4b73661" testName="TestRemovingContactFromMultipleAddressbooks" computerName="BAS-PC" duration="00:00:16.2308553" startTime="2013-06-28T10:23:19.5434351+02:00" endTime="2013-06-28T10:23:35.7943646+02:00" testType="13cdc9d9-ddb5-4fa4-a97d-d965ccfc6d4b" outcome="Passed" testListId="8c84fa94-04c1-424b-9868-57a2d4851a1d" relativeResultsDirectory="bf537925-6f84-4174-9ce5-8ec5b66b297a">
      <Output>
        <DebugTrace>W, 2768, 15, 2013/06/28, 10:23:20.440, 1562582704, QTAgent32.exe, &lt;a class=success&gt;Playback - {1} [SUCCESS] MouseButtonClick - "[MSAA, VisibleOnly]ControlType='Button' &amp;&amp; Name='View'"
\0&lt;/a&gt;
W, 2768, 15, 2013/06/28, 10:23:21.466, 1563881985, QTAgent32.exe, &lt;a class=success&gt;Playback - {2} [SUCCESS] SetValueAsEditBox "test" - "[MSAA, VisibleOnly]ControlType='Edit'"  &lt; Set via SendKeys &gt;
\0&lt;/a&gt;
W, 2768, 15, 2013/06/28, 10:23:21.942, 1564484054, QTAgent32.exe, &lt;a class=success&gt;Playback - {3} [SUCCESS] SendKeys "{Tab}" - "[MSAA, VisibleOnly]ControlType='Edit'"
\0&lt;/a&gt;
W, 2768, 15, 2013/06/28, 10:23:23.151, 1566015054, QTAgent32.exe, &lt;a class=success&gt;Playback - {4} [SUCCESS] SetValueAsEditBox "test@gmail.com" - "[MSAA, VisibleOnly]ControlType='Edit'"  &lt; Set via SendKeys &gt;
\0&lt;/a&gt;
W, 2768, 15, 2013/06/28, 10:23:24.002, 1567093299, QTAgent32.exe, &lt;a class=success&gt;Playback - {5} [SUCCESS] MouseButtonClick - "[MSAA, VisibleOnly]ControlType='Button' &amp;&amp; Name='Add Contact'"
\0&lt;/a&gt;
W, 2768, 15, 2013/06/28, 10:23:24.102, 1567220413, QTAgent32.exe, FindScreenElementInSinglePass : Attempting to find control in one pass of search. Failures can occur.
W, 2768, 15, 2013/06/28, 10:23:25.187, 1568593661, QTAgent32.exe, Playback - [WARNING] Internal warning:Search failure: [MSAA, VisibleOnly]ControlType='MenuBar' | [MSAA]ControlType='MenuItem' &amp;&amp; Name='Adressbooks' | Performed (2) search retries, UI element not found
\0
E, 2768, 15, 2013/06/28, 10:23:25.187, 1568594111, QTAgent32.exe, &lt;a class=failure&gt;Playback - {6} [FAILED] Function ElementFetcher::FindScreenElement failed to locate UI element (Searching: ;[MSAA, VisibleOnly]ControlType='MenuBar';[MSAA]ControlType='MenuItem' &amp;&amp; Name='Adressbooks';[MSAA]ControlType='MenuItem' &amp;&amp; Name='View Adressbooks') (Het opgegeven object is niet gevonden.)
\0&lt;/a&gt;
E, 2768, 15, 2013/06/28, 10:23:25.309, 1568748115, QTAgent32.exe, Playback - [IMAGE] C:\Users\Bas\AppData\Local\Temp\UITestLogs\LastRun\RPFE4AA.png
\0
W, 2768, 15, 2013/06/28, 10:23:25.309, 1568748446, QTAgent32.exe, Playback - [WARNING] Internal warning: Couldn't find descendants that match QueryId
\0
W, 2768, 15, 2013/06/28, 10:23:25.309, 1568748905, QTAgent32.exe, PERF WARNING: FindAllDescendents: took 1172 ms. Expected it to take maximum 500 ms.
W, 2768, 15, 2013/06/28, 10:23:25.310, 1568749283, QTAgent32.exe, FindScreenElementInSinglePass : Attempting to find control in one pass of search. Failures can occur.
W, 2768, 15, 2013/06/28, 10:23:25.356, 1568807772, QTAgent32.exe, FindScreenElementInSinglePass : Attempting to find control in one pass of search. Failures can occur.
W, 2768, 15, 2013/06/28, 10:23:25.919, 1569520997, QTAgent32.exe, Playback - [WARNING] Internal warning: Target element "[MSAA]ControlType='MenuItem' &amp;&amp; Name='Adressbooks'" was not found, so all intermediate elements were ignored. An incorrect element that matches target element Id can be found as the result.  Verify that all intermediate elements in QueryId have valid and unique Ids
\0
W, 2768, 15, 2013/06/28, 10:23:27.461, 1571474319, QTAgent32.exe, Playback - [WARNING] Internal warning:Search failure: [MSAA]ControlType='MenuItem' &amp;&amp; Name='Adressbooks' | Performed (2) search retries, UI element not found
\0
E, 2768, 15, 2013/06/28, 10:23:27.462, 1571474735, QTAgent32.exe, &lt;a class=failure&gt;Playback - {7} [FAILED] Function ElementFetcher::FindScreenElement failed to locate UI element (Searching: ;[MSAA]ControlType='MenuItem' &amp;&amp; Name='Adressbooks') (Het opgegeven object is niet gevonden.)
\0&lt;/a&gt;
E, 2768, 15, 2013/06/28, 10:23:27.595, 1571643457, QTAgent32.exe, Playback - [IMAGE] C:\Users\Bas\AppData\Local\Temp\UITestLogs\LastRun\RPFED91.png
\0
W, 2768, 15, 2013/06/28, 10:23:27.595, 1571643796, QTAgent32.exe, Playback - [WARNING] Internal warning: Couldn't find descendants that match QueryId
\0
W, 2768, 15, 2013/06/28, 10:23:27.595, 1571644254, QTAgent32.exe, PERF WARNING: FindAllDescendents: took 2211 ms. Expected it to take maximum 500 ms.
W, 2768, 15, 2013/06/28, 10:23:29.211, 1573690181, QTAgent32.exe, Playback - [WARNING] Internal warning: Target element "[MSAA]ControlType='MenuItem' &amp;&amp; Name='Adressbooks'" was not found, so all intermediate elements were ignored. An incorrect element that matches target element Id can be found as the result.  Verify that all intermediate elements in QueryId have valid and unique Ids
\0
W, 2768, 15, 2013/06/28, 10:23:30.650, 1575511713, QTAgent32.exe, Playback - [WARNING] Internal warning: 2 UI elements have the same ElementIds.  Use "Instance = 'n'" to avoid this warning for: [MSAA, VisibleOnly]ControlType='MenuBar'
\0
W, 2768, 15, 2013/06/28, 10:23:31.939, 1577143391, QTAgent32.exe, PERF WARNING: FindAllDescendents: took 4305 ms. Expected it to take maximum 500 ms.
W, 2768, 15, 2013/06/28, 10:23:32.155, 1577418136, QTAgent32.exe, &lt;a class=success&gt;Playback - {8} [SUCCESS] LeftButtonClick  &lt; Mouse cursor location (399, 140) &gt;
\0&lt;/a&gt;
W, 2768, 15, 2013/06/28, 10:23:32.329, 1577637757, QTAgent32.exe, &lt;a class=success&gt;Playback - {9} [SUCCESS] LeftButtonClick - "[MSAA]ControlType='MenuItem' &amp;&amp; Name='Adressbooks'"  &lt; Mouse cursor location (157, 140) &gt;
\0&lt;/a&gt;
W, 2768, 15, 2013/06/28, 10:23:33.722, 1579402402, QTAgent32.exe, PERF WARNING: FindAllDescendents: took 1358 ms. Expected it to take maximum 500 ms.
W, 2768, 15, 2013/06/28, 10:23:34.068, 1579840729, QTAgent32.exe, &lt;a class=success&gt;Playback - {10} [SUCCESS] MouseButtonClick - "[MSAA]ControlType='MenuItem' &amp;&amp; Name='View Adressbooks'"
\0&lt;/a&gt;
W, 2768, 15, 2013/06/28, 10:23:34.545, 1580444217, QTAgent32.exe, &lt;a class=success&gt;Playback - {11} [SUCCESS] MouseButtonClick - "[MSAA, VisibleOnly]ControlType='Button' &amp;&amp; Name='View'"
\0&lt;/a&gt;
W, 2768, 15, 2013/06/28, 10:23:34.932, 1580935067, QTAgent32.exe, &lt;a class=success&gt;Playback - {12} [SUCCESS] MouseButtonClick - "[MSAA, VisibleOnly]ControlType='Button' &amp;&amp; Name='Add Contact'"
\0&lt;/a&gt;
W, 2768, 15, 2013/06/28, 10:23:35.331, 1581440424, QTAgent32.exe, &lt;a class=success&gt;Playback - {13} [SUCCESS] MouseButtonClick - "[MSAA, VisibleOnly]ControlType='Button' &amp;&amp; Name='Delete Contact'"
\0&lt;/a&gt;
W, 2768, 15, 2013/06/28, 10:23:35.782, 1582011274, QTAgent32.exe, IEDOM : StopSession of the plugin called before StartSession
W, 2768, 15, 2013/06/28, 10:23:35.782, 1582011539, QTAgent32.exe, UIA : StopSession of the plugin called before StartSession
</DebugTrace>
      </Output>
    </UnitTestResult>
    <UnitTestResult executionId="900d4dc7-628c-44a6-8856-205a89db1fda" testId="ecf14cdf-a816-c9c9-b486-338ae3a984be" testName="TestEmail" computerName="BAS-PC" duration="00:00:06.5620987" startTime="2013-06-28T10:23:35.8083654+02:00" endTime="2013-06-28T10:23:42.3937421+02:00" testType="13cdc9d9-ddb5-4fa4-a97d-d965ccfc6d4b" outcome="Failed" testListId="8c84fa94-04c1-424b-9868-57a2d4851a1d" relativeResultsDirectory="900d4dc7-628c-44a6-8856-205a89db1fda">
      <Output>
        <DebugTrace>W, 2768, 31, 2013/06/28, 10:23:36.956, 1583498113, QTAgent32.exe, &lt;a class=success&gt;Playback - {1} [SUCCESS] MouseButtonClick - "[MSAA, VisibleOnly]ControlType='Button' &amp;&amp; Name='View'"
\0&lt;/a&gt;
W, 2768, 31, 2013/06/28, 10:23:37.952, 1584759682, QTAgent32.exe, &lt;a class=success&gt;Playback - {2} [SUCCESS] SetValueAsEditBox "bas" - "[MSAA, VisibleOnly]ControlType='Edit'"  &lt; Set via SendKeys &gt;
\0&lt;/a&gt;
W, 2768, 31, 2013/06/28, 10:23:38.673, 1585672898, QTAgent32.exe, &lt;a class=success&gt;Playback - {3} [SUCCESS] MouseButtonClick - "[MSAA, VisibleOnly]ControlType='Button' &amp;&amp; Name='Add Contact'"
\0&lt;/a&gt;
W, 2768, 31, 2013/06/28, 10:23:39.736, 1587019183, QTAgent32.exe, Playback - [WARNING] Internal warning: Can't find anchor child after updating the collection
\0
W, 2768, 31, 2013/06/28, 10:23:39.773, 1587065727, QTAgent32.exe, Playback - [WARNING] Internal warning: Can't find anchor child after updating the collection
\0
W, 2768, 31, 2013/06/28, 10:23:39.799, 1587097785, QTAgent32.exe, Playback - [WARNING] Internal failure: EnsureVisible via Setting Focus, Scrolling failed
\0
W, 2768, 31, 2013/06/28, 10:23:39.829, 1587136596, QTAgent32.exe, Playback - [WARNING] Internal warning: Couldn't get clickable point for ScreenUIElement since it was obscured by another UI element. See comparison tracing below
\0
E, 2768, 31, 2013/06/28, 10:23:39.930, 1587264388, QTAgent32.exe, &lt;a class=failure&gt;Playback - {4} [FAILED] MouseButtonClick - "[MSAA, VisibleOnly]ControlType='Button' &amp;&amp; Name='OK'"\0&lt;/a&gt;
E, 2768, 31, 2013/06/28, 10:23:40.056, 1587424049, QTAgent32.exe, Playback - [IMAGE] C:\Users\Bas\AppData\Local\Temp\UITestLogs\LastRun\RPF1E43.png
\0
E, 2768, 31, 2013/06/28, 10:23:40.258, 1587680073, QTAgent32.exe, AL: Playback Error: Microsoft.VisualStudio.TestTools.UITest.Extension.FailedToPerformActionOnBlockedControlException: Window '' is blocking the control OK. Please move the window '' or make the control OK visible and retry the action. Additional Details: 
TechnologyName:  'MSAA'
Name:  'OK'
ControlType:  'Button'
 ---&gt; System.Runtime.InteropServices.COMException: Exception from HRESULT: 0xF004F003
   at Microsoft.VisualStudio.TestTools.UITest.Playback.Engine.IScreenElement.MouseButtonClick(Int32 x, Int32 y, Int32 nButton, Int32 fEnsureVisible, String bstrKeyModifiers)
   at Microsoft.VisualStudio.TestTools.UITest.Playback.ScreenElement.MouseButtonClick(Int32 x, Int32 y, MouseButtons button, ModifierKeys modifierKeys, Int32 ensureVisible)
   at Microsoft.VisualStudio.TestTools.UITesting.UITestControl.Click(MouseButtons button, ModifierKeys modifierKeys, Point relativeCoordinates)
   --- End of inner exception stack trace ---
   at Microsoft.VisualStudio.TestTools.UITesting.Playback.ThrowIfAnotherWindowIsBlockingControl(COMException ex, IPlaybackContext context)
   at Microsoft.VisualStudio.TestTools.UITesting.Playback.MapAndThrowComException(COMException innerException, IPlaybackContext context)
   at Microsoft.VisualStudio.TestTools.UITesting.Playback.MapAndThrowException(SystemException exception, IPlaybackContext context)
   at Microsoft.VisualStudio.TestTools.UITesting.Playback.MapAndThrowException(SystemException exception, String actionName, UITestControl uiControl, Point point)
   at Microsoft.VisualStudio.TestTools.UITesting.UITestControl.Click(MouseButtons button, ModifierKeys modifierKeys, Point relativeCoordinates)
   at Microsoft.VisualStudio.TestTools.UITesting.Mouse.ClickImplementation(UITestControl control, MouseButtons button, ModifierKeys modifierKeys, Point relativeCoordinate)
   at Microsoft.VisualStudio.TestTools.UITesting.Mouse.ClickImplementationWrapper(UITestControl control, MouseButtons button, ModifierKeys modifierKeys, Point relativeCoordinate)
W, 2768, 31, 2013/06/28, 10:23:42.375, 1590361232, QTAgent32.exe, IEDOM : StopSession of the plugin called before StartSession
W, 2768, 31, 2013/06/28, 10:23:42.376, 1590361622, QTAgent32.exe, UIA : StopSession of the plugin called before StartSession
</DebugTrace>
        <ErrorInfo>
          <Message>Test method AdresboekTest.RecordAndReplay.TestEmail threw exception: 
Microsoft.VisualStudio.TestTools.UITest.Extension.FailedToPerformActionOnBlockedControlException: Window '' is blocking the control OK. Please move the window '' or make the control OK visible and retry the action. Additional Details: 
TechnologyName:  'MSAA'
Name:  'OK'
ControlType:  'Button'
 ---&gt; System.Runtime.InteropServices.COMException: Exception from HRESULT: 0xF004F003</Message>
          <StackTrace>    at Microsoft.VisualStudio.TestTools.UITest.Playback.Engine.IScreenElement.MouseButtonClick(Int32 x, Int32 y, Int32 nButton, Int32 fEnsureVisible, String bstrKeyModifiers)
   at Microsoft.VisualStudio.TestTools.UITest.Playback.ScreenElement.MouseButtonClick(Int32 x, Int32 y, MouseButtons button, ModifierKeys modifierKeys, Int32 ensureVisible)
   at Microsoft.VisualStudio.TestTools.UITesting.UITestControl.Click(MouseButtons button, ModifierKeys modifierKeys, Point relativeCoordinates)
 --- End of inner exception stack trace ---
    at Microsoft.VisualStudio.TestTools.UITesting.Playback.ThrowIfAnotherWindowIsBlockingControl(COMException ex, IPlaybackContext context)
   at Microsoft.VisualStudio.TestTools.UITesting.Playback.MapAndThrowComException(COMException innerException, IPlaybackContext context)
   at Microsoft.VisualStudio.TestTools.UITesting.Playback.MapAndThrowException(SystemException exception, IPlaybackContext context)
   at Microsoft.VisualStudio.TestTools.UITesting.Playback.MapAndThrowException(SystemException exception, String actionName, UITestControl uiControl, Point point)
   at Microsoft.VisualStudio.TestTools.UITesting.UITestControl.Click(MouseButtons button, ModifierKeys modifierKeys, Point relativeCoordinates)
   at Microsoft.VisualStudio.TestTools.UITesting.Mouse.ClickImplementation(UITestControl control, MouseButtons button, ModifierKeys modifierKeys, Point relativeCoordinate)
   at Microsoft.VisualStudio.TestTools.UITesting.Mouse.ClickImplementationWrapper(UITestControl control, MouseButtons button, ModifierKeys modifierKeys, Point relativeCoordinate)
   at Microsoft.VisualStudio.TestTools.UITesting.Mouse.Click(UITestControl control, Point relativeCoordinate)
   at AdresboekTest.UIMap.AddNonValidEmail() in C:\Users\Bas\Desktop\Softwaretesting\Adresboek\AdresboekTest\UIMap.Designer.cs:line 135
   at AdresboekTest.RecordAndReplay.TestEmail() in C:\Users\Bas\Desktop\Softwaretesting\Adresboek\AdresboekTest\RecordAndReplay.cs:line 73
</StackTrace>
        </ErrorInfo>
      </Output>
      <ResultFiles>
        <ResultFile path="BAS-PC\TestEmail.png" />
      </ResultFiles>
      <ExtensionResult>Exception has been thrown by the target of an invocation.</ExtensionResult>
    </UnitTestResult>
    <UnitTestResult executionId="33bdc907-2c83-47d4-9d72-833ca21d5383" testId="ff1d36de-df47-0a9f-9f67-ff714225cbd5" testName="TestName" computerName="BAS-PC" duration="00:00:03.7950001" startTime="2013-06-28T10:23:42.4067428+02:00" endTime="2013-06-28T10:23:46.2209610+02:00" testType="13cdc9d9-ddb5-4fa4-a97d-d965ccfc6d4b" outcome="Failed" testListId="8c84fa94-04c1-424b-9868-57a2d4851a1d" relativeResultsDirectory="33bdc907-2c83-47d4-9d72-833ca21d5383">
      <Output>
        <DebugTrace>W, 2768, 20, 2013/06/28, 10:23:43.320, 1591557762, QTAgent32.exe, &lt;a class=success&gt;Playback - {1} [SUCCESS] MouseButtonClick - "[MSAA, VisibleOnly]ControlType='Button' &amp;&amp; Name='View'"
\0&lt;/a&gt;
W, 2768, 20, 2013/06/28, 10:23:44.117, 1592567452, QTAgent32.exe, &lt;a class=success&gt;Playback - {2} [SUCCESS] MouseButtonClick - "[MSAA, VisibleOnly]ControlType='Button' &amp;&amp; Name='Add Contact'"
\0&lt;/a&gt;
W, 2768, 20, 2013/06/28, 10:23:45.420, 1594217370, QTAgent32.exe, Playback - [WARNING] Internal failure: Window handle for this UI element is invalid
\0
W, 2768, 20, 2013/06/28, 10:23:45.420, 1594217678, QTAgent32.exe, Playback - [WARNING] Internal failure: Window handle for this UI element is invalid
\0
W, 2768, 20, 2013/06/28, 10:23:45.421, 1594217867, QTAgent32.exe, Playback - [WARNING] Internal warning: Thread state based WFR - Requested element has invalid HWND
\0
W, 2768, 20, 2013/06/28, 10:23:45.421, 1594218017, QTAgent32.exe, Playback - [WARNING] Internal warning: process performance counters based WFR - Requested element has invalid HWND
\0
W, 2768, 20, 2013/06/28, 10:23:45.421, 1594218342, QTAgent32.exe, Playback - [WARNING] Internal warning: Thread state based WFR - Requested element has invalid HWND
\0
W, 2768, 20, 2013/06/28, 10:23:45.421, 1594218497, QTAgent32.exe, Playback - [WARNING] Internal warning: process performance counters based WFR - Requested element has invalid HWND
\0
W, 2768, 20, 2013/06/28, 10:23:45.422, 1594219261, QTAgent32.exe, Playback - [WARNING] Internal warning: MakeVisibleByScrolling - Can't get children with the requested control type
\0
W, 2768, 20, 2013/06/28, 10:23:45.422, 1594219535, QTAgent32.exe, Playback - [WARNING] Internal warning: Thread state based WFR - Requested element has invalid HWND
\0
W, 2768, 20, 2013/06/28, 10:23:45.422, 1594219692, QTAgent32.exe, Playback - [WARNING] Internal warning: process performance counters based WFR - Requested element has invalid HWND
\0
W, 2768, 20, 2013/06/28, 10:23:45.422, 1594219927, QTAgent32.exe, Playback - [WARNING] Internal failure: EnsureVisible via Setting Focus, Scrolling failed
\0
W, 2768, 20, 2013/06/28, 10:23:45.422, 1594220174, QTAgent32.exe, Playback - [WARNING] Internal failure: Invalid bounding rectangle top location (0) for Name = "" ," ControlType = "Button", invisible
\0
W, 2768, 20, 2013/06/28, 10:23:45.423, 1594220412, QTAgent32.exe, Playback - [WARNING] Internal failure: Invalid bounding rectangle size (width = 0, height = 0) for Name = "" ," ControlType = "Button", invisible
\0
W, 2768, 20, 2013/06/28, 10:23:45.423, 1594220560, QTAgent32.exe, Playback - [WARNING] Internal failure: Couldn't get clickable point for ScreenUIElement - GetClickablePoint failed
\0
W, 2768, 20, 2013/06/28, 10:23:45.423, 1594220705, QTAgent32.exe, Playback - [WARNING] Internal warning : The specified control is not visible. 
\0
E, 2768, 20, 2013/06/28, 10:23:45.423, 1594220936, QTAgent32.exe, &lt;a class=failure&gt;Playback - {3} [FAILED] MouseButtonClick - "[MSAA, VisibleOnly]ControlType='Button' &amp;&amp; Name='OK'"\0&lt;/a&gt;
E, 2768, 20, 2013/06/28, 10:23:45.555, 1594388269, QTAgent32.exe, Playback - [IMAGE] C:\Users\Bas\AppData\Local\Temp\UITestLogs\LastRun\RPF33B7.png
\0
E, 2768, 20, 2013/06/28, 10:23:45.557, 1594390056, QTAgent32.exe, Window 65994 not responding. Last Win32 error 0
W, 2768, 20, 2013/06/28, 10:23:45.560, 1594394411, QTAgent32.exe, Msaa:WindowHandleGetter: Using WindowFromPoint since WindowFromAccessibleObject returned invalid handle [65994]
E, 2768, 20, 2013/06/28, 10:23:45.563, 1594398350, QTAgent32.exe, Msaa.IsElementFromPoint: FastAccessibleObjectFromPoint : Failed
E, 2768, 20, 2013/06/28, 10:23:45.567, 1594402691, QTAgent32.exe, Msaa.GetAccWrapperFromPoint: Failed: -2147024809
E, 2768, 20, 2013/06/28, 10:23:45.579, 1594418736, QTAgent32.exe, Msaa:WindowHandleGetter: Got invalid window handle [0] even after using WindowFromPoint
W, 2768, 20, 2013/06/28, 10:23:45.579, 1594418930, QTAgent32.exe, Msaa.GetProcessID: Window handle is IntPtr.Zero. Process ID will be 0
W, 2768, 20, 2013/06/28, 10:23:45.585, 1594425962, QTAgent32.exe, Msaa:WindowHandleGetter: Using WindowFromPoint since WindowFromAccessibleObject returned invalid handle [65994]
E, 2768, 20, 2013/06/28, 10:23:45.587, 1594428205, QTAgent32.exe, Msaa.IsElementFromPoint: FastAccessibleObjectFromPoint : Failed
E, 2768, 20, 2013/06/28, 10:23:45.587, 1594428424, QTAgent32.exe, Msaa.GetAccWrapperFromPoint: Failed: -2147024809
E, 2768, 20, 2013/06/28, 10:23:45.588, 1594430434, QTAgent32.exe, Msaa:WindowHandleGetter: Got invalid window handle [0] even after using WindowFromPoint
W, 2768, 20, 2013/06/28, 10:23:45.589, 1594430596, QTAgent32.exe, Msaa.GetProcessID: Window handle is IntPtr.Zero. Process ID will be 0
E, 2768, 20, 2013/06/28, 10:23:45.656, 1594516612, QTAgent32.exe, GetClassName for handle 65994 failed
E, 2768, 20, 2013/06/28, 10:23:45.658, 1594517949, QTAgent32.exe, Exception: System.Runtime.InteropServices.COMException
	Message: Error HRESULT E_FAIL has been returned from a call to a COM component.
	Stack Trace:    at Accessibility.IAccessible.get_accState(Object varChild)
   at Microsoft.VisualStudio.TestTools.UITest.Extension.Msaa.AccWrapper.get_State()
	BaseExceptionMessage: Error HRESULT E_FAIL has been returned from a call to a COM component.

E, 2768, 20, 2013/06/28, 10:23:45.658, 1594518700, QTAgent32.exe, Exception: System.Runtime.InteropServices.COMException
	Message: Error HRESULT E_FAIL has been returned from a call to a COM component.
	Stack Trace:    at Accessibility.IAccessible.get_accState(Object varChild)
   at Microsoft.VisualStudio.TestTools.UITest.Extension.Msaa.AccWrapper.get_State()
	BaseExceptionMessage: Error HRESULT E_FAIL has been returned from a call to a COM component.

E, 2768, 20, 2013/06/28, 10:23:45.659, 1594519427, QTAgent32.exe, Exception: System.Runtime.InteropServices.COMException
	Message: Error HRESULT E_FAIL has been returned from a call to a COM component.
	Stack Trace:    at Accessibility.IAccessible.get_accState(Object varChild)
   at Microsoft.VisualStudio.TestTools.UITest.Extension.Msaa.AccWrapper.get_State()
	BaseExceptionMessage: Error HRESULT E_FAIL has been returned from a call to a COM component.

E, 2768, 20, 2013/06/28, 10:23:45.659, 1594520145, QTAgent32.exe, Exception: System.Runtime.InteropServices.COMException
	Message: Error HRESULT E_FAIL has been returned from a call to a COM component.
	Stack Trace:    at Accessibility.IAccessible.get_accState(Object varChild)
   at Microsoft.VisualStudio.TestTools.UITest.Extension.Msaa.AccWrapper.get_State()
	BaseExceptionMessage: Error HRESULT E_FAIL has been returned from a call to a COM component.

E, 2768, 20, 2013/06/28, 10:23:45.660, 1594520873, QTAgent32.exe, Exception: System.Runtime.InteropServices.COMException
	Message: Error HRESULT E_FAIL has been returned from a call to a COM component.
	Stack Trace:    at Accessibility.IAccessible.get_accState(Object varChild)
   at Microsoft.VisualStudio.TestTools.UITest.Extension.Msaa.AccWrapper.get_State()
	BaseExceptionMessage: Error HRESULT E_FAIL has been returned from a call to a COM component.

E, 2768, 20, 2013/06/28, 10:23:45.660, 1594521586, QTAgent32.exe, Exception: System.Runtime.InteropServices.COMException
	Message: Error HRESULT E_FAIL has been returned from a call to a COM component.
	Stack Trace:    at Accessibility.IAccessible.get_accState(Object varChild)
   at Microsoft.VisualStudio.TestTools.UITest.Extension.Msaa.AccWrapper.get_State()
	BaseExceptionMessage: Error HRESULT E_FAIL has been returned from a call to a COM component.

E, 2768, 20, 2013/06/28, 10:23:45.661, 1594522399, QTAgent32.exe, Exception: System.Runtime.InteropServices.COMException
	Message: Error HRESULT E_FAIL has been returned from a call to a COM component.
	Stack Trace:    at Accessibility.IAccessible.get_accState(Object varChild)
   at Microsoft.VisualStudio.TestTools.UITest.Extension.Msaa.AccWrapper.get_State()
	BaseExceptionMessage: Error HRESULT E_FAIL has been returned from a call to a COM component.

W, 2768, 20, 2013/06/28, 10:23:45.858, 1594771825, QTAgent32.exe, PERF WARNING: MSAA.UpdateQueryIDForNamelessControls: took 201 ms. Expected it to take maximum 200 ms.
W, 2768, 20, 2013/06/28, 10:23:45.859, 1594773551, QTAgent32.exe, Msaa.Navigate: Exception [Error HRESULT E_FAIL has been returned from a call to a COM component.] while calling accNavigate.
E, 2768, 20, 2013/06/28, 10:23:45.860, 1594773830, QTAgent32.exe, GetClassName for handle 65994 failed
E, 2768, 20, 2013/06/28, 10:23:45.862, 1594776810, QTAgent32.exe, GetClassName for handle 65994 failed
E, 2768, 20, 2013/06/28, 10:23:45.862, 1594777237, QTAgent32.exe, Window 65994 not responding. Last Win32 error 1400
E, 2768, 20, 2013/06/28, 10:23:45.862, 1594777397, QTAgent32.exe, GetClassName for handle 65994 failed
E, 2768, 20, 2013/06/28, 10:23:45.863, 1594777532, QTAgent32.exe, GetClassName for handle 65994 failed
E, 2768, 20, 2013/06/28, 10:23:45.964, 1594905914, QTAgent32.exe, AL: Playback Error: Microsoft.VisualStudio.TestTools.UITest.Extension.FailedToPerformActionOnHiddenControlException: Cannot perform 'Click' on the hidden control. Additional Details: 
TechnologyName:  'MSAA'
ControlType:  'Button'
 ---&gt; System.Runtime.InteropServices.COMException: Exception from HRESULT: 0xF004F002
   at Microsoft.VisualStudio.TestTools.UITest.Playback.Engine.IScreenElement.MouseButtonClick(Int32 x, Int32 y, Int32 nButton, Int32 fEnsureVisible, String bstrKeyModifiers)
   at Microsoft.VisualStudio.TestTools.UITest.Playback.ScreenElement.MouseButtonClick(Int32 x, Int32 y, MouseButtons button, ModifierKeys modifierKeys, Int32 ensureVisible)
   at Microsoft.VisualStudio.TestTools.UITesting.UITestControl.Click(MouseButtons button, ModifierKeys modifierKeys, Point relativeCoordinates)
   --- End of inner exception stack trace ---
   at Microsoft.VisualStudio.TestTools.UITesting.Playback.MapAndThrowComException(COMException innerException, IPlaybackContext context)
   at Microsoft.VisualStudio.TestTools.UITesting.Playback.MapAndThrowException(SystemException exception, IPlaybackContext context)
   at Microsoft.VisualStudio.TestTools.UITesting.Playback.MapAndThrowException(SystemException exception, String actionName, UITestControl uiControl, Point point)
   at Microsoft.VisualStudio.TestTools.UITesting.UITestControl.Click(MouseButtons button, ModifierKeys modifierKeys, Point relativeCoordinates)
   at Microsoft.VisualStudio.TestTools.UITesting.Mouse.ClickImplementation(UITestControl control, MouseButtons button, ModifierKeys modifierKeys, Point relativeCoordinate)
   at Microsoft.VisualStudio.TestTools.UITesting.Mouse.ClickImplementationWrapper(UITestControl control, MouseButtons button, ModifierKeys modifierKeys, Point relativeCoordinate)
W, 2768, 20, 2013/06/28, 10:23:46.212, 1595219656, QTAgent32.exe, IEDOM : StopSession of the plugin called before StartSession
W, 2768, 20, 2013/06/28, 10:23:46.212, 1595219888, QTAgent32.exe, UIA : StopSession of the plugin called before StartSession
</DebugTrace>
        <ErrorInfo>
          <Message>Test method AdresboekTest.RecordAndReplay.TestName threw exception: 
Microsoft.VisualStudio.TestTools.UITest.Extension.FailedToPerformActionOnHiddenControlException: Cannot perform 'Click' on the hidden control. Additional Details: 
TechnologyName:  'MSAA'
ControlType:  'Button'
 ---&gt; System.Runtime.InteropServices.COMException: Exception from HRESULT: 0xF004F002</Message>
          <StackTrace>    at Microsoft.VisualStudio.TestTools.UITest.Playback.Engine.IScreenElement.MouseButtonClick(Int32 x, Int32 y, Int32 nButton, Int32 fEnsureVisible, String bstrKeyModifiers)
   at Microsoft.VisualStudio.TestTools.UITest.Playback.ScreenElement.MouseButtonClick(Int32 x, Int32 y, MouseButtons button, ModifierKeys modifierKeys, Int32 ensureVisible)
   at Microsoft.VisualStudio.TestTools.UITesting.UITestControl.Click(MouseButtons button, ModifierKeys modifierKeys, Point relativeCoordinates)
 --- End of inner exception stack trace ---
    at Microsoft.VisualStudio.TestTools.UITesting.Playback.MapAndThrowComException(COMException innerException, IPlaybackContext context)
   at Microsoft.VisualStudio.TestTools.UITesting.Playback.MapAndThrowException(SystemException exception, IPlaybackContext context)
   at Microsoft.VisualStudio.TestTools.UITesting.Playback.MapAndThrowException(SystemException exception, String actionName, UITestControl uiControl, Point point)
   at Microsoft.VisualStudio.TestTools.UITesting.UITestControl.Click(MouseButtons button, ModifierKeys modifierKeys, Point relativeCoordinates)
   at Microsoft.VisualStudio.TestTools.UITesting.Mouse.ClickImplementation(UITestControl control, MouseButtons button, ModifierKeys modifierKeys, Point relativeCoordinate)
   at Microsoft.VisualStudio.TestTools.UITesting.Mouse.ClickImplementationWrapper(UITestControl control, MouseButtons button, ModifierKeys modifierKeys, Point relativeCoordinate)
   at Microsoft.VisualStudio.TestTools.UITesting.Mouse.Click(UITestControl control, Point relativeCoordinate)
   at AdresboekTest.UIMap.AddEmpty() in C:\Users\Bas\Desktop\Softwaretesting\Adresboek\AdresboekTest\UIMap.Designer.cs:line 59
   at AdresboekTest.RecordAndReplay.TestName() in C:\Users\Bas\Desktop\Softwaretesting\Adresboek\AdresboekTest\RecordAndReplay.cs:line 57
</StackTrace>
        </ErrorInfo>
      </Output>
      <ResultFiles>
        <ResultFile path="BAS-PC\TestName.png" />
      </ResultFiles>
      <ExtensionResult>Exception has been thrown by the target of an invocation.</ExtensionResult>
    </UnitTestResult>
  </Results>
</TestRun>