<?xml version="1.0" encoding="UTF-8"?>
<TestRun id="ba926bb6-1f58-4375-8d61-cabf7956bcbc" name="Bas@BAS-PC 2013-06-26 21:10:23" runUser="Bas-PC\Bas" xmlns="http://microsoft.com/schemas/VisualStudio/TeamTest/2010">
  <TestSettings name="Local" id="2aa66af6-b3b9-40d6-82a8-b5cc062499d2">
    <Description>These are default test settings for a local test run.</Description>
    <Deployment runDeploymentRoot="Bas_BAS-PC 2013-06-26 21_10_23">
      <DeploymentItem filename="C:\Users\Bas\Desktop\Softwaretesting\edu.3725154.SoftwareTesting\Adresboek\Adresboek\bin\Debug\Adresboek.exe" />
    </Deployment>
    <Execution>
      <TestTypeSpecific>
        <UnitTestRunConfig testTypeId="13cdc9d9-ddb5-4fa4-a97d-d965ccfc6d4b">
          <AssemblyResolution>
            <TestDirectory useLoadContext="true" />
          </AssemblyResolution>
        </UnitTestRunConfig>
        <WebTestRunConfiguration testTypeId="4e7599fa-5ecb-43e9-a887-cd63cf72d207">
          <Browser name="Internet Explorer 7.0">
            <Headers>
              <Header name="User-Agent" value="Mozilla/4.0 (compatible; MSIE 7.0; Windows NT 5.1)" />
              <Header name="Accept" value="*/*" />
              <Header name="Accept-Language" value="{{$IEAcceptLanguage}}" />
              <Header name="Accept-Encoding" value="GZIP" />
            </Headers>
          </Browser>
        </WebTestRunConfiguration>
      </TestTypeSpecific>
      <AgentRule name="LocalMachineDefaultRole">
        <DataCollectors>
          <DataCollector uri="datacollector://microsoft/CodeCoverage/1.0" assemblyQualifiedName="Microsoft.VisualStudio.TestTools.CodeCoverage.CoveragePlugIn, Microsoft.VisualStudio.QualityTools.Plugins.CodeCoverage, Version=10.0.0.0, Culture=neutral, PublicKeyToken=b03f5f7f11d50a3a" friendlyName="Code Coverage">
            <Configuration>
              <CodeCoverage xmlns="">
                <Regular>
                  <CodeCoverageItem binaryFile="C:\Users\Bas\Desktop\Softwaretesting\edu.3725154.SoftwareTesting\Adresboek\Adresboek\bin\Debug\Adresboek.exe" pdbFile="C:\Users\Bas\Desktop\Softwaretesting\edu.3725154.SoftwareTesting\Adresboek\Adresboek\bin\Debug\Adresboek.instr.pdb" instrumentInPlace="true" />
                </Regular>
              </CodeCoverage>
            </Configuration>
          </DataCollector>
        </DataCollectors>
      </AgentRule>
    </Execution>
  </TestSettings>
  <Times creation="2013-06-26T21:10:23.6273120+02:00" queuing="2013-06-26T21:10:24.3633541+02:00" start="2013-06-26T21:10:24.3983561+02:00" finish="2013-06-26T21:11:59.5277972+02:00" />
  <ResultSummary outcome="Completed">
    <Counters total="6" executed="6" passed="6" error="0" failed="0" timeout="0" aborted="0" inconclusive="0" passedButRunAborted="0" notRunnable="0" notExecuted="0" disconnected="0" warning="0" completed="0" inProgress="0" pending="0" />
    <ResultFiles>
      <ResultFile path="BAS-PC\data.coverage" />
    </ResultFiles>
  </ResultSummary>
  <TestDefinitions>
    <UnitTest name="TestSwitchingViews" storage="c:\users\bas\desktop\softwaretesting\edu.3725154.softwaretesting\adresboek\adresboektest\bin\debug\adresboektest.dll" id="b0e3743f-f45f-f807-d44f-c69c7a0f26fc">
      <Execution id="f6d26d9f-a1c6-4cde-98f3-3541a3b95c7c" />
      <TestMethod codeBase="C:/Users/Bas/Desktop/Softwaretesting/edu.3725154.SoftwareTesting/Adresboek/AdresboekTest/bin/Debug/AdresboekTest.DLL" adapterTypeName="Microsoft.VisualStudio.TestTools.TestTypes.Unit.UnitTestAdapter, Microsoft.VisualStudio.QualityTools.Tips.UnitTest.Adapter, Version=10.0.0.0, Culture=neutral, PublicKeyToken=b03f5f7f11d50a3a" className="AdresboekTest.RecordAndReplay, AdresboekTest, Version=1.0.0.0, Culture=neutral, PublicKeyToken=null" name="TestSwitchingViews" />
      <Extension>Microsoft.VisualStudio.TestTools.UITesting.CodedUITestAttribute, Microsoft.VisualStudio.QualityTools.CodedUITestFramework, Version=10.0.0.0, Culture=neutral, PublicKeyToken=b03f5f7f11d50a3a</Extension>
    </UnitTest>
    <UnitTest name="TestAddAdressbook" storage="c:\users\bas\desktop\softwaretesting\edu.3725154.softwaretesting\adresboek\adresboektest\bin\debug\adresboektest.dll" id="04cdc5c6-7caa-c214-3fde-ec3b17b314d1">
      <Execution id="5801a54b-cfe0-4a34-9097-ae18d8d1e869" />
      <TestMethod codeBase="C:/Users/Bas/Desktop/Softwaretesting/edu.3725154.SoftwareTesting/Adresboek/AdresboekTest/bin/Debug/AdresboekTest.DLL" adapterTypeName="Microsoft.VisualStudio.TestTools.TestTypes.Unit.UnitTestAdapter, Microsoft.VisualStudio.QualityTools.Tips.UnitTest.Adapter, Version=10.0.0.0, Culture=neutral, PublicKeyToken=b03f5f7f11d50a3a" className="AdresboekTest.RecordAndReplay, AdresboekTest, Version=1.0.0.0, Culture=neutral, PublicKeyToken=null" name="TestAddAdressbook" />
      <Extension>Microsoft.VisualStudio.TestTools.UITesting.CodedUITestAttribute, Microsoft.VisualStudio.QualityTools.CodedUITestFramework, Version=10.0.0.0, Culture=neutral, PublicKeyToken=b03f5f7f11d50a3a</Extension>
    </UnitTest>
    <UnitTest name="TestAdressbook" storage="c:\users\bas\desktop\softwaretesting\edu.3725154.softwaretesting\adresboek\adresboektest\bin\debug\adresboektest.dll" id="01e9d56f-ff67-457b-95c6-4b556a70f386">
      <Execution id="28cb698a-12d5-4bd2-81d2-bd7d68ed38b5" />
      <TestMethod codeBase="C:/Users/Bas/Desktop/Softwaretesting/edu.3725154.SoftwareTesting/Adresboek/AdresboekTest/bin/Debug/AdresboekTest.DLL" adapterTypeName="Microsoft.VisualStudio.TestTools.TestTypes.Unit.UnitTestAdapter, Microsoft.VisualStudio.QualityTools.Tips.UnitTest.Adapter, Version=10.0.0.0, Culture=neutral, PublicKeyToken=b03f5f7f11d50a3a" className="AdresboekTest.RecordAndReplay, AdresboekTest, Version=1.0.0.0, Culture=neutral, PublicKeyToken=null" name="TestAdressbook" />
      <Extension>Microsoft.VisualStudio.TestTools.UITesting.CodedUITestAttribute, Microsoft.VisualStudio.QualityTools.CodedUITestFramework, Version=10.0.0.0, Culture=neutral, PublicKeyToken=b03f5f7f11d50a3a</Extension>
    </UnitTest>
    <UnitTest name="TestEmail" storage="c:\users\bas\desktop\softwaretesting\edu.3725154.softwaretesting\adresboek\adresboektest\bin\debug\adresboektest.dll" id="ecf14cdf-a816-c9c9-b486-338ae3a984be">
      <Execution id="42c9ac9a-a724-4e2a-b803-4c05bbe7d0fb" />
      <TestMethod codeBase="C:/Users/Bas/Desktop/Softwaretesting/edu.3725154.SoftwareTesting/Adresboek/AdresboekTest/bin/Debug/AdresboekTest.DLL" adapterTypeName="Microsoft.VisualStudio.TestTools.TestTypes.Unit.UnitTestAdapter, Microsoft.VisualStudio.QualityTools.Tips.UnitTest.Adapter, Version=10.0.0.0, Culture=neutral, PublicKeyToken=b03f5f7f11d50a3a" className="AdresboekTest.RecordAndReplay, AdresboekTest, Version=1.0.0.0, Culture=neutral, PublicKeyToken=null" name="TestEmail" />
      <Extension>Microsoft.VisualStudio.TestTools.UITesting.CodedUITestAttribute, Microsoft.VisualStudio.QualityTools.CodedUITestFramework, Version=10.0.0.0, Culture=neutral, PublicKeyToken=b03f5f7f11d50a3a</Extension>
    </UnitTest>
    <UnitTest name="TestRemove" storage="c:\users\bas\desktop\softwaretesting\edu.3725154.softwaretesting\adresboek\adresboektest\bin\debug\adresboektest.dll" id="19945944-a8d7-5865-9d24-bb159a9f92f7">
      <Execution id="dadd2db5-7144-4634-9b48-29309ef022f8" />
      <TestMethod codeBase="C:/Users/Bas/Desktop/Softwaretesting/edu.3725154.SoftwareTesting/Adresboek/AdresboekTest/bin/Debug/AdresboekTest.DLL" adapterTypeName="Microsoft.VisualStudio.TestTools.TestTypes.Unit.UnitTestAdapter, Microsoft.VisualStudio.QualityTools.Tips.UnitTest.Adapter, Version=10.0.0.0, Culture=neutral, PublicKeyToken=b03f5f7f11d50a3a" className="AdresboekTest.RecordAndReplay, AdresboekTest, Version=1.0.0.0, Culture=neutral, PublicKeyToken=null" name="TestRemove" />
      <Extension>Microsoft.VisualStudio.TestTools.UITesting.CodedUITestAttribute, Microsoft.VisualStudio.QualityTools.CodedUITestFramework, Version=10.0.0.0, Culture=neutral, PublicKeyToken=b03f5f7f11d50a3a</Extension>
    </UnitTest>
    <UnitTest name="TestName" storage="c:\users\bas\desktop\softwaretesting\edu.3725154.softwaretesting\adresboek\adresboektest\bin\debug\adresboektest.dll" id="ff1d36de-df47-0a9f-9f67-ff714225cbd5">
      <Execution id="c009d26f-52ef-49a0-8ab2-8fec878f7577" />
      <TestMethod codeBase="C:/Users/Bas/Desktop/Softwaretesting/edu.3725154.SoftwareTesting/Adresboek/AdresboekTest/bin/Debug/AdresboekTest.DLL" adapterTypeName="Microsoft.VisualStudio.TestTools.TestTypes.Unit.UnitTestAdapter, Microsoft.VisualStudio.QualityTools.Tips.UnitTest.Adapter, Version=10.0.0.0, Culture=neutral, PublicKeyToken=b03f5f7f11d50a3a" className="AdresboekTest.RecordAndReplay, AdresboekTest, Version=1.0.0.0, Culture=neutral, PublicKeyToken=null" name="TestName" />
      <Extension>Microsoft.VisualStudio.TestTools.UITesting.CodedUITestAttribute, Microsoft.VisualStudio.QualityTools.CodedUITestFramework, Version=10.0.0.0, Culture=neutral, PublicKeyToken=b03f5f7f11d50a3a</Extension>
    </UnitTest>
  </TestDefinitions>
  <TestLists>
    <TestList name="Results Not in a List" id="8c84fa94-04c1-424b-9868-57a2d4851a1d" />
    <TestList name="All Loaded Results" id="19431567-8539-422a-85d7-44ee4e166bda" />
  </TestLists>
  <TestEntries>
    <TestEntry testId="01e9d56f-ff67-457b-95c6-4b556a70f386" executionId="28cb698a-12d5-4bd2-81d2-bd7d68ed38b5" testListId="8c84fa94-04c1-424b-9868-57a2d4851a1d" />
    <TestEntry testId="04cdc5c6-7caa-c214-3fde-ec3b17b314d1" executionId="5801a54b-cfe0-4a34-9097-ae18d8d1e869" testListId="8c84fa94-04c1-424b-9868-57a2d4851a1d" />
    <TestEntry testId="19945944-a8d7-5865-9d24-bb159a9f92f7" executionId="dadd2db5-7144-4634-9b48-29309ef022f8" testListId="8c84fa94-04c1-424b-9868-57a2d4851a1d" />
    <TestEntry testId="b0e3743f-f45f-f807-d44f-c69c7a0f26fc" executionId="f6d26d9f-a1c6-4cde-98f3-3541a3b95c7c" testListId="8c84fa94-04c1-424b-9868-57a2d4851a1d" />
    <TestEntry testId="ecf14cdf-a816-c9c9-b486-338ae3a984be" executionId="42c9ac9a-a724-4e2a-b803-4c05bbe7d0fb" testListId="8c84fa94-04c1-424b-9868-57a2d4851a1d" />
    <TestEntry testId="ff1d36de-df47-0a9f-9f67-ff714225cbd5" executionId="c009d26f-52ef-49a0-8ab2-8fec878f7577" testListId="8c84fa94-04c1-424b-9868-57a2d4851a1d" />
  </TestEntries>
  <Results>
    <UnitTestResult executionId="28cb698a-12d5-4bd2-81d2-bd7d68ed38b5" testId="01e9d56f-ff67-457b-95c6-4b556a70f386" testName="TestAdressbook" computerName="BAS-PC" duration="00:00:10.3426221" startTime="2013-06-26T21:10:25.0303923+02:00" endTime="2013-06-26T21:10:35.7520055+02:00" testType="13cdc9d9-ddb5-4fa4-a97d-d965ccfc6d4b" outcome="Passed" testListId="8c84fa94-04c1-424b-9868-57a2d4851a1d" relativeResultsDirectory="28cb698a-12d5-4bd2-81d2-bd7d68ed38b5">
      <Output>
        <DebugTrace>W, 3980, 15, 2013/06/26, 21:10:26.645, 134701207324, QTAgent32.exe, &lt;a class=success&gt;Playback - {1} [SUCCESS] MouseButtonClick - "[MSAA, VisibleOnly]ControlType='Button' &amp;&amp; Name='View'"
\0&lt;/a&gt;
W, 3980, 15, 2013/06/26, 21:10:26.839, 134701776594, QTAgent32.exe, Value in en-US resource 'Maximaliseren' does not match the defaultvalue 'Maximize'
W, 3980, 15, 2013/06/26, 21:10:26.840, 134701777454, QTAgent32.exe, Value in en-US resource 'Vorig formaat' does not match the defaultvalue 'Restore'
W, 3980, 15, 2013/06/26, 21:10:26.849, 134701806145, QTAgent32.exe, Value in en-US resource 'Vorige' does not match the defaultvalue 'Back'
W, 3980, 15, 2013/06/26, 21:10:26.850, 134701806550, QTAgent32.exe, Value in en-US resource 'Volgende' does not match the defaultvalue 'Forward'
W, 3980, 15, 2013/06/26, 21:10:26.850, 134701806920, QTAgent32.exe, Value in en-US resource 'Vernieuwen (F5)' does not match the defaultvalue 'Refresh (F5)'
W, 3980, 15, 2013/06/26, 21:10:26.850, 134701807281, QTAgent32.exe, Value in en-US resource 'Stoppen (Esc)' does not match the defaultvalue 'Stop (Esc)'
W, 3980, 15, 2013/06/26, 21:10:26.850, 134701807953, QTAgent32.exe, Value in en-US resource 'Adresbalk met automatisch aanvullen weergeven' does not match the defaultvalue 'Show Address Bar Autocomplete'
W, 3980, 15, 2013/06/26, 21:10:26.850, 134701808531, QTAgent32.exe, Value in en-US resource 'Adres en zoeken met %s' does not match the defaultvalue 'Address'
W, 3980, 15, 2013/06/26, 21:10:26.850, 134701808656, QTAgent32.exe, Value in en-US resource 'Bestand selecteren voor uploaden' does not match the defaultvalue 'Choose file'
W, 3980, 15, 2013/06/26, 21:10:26.850, 134701808997, QTAgent32.exe, Value in en-US resource 'Melding' does not match the defaultvalue 'Notification Bar'
W, 3980, 15, 2013/06/26, 21:10:26.854, 134701818529, QTAgent32.exe, Value in en-US resource 'Microsoft SmartScreen-filter' does not match the defaultvalue 'Microsoft Phishing Filter'
W, 3980, 15, 2013/06/26, 21:10:26.854, 134701818943, QTAgent32.exe, Value in en-US resource 'Automatisch aanvullen' does not match the defaultvalue 'AutoComplete'
W, 3980, 15, 2013/06/26, 21:10:26.854, 134701819312, QTAgent32.exe, Value in en-US resource 'Wachtwoorden automatisch aanvullen' does not match the defaultvalue 'AutoComplete Passwords'
E, 3980, 15, 2013/06/26, 21:10:26.854, 134701820020, QTAgent32.exe, LoadLibrary() : Unable to find the resource 37382 from assembly C:\Windows\system32\nl-NL\ieframe.dll.mui: Error1814
E, 3980, 15, 2013/06/26, 21:10:26.855, 134701820843, QTAgent32.exe, LoadLibrary() : Unable to find the resource 41728 from assembly C:\Windows\system32\nl-NL\ieframe.dll.mui: Error1814
E, 3980, 15, 2013/06/26, 21:10:26.855, 134701821176, QTAgent32.exe, LoadLibrary() : Unable to find the resource 8131 from assembly C:\Windows\system32\nl-NL\ieframe.dll.mui: Error1814
E, 3980, 15, 2013/06/26, 21:10:26.855, 134701821484, QTAgent32.exe, LoadLibrary() : Unable to find the resource 8131 from assembly C:\Windows\system32\nl-NL\ieframe.dll.mui: Error1814
W, 3980, 15, 2013/06/26, 21:10:26.855, 134701821846, QTAgent32.exe, Value in en-US resource 'Sluiten' does not match the defaultvalue 'Close'
E, 3980, 15, 2013/06/26, 21:10:26.855, 134701822146, QTAgent32.exe, LoadLibrary() : Unable to find the resource 8131 from assembly C:\Windows\system32\nl-NL\ieframe.dll.mui: Error1814
W, 3980, 15, 2013/06/26, 21:10:26.855, 134701822507, QTAgent32.exe, Value in en-US resource 'Beveiligingswaarschuwing' does not match the defaultvalue 'Security Warning'
E, 3980, 15, 2013/06/26, 21:10:26.855, 134701822942, QTAgent32.exe, LoadLibrary() : Unable to find the resource 803 from assembly C:\Windows\system32\nl-NL\user32.dll.mui: Error1814
W, 3980, 15, 2013/06/26, 21:10:26.856, 134701823847, QTAgent32.exe, Value in en-US resource 'Windows-beveiliging' does not match the defaultvalue 'Windows Security'
W, 3980, 15, 2013/06/26, 21:10:27.265, 134703020814, QTAgent32.exe, &lt;a class=success&gt;Playback - {2} [SUCCESS] SetValueAsEditBox "Bas" - "[MSAA, VisibleOnly]ControlType='Edit'"  &lt; Set via SendKeys &gt;
\0&lt;/a&gt;
W, 3980, 15, 2013/06/26, 21:10:27.565, 134703896667, QTAgent32.exe, &lt;a class=success&gt;Playback - {3} [SUCCESS] SendKeys "{Tab}" - "[MSAA, VisibleOnly]ControlType='Edit'"
\0&lt;/a&gt;
W, 3980, 15, 2013/06/26, 21:10:28.248, 134705892978, QTAgent32.exe, &lt;a class=success&gt;Playback - {4} [SUCCESS] SetValueAsEditBox "bas@bas.nl" - "[MSAA, VisibleOnly]ControlType='Edit'"  &lt; Set via SendKeys &gt;
\0&lt;/a&gt;
W, 3980, 15, 2013/06/26, 21:10:28.717, 134707266490, QTAgent32.exe, &lt;a class=success&gt;Playback - {5} [SUCCESS] MouseButtonClick - "[MSAA, VisibleOnly]ControlType='Button' &amp;&amp; Name='Add Contact'"
\0&lt;/a&gt;
W, 3980, 15, 2013/06/26, 21:10:29.249, 134708820012, QTAgent32.exe, &lt;a class=success&gt;Playback - {6} [SUCCESS] MouseButtonClick - "[MSAA, VisibleOnly]ControlType='Button' &amp;&amp; Name='Delete Contact'"
\0&lt;/a&gt;
W, 3980, 15, 2013/06/26, 21:10:29.916, 134710769791, QTAgent32.exe, &lt;a class=success&gt;Playback - {7} [SUCCESS] SetValueAsEditBox "bas" - "[MSAA, VisibleOnly]ControlType='Edit' &amp;&amp; Name='Adressbook Name: sample'"  &lt; Set via SendKeys &gt;
\0&lt;/a&gt;
W, 3980, 15, 2013/06/26, 21:10:30.355, 134712052945, QTAgent32.exe, &lt;a class=success&gt;Playback - {8} [SUCCESS] MouseButtonClick - "[MSAA, VisibleOnly]ControlType='Button' &amp;&amp; Name='Search'"
\0&lt;/a&gt;
W, 3980, 15, 2013/06/26, 21:10:30.781, 134713298449, QTAgent32.exe, &lt;a class=success&gt;Playback - {9} [SUCCESS] MouseButtonClick - "[MSAA, VisibleOnly]ControlType='Button' &amp;&amp; Name='clear'"
\0&lt;/a&gt;
W, 3980, 15, 2013/06/26, 21:10:31.472, 134715319091, QTAgent32.exe, &lt;a class=success&gt;Playback - {10} [SUCCESS] SetValueAsEditBox "bas" - "[MSAA, VisibleOnly]ControlType='Edit' &amp;&amp; Name='Adressbook Name: searchbook'"  &lt; Set via SendKeys &gt;
\0&lt;/a&gt;
W, 3980, 15, 2013/06/26, 21:10:31.730, 134716072479, QTAgent32.exe, &lt;a class=success&gt;Playback - {11} [SUCCESS] MouseButtonClick - "[MSAA, VisibleOnly]ControlType='Button' &amp;&amp; Name='Search'"
\0&lt;/a&gt;
E, 3980, 15, 2013/06/26, 21:10:32.128, 134717235975, QTAgent32.exe, Exception: System.ArgumentException
	Message: Value does not fall within the expected range.
	Stack Trace:    at Accessibility.IAccessible.get_accRole(Object varChild)
   at Microsoft.VisualStudio.TestTools.UITest.Extension.Msaa.AccWrapper.get_RoleInt()
	BaseExceptionMessage: Value does not fall within the expected range.

W, 3980, 15, 2013/06/26, 21:10:32.723, 134718975662, QTAgent32.exe, Playback - [WARNING] Internal warning: Incorrect flag set for InvokeProgrammaticAction\0
W, 3980, 15, 2013/06/26, 21:10:32.849, 134719345349, QTAgent32.exe, &lt;a class=success&gt;Playback - {12} [SUCCESS] SetValueAsComboBox "sample2" - "[MSAA, VisibleOnly]ControlType='ComboBox' &amp;&amp; Name='Contacts:'"  &lt; SetValueAsComboBox, set by clicking on the item in the list box &gt;
\0&lt;/a&gt;
W, 3980, 15, 2013/06/26, 21:10:33.478, 134721182864, QTAgent32.exe, &lt;a class=success&gt;Playback - {13} [SUCCESS] MouseButtonClick - "[MSAA, VisibleOnly]ControlType='Button' &amp;&amp; Name='Copy all to:'"
\0&lt;/a&gt;
W, 3980, 15, 2013/06/26, 21:10:33.717, 134721881198, QTAgent32.exe, &lt;a class=success&gt;Playback - {14} [SUCCESS] MouseButtonClick - "[MSAA, VisibleOnly]ControlType='Button' &amp;&amp; Name='clear'"
\0&lt;/a&gt;
W, 3980, 15, 2013/06/26, 21:10:34.200, 134723292856, QTAgent32.exe, &lt;a class=success&gt;Playback - {15} [SUCCESS] SetValueAsEditBox "bas" - "[MSAA, VisibleOnly]ControlType='Edit' &amp;&amp; Name='Adressbook Name: sample'"  &lt; Set via SendKeys &gt;
\0&lt;/a&gt;
W, 3980, 15, 2013/06/26, 21:10:34.435, 134723979570, QTAgent32.exe, &lt;a class=success&gt;Playback - {16} [SUCCESS] MouseButtonClick - "[MSAA, VisibleOnly]ControlType='Button' &amp;&amp; Name='Search'"
\0&lt;/a&gt;
W, 3980, 15, 2013/06/26, 21:10:34.996, 134725619291, QTAgent32.exe, &lt;a class=success&gt;Playback - {17} [SUCCESS] MouseButtonClick - "[MSAA, VisibleOnly]ControlType='Button' &amp;&amp; Name='Remove all'"
\0&lt;/a&gt;
W, 3980, 15, 2013/06/26, 21:10:35.235, 134726318089, QTAgent32.exe, &lt;a class=success&gt;Playback - {18} [SUCCESS] MouseButtonClick - "[MSAA, VisibleOnly]ControlType='Button' &amp;&amp; Name='clear'"
\0&lt;/a&gt;
W, 3980, 15, 2013/06/26, 21:10:35.493, 134727074102, QTAgent32.exe, &lt;a class=success&gt;Playback - {19} [SUCCESS] MouseButtonClick - "[MSAA, VisibleOnly]ControlType='Button' &amp;&amp; Name='Search'"
\0&lt;/a&gt;
W, 3980, 15, 2013/06/26, 21:10:35.739, 134727788535, QTAgent32.exe, IEDOM : StopSession of the plugin called before StartSession
W, 3980, 15, 2013/06/26, 21:10:35.739, 134727788778, QTAgent32.exe, UIA : StopSession of the plugin called before StartSession
</DebugTrace>
      </Output>
    </UnitTestResult>
    <UnitTestResult executionId="5801a54b-cfe0-4a34-9097-ae18d8d1e869" testId="04cdc5c6-7caa-c214-3fde-ec3b17b314d1" testName="TestAddAdressbook" computerName="BAS-PC" duration="00:00:22.3728263" startTime="2013-06-26T21:10:35.7530056+02:00" endTime="2013-06-26T21:10:58.1302855+02:00" testType="13cdc9d9-ddb5-4fa4-a97d-d965ccfc6d4b" outcome="Passed" testListId="8c84fa94-04c1-424b-9868-57a2d4851a1d" relativeResultsDirectory="5801a54b-cfe0-4a34-9097-ae18d8d1e869">
      <Output>
        <DebugTrace>W, 3980, 23, 2013/06/26, 21:10:36.300, 134729430444, QTAgent32.exe, FindScreenElementInSinglePass : Attempting to find control in one pass of search. Failures can occur.
W, 3980, 23, 2013/06/26, 21:10:37.336, 134732456307, QTAgent32.exe, Playback - [WARNING] Internal warning:Search failure: [MSAA, VisibleOnly]ControlType='MenuBar' | [MSAA]ControlType='MenuItem' &amp;&amp; Name='Adressbooks' | Performed (2) search retries, UI element not found
\0
E, 3980, 23, 2013/06/26, 21:10:37.336, 134732456773, QTAgent32.exe, &lt;a class=failure&gt;Playback - {1} [FAILED] Function ElementFetcher::FindScreenElement failed to locate UI element (Searching: ;[MSAA, VisibleOnly]ControlType='MenuBar';[MSAA]ControlType='MenuItem' &amp;&amp; Name='Adressbooks';[MSAA]ControlType='MenuItem' &amp;&amp; Name='Add Adressbook') (Het opgegeven object is niet gevonden.)
\0&lt;/a&gt;
E, 3980, 23, 2013/06/26, 21:10:37.405, 134732658035, QTAgent32.exe, Playback - [IMAGE] C:\Users\Bas\AppData\Local\Temp\UITestLogs\LastRun\RPF510A.png
\0
W, 3980, 23, 2013/06/26, 21:10:37.405, 134732658472, QTAgent32.exe, Playback - [WARNING] Internal warning: Couldn't find descendants that match QueryId
\0
W, 3980, 23, 2013/06/26, 21:10:37.405, 134732659580, QTAgent32.exe, PERF WARNING: FindAllDescendents: took 1093 ms. Expected it to take maximum 500 ms.
W, 3980, 23, 2013/06/26, 21:10:37.405, 134732660094, QTAgent32.exe, FindScreenElementInSinglePass : Attempting to find control in one pass of search. Failures can occur.
W, 3980, 23, 2013/06/26, 21:10:37.422, 134732708771, QTAgent32.exe, FindScreenElementInSinglePass : Attempting to find control in one pass of search. Failures can occur.
W, 3980, 23, 2013/06/26, 21:10:37.945, 134734237459, QTAgent32.exe, Playback - [WARNING] Internal warning: Target element "[MSAA]ControlType='MenuItem' &amp;&amp; Name='Adressbooks'" was not found, so all intermediate elements were ignored. An incorrect element that matches target element Id can be found as the result.  Verify that all intermediate elements in QueryId have valid and unique Ids
\0
W, 3980, 23, 2013/06/26, 21:10:39.459, 134738664412, QTAgent32.exe, Playback - [WARNING] Internal warning:Search failure: [MSAA]ControlType='MenuItem' &amp;&amp; Name='Adressbooks' | Performed (2) search retries, UI element not found
\0
E, 3980, 23, 2013/06/26, 21:10:39.459, 134738664847, QTAgent32.exe, &lt;a class=failure&gt;Playback - {2} [FAILED] Function ElementFetcher::FindScreenElement failed to locate UI element (Searching: ;[MSAA]ControlType='MenuItem' &amp;&amp; Name='Adressbooks') (Het opgegeven object is niet gevonden.)
\0&lt;/a&gt;
E, 3980, 23, 2013/06/26, 21:10:39.536, 134738889492, QTAgent32.exe, Playback - [IMAGE] C:\Users\Bas\AppData\Local\Temp\UITestLogs\LastRun\RPF5964.png
\0
W, 3980, 23, 2013/06/26, 21:10:39.536, 134738889891, QTAgent32.exe, Playback - [WARNING] Internal warning: Couldn't find descendants that match QueryId
\0
W, 3980, 23, 2013/06/26, 21:10:39.537, 134738890385, QTAgent32.exe, PERF WARNING: FindAllDescendents: took 2104 ms. Expected it to take maximum 500 ms.
W, 3980, 23, 2013/06/26, 21:10:41.075, 134743388675, QTAgent32.exe, Playback - [WARNING] Internal warning: Target element "[MSAA]ControlType='MenuItem' &amp;&amp; Name='Adressbooks'" was not found, so all intermediate elements were ignored. An incorrect element that matches target element Id can be found as the result.  Verify that all intermediate elements in QueryId have valid and unique Ids
\0
W, 3980, 23, 2013/06/26, 21:10:41.686, 134745172554, QTAgent32.exe, Playback - [WARNING] Internal warning: 2 UI elements have the same ElementIds.  Use "Instance = 'n'" to avoid this warning for: [MSAA, VisibleOnly]ControlType='MenuBar'
\0
W, 3980, 23, 2013/06/26, 21:10:41.798, 134745501313, QTAgent32.exe, PERF WARNING: FindAllDescendents: took 2250 ms. Expected it to take maximum 500 ms.
W, 3980, 23, 2013/06/26, 21:10:41.952, 134745950514, QTAgent32.exe, &lt;a class=success&gt;Playback - {3} [SUCCESS] LeftButtonClick  &lt; Mouse cursor location (358, 92) &gt;
\0&lt;/a&gt;
W, 3980, 23, 2013/06/26, 21:10:42.076, 134746312629, QTAgent32.exe, &lt;a class=success&gt;Playback - {4} [SUCCESS] LeftButtonClick - "[MSAA]ControlType='MenuItem' &amp;&amp; Name='Adressbooks'"  &lt; Mouse cursor location (107, 92) &gt;
\0&lt;/a&gt;
W, 3980, 23, 2013/06/26, 21:10:42.398, 134747253769, QTAgent32.exe, &lt;a class=success&gt;Playback - {5} [SUCCESS] MouseButtonClick - "[MSAA]ControlType='MenuItem' &amp;&amp; Name='Add Adressbook'"
\0&lt;/a&gt;
W, 3980, 23, 2013/06/26, 21:10:43.596, 134750757068, QTAgent32.exe, &lt;a class=success&gt;Playback - {6} [SUCCESS] SetValueAsEditBox "eenveeeltelangeenaaaaaaaaaaaaaaaaam" - "[MSAA, VisibleOnly]ControlType='Edit' &amp;&amp; Name='Adressbook Name:'"  &lt; Set via SendKeys &gt;
\0&lt;/a&gt;
W, 3980, 23, 2013/06/26, 21:10:43.910, 134751673877, QTAgent32.exe, &lt;a class=success&gt;Playback - {7} [SUCCESS] MouseButtonClick - "[MSAA, VisibleOnly]ControlType='Button' &amp;&amp; Name='Create Adressbook'"
\0&lt;/a&gt;
W, 3980, 23, 2013/06/26, 21:10:44.139, 134752343361, QTAgent32.exe, &lt;a class=success&gt;Playback - {8} [SUCCESS] MouseButtonClick - "[MSAA, VisibleOnly]ControlType='Button' &amp;&amp; Name='OK'"
\0&lt;/a&gt;
W, 3980, 23, 2013/06/26, 21:10:44.239, 134752636143, QTAgent32.exe, FindScreenElementInSinglePass : Attempting to find control in one pass of search. Failures can occur.
W, 3980, 23, 2013/06/26, 21:10:45.267, 134755640303, QTAgent32.exe, Playback - [WARNING] Internal warning:Search failure: [MSAA, VisibleOnly]ControlType='MenuBar' | [MSAA]ControlType='MenuItem' &amp;&amp; Name='Adressbooks' | Performed (2) search retries, UI element not found
\0
E, 3980, 23, 2013/06/26, 21:10:45.267, 134755640815, QTAgent32.exe, &lt;a class=failure&gt;Playback - {9} [FAILED] Function ElementFetcher::FindScreenElement failed to locate UI element (Searching: ;[MSAA, VisibleOnly]ControlType='MenuBar';[MSAA]ControlType='MenuItem' &amp;&amp; Name='Adressbooks';[MSAA]ControlType='MenuItem' &amp;&amp; Name='Add Adressbook') (Het opgegeven object is niet gevonden.)
\0&lt;/a&gt;
E, 3980, 23, 2013/06/26, 21:10:45.356, 134755900328, QTAgent32.exe, Playback - [IMAGE] C:\Users\Bas\AppData\Local\Temp\UITestLogs\LastRun\RPF7011.png
\0
W, 3980, 23, 2013/06/26, 21:10:45.356, 134755900695, QTAgent32.exe, Playback - [WARNING] Internal warning: Couldn't find descendants that match QueryId
\0
W, 3980, 23, 2013/06/26, 21:10:45.356, 134755901188, QTAgent32.exe, PERF WARNING: FindAllDescendents: took 1106 ms. Expected it to take maximum 500 ms.
W, 3980, 23, 2013/06/26, 21:10:45.356, 134755901521, QTAgent32.exe, FindScreenElementInSinglePass : Attempting to find control in one pass of search. Failures can occur.
W, 3980, 23, 2013/06/26, 21:10:45.372, 134755949647, QTAgent32.exe, FindScreenElementInSinglePass : Attempting to find control in one pass of search. Failures can occur.
W, 3980, 23, 2013/06/26, 21:10:45.895, 134757478573, QTAgent32.exe, Playback - [WARNING] Internal warning: Target element "[MSAA]ControlType='MenuItem' &amp;&amp; Name='Adressbooks'" was not found, so all intermediate elements were ignored. An incorrect element that matches target element Id can be found as the result.  Verify that all intermediate elements in QueryId have valid and unique Ids
\0
W, 3980, 23, 2013/06/26, 21:10:47.415, 134761921593, QTAgent32.exe, Playback - [WARNING] Internal warning:Search failure: [MSAA]ControlType='MenuItem' &amp;&amp; Name='Adressbooks' | Performed (2) search retries, UI element not found
\0
E, 3980, 23, 2013/06/26, 21:10:47.415, 134761922043, QTAgent32.exe, &lt;a class=failure&gt;Playback - {10} [FAILED] Function ElementFetcher::FindScreenElement failed to locate UI element (Searching: ;[MSAA]ControlType='MenuItem' &amp;&amp; Name='Adressbooks') (Het opgegeven object is niet gevonden.)
\0&lt;/a&gt;
E, 3980, 23, 2013/06/26, 21:10:47.486, 134762127434, QTAgent32.exe, Playback - [IMAGE] C:\Users\Bas\AppData\Local\Temp\UITestLogs\LastRun\RPF787A.png
\0
W, 3980, 23, 2013/06/26, 21:10:47.486, 134762127846, QTAgent32.exe, Playback - [WARNING] Internal warning: Couldn't find descendants that match QueryId
\0
W, 3980, 23, 2013/06/26, 21:10:47.486, 134762128414, QTAgent32.exe, PERF WARNING: FindAllDescendents: took 2103 ms. Expected it to take maximum 500 ms.
W, 3980, 23, 2013/06/26, 21:10:49.026, 134766628885, QTAgent32.exe, Playback - [WARNING] Internal warning: Target element "[MSAA]ControlType='MenuItem' &amp;&amp; Name='Adressbooks'" was not found, so all intermediate elements were ignored. An incorrect element that matches target element Id can be found as the result.  Verify that all intermediate elements in QueryId have valid and unique Ids
\0
W, 3980, 23, 2013/06/26, 21:10:49.593, 134768288485, QTAgent32.exe, Playback - [WARNING] Internal warning: 2 UI elements have the same ElementIds.  Use "Instance = 'n'" to avoid this warning for: [MSAA, VisibleOnly]ControlType='MenuBar'
\0
W, 3980, 23, 2013/06/26, 21:10:49.668, 134768505527, QTAgent32.exe, PERF WARNING: FindAllDescendents: took 2170 ms. Expected it to take maximum 500 ms.
W, 3980, 23, 2013/06/26, 21:10:49.817, 134768942040, QTAgent32.exe, &lt;a class=success&gt;Playback - {11} [SUCCESS] LeftButtonClick  &lt; Mouse cursor location (358, 92) &gt;
\0&lt;/a&gt;
W, 3980, 23, 2013/06/26, 21:10:49.940, 134769301004, QTAgent32.exe, &lt;a class=success&gt;Playback - {12} [SUCCESS] LeftButtonClick - "[MSAA]ControlType='MenuItem' &amp;&amp; Name='Adressbooks'"  &lt; Mouse cursor location (107, 92) &gt;
\0&lt;/a&gt;
W, 3980, 23, 2013/06/26, 21:10:50.205, 134770075399, QTAgent32.exe, &lt;a class=success&gt;Playback - {13} [SUCCESS] MouseButtonClick - "[MSAA]ControlType='MenuItem' &amp;&amp; Name='Add Adressbook'"
\0&lt;/a&gt;
W, 3980, 23, 2013/06/26, 21:10:50.503, 134770946631, QTAgent32.exe, &lt;a class=success&gt;Playback - {14} [SUCCESS] SendKeys "^{HOME}" - "[MSAA, VisibleOnly]ControlType='Edit' &amp;&amp; Name='Adressbook Name:'"
\0&lt;/a&gt;
E, 3980, 23, 2013/06/26, 21:10:50.505, 134770951996, QTAgent32.exe, Msaa.GetFocusedElement: could not find accessible object of foreground window
W, 3980, 23, 2013/06/26, 21:10:50.581, 134771174906, QTAgent32.exe, &lt;a class=success&gt;Playback - {15} [SUCCESS] SendKeys "^+{END}" - "[MSAA, VisibleOnly]ControlType='Edit' &amp;&amp; Name='Adressbook Name:'"
\0&lt;/a&gt;
E, 3980, 23, 2013/06/26, 21:10:50.581, 134771175417, QTAgent32.exe, Msaa.GetFocusedElement: could not find accessible object of foreground window
W, 3980, 23, 2013/06/26, 21:10:50.612, 134771265549, QTAgent32.exe, &lt;a class=success&gt;Playback - {16} [SUCCESS] SendKeys "{DELETE}" - "[MSAA, VisibleOnly]ControlType='Edit' &amp;&amp; Name='Adressbook Name:'"
\0&lt;/a&gt;
W, 3980, 23, 2013/06/26, 21:10:50.861, 134771994389, QTAgent32.exe, &lt;a class=success&gt;Playback - {17} [SUCCESS] SetValueAsEditBox "Test" - "[MSAA, VisibleOnly]ControlType='Edit' &amp;&amp; Name='Adressbook Name:'"  &lt; Set via SendKeys &gt;
\0&lt;/a&gt;
W, 3980, 23, 2013/06/26, 21:10:51.095, 134772677264, QTAgent32.exe, &lt;a class=success&gt;Playback - {18} [SUCCESS] MouseButtonClick - "[MSAA, VisibleOnly]ControlType='Button' &amp;&amp; Name='Create Adressbook'"
\0&lt;/a&gt;
W, 3980, 23, 2013/06/26, 21:10:51.195, 134772970105, QTAgent32.exe, FindScreenElementInSinglePass : Attempting to find control in one pass of search. Failures can occur.
W, 3980, 23, 2013/06/26, 21:10:52.223, 134775974207, QTAgent32.exe, Playback - [WARNING] Internal warning:Search failure: [MSAA, VisibleOnly]ControlType='MenuBar' | [MSAA]ControlType='MenuItem' &amp;&amp; Name='Adressbooks' | Performed (2) search retries, UI element not found
\0
E, 3980, 23, 2013/06/26, 21:10:52.223, 134775974707, QTAgent32.exe, &lt;a class=failure&gt;Playback - {19} [FAILED] Function ElementFetcher::FindScreenElement failed to locate UI element (Searching: ;[MSAA, VisibleOnly]ControlType='MenuBar';[MSAA]ControlType='MenuItem' &amp;&amp; Name='Adressbooks';[MSAA]ControlType='MenuItem' &amp;&amp; Name='Add Adressbook') (Het opgegeven object is niet gevonden.)
\0&lt;/a&gt;
E, 3980, 23, 2013/06/26, 21:10:52.305, 134776214027, QTAgent32.exe, Playback - [IMAGE] C:\Users\Bas\AppData\Local\Temp\UITestLogs\LastRun\RPF8B40.png
\0
W, 3980, 23, 2013/06/26, 21:10:52.305, 134776214508, QTAgent32.exe, Playback - [WARNING] Internal warning: Couldn't find descendants that match QueryId
\0
W, 3980, 23, 2013/06/26, 21:10:52.305, 134776215031, QTAgent32.exe, PERF WARNING: FindAllDescendents: took 1099 ms. Expected it to take maximum 500 ms.
W, 3980, 23, 2013/06/26, 21:10:52.305, 134776215374, QTAgent32.exe, FindScreenElementInSinglePass : Attempting to find control in one pass of search. Failures can occur.
W, 3980, 23, 2013/06/26, 21:10:52.322, 134776263587, QTAgent32.exe, FindScreenElementInSinglePass : Attempting to find control in one pass of search. Failures can occur.
W, 3980, 23, 2013/06/26, 21:10:52.843, 134777787593, QTAgent32.exe, Playback - [WARNING] Internal warning: Target element "[MSAA]ControlType='MenuItem' &amp;&amp; Name='Adressbooks'" was not found, so all intermediate elements were ignored. An incorrect element that matches target element Id can be found as the result.  Verify that all intermediate elements in QueryId have valid and unique Ids
\0
W, 3980, 23, 2013/06/26, 21:10:54.359, 134782217570, QTAgent32.exe, Playback - [WARNING] Internal warning:Search failure: [MSAA]ControlType='MenuItem' &amp;&amp; Name='Adressbooks' | Performed (2) search retries, UI element not found
\0
E, 3980, 23, 2013/06/26, 21:10:54.360, 134782218014, QTAgent32.exe, &lt;a class=failure&gt;Playback - {20} [FAILED] Function ElementFetcher::FindScreenElement failed to locate UI element (Searching: ;[MSAA]ControlType='MenuItem' &amp;&amp; Name='Adressbooks') (Het opgegeven object is niet gevonden.)
\0&lt;/a&gt;
E, 3980, 23, 2013/06/26, 21:10:54.437, 134782444469, QTAgent32.exe, Playback - [IMAGE] C:\Users\Bas\AppData\Local\Temp\UITestLogs\LastRun\RPF939A.png
\0
W, 3980, 23, 2013/06/26, 21:10:54.437, 134782444839, QTAgent32.exe, Playback - [WARNING] Internal warning: Couldn't find descendants that match QueryId
\0
W, 3980, 23, 2013/06/26, 21:10:54.437, 134782445326, QTAgent32.exe, PERF WARNING: FindAllDescendents: took 2105 ms. Expected it to take maximum 500 ms.
W, 3980, 23, 2013/06/26, 21:10:55.992, 134786990045, QTAgent32.exe, Playback - [WARNING] Internal warning: Target element "[MSAA]ControlType='MenuItem' &amp;&amp; Name='Adressbooks'" was not found, so all intermediate elements were ignored. An incorrect element that matches target element Id can be found as the result.  Verify that all intermediate elements in QueryId have valid and unique Ids
\0
W, 3980, 23, 2013/06/26, 21:10:56.774, 134789276156, QTAgent32.exe, Playback - [WARNING] Internal warning: 2 UI elements have the same ElementIds.  Use "Instance = 'n'" to avoid this warning for: [MSAA, VisibleOnly]ControlType='MenuBar'
\0
W, 3980, 23, 2013/06/26, 21:10:56.962, 134789826142, QTAgent32.exe, PERF WARNING: FindAllDescendents: took 2514 ms. Expected it to take maximum 500 ms.
W, 3980, 23, 2013/06/26, 21:10:57.112, 134790263636, QTAgent32.exe, &lt;a class=success&gt;Playback - {21} [SUCCESS] LeftButtonClick  &lt; Mouse cursor location (358, 92) &gt;
\0&lt;/a&gt;
W, 3980, 23, 2013/06/26, 21:10:57.262, 134790704084, QTAgent32.exe, &lt;a class=success&gt;Playback - {22} [SUCCESS] LeftButtonClick - "[MSAA]ControlType='MenuItem' &amp;&amp; Name='Adressbooks'"  &lt; Mouse cursor location (107, 92) &gt;
\0&lt;/a&gt;
W, 3980, 23, 2013/06/26, 21:10:57.646, 134791824226, QTAgent32.exe, &lt;a class=success&gt;Playback - {23} [SUCCESS] MouseButtonClick - "[MSAA]ControlType='MenuItem' &amp;&amp; Name='Add Adressbook'"
\0&lt;/a&gt;
W, 3980, 23, 2013/06/26, 21:10:57.906, 134792584789, QTAgent32.exe, &lt;a class=success&gt;Playback - {24} [SUCCESS] MouseButtonClick - "[MSAA, VisibleOnly]ControlType='Button' &amp;&amp; Name='Create Adressbook'"
\0&lt;/a&gt;
W, 3980, 23, 2013/06/26, 21:10:58.129, 134793237305, QTAgent32.exe, IEDOM : StopSession of the plugin called before StartSession
W, 3980, 23, 2013/06/26, 21:10:58.129, 134793237564, QTAgent32.exe, UIA : StopSession of the plugin called before StartSession
</DebugTrace>
      </Output>
    </UnitTestResult>
    <UnitTestResult executionId="dadd2db5-7144-4634-9b48-29309ef022f8" testId="19945944-a8d7-5865-9d24-bb159a9f92f7" testName="TestRemove" computerName="BAS-PC" duration="00:00:01.4682896" startTime="2013-06-26T21:10:58.1312855+02:00" endTime="2013-06-26T21:10:59.6023697+02:00" testType="13cdc9d9-ddb5-4fa4-a97d-d965ccfc6d4b" outcome="Passed" testListId="8c84fa94-04c1-424b-9868-57a2d4851a1d" relativeResultsDirectory="dadd2db5-7144-4634-9b48-29309ef022f8">
      <Output>
        <DebugTrace>W, 3980, 18, 2013/06/26, 21:10:58.870, 134795402609, QTAgent32.exe, &lt;a class=success&gt;Playback - {1} [SUCCESS] MouseButtonClick - "[MSAA, VisibleOnly]ControlType='Button' &amp;&amp; Name='View'"
\0&lt;/a&gt;
W, 3980, 18, 2013/06/26, 21:10:59.375, 134796878971, QTAgent32.exe, &lt;a class=success&gt;Playback - {2} [SUCCESS] MouseButtonClick - "[MSAA, VisibleOnly]ControlType='Button' &amp;&amp; Name='Remove all'"
\0&lt;/a&gt;
W, 3980, 18, 2013/06/26, 21:10:59.601, 134797539431, QTAgent32.exe, IEDOM : StopSession of the plugin called before StartSession
W, 3980, 18, 2013/06/26, 21:10:59.601, 134797539721, QTAgent32.exe, UIA : StopSession of the plugin called before StartSession
</DebugTrace>
      </Output>
    </UnitTestResult>
    <UnitTestResult executionId="f6d26d9f-a1c6-4cde-98f3-3541a3b95c7c" testId="b0e3743f-f45f-f807-d44f-c69c7a0f26fc" testName="TestSwitchingViews" computerName="BAS-PC" duration="00:00:14.4911735" startTime="2013-06-26T21:10:59.6033697+02:00" endTime="2013-06-26T21:11:14.0971987+02:00" testType="13cdc9d9-ddb5-4fa4-a97d-d965ccfc6d4b" outcome="Passed" testListId="8c84fa94-04c1-424b-9868-57a2d4851a1d" relativeResultsDirectory="f6d26d9f-a1c6-4cde-98f3-3541a3b95c7c">
      <Output>
        <DebugTrace>W, 3980, 31, 2013/06/26, 21:11:00.412, 134799910410, QTAgent32.exe, &lt;a class=success&gt;Playback - {1} [SUCCESS] MouseButtonClick - "[MSAA, VisibleOnly]ControlType='Button' &amp;&amp; Name='View'"
\0&lt;/a&gt;
W, 3980, 31, 2013/06/26, 21:11:00.512, 134800203638, QTAgent32.exe, FindScreenElementInSinglePass : Attempting to find control in one pass of search. Failures can occur.
W, 3980, 31, 2013/06/26, 21:11:01.560, 134803265401, QTAgent32.exe, Playback - [WARNING] Internal warning:Search failure: [MSAA, VisibleOnly]ControlType='MenuBar' | [MSAA]ControlType='MenuItem' &amp;&amp; Name='Adressbooks' | Performed (2) search retries, UI element not found
\0
E, 3980, 31, 2013/06/26, 21:11:01.560, 134803266214, QTAgent32.exe, &lt;a class=failure&gt;Playback - {2} [FAILED] Function ElementFetcher::FindScreenElement failed to locate UI element (Searching: ;[MSAA, VisibleOnly]ControlType='MenuBar';[MSAA]ControlType='MenuItem' &amp;&amp; Name='Adressbooks';[MSAA]ControlType='MenuItem' &amp;&amp; Name='Add Adressbook') (Het opgegeven object is niet gevonden.)
\0&lt;/a&gt;
E, 3980, 31, 2013/06/26, 21:11:01.673, 134803598131, QTAgent32.exe, Playback - [IMAGE] C:\Users\Bas\AppData\Local\Temp\UITestLogs\LastRun\RPFAFB3.png
\0
W, 3980, 31, 2013/06/26, 21:11:01.674, 134803598812, QTAgent32.exe, Playback - [WARNING] Internal warning: Couldn't find descendants that match QueryId
\0
W, 3980, 31, 2013/06/26, 21:11:01.674, 134803599649, QTAgent32.exe, PERF WARNING: FindAllDescendents: took 1143 ms. Expected it to take maximum 500 ms.
W, 3980, 31, 2013/06/26, 21:11:01.674, 134803600222, QTAgent32.exe, FindScreenElementInSinglePass : Attempting to find control in one pass of search. Failures can occur.
W, 3980, 31, 2013/06/26, 21:11:01.703, 134803683843, QTAgent32.exe, FindScreenElementInSinglePass : Attempting to find control in one pass of search. Failures can occur.
W, 3980, 31, 2013/06/26, 21:11:02.234, 134805236346, QTAgent32.exe, Playback - [WARNING] Internal warning: Target element "[MSAA]ControlType='MenuItem' &amp;&amp; Name='Adressbooks'" was not found, so all intermediate elements were ignored. An incorrect element that matches target element Id can be found as the result.  Verify that all intermediate elements in QueryId have valid and unique Ids
\0
W, 3980, 31, 2013/06/26, 21:11:03.762, 134809704076, QTAgent32.exe, Playback - [WARNING] Internal warning:Search failure: [MSAA]ControlType='MenuItem' &amp;&amp; Name='Adressbooks' | Performed (2) search retries, UI element not found
\0
E, 3980, 31, 2013/06/26, 21:11:03.762, 134809704843, QTAgent32.exe, &lt;a class=failure&gt;Playback - {3} [FAILED] Function ElementFetcher::FindScreenElement failed to locate UI element (Searching: ;[MSAA]ControlType='MenuItem' &amp;&amp; Name='Adressbooks') (Het opgegeven object is niet gevonden.)
\0&lt;/a&gt;
E, 3980, 31, 2013/06/26, 21:11:03.867, 134810011114, QTAgent32.exe, Playback - [IMAGE] C:\Users\Bas\AppData\Local\Temp\UITestLogs\LastRun\RPFB84C.png
\0
W, 3980, 31, 2013/06/26, 21:11:03.867, 134810011514, QTAgent32.exe, Playback - [WARNING] Internal warning: Couldn't find descendants that match QueryId
\0
W, 3980, 31, 2013/06/26, 21:11:03.868, 134810012072, QTAgent32.exe, PERF WARNING: FindAllDescendents: took 2153 ms. Expected it to take maximum 500 ms.
W, 3980, 31, 2013/06/26, 21:11:05.427, 134814569525, QTAgent32.exe, Playback - [WARNING] Internal warning: Target element "[MSAA]ControlType='MenuItem' &amp;&amp; Name='Adressbooks'" was not found, so all intermediate elements were ignored. An incorrect element that matches target element Id can be found as the result.  Verify that all intermediate elements in QueryId have valid and unique Ids
\0
W, 3980, 31, 2013/06/26, 21:11:06.193, 134816810197, QTAgent32.exe, Playback - [WARNING] Internal warning: 2 UI elements have the same ElementIds.  Use "Instance = 'n'" to avoid this warning for: [MSAA, VisibleOnly]ControlType='MenuBar'
\0
W, 3980, 31, 2013/06/26, 21:11:06.448, 134817555769, QTAgent32.exe, PERF WARNING: FindAllDescendents: took 2567 ms. Expected it to take maximum 500 ms.
W, 3980, 31, 2013/06/26, 21:11:06.598, 134817993846, QTAgent32.exe, &lt;a class=success&gt;Playback - {4} [SUCCESS] LeftButtonClick  &lt; Mouse cursor location (408, 142) &gt;
\0&lt;/a&gt;
W, 3980, 31, 2013/06/26, 21:11:06.741, 134818411747, QTAgent32.exe, &lt;a class=success&gt;Playback - {5} [SUCCESS] LeftButtonClick - "[MSAA]ControlType='MenuItem' &amp;&amp; Name='Adressbooks'"  &lt; Mouse cursor location (157, 142) &gt;
\0&lt;/a&gt;
W, 3980, 31, 2013/06/26, 21:11:07.206, 134819770171, QTAgent32.exe, &lt;a class=success&gt;Playback - {6} [SUCCESS] MouseButtonClick - "[MSAA]ControlType='MenuItem' &amp;&amp; Name='Add Adressbook'"
\0&lt;/a&gt;
W, 3980, 31, 2013/06/26, 21:11:07.307, 134820065857, QTAgent32.exe, FindScreenElementInSinglePass : Attempting to find control in one pass of search. Failures can occur.
W, 3980, 31, 2013/06/26, 21:11:08.354, 134823125775, QTAgent32.exe, Playback - [WARNING] Internal warning:Search failure: [MSAA, VisibleOnly]ControlType='MenuBar' | [MSAA]ControlType='MenuItem' &amp;&amp; Name='Adressbooks' | Performed (2) search retries, UI element not found
\0
E, 3980, 31, 2013/06/26, 21:11:08.354, 134823126602, QTAgent32.exe, &lt;a class=failure&gt;Playback - {7} [FAILED] Function ElementFetcher::FindScreenElement failed to locate UI element (Searching: ;[MSAA, VisibleOnly]ControlType='MenuBar';[MSAA]ControlType='MenuItem' &amp;&amp; Name='Adressbooks';[MSAA]ControlType='MenuItem' &amp;&amp; Name='View Adressbooks') (Het opgegeven object is niet gevonden.)
\0&lt;/a&gt;
E, 3980, 31, 2013/06/26, 21:11:08.459, 134823434755, QTAgent32.exe, Playback - [IMAGE] C:\Users\Bas\AppData\Local\Temp\UITestLogs\LastRun\RPFCA47.png
\0
W, 3980, 31, 2013/06/26, 21:11:08.459, 134823435197, QTAgent32.exe, Playback - [WARNING] Internal warning: Couldn't find descendants that match QueryId
\0
W, 3980, 31, 2013/06/26, 21:11:08.460, 134823435708, QTAgent32.exe, PERF WARNING: FindAllDescendents: took 1132 ms. Expected it to take maximum 500 ms.
W, 3980, 31, 2013/06/26, 21:11:08.460, 134823436041, QTAgent32.exe, FindScreenElementInSinglePass : Attempting to find control in one pass of search. Failures can occur.
W, 3980, 31, 2013/06/26, 21:11:08.477, 134823486946, QTAgent32.exe, FindScreenElementInSinglePass : Attempting to find control in one pass of search. Failures can occur.
W, 3980, 31, 2013/06/26, 21:11:09.005, 134825029278, QTAgent32.exe, Playback - [WARNING] Internal warning: Target element "[MSAA]ControlType='MenuItem' &amp;&amp; Name='Adressbooks'" was not found, so all intermediate elements were ignored. An incorrect element that matches target element Id can be found as the result.  Verify that all intermediate elements in QueryId have valid and unique Ids
\0
W, 3980, 31, 2013/06/26, 21:11:10.533, 134829497187, QTAgent32.exe, Playback - [WARNING] Internal warning:Search failure: [MSAA]ControlType='MenuItem' &amp;&amp; Name='Adressbooks' | Performed (2) search retries, UI element not found
\0
E, 3980, 31, 2013/06/26, 21:11:10.533, 134829497941, QTAgent32.exe, &lt;a class=failure&gt;Playback - {8} [FAILED] Function ElementFetcher::FindScreenElement failed to locate UI element (Searching: ;[MSAA]ControlType='MenuItem' &amp;&amp; Name='Adressbooks') (Het opgegeven object is niet gevonden.)
\0&lt;/a&gt;
E, 3980, 31, 2013/06/26, 21:11:10.626, 134829764489, QTAgent32.exe, Playback - [IMAGE] C:\Users\Bas\AppData\Local\Temp\UITestLogs\LastRun\RPFD2D0.png
\0
W, 3980, 31, 2013/06/26, 21:11:10.626, 134829764874, QTAgent32.exe, Playback - [WARNING] Internal warning: Couldn't find descendants that match QueryId
\0
W, 3980, 31, 2013/06/26, 21:11:10.626, 134829765372, QTAgent32.exe, PERF WARNING: FindAllDescendents: took 2138 ms. Expected it to take maximum 500 ms.
W, 3980, 31, 2013/06/26, 21:11:12.181, 134834311229, QTAgent32.exe, Playback - [WARNING] Internal warning: Target element "[MSAA]ControlType='MenuItem' &amp;&amp; Name='Adressbooks'" was not found, so all intermediate elements were ignored. An incorrect element that matches target element Id can be found as the result.  Verify that all intermediate elements in QueryId have valid and unique Ids
\0
W, 3980, 31, 2013/06/26, 21:11:12.799, 134836118651, QTAgent32.exe, Playback - [WARNING] Internal warning: 2 UI elements have the same ElementIds.  Use "Instance = 'n'" to avoid this warning for: [MSAA, VisibleOnly]ControlType='MenuBar'
\0
W, 3980, 31, 2013/06/26, 21:11:13.072, 134836916365, QTAgent32.exe, PERF WARNING: FindAllDescendents: took 2435 ms. Expected it to take maximum 500 ms.
W, 3980, 31, 2013/06/26, 21:11:13.220, 134837348393, QTAgent32.exe, &lt;a class=success&gt;Playback - {9} [SUCCESS] LeftButtonClick  &lt; Mouse cursor location (408, 142) &gt;
\0&lt;/a&gt;
W, 3980, 31, 2013/06/26, 21:11:13.364, 134837769572, QTAgent32.exe, &lt;a class=success&gt;Playback - {10} [SUCCESS] LeftButtonClick - "[MSAA]ControlType='MenuItem' &amp;&amp; Name='Adressbooks'"  &lt; Mouse cursor location (157, 142) &gt;
\0&lt;/a&gt;
W, 3980, 31, 2013/06/26, 21:11:13.878, 134839271007, QTAgent32.exe, &lt;a class=success&gt;Playback - {11} [SUCCESS] MouseButtonClick - "[MSAA]ControlType='MenuItem' &amp;&amp; Name='View Adressbooks'"
\0&lt;/a&gt;
W, 3980, 31, 2013/06/26, 21:11:14.096, 134839908211, QTAgent32.exe, IEDOM : StopSession of the plugin called before StartSession
W, 3980, 31, 2013/06/26, 21:11:14.096, 134839908477, QTAgent32.exe, UIA : StopSession of the plugin called before StartSession
</DebugTrace>
      </Output>
    </UnitTestResult>
    <UnitTestResult executionId="42c9ac9a-a724-4e2a-b803-4c05bbe7d0fb" testId="ecf14cdf-a816-c9c9-b486-338ae3a984be" testName="TestEmail" computerName="BAS-PC" duration="00:00:24.9726999" startTime="2013-06-26T21:11:14.0991988+02:00" endTime="2013-06-26T21:11:39.0756274+02:00" testType="13cdc9d9-ddb5-4fa4-a97d-d965ccfc6d4b" outcome="Passed" testListId="8c84fa94-04c1-424b-9868-57a2d4851a1d" relativeResultsDirectory="42c9ac9a-a724-4e2a-b803-4c05bbe7d0fb">
      <Output>
        <DebugTrace>W, 3980, 14, 2013/06/26, 21:11:14.853, 134842121819, QTAgent32.exe, &lt;a class=success&gt;Playback - {1} [SUCCESS] MouseButtonClick - "[MSAA, VisibleOnly]ControlType='Button' &amp;&amp; Name='View'"
\0&lt;/a&gt;
W, 3980, 14, 2013/06/26, 21:11:15.401, 134843722844, QTAgent32.exe, &lt;a class=success&gt;Playback - {2} [SUCCESS] SetValueAsEditBox "bas" - "[MSAA, VisibleOnly]ControlType='Edit'"  &lt; Set via SendKeys &gt;
\0&lt;/a&gt;
W, 3980, 14, 2013/06/26, 21:11:15.794, 134844872224, QTAgent32.exe, &lt;a class=success&gt;Playback - {3} [SUCCESS] MouseButtonClick - "[MSAA, VisibleOnly]ControlType='Button' &amp;&amp; Name='Add Contact'"
\0&lt;/a&gt;
W, 3980, 14, 2013/06/26, 21:11:16.037, 134845582613, QTAgent32.exe, &lt;a class=success&gt;Playback - {4} [SUCCESS] MouseButtonClick - "[MSAA, VisibleOnly]ControlType='Button' &amp;&amp; Name='OK'"
\0&lt;/a&gt;
W, 3980, 14, 2013/06/26, 21:11:16.394, 134846626093, QTAgent32.exe, &lt;a class=success&gt;Playback - {5} [SUCCESS] SendKeys "^{HOME}" - "[MSAA, VisibleOnly]ControlType='Edit'"
\0&lt;/a&gt;
E, 3980, 14, 2013/06/26, 21:11:16.394, 134846626545, QTAgent32.exe, Msaa.GetFocusedElement: could not find accessible object of foreground window
W, 3980, 14, 2013/06/26, 21:11:16.486, 134846895278, QTAgent32.exe, &lt;a class=success&gt;Playback - {6} [SUCCESS] SendKeys "^+{END}" - "[MSAA, VisibleOnly]ControlType='Edit'"
\0&lt;/a&gt;
E, 3980, 14, 2013/06/26, 21:11:16.486, 134846896034, QTAgent32.exe, Msaa.GetFocusedElement: could not find accessible object of foreground window
W, 3980, 14, 2013/06/26, 21:11:16.537, 134847045524, QTAgent32.exe, &lt;a class=success&gt;Playback - {7} [SUCCESS] SendKeys "{DELETE}" - "[MSAA, VisibleOnly]ControlType='Edit'"
\0&lt;/a&gt;
W, 3980, 14, 2013/06/26, 21:11:16.837, 134847920703, QTAgent32.exe, &lt;a class=success&gt;Playback - {8} [SUCCESS] SetValueAsEditBox "bas@@" - "[MSAA, VisibleOnly]ControlType='Edit'"  &lt; Set via SendKeys &gt;
\0&lt;/a&gt;
W, 3980, 14, 2013/06/26, 21:11:17.096, 134848678270, QTAgent32.exe, &lt;a class=success&gt;Playback - {9} [SUCCESS] MouseButtonClick - "[MSAA, VisibleOnly]ControlType='Button' &amp;&amp; Name='Add Contact'"
\0&lt;/a&gt;
W, 3980, 14, 2013/06/26, 21:11:17.343, 134849399972, QTAgent32.exe, &lt;a class=success&gt;Playback - {10} [SUCCESS] MouseButtonClick - "[MSAA, VisibleOnly]ControlType='Button' &amp;&amp; Name='OK'"
\0&lt;/a&gt;
W, 3980, 14, 2013/06/26, 21:11:17.660, 134850327233, QTAgent32.exe, &lt;a class=success&gt;Playback - {11} [SUCCESS] SendKeys "^{HOME}" - "[MSAA, VisibleOnly]ControlType='Edit'"
\0&lt;/a&gt;
E, 3980, 14, 2013/06/26, 21:11:17.660, 134850327985, QTAgent32.exe, Msaa.GetFocusedElement: could not find accessible object of foreground window
W, 3980, 14, 2013/06/26, 21:11:17.753, 134850599073, QTAgent32.exe, &lt;a class=success&gt;Playback - {12} [SUCCESS] SendKeys "^+{END}" - "[MSAA, VisibleOnly]ControlType='Edit'"
\0&lt;/a&gt;
E, 3980, 14, 2013/06/26, 21:11:17.753, 134850599815, QTAgent32.exe, Msaa.GetFocusedElement: could not find accessible object of foreground window
W, 3980, 14, 2013/06/26, 21:11:17.802, 134850742904, QTAgent32.exe, &lt;a class=success&gt;Playback - {13} [SUCCESS] SendKeys "{DELETE}" - "[MSAA, VisibleOnly]ControlType='Edit'"
\0&lt;/a&gt;
W, 3980, 14, 2013/06/26, 21:11:18.201, 134851907943, QTAgent32.exe, &lt;a class=success&gt;Playback - {14} [SUCCESS] SetValueAsEditBox "bas@@blabla" - "[MSAA, VisibleOnly]ControlType='Edit'"  &lt; Set via SendKeys &gt;
\0&lt;/a&gt;
W, 3980, 14, 2013/06/26, 21:11:18.449, 134852633445, QTAgent32.exe, &lt;a class=success&gt;Playback - {15} [SUCCESS] MouseButtonClick - "[MSAA, VisibleOnly]ControlType='Button' &amp;&amp; Name='Add Contact'"
\0&lt;/a&gt;
E, 3980, 14, 2013/06/26, 21:11:18.549, 134852925614, QTAgent32.exe, GetClassName for handle 8455866 failed
W, 3980, 14, 2013/06/26, 21:11:18.693, 134853346588, QTAgent32.exe, &lt;a class=success&gt;Playback - {16} [SUCCESS] MouseButtonClick - "[MSAA, VisibleOnly]ControlType='Button' &amp;&amp; Name='OK'"
\0&lt;/a&gt;
W, 3980, 14, 2013/06/26, 21:11:19.004, 134854255783, QTAgent32.exe, &lt;a class=success&gt;Playback - {17} [SUCCESS] SendKeys "^{HOME}" - "[MSAA, VisibleOnly]ControlType='Edit'"
\0&lt;/a&gt;
E, 3980, 14, 2013/06/26, 21:11:19.004, 134854256340, QTAgent32.exe, Msaa.GetFocusedElement: could not find accessible object of foreground window
W, 3980, 14, 2013/06/26, 21:11:19.095, 134854522034, QTAgent32.exe, &lt;a class=success&gt;Playback - {18} [SUCCESS] SendKeys "^+{END}" - "[MSAA, VisibleOnly]ControlType='Edit'"
\0&lt;/a&gt;
E, 3980, 14, 2013/06/26, 21:11:19.095, 134854522797, QTAgent32.exe, Msaa.GetFocusedElement: could not find accessible object of foreground window
W, 3980, 14, 2013/06/26, 21:11:19.148, 134854675869, QTAgent32.exe, &lt;a class=success&gt;Playback - {19} [SUCCESS] SendKeys "{DELETE}" - "[MSAA, VisibleOnly]ControlType='Edit'"
\0&lt;/a&gt;
W, 3980, 14, 2013/06/26, 21:11:19.564, 134855891966, QTAgent32.exe, &lt;a class=success&gt;Playback - {20} [SUCCESS] SetValueAsEditBox "bas@bla./nl" - "[MSAA, VisibleOnly]ControlType='Edit'"  &lt; Set via SendKeys &gt;
\0&lt;/a&gt;
W, 3980, 14, 2013/06/26, 21:11:19.819, 134856638177, QTAgent32.exe, &lt;a class=success&gt;Playback - {21} [SUCCESS] MouseButtonClick - "[MSAA, VisibleOnly]ControlType='Button' &amp;&amp; Name='Add Contact'"
\0&lt;/a&gt;
E, 3980, 14, 2013/06/26, 21:11:19.919, 134856930535, QTAgent32.exe, GetClassName for handle 10160340 failed
W, 3980, 14, 2013/06/26, 21:11:20.061, 134857345457, QTAgent32.exe, &lt;a class=success&gt;Playback - {22} [SUCCESS] MouseButtonClick - "[MSAA, VisibleOnly]ControlType='Button' &amp;&amp; Name='OK'"
\0&lt;/a&gt;
W, 3980, 14, 2013/06/26, 21:11:20.379, 134858275201, QTAgent32.exe, &lt;a class=success&gt;Playback - {23} [SUCCESS] SendKeys "^{HOME}" - "[MSAA, VisibleOnly]ControlType='Edit'"
\0&lt;/a&gt;
E, 3980, 14, 2013/06/26, 21:11:20.379, 134858275677, QTAgent32.exe, Msaa.GetFocusedElement: could not find accessible object of foreground window
W, 3980, 14, 2013/06/26, 21:11:20.466, 134858529927, QTAgent32.exe, &lt;a class=success&gt;Playback - {24} [SUCCESS] SendKeys "^+{END}" - "[MSAA, VisibleOnly]ControlType='Edit'"
\0&lt;/a&gt;
E, 3980, 14, 2013/06/26, 21:11:20.466, 134858530677, QTAgent32.exe, Msaa.GetFocusedElement: could not find accessible object of foreground window
W, 3980, 14, 2013/06/26, 21:11:20.517, 134858679124, QTAgent32.exe, &lt;a class=success&gt;Playback - {25} [SUCCESS] SendKeys "{DELETE}" - "[MSAA, VisibleOnly]ControlType='Edit'"
\0&lt;/a&gt;
W, 3980, 14, 2013/06/26, 21:11:20.917, 134859849799, QTAgent32.exe, &lt;a class=success&gt;Playback - {26} [SUCCESS] SetValueAsEditBox "bas@bla...nl" - "[MSAA, VisibleOnly]ControlType='Edit'"  &lt; Set via SendKeys &gt;
\0&lt;/a&gt;
W, 3980, 14, 2013/06/26, 21:11:21.180, 134860616768, QTAgent32.exe, &lt;a class=success&gt;Playback - {27} [SUCCESS] MouseButtonClick - "[MSAA, VisibleOnly]ControlType='Button' &amp;&amp; Name='Add Contact'"
\0&lt;/a&gt;
E, 3980, 14, 2013/06/26, 21:11:21.280, 134860909054, QTAgent32.exe, GetClassName for handle 8586938 failed
W, 3980, 14, 2013/06/26, 21:11:21.422, 134861324019, QTAgent32.exe, &lt;a class=success&gt;Playback - {28} [SUCCESS] MouseButtonClick - "[MSAA, VisibleOnly]ControlType='Button' &amp;&amp; Name='OK'"
\0&lt;/a&gt;
W, 3980, 14, 2013/06/26, 21:11:21.738, 134862247960, QTAgent32.exe, &lt;a class=success&gt;Playback - {29} [SUCCESS] SendKeys "^{HOME}" - "[MSAA, VisibleOnly]ControlType='Edit'"
\0&lt;/a&gt;
E, 3980, 14, 2013/06/26, 21:11:21.738, 134862248700, QTAgent32.exe, Msaa.GetFocusedElement: could not find accessible object of foreground window
W, 3980, 14, 2013/06/26, 21:11:21.823, 134862496543, QTAgent32.exe, &lt;a class=success&gt;Playback - {30} [SUCCESS] SendKeys "^+{END}" - "[MSAA, VisibleOnly]ControlType='Edit'"
\0&lt;/a&gt;
E, 3980, 14, 2013/06/26, 21:11:21.823, 134862497269, QTAgent32.exe, Msaa.GetFocusedElement: could not find accessible object of foreground window
W, 3980, 14, 2013/06/26, 21:11:21.871, 134862637175, QTAgent32.exe, &lt;a class=success&gt;Playback - {31} [SUCCESS] SendKeys "{DELETE}" - "[MSAA, VisibleOnly]ControlType='Edit'"
\0&lt;/a&gt;
W, 3980, 14, 2013/06/26, 21:11:22.315, 134863933949, QTAgent32.exe, &lt;a class=success&gt;Playback - {32} [SUCCESS] SetValueAsEditBox "b..as@bla...nl" - "[MSAA, VisibleOnly]ControlType='Edit'"  &lt; Set via SendKeys &gt;
\0&lt;/a&gt;
W, 3980, 14, 2013/06/26, 21:11:22.571, 134864683213, QTAgent32.exe, &lt;a class=success&gt;Playback - {33} [SUCCESS] MouseButtonClick - "[MSAA, VisibleOnly]ControlType='Button' &amp;&amp; Name='Add Contact'"
\0&lt;/a&gt;
E, 3980, 14, 2013/06/26, 21:11:22.671, 134864975208, QTAgent32.exe, GetClassName for handle 10291412 failed
W, 3980, 14, 2013/06/26, 21:11:22.821, 134865413700, QTAgent32.exe, &lt;a class=success&gt;Playback - {34} [SUCCESS] MouseButtonClick - "[MSAA, VisibleOnly]ControlType='Button' &amp;&amp; Name='OK'"
\0&lt;/a&gt;
W, 3980, 14, 2013/06/26, 21:11:23.142, 134866351922, QTAgent32.exe, &lt;a class=success&gt;Playback - {35} [SUCCESS] SendKeys "^{HOME}" - "[MSAA, VisibleOnly]ControlType='Edit'"
\0&lt;/a&gt;
E, 3980, 14, 2013/06/26, 21:11:23.142, 134866352365, QTAgent32.exe, Msaa.GetFocusedElement: could not find accessible object of foreground window
W, 3980, 14, 2013/06/26, 21:11:23.230, 134866609480, QTAgent32.exe, &lt;a class=success&gt;Playback - {36} [SUCCESS] SendKeys "^+{END}" - "[MSAA, VisibleOnly]ControlType='Edit'"
\0&lt;/a&gt;
E, 3980, 14, 2013/06/26, 21:11:23.230, 134866610244, QTAgent32.exe, Msaa.GetFocusedElement: could not find accessible object of foreground window
W, 3980, 14, 2013/06/26, 21:11:23.280, 134866755773, QTAgent32.exe, &lt;a class=success&gt;Playback - {37} [SUCCESS] SendKeys "{DELETE}" - "[MSAA, VisibleOnly]ControlType='Edit'"
\0&lt;/a&gt;
W, 3980, 14, 2013/06/26, 21:11:23.689, 134867950153, QTAgent32.exe, &lt;a class=success&gt;Playback - {38} [SUCCESS] SetValueAsEditBox "b..as@bla.nl" - "[MSAA, VisibleOnly]ControlType='Edit'"  &lt; Set via SendKeys &gt;
\0&lt;/a&gt;
W, 3980, 14, 2013/06/26, 21:11:23.951, 134868717102, QTAgent32.exe, &lt;a class=success&gt;Playback - {39} [SUCCESS] MouseButtonClick - "[MSAA, VisibleOnly]ControlType='Button' &amp;&amp; Name='Add Contact'"
\0&lt;/a&gt;
E, 3980, 14, 2013/06/26, 21:11:24.051, 134869009303, QTAgent32.exe, GetClassName for handle 8718010 failed
W, 3980, 14, 2013/06/26, 21:11:24.193, 134869424279, QTAgent32.exe, &lt;a class=success&gt;Playback - {40} [SUCCESS] MouseButtonClick - "[MSAA, VisibleOnly]ControlType='Button' &amp;&amp; Name='OK'"
\0&lt;/a&gt;
W, 3980, 14, 2013/06/26, 21:11:24.511, 134870355670, QTAgent32.exe, &lt;a class=success&gt;Playback - {41} [SUCCESS] SendKeys "^{HOME}" - "[MSAA, VisibleOnly]ControlType='Edit'"
\0&lt;/a&gt;
E, 3980, 14, 2013/06/26, 21:11:24.512, 134870356181, QTAgent32.exe, Msaa.GetFocusedElement: could not find accessible object of foreground window
W, 3980, 14, 2013/06/26, 21:11:24.583, 134870564562, QTAgent32.exe, &lt;a class=success&gt;Playback - {42} [SUCCESS] SendKeys "^+{END}" - "[MSAA, VisibleOnly]ControlType='Edit'"
\0&lt;/a&gt;
E, 3980, 14, 2013/06/26, 21:11:24.583, 134870565319, QTAgent32.exe, Msaa.GetFocusedElement: could not find accessible object of foreground window
W, 3980, 14, 2013/06/26, 21:11:24.631, 134870705381, QTAgent32.exe, &lt;a class=success&gt;Playback - {43} [SUCCESS] SendKeys "{DELETE}" - "[MSAA, VisibleOnly]ControlType='Edit'"
\0&lt;/a&gt;
W, 3980, 14, 2013/06/26, 21:11:25.106, 134872092321, QTAgent32.exe, &lt;a class=success&gt;Playback - {44} [SUCCESS] SetValueAsEditBox "bas@hotmail.com" - "[MSAA, VisibleOnly]ControlType='Edit'"  &lt; Set via SendKeys &gt;
\0&lt;/a&gt;
W, 3980, 14, 2013/06/26, 21:11:25.368, 134872859118, QTAgent32.exe, &lt;a class=success&gt;Playback - {45} [SUCCESS] MouseButtonClick - "[MSAA, VisibleOnly]ControlType='Button' &amp;&amp; Name='Add Contact'"
\0&lt;/a&gt;
W, 3980, 14, 2013/06/26, 21:11:25.674, 134873753847, QTAgent32.exe, &lt;a class=success&gt;Playback - {46} [SUCCESS] SendKeys "^{HOME}" - "[MSAA, VisibleOnly]ControlType='Edit'"
\0&lt;/a&gt;
E, 3980, 14, 2013/06/26, 21:11:25.674, 134873754592, QTAgent32.exe, Msaa.GetFocusedElement: could not find accessible object of foreground window
W, 3980, 14, 2013/06/26, 21:11:25.759, 134874002332, QTAgent32.exe, &lt;a class=success&gt;Playback - {47} [SUCCESS] SendKeys "^+{END}" - "[MSAA, VisibleOnly]ControlType='Edit'"
\0&lt;/a&gt;
E, 3980, 14, 2013/06/26, 21:11:25.759, 134874003063, QTAgent32.exe, Msaa.GetFocusedElement: could not find accessible object of foreground window
W, 3980, 14, 2013/06/26, 21:11:25.803, 134874131292, QTAgent32.exe, &lt;a class=success&gt;Playback - {48} [SUCCESS] SendKeys "{DELETE}" - "[MSAA, VisibleOnly]ControlType='Edit'"
\0&lt;/a&gt;
W, 3980, 14, 2013/06/26, 21:11:26.450, 134876021133, QTAgent32.exe, &lt;a class=success&gt;Playback - {49} [SUCCESS] SetValueAsEditBox "bas_meesters@hotmail.com" - "[MSAA, VisibleOnly]ControlType='Edit'"  &lt; Set via SendKeys &gt;
\0&lt;/a&gt;
W, 3980, 14, 2013/06/26, 21:11:26.752, 134876906083, QTAgent32.exe, &lt;a class=success&gt;Playback - {50} [SUCCESS] MouseButtonClick - "[MSAA, VisibleOnly]ControlType='Button' &amp;&amp; Name='Add Contact'"
\0&lt;/a&gt;
W, 3980, 14, 2013/06/26, 21:11:27.075, 134877848889, QTAgent32.exe, &lt;a class=success&gt;Playback - {51} [SUCCESS] SendKeys "^{HOME}" - "[MSAA, VisibleOnly]ControlType='Edit'"
\0&lt;/a&gt;
E, 3980, 14, 2013/06/26, 21:11:27.075, 134877849349, QTAgent32.exe, Msaa.GetFocusedElement: could not find accessible object of foreground window
W, 3980, 14, 2013/06/26, 21:11:27.167, 134878117964, QTAgent32.exe, &lt;a class=success&gt;Playback - {52} [SUCCESS] SendKeys "^+{END}" - "[MSAA, VisibleOnly]ControlType='Edit'"
\0&lt;/a&gt;
E, 3980, 14, 2013/06/26, 21:11:27.167, 134878118713, QTAgent32.exe, Msaa.GetFocusedElement: could not find accessible object of foreground window
W, 3980, 14, 2013/06/26, 21:11:27.213, 134878253386, QTAgent32.exe, &lt;a class=success&gt;Playback - {53} [SUCCESS] SendKeys "{DELETE}" - "[MSAA, VisibleOnly]ControlType='Edit'"
\0&lt;/a&gt;
W, 3980, 14, 2013/06/26, 21:11:27.861, 134880147243, QTAgent32.exe, &lt;a class=success&gt;Playback - {54} [SUCCESS] SetValueAsEditBox "bas.meesters@hotmail.com" - "[MSAA, VisibleOnly]ControlType='Edit'"  &lt; Set via SendKeys &gt;
\0&lt;/a&gt;
W, 3980, 14, 2013/06/26, 21:11:28.112, 134880877449, QTAgent32.exe, &lt;a class=success&gt;Playback - {55} [SUCCESS] MouseButtonClick - "[MSAA, VisibleOnly]ControlType='Button' &amp;&amp; Name='Add Contact'"
\0&lt;/a&gt;
W, 3980, 14, 2013/06/26, 21:11:28.426, 134881795382, QTAgent32.exe, &lt;a class=success&gt;Playback - {56} [SUCCESS] SendKeys "^{HOME}" - "[MSAA, VisibleOnly]ControlType='Edit'"
\0&lt;/a&gt;
E, 3980, 14, 2013/06/26, 21:11:28.426, 134881795840, QTAgent32.exe, Msaa.GetFocusedElement: could not find accessible object of foreground window
W, 3980, 14, 2013/06/26, 21:11:28.514, 134882052661, QTAgent32.exe, &lt;a class=success&gt;Playback - {57} [SUCCESS] SendKeys "^+{END}" - "[MSAA, VisibleOnly]ControlType='Edit'"
\0&lt;/a&gt;
E, 3980, 14, 2013/06/26, 21:11:28.514, 134882053191, QTAgent32.exe, Msaa.GetFocusedElement: could not find accessible object of foreground window
W, 3980, 14, 2013/06/26, 21:11:28.566, 134882205372, QTAgent32.exe, &lt;a class=success&gt;Playback - {58} [SUCCESS] SendKeys "{DELETE}" - "[MSAA, VisibleOnly]ControlType='Edit'"
\0&lt;/a&gt;
W, 3980, 14, 2013/06/26, 21:11:29.348, 134884489783, QTAgent32.exe, &lt;a class=success&gt;Playback - {59} [SUCCESS] SetValueAsEditBox "bas.meest"iets"ers@hotmail.com" - "[MSAA, VisibleOnly]ControlType='Edit'"  &lt; Set via SendKeys &gt;
\0&lt;/a&gt;
W, 3980, 14, 2013/06/26, 21:11:29.610, 134885256544, QTAgent32.exe, &lt;a class=success&gt;Playback - {60} [SUCCESS] MouseButtonClick - "[MSAA, VisibleOnly]ControlType='Button' &amp;&amp; Name='Add Contact'"
\0&lt;/a&gt;
W, 3980, 14, 2013/06/26, 21:11:29.906, 134886121695, QTAgent32.exe, &lt;a class=success&gt;Playback - {61} [SUCCESS] SendKeys "^{HOME}" - "[MSAA, VisibleOnly]ControlType='Edit'"
\0&lt;/a&gt;
E, 3980, 14, 2013/06/26, 21:11:29.906, 134886122456, QTAgent32.exe, Msaa.GetFocusedElement: could not find accessible object of foreground window
W, 3980, 14, 2013/06/26, 21:11:29.999, 134886394011, QTAgent32.exe, &lt;a class=success&gt;Playback - {62} [SUCCESS] SendKeys "^+{END}" - "[MSAA, VisibleOnly]ControlType='Edit'"
\0&lt;/a&gt;
E, 3980, 14, 2013/06/26, 21:11:29.999, 134886394804, QTAgent32.exe, Msaa.GetFocusedElement: could not find accessible object of foreground window
W, 3980, 14, 2013/06/26, 21:11:30.051, 134886546206, QTAgent32.exe, &lt;a class=success&gt;Playback - {63} [SUCCESS] SendKeys "{DELETE}" - "[MSAA, VisibleOnly]ControlType='Edit'"
\0&lt;/a&gt;
W, 3980, 14, 2013/06/26, 21:11:30.859, 134888906576, QTAgent32.exe, &lt;a class=success&gt;Playback - {64} [SUCCESS] SetValueAsEditBox "bas"nogiets@.nl"iets@hotmail.com" - "[MSAA, VisibleOnly]ControlType='Edit'"  &lt; Set via SendKeys &gt;
\0&lt;/a&gt;
W, 3980, 14, 2013/06/26, 21:11:31.118, 134889664776, QTAgent32.exe, &lt;a class=success&gt;Playback - {65} [SUCCESS] MouseButtonClick - "[MSAA, VisibleOnly]ControlType='Button' &amp;&amp; Name='Add Contact'"
\0&lt;/a&gt;
W, 3980, 14, 2013/06/26, 21:11:31.426, 134890564316, QTAgent32.exe, &lt;a class=success&gt;Playback - {66} [SUCCESS] SendKeys "^{HOME}" - "[MSAA, VisibleOnly]ControlType='Edit'"
\0&lt;/a&gt;
E, 3980, 14, 2013/06/26, 21:11:31.426, 134890564787, QTAgent32.exe, Msaa.GetFocusedElement: could not find accessible object of foreground window
W, 3980, 14, 2013/06/26, 21:11:31.517, 134890831369, QTAgent32.exe, &lt;a class=success&gt;Playback - {67} [SUCCESS] SendKeys "^+{END}" - "[MSAA, VisibleOnly]ControlType='Edit'"
\0&lt;/a&gt;
E, 3980, 14, 2013/06/26, 21:11:31.517, 134890832108, QTAgent32.exe, Msaa.GetFocusedElement: could not find accessible object of foreground window
W, 3980, 14, 2013/06/26, 21:11:31.569, 134890984366, QTAgent32.exe, &lt;a class=success&gt;Playback - {68} [SUCCESS] SendKeys "{DELETE}" - "[MSAA, VisibleOnly]ControlType='Edit'"
\0&lt;/a&gt;
W, 3980, 14, 2013/06/26, 21:11:31.877, 134891882647, QTAgent32.exe, &lt;a class=success&gt;Playback - {69} [SUCCESS] SetValueAsEditBox "@empty" - "[MSAA, VisibleOnly]ControlType='Edit'"  &lt; Set via SendKeys &gt;
\0&lt;/a&gt;
W, 3980, 14, 2013/06/26, 21:11:32.131, 134892625948, QTAgent32.exe, &lt;a class=success&gt;Playback - {70} [SUCCESS] MouseButtonClick - "[MSAA, VisibleOnly]ControlType='Button' &amp;&amp; Name='Add Contact'"
\0&lt;/a&gt;
W, 3980, 14, 2013/06/26, 21:11:32.430, 134893500022, QTAgent32.exe, &lt;a class=success&gt;Playback - {71} [SUCCESS] SendKeys "^{HOME}" - "[MSAA, VisibleOnly]ControlType='Edit'"
\0&lt;/a&gt;
E, 3980, 14, 2013/06/26, 21:11:32.430, 134893500480, QTAgent32.exe, Msaa.GetFocusedElement: could not find accessible object of foreground window
W, 3980, 14, 2013/06/26, 21:11:32.501, 134893707663, QTAgent32.exe, &lt;a class=success&gt;Playback - {72} [SUCCESS] SendKeys "^+{END}" - "[MSAA, VisibleOnly]ControlType='Edit'"
\0&lt;/a&gt;
E, 3980, 14, 2013/06/26, 21:11:32.501, 134893708407, QTAgent32.exe, Msaa.GetFocusedElement: could not find accessible object of foreground window
W, 3980, 14, 2013/06/26, 21:11:32.552, 134893857638, QTAgent32.exe, &lt;a class=success&gt;Playback - {73} [SUCCESS] SendKeys "{DELETE}" - "[MSAA, VisibleOnly]ControlType='Edit'"
\0&lt;/a&gt;
W, 3980, 14, 2013/06/26, 21:11:32.992, 134895142218, QTAgent32.exe, &lt;a class=success&gt;Playback - {74} [SUCCESS] SetValueAsEditBox "bas""@bas.com" - "[MSAA, VisibleOnly]ControlType='Edit'"  &lt; Set via SendKeys &gt;
\0&lt;/a&gt;
W, 3980, 14, 2013/06/26, 21:11:33.242, 134895873530, QTAgent32.exe, &lt;a class=success&gt;Playback - {75} [SUCCESS] MouseButtonClick - "[MSAA, VisibleOnly]ControlType='Button' &amp;&amp; Name='Add Contact'"
\0&lt;/a&gt;
W, 3980, 14, 2013/06/26, 21:11:33.543, 134896753564, QTAgent32.exe, &lt;a class=success&gt;Playback - {76} [SUCCESS] SendKeys "^{HOME}" - "[MSAA, VisibleOnly]ControlType='Edit'"
\0&lt;/a&gt;
E, 3980, 14, 2013/06/26, 21:11:33.543, 134896754024, QTAgent32.exe, Msaa.GetFocusedElement: could not find accessible object of foreground window
W, 3980, 14, 2013/06/26, 21:11:33.616, 134896966686, QTAgent32.exe, &lt;a class=success&gt;Playback - {77} [SUCCESS] SendKeys "^+{END}" - "[MSAA, VisibleOnly]ControlType='Edit'"
\0&lt;/a&gt;
E, 3980, 14, 2013/06/26, 21:11:33.616, 134896967196, QTAgent32.exe, Msaa.GetFocusedElement: could not find accessible object of foreground window
W, 3980, 14, 2013/06/26, 21:11:33.662, 134897102043, QTAgent32.exe, &lt;a class=success&gt;Playback - {78} [SUCCESS] SendKeys "{DELETE}" - "[MSAA, VisibleOnly]ControlType='Edit'"
\0&lt;/a&gt;
W, 3980, 14, 2013/06/26, 21:11:34.164, 134898570405, QTAgent32.exe, &lt;a class=success&gt;Playback - {79} [SUCCESS] SetValueAsEditBox "bas""empty@bas.nl" - "[MSAA, VisibleOnly]ControlType='Edit'"  &lt; Set via SendKeys &gt;
\0&lt;/a&gt;
W, 3980, 14, 2013/06/26, 21:11:34.400, 134899258512, QTAgent32.exe, &lt;a class=success&gt;Playback - {80} [SUCCESS] MouseButtonClick - "[MSAA, VisibleOnly]ControlType='Button' &amp;&amp; Name='Add Contact'"
\0&lt;/a&gt;
W, 3980, 14, 2013/06/26, 21:11:34.706, 134900152949, QTAgent32.exe, &lt;a class=success&gt;Playback - {81} [SUCCESS] SendKeys "^{HOME}" - "[MSAA, VisibleOnly]ControlType='Edit'"
\0&lt;/a&gt;
E, 3980, 14, 2013/06/26, 21:11:34.706, 134900153394, QTAgent32.exe, Msaa.GetFocusedElement: could not find accessible object of foreground window
W, 3980, 14, 2013/06/26, 21:11:34.779, 134900366622, QTAgent32.exe, &lt;a class=success&gt;Playback - {82} [SUCCESS] SendKeys "^+{END}" - "[MSAA, VisibleOnly]ControlType='Edit'"
\0&lt;/a&gt;
E, 3980, 14, 2013/06/26, 21:11:34.779, 134900367082, QTAgent32.exe, Msaa.GetFocusedElement: could not find accessible object of foreground window
W, 3980, 14, 2013/06/26, 21:11:34.811, 134900460452, QTAgent32.exe, &lt;a class=success&gt;Playback - {83} [SUCCESS] SendKeys "{DELETE}" - "[MSAA, VisibleOnly]ControlType='Edit'"
\0&lt;/a&gt;
W, 3980, 14, 2013/06/26, 21:11:35.473, 134902396635, QTAgent32.exe, &lt;a class=success&gt;Playback - {84} [SUCCESS] SetValueAsEditBox "localpart@domain.com.com2" - "[MSAA, VisibleOnly]ControlType='Edit'"  &lt; Set via SendKeys &gt;
\0&lt;/a&gt;
W, 3980, 14, 2013/06/26, 21:11:35.777, 134903284431, QTAgent32.exe, &lt;a class=success&gt;Playback - {85} [SUCCESS] MouseButtonClick - "[MSAA, VisibleOnly]ControlType='Button' &amp;&amp; Name='Add Contact'"
\0&lt;/a&gt;
W, 3980, 14, 2013/06/26, 21:11:36.090, 134904199366, QTAgent32.exe, &lt;a class=success&gt;Playback - {86} [SUCCESS] SendKeys "^{HOME}" - "[MSAA, VisibleOnly]ControlType='Edit'"
\0&lt;/a&gt;
E, 3980, 14, 2013/06/26, 21:11:36.090, 134904199879, QTAgent32.exe, Msaa.GetFocusedElement: could not find accessible object of foreground window
W, 3980, 14, 2013/06/26, 21:11:36.163, 134904412385, QTAgent32.exe, &lt;a class=success&gt;Playback - {87} [SUCCESS] SendKeys "^+{END}" - "[MSAA, VisibleOnly]ControlType='Edit'"
\0&lt;/a&gt;
E, 3980, 14, 2013/06/26, 21:11:36.163, 134904412914, QTAgent32.exe, Msaa.GetFocusedElement: could not find accessible object of foreground window
W, 3980, 14, 2013/06/26, 21:11:36.196, 134904509326, QTAgent32.exe, &lt;a class=success&gt;Playback - {88} [SUCCESS] SendKeys "{DELETE}" - "[MSAA, VisibleOnly]ControlType='Edit'"
\0&lt;/a&gt;
W, 3980, 14, 2013/06/26, 21:11:36.962, 134906747619, QTAgent32.exe, &lt;a class=success&gt;Playback - {89} [SUCCESS] SetValueAsEditBox "loc\"..@[]&lt;&gt;=--0;\"@domain.com" - "[MSAA, VisibleOnly]ControlType='Edit'"  &lt; Set via SendKeys &gt;
\0&lt;/a&gt;
W, 3980, 14, 2013/06/26, 21:11:37.210, 134907472866, QTAgent32.exe, &lt;a class=success&gt;Playback - {90} [SUCCESS] MouseButtonClick - "[MSAA, VisibleOnly]ControlType='Button' &amp;&amp; Name='Add Contact'"
\0&lt;/a&gt;
E, 3980, 14, 2013/06/26, 21:11:37.310, 134907765215, QTAgent32.exe, GetClassName for handle 10422484 failed
W, 3980, 14, 2013/06/26, 21:11:37.451, 134908176724, QTAgent32.exe, &lt;a class=success&gt;Playback - {91} [SUCCESS] MouseButtonClick - "[MSAA, VisibleOnly]ControlType='Button' &amp;&amp; Name='OK'"
\0&lt;/a&gt;
W, 3980, 14, 2013/06/26, 21:11:37.775, 134909124270, QTAgent32.exe, &lt;a class=success&gt;Playback - {92} [SUCCESS] SendKeys "^{HOME}" - "[MSAA, VisibleOnly]ControlType='Edit'"
\0&lt;/a&gt;
E, 3980, 14, 2013/06/26, 21:11:37.775, 134909124719, QTAgent32.exe, Msaa.GetFocusedElement: could not find accessible object of foreground window
W, 3980, 14, 2013/06/26, 21:11:37.846, 134909332252, QTAgent32.exe, &lt;a class=success&gt;Playback - {93} [SUCCESS] SendKeys "^+{END}" - "[MSAA, VisibleOnly]ControlType='Edit'"
\0&lt;/a&gt;
E, 3980, 14, 2013/06/26, 21:11:37.846, 134909332996, QTAgent32.exe, Msaa.GetFocusedElement: could not find accessible object of foreground window
W, 3980, 14, 2013/06/26, 21:11:37.898, 134909484917, QTAgent32.exe, &lt;a class=success&gt;Playback - {94} [SUCCESS] SendKeys "{DELETE}" - "[MSAA, VisibleOnly]ControlType='Edit'"
\0&lt;/a&gt;
W, 3980, 14, 2013/06/26, 21:11:38.550, 134911389615, QTAgent32.exe, &lt;a class=success&gt;Playback - {95} [SUCCESS] SetValueAsEditBox "localpart@dom--ain-.com" - "[MSAA, VisibleOnly]ControlType='Edit'"  &lt; Set via SendKeys &gt;
\0&lt;/a&gt;
W, 3980, 14, 2013/06/26, 21:11:38.823, 134912188213, QTAgent32.exe, &lt;a class=success&gt;Playback - {96} [SUCCESS] MouseButtonClick - "[MSAA, VisibleOnly]ControlType='Button' &amp;&amp; Name='Add Contact'"
\0&lt;/a&gt;
W, 3980, 14, 2013/06/26, 21:11:39.073, 134912919877, QTAgent32.exe, IEDOM : StopSession of the plugin called before StartSession
W, 3980, 14, 2013/06/26, 21:11:39.073, 134912920161, QTAgent32.exe, UIA : StopSession of the plugin called before StartSession
</DebugTrace>
      </Output>
    </UnitTestResult>
    <UnitTestResult executionId="c009d26f-52ef-49a0-8ab2-8fec878f7577" testId="ff1d36de-df47-0a9f-9f67-ff714225cbd5" testName="TestName" computerName="BAS-PC" duration="00:00:19.3652645" startTime="2013-06-26T21:11:39.0766275+02:00" endTime="2013-06-26T21:11:58.4457353+02:00" testType="13cdc9d9-ddb5-4fa4-a97d-d965ccfc6d4b" outcome="Passed" testListId="8c84fa94-04c1-424b-9868-57a2d4851a1d" relativeResultsDirectory="c009d26f-52ef-49a0-8ab2-8fec878f7577">
      <Output>
        <DebugTrace>W, 3980, 33, 2013/06/26, 21:11:39.807, 134915064510, QTAgent32.exe, &lt;a class=success&gt;Playback - {1} [SUCCESS] MouseButtonClick - "[MSAA, VisibleOnly]ControlType='Button' &amp;&amp; Name='View'"
\0&lt;/a&gt;
W, 3980, 33, 2013/06/26, 21:11:40.175, 134916139904, QTAgent32.exe, &lt;a class=success&gt;Playback - {2} [SUCCESS] MouseButtonClick - "[MSAA, VisibleOnly]ControlType='Button' &amp;&amp; Name='Add Contact'"
\0&lt;/a&gt;
W, 3980, 33, 2013/06/26, 21:11:40.418, 134916850528, QTAgent32.exe, &lt;a class=success&gt;Playback - {3} [SUCCESS] MouseButtonClick - "[MSAA, VisibleOnly]ControlType='Button' &amp;&amp; Name='OK'"
\0&lt;/a&gt;
W, 3980, 33, 2013/06/26, 21:11:40.932, 134918354226, QTAgent32.exe, &lt;a class=success&gt;Playback - {4} [SUCCESS] SetValueAsEditBox "Bas" - "[MSAA, VisibleOnly]ControlType='Edit'"  &lt; Set via SendKeys &gt;
\0&lt;/a&gt;
W, 3980, 33, 2013/06/26, 21:11:41.197, 134919127826, QTAgent32.exe, &lt;a class=success&gt;Playback - {5} [SUCCESS] MouseButtonClick - "[MSAA, VisibleOnly]ControlType='Button' &amp;&amp; Name='Add Contact'"
\0&lt;/a&gt;
W, 3980, 33, 2013/06/26, 21:11:41.438, 134919832212, QTAgent32.exe, &lt;a class=success&gt;Playback - {6} [SUCCESS] MouseButtonClick - "[MSAA, VisibleOnly]ControlType='Button' &amp;&amp; Name='OK'"
\0&lt;/a&gt;
W, 3980, 33, 2013/06/26, 21:11:42.103, 134921775329, QTAgent32.exe, &lt;a class=success&gt;Playback - {7} [SUCCESS] SetValueAsEditBox "Bas@bas.nl" - "[MSAA, VisibleOnly]ControlType='Edit'"  &lt; Set via SendKeys &gt;
\0&lt;/a&gt;
W, 3980, 33, 2013/06/26, 21:11:42.364, 134922539163, QTAgent32.exe, &lt;a class=success&gt;Playback - {8} [SUCCESS] MouseButtonClick - "[MSAA, VisibleOnly]ControlType='Button' &amp;&amp; Name='Add Contact'"
\0&lt;/a&gt;
W, 3980, 33, 2013/06/26, 21:11:42.705, 134923535931, QTAgent32.exe, &lt;a class=success&gt;Playback - {9} [SUCCESS] SendKeys "^{HOME}" - "[MSAA, VisibleOnly]ControlType='Edit'"
\0&lt;/a&gt;
E, 3980, 33, 2013/06/26, 21:11:42.705, 134923536379, QTAgent32.exe, Msaa.GetFocusedElement: could not find accessible object of foreground window
W, 3980, 33, 2013/06/26, 21:11:42.792, 134923790194, QTAgent32.exe, &lt;a class=success&gt;Playback - {10} [SUCCESS] SendKeys "^+{END}" - "[MSAA, VisibleOnly]ControlType='Edit'"
\0&lt;/a&gt;
E, 3980, 33, 2013/06/26, 21:11:42.792, 134923790732, QTAgent32.exe, Msaa.GetFocusedElement: could not find accessible object of foreground window
W, 3980, 33, 2013/06/26, 21:11:42.842, 134923937563, QTAgent32.exe, &lt;a class=success&gt;Playback - {11} [SUCCESS] SendKeys "{DELETE}" - "[MSAA, VisibleOnly]ControlType='Edit'"
\0&lt;/a&gt;
W, 3980, 33, 2013/06/26, 21:11:43.573, 134926072451, QTAgent32.exe, &lt;a class=success&gt;Playback - {12} [SUCCESS] SetValueAsEditBox "bladiebladiebla@hotmail.com" - "[MSAA, VisibleOnly]ControlType='Edit'"  &lt; Set via SendKeys &gt;
\0&lt;/a&gt;
W, 3980, 33, 2013/06/26, 21:11:43.818, 134926791245, QTAgent32.exe, &lt;a class=success&gt;Playback - {13} [SUCCESS] MouseButtonClick - "[MSAA, VisibleOnly]ControlType='Button' &amp;&amp; Name='Add Contact'"
\0&lt;/a&gt;
W, 3980, 33, 2013/06/26, 21:11:44.152, 134927765836, QTAgent32.exe, &lt;a class=success&gt;Playback - {14} [SUCCESS] SendKeys "^{HOME}" - "[MSAA, VisibleOnly]ControlType='Edit'"
\0&lt;/a&gt;
E, 3980, 33, 2013/06/26, 21:11:44.152, 134927766542, QTAgent32.exe, Msaa.GetFocusedElement: could not find accessible object of foreground window
W, 3980, 33, 2013/06/26, 21:11:44.240, 134928023375, QTAgent32.exe, &lt;a class=success&gt;Playback - {15} [SUCCESS] SendKeys "^+{END}" - "[MSAA, VisibleOnly]ControlType='Edit'"
\0&lt;/a&gt;
E, 3980, 33, 2013/06/26, 21:11:44.240, 134928024079, QTAgent32.exe, Msaa.GetFocusedElement: could not find accessible object of foreground window
W, 3980, 33, 2013/06/26, 21:11:44.286, 134928158503, QTAgent32.exe, &lt;a class=success&gt;Playback - {16} [SUCCESS] SendKeys "{DELETE}" - "[MSAA, VisibleOnly]ControlType='Edit'"
\0&lt;/a&gt;
W, 3980, 33, 2013/06/26, 21:11:44.517, 134928831848, QTAgent32.exe, &lt;a class=success&gt;Playback - {17} [SUCCESS] SetValueAsEditBox "123" - "[MSAA, VisibleOnly]ControlType='Edit'"  &lt; Set via SendKeys &gt;
\0&lt;/a&gt;
W, 3980, 33, 2013/06/26, 21:11:44.764, 134929554727, QTAgent32.exe, &lt;a class=success&gt;Playback - {18} [SUCCESS] MouseButtonClick - "[MSAA, VisibleOnly]ControlType='Button' &amp;&amp; Name='Add Contact'"
\0&lt;/a&gt;
E, 3980, 33, 2013/06/26, 21:11:44.864, 134929846991, QTAgent32.exe, GetClassName for handle 8193606 failed
W, 3980, 33, 2013/06/26, 21:11:44.995, 134930230110, QTAgent32.exe, &lt;a class=success&gt;Playback - {19} [SUCCESS] MouseButtonClick - "[MSAA, VisibleOnly]ControlType='Button' &amp;&amp; Name='OK'"
\0&lt;/a&gt;
W, 3980, 33, 2013/06/26, 21:11:45.322, 134931186429, QTAgent32.exe, &lt;a class=success&gt;Playback - {20} [SUCCESS] SendKeys "^{HOME}" - "[MSAA, VisibleOnly]ControlType='Edit'"
\0&lt;/a&gt;
E, 3980, 33, 2013/06/26, 21:11:45.322, 134931186876, QTAgent32.exe, Msaa.GetFocusedElement: could not find accessible object of foreground window
W, 3980, 33, 2013/06/26, 21:11:45.393, 134931393350, QTAgent32.exe, &lt;a class=success&gt;Playback - {21} [SUCCESS] SendKeys "^+{END}" - "[MSAA, VisibleOnly]ControlType='Edit'"
\0&lt;/a&gt;
E, 3980, 33, 2013/06/26, 21:11:45.393, 134931393808, QTAgent32.exe, Msaa.GetFocusedElement: could not find accessible object of foreground window
W, 3980, 33, 2013/06/26, 21:11:45.425, 134931487386, QTAgent32.exe, &lt;a class=success&gt;Playback - {22} [SUCCESS] SendKeys "{DELETE}" - "[MSAA, VisibleOnly]ControlType='Edit'"
\0&lt;/a&gt;
W, 3980, 33, 2013/06/26, 21:11:45.634, 134932096917, QTAgent32.exe, &lt;a class=success&gt;Playback - {23} [SUCCESS] SetValueAsEditBox ".." - "[MSAA, VisibleOnly]ControlType='Edit'"  &lt; Set via SendKeys &gt;
\0&lt;/a&gt;
W, 3980, 33, 2013/06/26, 21:11:45.898, 134932866845, QTAgent32.exe, &lt;a class=success&gt;Playback - {24} [SUCCESS] MouseButtonClick - "[MSAA, VisibleOnly]ControlType='Button' &amp;&amp; Name='Add Contact'"
\0&lt;/a&gt;
E, 3980, 33, 2013/06/26, 21:11:45.998, 134933159086, QTAgent32.exe, GetClassName for handle 133526 failed
W, 3980, 33, 2013/06/26, 21:11:46.142, 134933580091, QTAgent32.exe, &lt;a class=success&gt;Playback - {25} [SUCCESS] MouseButtonClick - "[MSAA, VisibleOnly]ControlType='Button' &amp;&amp; Name='OK'"
\0&lt;/a&gt;
W, 3980, 33, 2013/06/26, 21:11:46.454, 134934491980, QTAgent32.exe, &lt;a class=success&gt;Playback - {26} [SUCCESS] SendKeys "^{HOME}" - "[MSAA, VisibleOnly]ControlType='Edit'"
\0&lt;/a&gt;
E, 3980, 33, 2013/06/26, 21:11:46.454, 134934492537, QTAgent32.exe, Msaa.GetFocusedElement: could not find accessible object of foreground window
W, 3980, 33, 2013/06/26, 21:11:46.545, 134934758354, QTAgent32.exe, &lt;a class=success&gt;Playback - {27} [SUCCESS] SendKeys "^+{END}" - "[MSAA, VisibleOnly]ControlType='Edit'"
\0&lt;/a&gt;
E, 3980, 33, 2013/06/26, 21:11:46.545, 134934759063, QTAgent32.exe, Msaa.GetFocusedElement: could not find accessible object of foreground window
W, 3980, 33, 2013/06/26, 21:11:46.596, 134934907867, QTAgent32.exe, &lt;a class=success&gt;Playback - {28} [SUCCESS] SendKeys "{DELETE}" - "[MSAA, VisibleOnly]ControlType='Edit'"
\0&lt;/a&gt;
W, 3980, 33, 2013/06/26, 21:11:46.784, 134935457736, QTAgent32.exe, &lt;a class=success&gt;Playback - {29} [SUCCESS] SetValueAsEditBox "." - "[MSAA, VisibleOnly]ControlType='Edit'"  &lt; Set via SendKeys &gt;
\0&lt;/a&gt;
W, 3980, 33, 2013/06/26, 21:11:47.039, 134936202367, QTAgent32.exe, &lt;a class=success&gt;Playback - {30} [SUCCESS] MouseButtonClick - "[MSAA, VisibleOnly]ControlType='Button' &amp;&amp; Name='Add Contact'"
\0&lt;/a&gt;
W, 3980, 33, 2013/06/26, 21:11:47.353, 134937120028, QTAgent32.exe, &lt;a class=success&gt;Playback - {31} [SUCCESS] SendKeys "^{HOME}" - "[MSAA, VisibleOnly]ControlType='Edit'"
\0&lt;/a&gt;
E, 3980, 33, 2013/06/26, 21:11:47.353, 134937120474, QTAgent32.exe, Msaa.GetFocusedElement: could not find accessible object of foreground window
W, 3980, 33, 2013/06/26, 21:11:47.442, 134937380296, QTAgent32.exe, &lt;a class=success&gt;Playback - {32} [SUCCESS] SendKeys "^+{END}" - "[MSAA, VisibleOnly]ControlType='Edit'"
\0&lt;/a&gt;
E, 3980, 33, 2013/06/26, 21:11:47.442, 134937381037, QTAgent32.exe, Msaa.GetFocusedElement: could not find accessible object of foreground window
W, 3980, 33, 2013/06/26, 21:11:47.475, 134937477400, QTAgent32.exe, &lt;a class=success&gt;Playback - {33} [SUCCESS] SendKeys "{DELETE}" - "[MSAA, VisibleOnly]ControlType='Edit'"
\0&lt;/a&gt;
W, 3980, 33, 2013/06/26, 21:11:47.702, 134938139575, QTAgent32.exe, &lt;a class=success&gt;Playback - {34} [SUCCESS] SetValueAsEditBox "bas" - "[MSAA, VisibleOnly]ControlType='Edit'"  &lt; Set via SendKeys &gt;
\0&lt;/a&gt;
W, 3980, 33, 2013/06/26, 21:11:47.998, 134939004620, QTAgent32.exe, &lt;a class=success&gt;Playback - {35} [SUCCESS] SendKeys "{Tab}" - "[MSAA, VisibleOnly]ControlType='Edit'"
\0&lt;/a&gt;
W, 3980, 33, 2013/06/26, 21:11:48.311, 134939920489, QTAgent32.exe, &lt;a class=success&gt;Playback - {36} [SUCCESS] SendKeys "^{HOME}" - "[MSAA, VisibleOnly]ControlType='Edit'"
\0&lt;/a&gt;
E, 3980, 33, 2013/06/26, 21:11:48.311, 134939920924, QTAgent32.exe, Msaa.GetFocusedElement: could not find accessible object of foreground window
W, 3980, 33, 2013/06/26, 21:11:48.398, 134940174954, QTAgent32.exe, &lt;a class=success&gt;Playback - {37} [SUCCESS] SendKeys "^+{END}" - "[MSAA, VisibleOnly]ControlType='Edit'"
\0&lt;/a&gt;
E, 3980, 33, 2013/06/26, 21:11:48.398, 134940175680, QTAgent32.exe, Msaa.GetFocusedElement: could not find accessible object of foreground window
W, 3980, 33, 2013/06/26, 21:11:48.444, 134940310238, QTAgent32.exe, &lt;a class=success&gt;Playback - {38} [SUCCESS] SendKeys "{DELETE}" - "[MSAA, VisibleOnly]ControlType='Edit'"
\0&lt;/a&gt;
W, 3980, 33, 2013/06/26, 21:11:48.913, 134941680908, QTAgent32.exe, &lt;a class=success&gt;Playback - {39} [SUCCESS] SetValueAsEditBox "bas@hotmail.com" - "[MSAA, VisibleOnly]ControlType='Edit'"  &lt; Set via SendKeys &gt;
\0&lt;/a&gt;
W, 3980, 33, 2013/06/26, 21:11:49.169, 134942428526, QTAgent32.exe, &lt;a class=success&gt;Playback - {40} [SUCCESS] MouseButtonClick - "[MSAA, VisibleOnly]ControlType='Button' &amp;&amp; Name='Add Contact'"
\0&lt;/a&gt;
W, 3980, 33, 2013/06/26, 21:11:49.471, 134943311311, QTAgent32.exe, &lt;a class=success&gt;Playback - {41} [SUCCESS] SendKeys "^{HOME}" - "[MSAA, VisibleOnly]ControlType='Edit'"
\0&lt;/a&gt;
E, 3980, 33, 2013/06/26, 21:11:49.471, 134943311764, QTAgent32.exe, Msaa.GetFocusedElement: could not find accessible object of foreground window
W, 3980, 33, 2013/06/26, 21:11:49.542, 134943519081, QTAgent32.exe, &lt;a class=success&gt;Playback - {42} [SUCCESS] SendKeys "^+{END}" - "[MSAA, VisibleOnly]ControlType='Edit'"
\0&lt;/a&gt;
E, 3980, 33, 2013/06/26, 21:11:49.542, 134943519806, QTAgent32.exe, Msaa.GetFocusedElement: could not find accessible object of foreground window
W, 3980, 33, 2013/06/26, 21:11:49.591, 134943663661, QTAgent32.exe, &lt;a class=success&gt;Playback - {43} [SUCCESS] SendKeys "{DELETE}" - "[MSAA, VisibleOnly]ControlType='Edit'"
\0&lt;/a&gt;
W, 3980, 33, 2013/06/26, 21:11:50.095, 134945134714, QTAgent32.exe, &lt;a class=success&gt;Playback - {44} [SUCCESS] SetValueAsEditBox "bas2@hotmail.com" - "[MSAA, VisibleOnly]ControlType='Edit'"  &lt; Set via SendKeys &gt;
\0&lt;/a&gt;
W, 3980, 33, 2013/06/26, 21:11:50.336, 134945839993, QTAgent32.exe, &lt;a class=success&gt;Playback - {45} [SUCCESS] MouseButtonClick - "[MSAA, VisibleOnly]ControlType='Button' &amp;&amp; Name='Add Contact'"
\0&lt;/a&gt;
W, 3980, 33, 2013/06/26, 21:11:50.640, 134946728658, QTAgent32.exe, &lt;a class=success&gt;Playback - {46} [SUCCESS] SendKeys "^{HOME}" - "[MSAA, VisibleOnly]ControlType='Edit'"
\0&lt;/a&gt;
E, 3980, 33, 2013/06/26, 21:11:50.640, 134946729106, QTAgent32.exe, Msaa.GetFocusedElement: could not find accessible object of foreground window
W, 3980, 33, 2013/06/26, 21:11:50.711, 134946936684, QTAgent32.exe, &lt;a class=success&gt;Playback - {47} [SUCCESS] SendKeys "^+{END}" - "[MSAA, VisibleOnly]ControlType='Edit'"
\0&lt;/a&gt;
E, 3980, 33, 2013/06/26, 21:11:50.711, 134946937476, QTAgent32.exe, Msaa.GetFocusedElement: could not find accessible object of foreground window
W, 3980, 33, 2013/06/26, 21:11:50.746, 134947038995, QTAgent32.exe, &lt;a class=success&gt;Playback - {48} [SUCCESS] SendKeys "{DELETE}" - "[MSAA, VisibleOnly]ControlType='Edit'"
\0&lt;/a&gt;
W, 3980, 33, 2013/06/26, 21:11:51.231, 134948455477, QTAgent32.exe, &lt;a class=success&gt;Playback - {49} [SUCCESS] SetValueAsEditBox "bas3@hotmail.com" - "[MSAA, VisibleOnly]ControlType='Edit'"  &lt; Set via SendKeys &gt;
\0&lt;/a&gt;
W, 3980, 33, 2013/06/26, 21:11:51.575, 134949462872, QTAgent32.exe, &lt;a class=success&gt;Playback - {50} [SUCCESS] MouseButtonClick - "[MSAA, VisibleOnly]ControlType='Button' &amp;&amp; Name='Add Contact'"
\0&lt;/a&gt;
W, 3980, 33, 2013/06/26, 21:11:51.891, 134950385531, QTAgent32.exe, &lt;a class=success&gt;Playback - {51} [SUCCESS] SendKeys "^{HOME}" - "[MSAA, VisibleOnly]ControlType='Edit'"
\0&lt;/a&gt;
E, 3980, 33, 2013/06/26, 21:11:51.891, 134950386282, QTAgent32.exe, Msaa.GetFocusedElement: could not find accessible object of foreground window
W, 3980, 33, 2013/06/26, 21:11:51.979, 134950643071, QTAgent32.exe, &lt;a class=success&gt;Playback - {52} [SUCCESS] SendKeys "^+{END}" - "[MSAA, VisibleOnly]ControlType='Edit'"
\0&lt;/a&gt;
E, 3980, 33, 2013/06/26, 21:11:51.979, 134950643779, QTAgent32.exe, Msaa.GetFocusedElement: could not find accessible object of foreground window
W, 3980, 33, 2013/06/26, 21:11:52.024, 134950775002, QTAgent32.exe, &lt;a class=success&gt;Playback - {53} [SUCCESS] SendKeys "{DELETE}" - "[MSAA, VisibleOnly]ControlType='Edit'"
\0&lt;/a&gt;
W, 3980, 33, 2013/06/26, 21:11:52.506, 134952184679, QTAgent32.exe, &lt;a class=success&gt;Playback - {54} [SUCCESS] SetValueAsEditBox "bas4@hotmail.com" - "[MSAA, VisibleOnly]ControlType='Edit'"  &lt; Set via SendKeys &gt;
\0&lt;/a&gt;
W, 3980, 33, 2013/06/26, 21:11:52.766, 134952943447, QTAgent32.exe, &lt;a class=success&gt;Playback - {55} [SUCCESS] MouseButtonClick - "[MSAA, VisibleOnly]ControlType='Button' &amp;&amp; Name='Add Contact'"
\0&lt;/a&gt;
W, 3980, 33, 2013/06/26, 21:11:55.036, 134959578949, QTAgent32.exe, &lt;a class=success&gt;Playback - {56} [SUCCESS] MouseButtonClick - "[MSAA, VisibleOnly,Window]ControlType='Window' &amp;&amp; ClassName=&gt;'WindowsForms10.EDIT' &amp;&amp; Instance='2'"
\0&lt;/a&gt;
W, 3980, 33, 2013/06/26, 21:11:55.366, 134960543879, QTAgent32.exe, &lt;a class=success&gt;Playback - {57} [SUCCESS] SendKeys "^{HOME}" - "[MSAA, VisibleOnly]ControlType='Edit'"
\0&lt;/a&gt;
E, 3980, 33, 2013/06/26, 21:11:55.366, 134960544345, QTAgent32.exe, Msaa.GetFocusedElement: could not find accessible object of foreground window
W, 3980, 33, 2013/06/26, 21:11:55.457, 134960810242, QTAgent32.exe, &lt;a class=success&gt;Playback - {58} [SUCCESS] SendKeys "^+{END}" - "[MSAA, VisibleOnly]ControlType='Edit'"
\0&lt;/a&gt;
E, 3980, 33, 2013/06/26, 21:11:55.457, 134960811002, QTAgent32.exe, Msaa.GetFocusedElement: could not find accessible object of foreground window
W, 3980, 33, 2013/06/26, 21:11:55.511, 134960968675, QTAgent32.exe, &lt;a class=success&gt;Playback - {59} [SUCCESS] SendKeys "{DELETE}" - "[MSAA, VisibleOnly]ControlType='Edit'"
\0&lt;/a&gt;
W, 3980, 33, 2013/06/26, 21:11:55.747, 134961656917, QTAgent32.exe, &lt;a class=success&gt;Playback - {60} [SUCCESS] SetValueAsEditBox "bas" - "[MSAA, VisibleOnly]ControlType='Edit'"  &lt; Set via SendKeys &gt;
\0&lt;/a&gt;
W, 3980, 33, 2013/06/26, 21:11:56.051, 134962548095, QTAgent32.exe, &lt;a class=success&gt;Playback - {61} [SUCCESS] SendKeys "{Tab}" - "[MSAA, VisibleOnly]ControlType='Edit'"
\0&lt;/a&gt;
W, 3980, 33, 2013/06/26, 21:11:56.361, 134963452901, QTAgent32.exe, &lt;a class=success&gt;Playback - {62} [SUCCESS] SendKeys "^{HOME}" - "[MSAA, VisibleOnly]ControlType='Edit'"
\0&lt;/a&gt;
E, 3980, 33, 2013/06/26, 21:11:56.361, 134963453659, QTAgent32.exe, Msaa.GetFocusedElement: could not find accessible object of foreground window
W, 3980, 33, 2013/06/26, 21:11:56.452, 134963718960, QTAgent32.exe, &lt;a class=success&gt;Playback - {63} [SUCCESS] SendKeys "^+{END}" - "[MSAA, VisibleOnly]ControlType='Edit'"
\0&lt;/a&gt;
E, 3980, 33, 2013/06/26, 21:11:56.452, 134963719718, QTAgent32.exe, Msaa.GetFocusedElement: could not find accessible object of foreground window
W, 3980, 33, 2013/06/26, 21:11:56.496, 134963847810, QTAgent32.exe, &lt;a class=success&gt;Playback - {64} [SUCCESS] SendKeys "{DELETE}" - "[MSAA, VisibleOnly]ControlType='Edit'"
\0&lt;/a&gt;
W, 3980, 33, 2013/06/26, 21:11:57.001, 134965325156, QTAgent32.exe, &lt;a class=success&gt;Playback - {65} [SUCCESS] SetValueAsEditBox "bas@bladiebla.com" - "[MSAA, VisibleOnly]ControlType='Edit'"  &lt; Set via SendKeys &gt;
\0&lt;/a&gt;
W, 3980, 33, 2013/06/26, 21:11:57.357, 134966365723, QTAgent32.exe, &lt;a class=success&gt;Playback - {66} [SUCCESS] MouseButtonClick - "[MSAA, VisibleOnly]ControlType='Button' &amp;&amp; Name='Add Contact'"
\0&lt;/a&gt;
W, 3980, 33, 2013/06/26, 21:11:57.981, 134968187974, QTAgent32.exe, &lt;a class=success&gt;Playback - {67} [SUCCESS] MouseButtonClick - "[MSAA, VisibleOnly]ControlType='Button' &amp;&amp; Name='Add Contact'"
\0&lt;/a&gt;
E, 3980, 33, 2013/06/26, 21:11:58.081, 134968480289, QTAgent32.exe, GetClassName for handle 199060 failed
W, 3980, 33, 2013/06/26, 21:11:58.223, 134968895349, QTAgent32.exe, &lt;a class=success&gt;Playback - {68} [SUCCESS] MouseButtonClick - "[MSAA, VisibleOnly]ControlType='Button' &amp;&amp; Name='OK'"
\0&lt;/a&gt;
W, 3980, 33, 2013/06/26, 21:11:58.444, 134969541134, QTAgent32.exe, IEDOM : StopSession of the plugin called before StartSession
W, 3980, 33, 2013/06/26, 21:11:58.444, 134969541407, QTAgent32.exe, UIA : StopSession of the plugin called before StartSession
</DebugTrace>
      </Output>
    </UnitTestResult>
  </Results>
</TestRun>