<?xml version="1.0" encoding="UTF-8"?>
<TestRun id="2bab82c0-d678-4ec9-b22b-28d3a2f66cd7" name="Bas@BAS-PC 2013-06-26 21:51:09" runUser="Bas-PC\Bas" xmlns="http://microsoft.com/schemas/VisualStudio/TeamTest/2010">
  <TestSettings name="Local" id="2aa66af6-b3b9-40d6-82a8-b5cc062499d2">
    <Description>These are default test settings for a local test run.</Description>
    <Deployment runDeploymentRoot="Bas_BAS-PC 2013-06-26 21_51_09">
      <DeploymentItem filename="C:\Users\Bas\Desktop\Softwaretesting\Adresboek\Adresboek\bin\Debug\Adresboek.exe" />
    </Deployment>
    <Execution>
      <TestTypeSpecific>
        <UnitTestRunConfig testTypeId="13cdc9d9-ddb5-4fa4-a97d-d965ccfc6d4b">
          <AssemblyResolution>
            <TestDirectory useLoadContext="true" />
          </AssemblyResolution>
        </UnitTestRunConfig>
        <WebTestRunConfiguration testTypeId="4e7599fa-5ecb-43e9-a887-cd63cf72d207">
          <Browser name="Internet Explorer 7.0">
            <Headers>
              <Header name="User-Agent" value="Mozilla/4.0 (compatible; MSIE 7.0; Windows NT 5.1)" />
              <Header name="Accept" value="*/*" />
              <Header name="Accept-Language" value="{{$IEAcceptLanguage}}" />
              <Header name="Accept-Encoding" value="GZIP" />
            </Headers>
          </Browser>
        </WebTestRunConfiguration>
      </TestTypeSpecific>
      <AgentRule name="LocalMachineDefaultRole">
        <DataCollectors>
          <DataCollector uri="datacollector://microsoft/CodeCoverage/1.0" assemblyQualifiedName="Microsoft.VisualStudio.TestTools.CodeCoverage.CoveragePlugIn, Microsoft.VisualStudio.QualityTools.Plugins.CodeCoverage, Version=10.0.0.0, Culture=neutral, PublicKeyToken=b03f5f7f11d50a3a" friendlyName="Code Coverage">
            <Configuration>
              <CodeCoverage xmlns="">
                <Regular>
                  <CodeCoverageItem binaryFile="C:\Users\Bas\Desktop\Softwaretesting\Adresboek\Adresboek\bin\Debug\Adresboek.exe" pdbFile="C:\Users\Bas\Desktop\Softwaretesting\Adresboek\Adresboek\bin\Debug\Adresboek.instr.pdb" instrumentInPlace="true" />
                </Regular>
              </CodeCoverage>
            </Configuration>
          </DataCollector>
        </DataCollectors>
      </AgentRule>
    </Execution>
  </TestSettings>
  <Times creation="2013-06-26T21:51:09.1866760+02:00" queuing="2013-06-26T21:51:24.8575723+02:00" start="2013-06-26T21:51:25.0335824+02:00" finish="2013-06-26T21:51:31.3239422+02:00" />
  <ResultSummary outcome="Failed">
    <Counters total="6" executed="6" error="0" failed="6" timeout="0" aborted="0" inconclusive="0" passedButRunAborted="0" notRunnable="0" notExecuted="0" disconnected="0" warning="0" passed="0" completed="0" inProgress="0" pending="0" />
    <ResultFiles>
      <ResultFile path="BAS-PC\data.coverage" />
    </ResultFiles>
  </ResultSummary>
  <TestDefinitions>
    <UnitTest name="TestSwitchingViews" storage="c:\users\bas\desktop\softwaretesting\adresboek\adresboektest\bin\debug\adresboektest.dll" id="b0e3743f-f45f-f807-d44f-c69c7a0f26fc">
      <Execution id="f5f7a0ce-5d6d-4e3c-b897-2882e045c06d" />
      <TestMethod codeBase="C:/Users/Bas/Desktop/Softwaretesting/Adresboek/AdresboekTest/bin/Debug/AdresboekTest.DLL" adapterTypeName="Microsoft.VisualStudio.TestTools.TestTypes.Unit.UnitTestAdapter, Microsoft.VisualStudio.QualityTools.Tips.UnitTest.Adapter, Version=10.0.0.0, Culture=neutral, PublicKeyToken=b03f5f7f11d50a3a" className="AdresboekTest.RecordAndReplay, AdresboekTest, Version=1.0.0.0, Culture=neutral, PublicKeyToken=null" name="TestSwitchingViews" />
      <Extension>Microsoft.VisualStudio.TestTools.UITesting.CodedUITestAttribute, Microsoft.VisualStudio.QualityTools.CodedUITestFramework, Version=10.0.0.0, Culture=neutral, PublicKeyToken=b03f5f7f11d50a3a</Extension>
    </UnitTest>
    <UnitTest name="TestAddAdressbook" storage="c:\users\bas\desktop\softwaretesting\adresboek\adresboektest\bin\debug\adresboektest.dll" id="04cdc5c6-7caa-c214-3fde-ec3b17b314d1">
      <Execution id="d54d954a-7e02-4df5-8db0-a91006fa91e9" />
      <TestMethod codeBase="C:/Users/Bas/Desktop/Softwaretesting/Adresboek/AdresboekTest/bin/Debug/AdresboekTest.DLL" adapterTypeName="Microsoft.VisualStudio.TestTools.TestTypes.Unit.UnitTestAdapter, Microsoft.VisualStudio.QualityTools.Tips.UnitTest.Adapter, Version=10.0.0.0, Culture=neutral, PublicKeyToken=b03f5f7f11d50a3a" className="AdresboekTest.RecordAndReplay, AdresboekTest, Version=1.0.0.0, Culture=neutral, PublicKeyToken=null" name="TestAddAdressbook" />
      <Extension>Microsoft.VisualStudio.TestTools.UITesting.CodedUITestAttribute, Microsoft.VisualStudio.QualityTools.CodedUITestFramework, Version=10.0.0.0, Culture=neutral, PublicKeyToken=b03f5f7f11d50a3a</Extension>
    </UnitTest>
    <UnitTest name="TestAdressbook" storage="c:\users\bas\desktop\softwaretesting\adresboek\adresboektest\bin\debug\adresboektest.dll" id="01e9d56f-ff67-457b-95c6-4b556a70f386">
      <Execution id="7318b2c4-6090-48e8-98da-97b901c01d64" />
      <TestMethod codeBase="C:/Users/Bas/Desktop/Softwaretesting/Adresboek/AdresboekTest/bin/Debug/AdresboekTest.DLL" adapterTypeName="Microsoft.VisualStudio.TestTools.TestTypes.Unit.UnitTestAdapter, Microsoft.VisualStudio.QualityTools.Tips.UnitTest.Adapter, Version=10.0.0.0, Culture=neutral, PublicKeyToken=b03f5f7f11d50a3a" className="AdresboekTest.RecordAndReplay, AdresboekTest, Version=1.0.0.0, Culture=neutral, PublicKeyToken=null" name="TestAdressbook" />
      <Extension>Microsoft.VisualStudio.TestTools.UITesting.CodedUITestAttribute, Microsoft.VisualStudio.QualityTools.CodedUITestFramework, Version=10.0.0.0, Culture=neutral, PublicKeyToken=b03f5f7f11d50a3a</Extension>
    </UnitTest>
    <UnitTest name="TestEmail" storage="c:\users\bas\desktop\softwaretesting\adresboek\adresboektest\bin\debug\adresboektest.dll" id="ecf14cdf-a816-c9c9-b486-338ae3a984be">
      <Execution id="544a7da5-f2a5-41ef-805c-96b4f49a8ff1" />
      <TestMethod codeBase="C:/Users/Bas/Desktop/Softwaretesting/Adresboek/AdresboekTest/bin/Debug/AdresboekTest.DLL" adapterTypeName="Microsoft.VisualStudio.TestTools.TestTypes.Unit.UnitTestAdapter, Microsoft.VisualStudio.QualityTools.Tips.UnitTest.Adapter, Version=10.0.0.0, Culture=neutral, PublicKeyToken=b03f5f7f11d50a3a" className="AdresboekTest.RecordAndReplay, AdresboekTest, Version=1.0.0.0, Culture=neutral, PublicKeyToken=null" name="TestEmail" />
      <Extension>Microsoft.VisualStudio.TestTools.UITesting.CodedUITestAttribute, Microsoft.VisualStudio.QualityTools.CodedUITestFramework, Version=10.0.0.0, Culture=neutral, PublicKeyToken=b03f5f7f11d50a3a</Extension>
    </UnitTest>
    <UnitTest name="TestRemove" storage="c:\users\bas\desktop\softwaretesting\adresboek\adresboektest\bin\debug\adresboektest.dll" id="19945944-a8d7-5865-9d24-bb159a9f92f7">
      <Execution id="322fbe08-6919-4fa0-b724-69667788715b" />
      <TestMethod codeBase="C:/Users/Bas/Desktop/Softwaretesting/Adresboek/AdresboekTest/bin/Debug/AdresboekTest.DLL" adapterTypeName="Microsoft.VisualStudio.TestTools.TestTypes.Unit.UnitTestAdapter, Microsoft.VisualStudio.QualityTools.Tips.UnitTest.Adapter, Version=10.0.0.0, Culture=neutral, PublicKeyToken=b03f5f7f11d50a3a" className="AdresboekTest.RecordAndReplay, AdresboekTest, Version=1.0.0.0, Culture=neutral, PublicKeyToken=null" name="TestRemove" />
      <Extension>Microsoft.VisualStudio.TestTools.UITesting.CodedUITestAttribute, Microsoft.VisualStudio.QualityTools.CodedUITestFramework, Version=10.0.0.0, Culture=neutral, PublicKeyToken=b03f5f7f11d50a3a</Extension>
    </UnitTest>
    <UnitTest name="TestName" storage="c:\users\bas\desktop\softwaretesting\adresboek\adresboektest\bin\debug\adresboektest.dll" id="ff1d36de-df47-0a9f-9f67-ff714225cbd5">
      <Execution id="46718df0-5815-4762-ae6d-e32092d4eca9" />
      <TestMethod codeBase="C:/Users/Bas/Desktop/Softwaretesting/Adresboek/AdresboekTest/bin/Debug/AdresboekTest.DLL" adapterTypeName="Microsoft.VisualStudio.TestTools.TestTypes.Unit.UnitTestAdapter, Microsoft.VisualStudio.QualityTools.Tips.UnitTest.Adapter, Version=10.0.0.0, Culture=neutral, PublicKeyToken=b03f5f7f11d50a3a" className="AdresboekTest.RecordAndReplay, AdresboekTest, Version=1.0.0.0, Culture=neutral, PublicKeyToken=null" name="TestName" />
      <Extension>Microsoft.VisualStudio.TestTools.UITesting.CodedUITestAttribute, Microsoft.VisualStudio.QualityTools.CodedUITestFramework, Version=10.0.0.0, Culture=neutral, PublicKeyToken=b03f5f7f11d50a3a</Extension>
    </UnitTest>
  </TestDefinitions>
  <TestLists>
    <TestList name="Results Not in a List" id="8c84fa94-04c1-424b-9868-57a2d4851a1d" />
    <TestList name="All Loaded Results" id="19431567-8539-422a-85d7-44ee4e166bda" />
  </TestLists>
  <TestEntries>
    <TestEntry testId="01e9d56f-ff67-457b-95c6-4b556a70f386" executionId="7318b2c4-6090-48e8-98da-97b901c01d64" testListId="8c84fa94-04c1-424b-9868-57a2d4851a1d" />
    <TestEntry testId="04cdc5c6-7caa-c214-3fde-ec3b17b314d1" executionId="d54d954a-7e02-4df5-8db0-a91006fa91e9" testListId="8c84fa94-04c1-424b-9868-57a2d4851a1d" />
    <TestEntry testId="19945944-a8d7-5865-9d24-bb159a9f92f7" executionId="322fbe08-6919-4fa0-b724-69667788715b" testListId="8c84fa94-04c1-424b-9868-57a2d4851a1d" />
    <TestEntry testId="b0e3743f-f45f-f807-d44f-c69c7a0f26fc" executionId="f5f7a0ce-5d6d-4e3c-b897-2882e045c06d" testListId="8c84fa94-04c1-424b-9868-57a2d4851a1d" />
    <TestEntry testId="ecf14cdf-a816-c9c9-b486-338ae3a984be" executionId="544a7da5-f2a5-41ef-805c-96b4f49a8ff1" testListId="8c84fa94-04c1-424b-9868-57a2d4851a1d" />
    <TestEntry testId="ff1d36de-df47-0a9f-9f67-ff714225cbd5" executionId="46718df0-5815-4762-ae6d-e32092d4eca9" testListId="8c84fa94-04c1-424b-9868-57a2d4851a1d" />
  </TestEntries>
  <Results>
    <UnitTestResult executionId="7318b2c4-6090-48e8-98da-97b901c01d64" testId="01e9d56f-ff67-457b-95c6-4b556a70f386" testName="TestAdressbook" computerName="BAS-PC" duration="00:00:01.4685317" startTime="2013-06-26T21:51:26.9576925+02:00" endTime="2013-06-26T21:51:29.1438175+02:00" testType="13cdc9d9-ddb5-4fa4-a97d-d965ccfc6d4b" outcome="Failed" testListId="8c84fa94-04c1-424b-9868-57a2d4851a1d" relativeResultsDirectory="7318b2c4-6090-48e8-98da-97b901c01d64">
      <Output>
        <DebugTrace>W, 3220, 15, 2013/06/26, 21:51:29.051, 1695040714, QTAgent32.exe, IEDOM : StopSession of the plugin called before StartSession
W, 3220, 15, 2013/06/26, 21:51:29.053, 1695042819, QTAgent32.exe, UIA : StopSession of the plugin called before StartSession
</DebugTrace>
        <ErrorInfo>
          <Message>Initialization method AdresboekTest.RecordAndReplay.MyTestInitialize threw exception. System.Exception: System.Exception: Can't start the executable.</Message>
          <StackTrace>    at AdresboekTest.RecordAndReplay.MyTestInitialize() in C:\Users\Bas\Desktop\Softwaretesting\Adresboek\AdresboekTest\RecordAndReplay.cs:line 44
</StackTrace>
        </ErrorInfo>
      </Output>
    </UnitTestResult>
    <UnitTestResult executionId="d54d954a-7e02-4df5-8db0-a91006fa91e9" testId="04cdc5c6-7caa-c214-3fde-ec3b17b314d1" testName="TestAddAdressbook" computerName="BAS-PC" duration="00:00:00.0396356" startTime="2013-06-26T21:51:29.1468177+02:00" endTime="2013-06-26T21:51:29.2028209+02:00" testType="13cdc9d9-ddb5-4fa4-a97d-d965ccfc6d4b" outcome="Failed" testListId="8c84fa94-04c1-424b-9868-57a2d4851a1d" relativeResultsDirectory="d54d954a-7e02-4df5-8db0-a91006fa91e9">
      <Output>
        <DebugTrace>W, 3220, 24, 2013/06/26, 21:51:29.197, 1695225967, QTAgent32.exe, IEDOM : StopSession of the plugin called before StartSession
W, 3220, 24, 2013/06/26, 21:51:29.197, 1695226172, QTAgent32.exe, UIA : StopSession of the plugin called before StartSession
</DebugTrace>
        <ErrorInfo>
          <Message>Initialization method AdresboekTest.RecordAndReplay.MyTestInitialize threw exception. System.Exception: System.Exception: Can't start the executable.</Message>
          <StackTrace>    at AdresboekTest.RecordAndReplay.MyTestInitialize() in C:\Users\Bas\Desktop\Softwaretesting\Adresboek\AdresboekTest\RecordAndReplay.cs:line 44
</StackTrace>
        </ErrorInfo>
      </Output>
    </UnitTestResult>
    <UnitTestResult executionId="322fbe08-6919-4fa0-b724-69667788715b" testId="19945944-a8d7-5865-9d24-bb159a9f92f7" testName="TestRemove" computerName="BAS-PC" duration="00:00:00.0237226" startTime="2013-06-26T21:51:29.2258222+02:00" endTime="2013-06-26T21:51:29.2578240+02:00" testType="13cdc9d9-ddb5-4fa4-a97d-d965ccfc6d4b" outcome="Failed" testListId="8c84fa94-04c1-424b-9868-57a2d4851a1d" relativeResultsDirectory="322fbe08-6919-4fa0-b724-69667788715b">
      <Output>
        <DebugTrace>W, 3220, 26, 2013/06/26, 21:51:29.251, 1695293869, QTAgent32.exe, IEDOM : StopSession of the plugin called before StartSession
W, 3220, 26, 2013/06/26, 21:51:29.251, 1695294091, QTAgent32.exe, UIA : StopSession of the plugin called before StartSession
</DebugTrace>
        <ErrorInfo>
          <Message>Initialization method AdresboekTest.RecordAndReplay.MyTestInitialize threw exception. System.Exception: System.Exception: Can't start the executable.</Message>
          <StackTrace>    at AdresboekTest.RecordAndReplay.MyTestInitialize() in C:\Users\Bas\Desktop\Softwaretesting\Adresboek\AdresboekTest\RecordAndReplay.cs:line 44
</StackTrace>
        </ErrorInfo>
      </Output>
    </UnitTestResult>
    <UnitTestResult executionId="f5f7a0ce-5d6d-4e3c-b897-2882e045c06d" testId="b0e3743f-f45f-f807-d44f-c69c7a0f26fc" testName="TestSwitchingViews" computerName="BAS-PC" duration="00:00:00.0239192" startTime="2013-06-26T21:51:29.2678246+02:00" endTime="2013-06-26T21:51:29.3008265+02:00" testType="13cdc9d9-ddb5-4fa4-a97d-d965ccfc6d4b" outcome="Failed" testListId="8c84fa94-04c1-424b-9868-57a2d4851a1d" relativeResultsDirectory="f5f7a0ce-5d6d-4e3c-b897-2882e045c06d">
      <Output>
        <DebugTrace>W, 3220, 32, 2013/06/26, 21:51:29.293, 1695347238, QTAgent32.exe, IEDOM : StopSession of the plugin called before StartSession
W, 3220, 32, 2013/06/26, 21:51:29.293, 1695347452, QTAgent32.exe, UIA : StopSession of the plugin called before StartSession
</DebugTrace>
        <ErrorInfo>
          <Message>Initialization method AdresboekTest.RecordAndReplay.MyTestInitialize threw exception. System.Exception: System.Exception: Can't start the executable.</Message>
          <StackTrace>    at AdresboekTest.RecordAndReplay.MyTestInitialize() in C:\Users\Bas\Desktop\Softwaretesting\Adresboek\AdresboekTest\RecordAndReplay.cs:line 44
</StackTrace>
        </ErrorInfo>
      </Output>
    </UnitTestResult>
    <UnitTestResult executionId="544a7da5-f2a5-41ef-805c-96b4f49a8ff1" testId="ecf14cdf-a816-c9c9-b486-338ae3a984be" testName="TestEmail" computerName="BAS-PC" duration="00:00:00.0248170" startTime="2013-06-26T21:51:29.3098270+02:00" endTime="2013-06-26T21:51:29.3428289+02:00" testType="13cdc9d9-ddb5-4fa4-a97d-d965ccfc6d4b" outcome="Failed" testListId="8c84fa94-04c1-424b-9868-57a2d4851a1d" relativeResultsDirectory="544a7da5-f2a5-41ef-805c-96b4f49a8ff1">
      <Output>
        <DebugTrace>W, 3220, 38, 2013/06/26, 21:51:29.336, 1695401730, QTAgent32.exe, IEDOM : StopSession of the plugin called before StartSession
W, 3220, 38, 2013/06/26, 21:51:29.336, 1695402056, QTAgent32.exe, UIA : StopSession of the plugin called before StartSession
</DebugTrace>
        <ErrorInfo>
          <Message>Initialization method AdresboekTest.RecordAndReplay.MyTestInitialize threw exception. System.Exception: System.Exception: Can't start the executable.</Message>
          <StackTrace>    at AdresboekTest.RecordAndReplay.MyTestInitialize() in C:\Users\Bas\Desktop\Softwaretesting\Adresboek\AdresboekTest\RecordAndReplay.cs:line 44
</StackTrace>
        </ErrorInfo>
      </Output>
    </UnitTestResult>
    <UnitTestResult executionId="46718df0-5815-4762-ae6d-e32092d4eca9" testId="ff1d36de-df47-0a9f-9f67-ff714225cbd5" testName="TestName" computerName="BAS-PC" duration="00:00:00.0251416" startTime="2013-06-26T21:51:29.3458291+02:00" endTime="2013-06-26T21:51:29.3818311+02:00" testType="13cdc9d9-ddb5-4fa4-a97d-d965ccfc6d4b" outcome="Failed" testListId="8c84fa94-04c1-424b-9868-57a2d4851a1d" relativeResultsDirectory="46718df0-5815-4762-ae6d-e32092d4eca9">
      <Output>
        <DebugTrace>W, 3220, 45, 2013/06/26, 21:51:29.374, 1695449314, QTAgent32.exe, IEDOM : StopSession of the plugin called before StartSession
W, 3220, 45, 2013/06/26, 21:51:29.374, 1695449515, QTAgent32.exe, UIA : StopSession of the plugin called before StartSession
</DebugTrace>
        <ErrorInfo>
          <Message>Initialization method AdresboekTest.RecordAndReplay.MyTestInitialize threw exception. System.Exception: System.Exception: Can't start the executable.</Message>
          <StackTrace>    at AdresboekTest.RecordAndReplay.MyTestInitialize() in C:\Users\Bas\Desktop\Softwaretesting\Adresboek\AdresboekTest\RecordAndReplay.cs:line 44
</StackTrace>
        </ErrorInfo>
      </Output>
    </UnitTestResult>
  </Results>
</TestRun>